mode: atomic
github.com/kronos/kronos/cmd/kronos/agent.go:36.72,37.19 1 5
github.com/kronos/kronos/cmd/kronos/agent.go:37.19,38.18 1 5
github.com/kronos/kronos/cmd/kronos/agent.go:39.18,40.46 1 2
github.com/kronos/kronos/cmd/kronos/agent.go:41.15,42.43 1 1
github.com/kronos/kronos/cmd/kronos/agent.go:46.2,59.39 14 2
github.com/kronos/kronos/cmd/kronos/agent.go:59.39,61.3 1 0
github.com/kronos/kronos/cmd/kronos/agent.go:62.2,63.20 2 2
github.com/kronos/kronos/cmd/kronos/agent.go:63.20,65.17 2 0
github.com/kronos/kronos/cmd/kronos/agent.go:65.17,67.4 1 0
github.com/kronos/kronos/cmd/kronos/agent.go:68.3,68.18 1 0
github.com/kronos/kronos/cmd/kronos/agent.go:70.2,70.20 1 2
github.com/kronos/kronos/cmd/kronos/agent.go:70.20,72.3 1 0
github.com/kronos/kronos/cmd/kronos/agent.go:73.2,73.20 1 2
github.com/kronos/kronos/cmd/kronos/agent.go:73.20,75.3 1 0
github.com/kronos/kronos/cmd/kronos/agent.go:77.2,77.23 1 2
github.com/kronos/kronos/cmd/kronos/agent.go:77.23,79.3 1 0
github.com/kronos/kronos/cmd/kronos/agent.go:80.2,86.11 3 2
github.com/kronos/kronos/cmd/kronos/agent.go:86.11,94.3 1 0
github.com/kronos/kronos/cmd/kronos/agent.go:95.2,95.18 1 2
github.com/kronos/kronos/cmd/kronos/agent.go:95.18,97.3 1 0
github.com/kronos/kronos/cmd/kronos/agent.go:98.2,98.86 1 2
github.com/kronos/kronos/cmd/kronos/agent.go:101.76,104.39 3 1
github.com/kronos/kronos/cmd/kronos/agent.go:104.39,106.3 1 0
github.com/kronos/kronos/cmd/kronos/agent.go:107.2,107.84 1 1
github.com/kronos/kronos/cmd/kronos/agent.go:110.79,114.39 4 2
github.com/kronos/kronos/cmd/kronos/agent.go:114.39,116.3 1 0
github.com/kronos/kronos/cmd/kronos/agent.go:117.2,117.15 1 2
github.com/kronos/kronos/cmd/kronos/agent.go:117.15,119.3 1 1
github.com/kronos/kronos/cmd/kronos/agent.go:120.2,120.89 1 1
github.com/kronos/kronos/cmd/kronos/agent.go:123.149,125.2 1 4
github.com/kronos/kronos/cmd/kronos/agent.go:127.172,128.19 1 5
github.com/kronos/kronos/cmd/kronos/agent.go:128.19,130.3 1 0
github.com/kronos/kronos/cmd/kronos/agent.go:131.2,131.24 1 5
github.com/kronos/kronos/cmd/kronos/agent.go:131.24,133.3 1 0
github.com/kronos/kronos/cmd/kronos/agent.go:134.2,135.16 2 5
github.com/kronos/kronos/cmd/kronos/agent.go:135.16,137.3 1 0
github.com/kronos/kronos/cmd/kronos/agent.go:138.2,138.79 1 5
github.com/kronos/kronos/cmd/kronos/agent.go:138.79,140.3 1 3
github.com/kronos/kronos/cmd/kronos/agent.go:141.2,143.6 3 2
github.com/kronos/kronos/cmd/kronos/agent.go:143.6,144.10 1 3
github.com/kronos/kronos/cmd/kronos/agent.go:145.21,146.20 1 2
github.com/kronos/kronos/cmd/kronos/agent.go:147.19,148.81 1 1
github.com/kronos/kronos/cmd/kronos/agent.go:148.81,150.5 1 0
github.com/kronos/kronos/cmd/kronos/agent.go:155.198,156.24 1 2
github.com/kronos/kronos/cmd/kronos/agent.go:156.24,158.3 1 0
github.com/kronos/kronos/cmd/kronos/agent.go:159.2,160.16 2 2
github.com/kronos/kronos/cmd/kronos/agent.go:160.16,162.3 1 0
github.com/kronos/kronos/cmd/kronos/agent.go:163.2,164.16 2 2
github.com/kronos/kronos/cmd/kronos/agent.go:164.16,166.3 1 0
github.com/kronos/kronos/cmd/kronos/agent.go:167.2,168.16 2 2
github.com/kronos/kronos/cmd/kronos/agent.go:168.16,170.3 1 0
github.com/kronos/kronos/cmd/kronos/agent.go:171.2,171.41 1 2
github.com/kronos/kronos/cmd/kronos/agent.go:171.41,173.3 1 0
github.com/kronos/kronos/cmd/kronos/agent.go:174.2,175.67 2 2
github.com/kronos/kronos/cmd/kronos/agent.go:175.67,177.3 1 0
github.com/kronos/kronos/cmd/kronos/agent.go:178.2,179.16 2 2
github.com/kronos/kronos/cmd/kronos/agent.go:179.16,181.3 1 0
github.com/kronos/kronos/cmd/kronos/agent.go:182.2,194.12 3 2
github.com/kronos/kronos/cmd/kronos/agent.go:197.122,198.64 1 2
github.com/kronos/kronos/cmd/kronos/agent.go:198.64,206.3 1 0
github.com/kronos/kronos/cmd/kronos/agent.go:209.65,210.36 1 2
github.com/kronos/kronos/cmd/kronos/agent.go:210.36,212.3 1 0
github.com/kronos/kronos/cmd/kronos/agent.go:213.2,214.16 2 2
github.com/kronos/kronos/cmd/kronos/agent.go:214.16,216.3 1 0
github.com/kronos/kronos/cmd/kronos/agent.go:217.2,217.45 1 2
github.com/kronos/kronos/cmd/kronos/agent.go:217.45,219.3 1 0
github.com/kronos/kronos/cmd/kronos/agent.go:220.2,220.42 1 2
github.com/kronos/kronos/cmd/kronos/agent.go:223.133,225.16 2 6
github.com/kronos/kronos/cmd/kronos/agent.go:225.16,227.3 1 0
github.com/kronos/kronos/cmd/kronos/agent.go:228.2,229.16 2 6
github.com/kronos/kronos/cmd/kronos/agent.go:229.16,231.3 1 0
github.com/kronos/kronos/cmd/kronos/agent.go:232.2,233.51 2 6
github.com/kronos/kronos/cmd/kronos/agent.go:233.51,235.3 1 1
github.com/kronos/kronos/cmd/kronos/agent.go:236.2,237.16 2 6
github.com/kronos/kronos/cmd/kronos/agent.go:237.16,239.3 1 2
github.com/kronos/kronos/cmd/kronos/agent.go:240.2,241.53 2 4
github.com/kronos/kronos/cmd/kronos/agent.go:241.53,243.3 1 1
github.com/kronos/kronos/cmd/kronos/agent.go:244.2,244.12 1 3
github.com/kronos/kronos/cmd/kronos/agent.go:247.59,248.42 1 7
github.com/kronos/kronos/cmd/kronos/agent.go:248.42,250.3 1 1
github.com/kronos/kronos/cmd/kronos/agent.go:251.2,252.16 2 7
github.com/kronos/kronos/cmd/kronos/agent.go:252.16,254.3 1 0
github.com/kronos/kronos/cmd/kronos/agent.go:255.2,255.36 1 7
github.com/kronos/kronos/cmd/kronos/agent.go:255.36,257.3 1 0
github.com/kronos/kronos/cmd/kronos/agent.go:258.2,261.24 4 7
github.com/kronos/kronos/cmd/kronos/agent.go:264.35,266.16 2 1
github.com/kronos/kronos/cmd/kronos/agent.go:266.16,268.3 1 0
github.com/kronos/kronos/cmd/kronos/agent.go:269.2,269.16 1 1
github.com/kronos/kronos/cmd/kronos/agent.go:269.16,271.3 1 0
github.com/kronos/kronos/cmd/kronos/agent.go:272.2,272.18 1 1
github.com/kronos/kronos/cmd/kronos/audit.go:16.72,17.20 1 10
github.com/kronos/kronos/cmd/kronos/audit.go:17.20,19.3 1 0
github.com/kronos/kronos/cmd/kronos/audit.go:20.2,20.17 1 10
github.com/kronos/kronos/cmd/kronos/audit.go:21.14,22.42 1 3
github.com/kronos/kronos/cmd/kronos/audit.go:23.16,24.44 1 3
github.com/kronos/kronos/cmd/kronos/audit.go:25.14,26.42 1 2
github.com/kronos/kronos/cmd/kronos/audit.go:27.16,28.44 1 1
github.com/kronos/kronos/cmd/kronos/audit.go:29.10,30.60 1 1
github.com/kronos/kronos/cmd/kronos/audit.go:34.76,39.39 5 3
github.com/kronos/kronos/cmd/kronos/audit.go:39.39,41.3 1 0
github.com/kronos/kronos/cmd/kronos/audit.go:42.2,42.16 1 3
github.com/kronos/kronos/cmd/kronos/audit.go:42.16,44.3 1 1
github.com/kronos/kronos/cmd/kronos/audit.go:45.2,46.16 2 2
github.com/kronos/kronos/cmd/kronos/audit.go:46.16,48.3 1 1
github.com/kronos/kronos/cmd/kronos/audit.go:49.2,49.105 1 2
github.com/kronos/kronos/cmd/kronos/audit.go:52.78,55.39 3 1
github.com/kronos/kronos/cmd/kronos/audit.go:55.39,57.3 1 0
github.com/kronos/kronos/cmd/kronos/audit.go:58.2,58.96 1 1
github.com/kronos/kronos/cmd/kronos/audit.go:61.76,66.39 5 2
github.com/kronos/kronos/cmd/kronos/audit.go:66.39,68.3 1 0
github.com/kronos/kronos/cmd/kronos/audit.go:69.2,69.16 1 2
github.com/kronos/kronos/cmd/kronos/audit.go:69.16,71.3 1 1
github.com/kronos/kronos/cmd/kronos/audit.go:72.2,73.16 2 1
github.com/kronos/kronos/cmd/kronos/audit.go:73.16,75.3 1 0
github.com/kronos/kronos/cmd/kronos/audit.go:76.2,76.26 1 1
github.com/kronos/kronos/cmd/kronos/audit.go:76.26,78.3 1 1
github.com/kronos/kronos/cmd/kronos/audit.go:79.2,79.43 1 1
github.com/kronos/kronos/cmd/kronos/audit.go:82.78,87.39 5 3
github.com/kronos/kronos/cmd/kronos/audit.go:87.39,89.3 1 0
github.com/kronos/kronos/cmd/kronos/audit.go:90.2,90.18 1 3
github.com/kronos/kronos/cmd/kronos/audit.go:90.18,92.3 1 1
github.com/kronos/kronos/cmd/kronos/audit.go:93.2,94.16 2 2
github.com/kronos/kronos/cmd/kronos/audit.go:94.16,96.3 1 0
github.com/kronos/kronos/cmd/kronos/audit.go:97.2,99.31 3 2
github.com/kronos/kronos/cmd/kronos/audit.go:99.31,100.39 1 5
github.com/kronos/kronos/cmd/kronos/audit.go:100.39,102.4 1 2
github.com/kronos/kronos/cmd/kronos/audit.go:104.2,104.45 1 2
github.com/kronos/kronos/cmd/kronos/audit.go:120.61,129.2 1 8
github.com/kronos/kronos/cmd/kronos/audit.go:131.60,140.2 8 5
github.com/kronos/kronos/cmd/kronos/audit.go:142.129,145.16 3 3
github.com/kronos/kronos/cmd/kronos/audit.go:145.16,147.3 1 0
github.com/kronos/kronos/cmd/kronos/audit.go:148.2,149.16 2 3
github.com/kronos/kronos/cmd/kronos/audit.go:149.16,151.3 1 0
github.com/kronos/kronos/cmd/kronos/audit.go:152.2,153.19 2 3
github.com/kronos/kronos/cmd/kronos/audit.go:153.19,155.3 1 0
github.com/kronos/kronos/cmd/kronos/audit.go:156.2,157.16 2 3
github.com/kronos/kronos/cmd/kronos/audit.go:157.16,159.3 1 0
github.com/kronos/kronos/cmd/kronos/audit.go:160.2,161.53 2 3
github.com/kronos/kronos/cmd/kronos/audit.go:161.53,163.3 1 0
github.com/kronos/kronos/cmd/kronos/audit.go:164.2,166.49 3 3
github.com/kronos/kronos/cmd/kronos/audit.go:166.49,168.3 1 0
github.com/kronos/kronos/cmd/kronos/audit.go:169.2,169.28 1 3
github.com/kronos/kronos/cmd/kronos/audit.go:172.91,174.2 1 3
github.com/kronos/kronos/cmd/kronos/audit.go:176.67,183.31 2 5
github.com/kronos/kronos/cmd/kronos/audit.go:183.31,184.55 1 18
github.com/kronos/kronos/cmd/kronos/audit.go:184.55,186.4 1 2
github.com/kronos/kronos/cmd/kronos/audit.go:188.2,188.41 1 3
github.com/kronos/kronos/cmd/kronos/audit.go:188.41,189.117 1 1
github.com/kronos/kronos/cmd/kronos/audit.go:189.117,191.4 1 0
github.com/kronos/kronos/cmd/kronos/audit.go:193.2,193.14 1 3
github.com/kronos/kronos/cmd/kronos/backup.go:25.73,26.20 1 18
github.com/kronos/kronos/cmd/kronos/backup.go:26.20,28.3 1 0
github.com/kronos/kronos/cmd/kronos/backup.go:29.2,29.17 1 18
github.com/kronos/kronos/cmd/kronos/backup.go:30.17,31.46 1 2
github.com/kronos/kronos/cmd/kronos/backup.go:32.14,33.43 1 6
github.com/kronos/kronos/cmd/kronos/backup.go:34.13,35.42 1 4
github.com/kronos/kronos/cmd/kronos/backup.go:36.17,37.52 1 2
github.com/kronos/kronos/cmd/kronos/backup.go:38.19,39.53 1 1
github.com/kronos/kronos/cmd/kronos/backup.go:40.16,41.45 1 3
github.com/kronos/kronos/cmd/kronos/backup.go:42.10,43.61 1 0
github.com/kronos/kronos/cmd/kronos/backup.go:47.76,54.39 7 4
github.com/kronos/kronos/cmd/kronos/backup.go:54.39,56.3 1 0
github.com/kronos/kronos/cmd/kronos/backup.go:57.2,58.33 2 4
github.com/kronos/kronos/cmd/kronos/backup.go:58.33,59.26 1 9
github.com/kronos/kronos/cmd/kronos/backup.go:59.26,61.4 1 0
github.com/kronos/kronos/cmd/kronos/backup.go:63.2,63.21 1 4
github.com/kronos/kronos/cmd/kronos/backup.go:63.21,65.3 1 1
github.com/kronos/kronos/cmd/kronos/backup.go:66.2,66.22 1 3
github.com/kronos/kronos/cmd/kronos/backup.go:66.22,68.3 1 1
github.com/kronos/kronos/cmd/kronos/backup.go:69.2,69.33 1 2
github.com/kronos/kronos/cmd/kronos/backup.go:69.33,71.3 1 1
github.com/kronos/kronos/cmd/kronos/backup.go:72.2,77.21 2 2
github.com/kronos/kronos/cmd/kronos/backup.go:77.21,79.3 1 1
github.com/kronos/kronos/cmd/kronos/backup.go:80.2,80.99 1 2
github.com/kronos/kronos/cmd/kronos/backup.go:83.77,92.39 9 6
github.com/kronos/kronos/cmd/kronos/backup.go:92.39,94.3 1 0
github.com/kronos/kronos/cmd/kronos/backup.go:95.2,102.107 8 6
github.com/kronos/kronos/cmd/kronos/backup.go:105.80,109.39 4 2
github.com/kronos/kronos/cmd/kronos/backup.go:109.39,111.3 1 0
github.com/kronos/kronos/cmd/kronos/backup.go:112.2,112.15 1 2
github.com/kronos/kronos/cmd/kronos/backup.go:112.15,114.3 1 1
github.com/kronos/kronos/cmd/kronos/backup.go:115.2,115.90 1 1
github.com/kronos/kronos/cmd/kronos/backup.go:118.58,120.33 2 13
github.com/kronos/kronos/cmd/kronos/backup.go:120.33,121.32 1 81
github.com/kronos/kronos/cmd/kronos/backup.go:121.32,122.19 1 81
github.com/kronos/kronos/cmd/kronos/backup.go:122.19,124.5 1 21
github.com/kronos/kronos/cmd/kronos/backup.go:127.2,127.21 1 13
github.com/kronos/kronos/cmd/kronos/backup.go:127.21,129.3 1 9
github.com/kronos/kronos/cmd/kronos/backup.go:130.2,130.36 1 4
github.com/kronos/kronos/cmd/kronos/backup.go:133.96,136.16 3 3
github.com/kronos/kronos/cmd/kronos/backup.go:136.16,139.3 2 1
github.com/kronos/kronos/cmd/kronos/backup.go:140.2,143.39 4 3
github.com/kronos/kronos/cmd/kronos/backup.go:143.39,145.3 1 0
github.com/kronos/kronos/cmd/kronos/backup.go:146.2,146.15 1 3
github.com/kronos/kronos/cmd/kronos/backup.go:146.15,148.3 1 1
github.com/kronos/kronos/cmd/kronos/backup.go:149.2,149.107 1 2
github.com/kronos/kronos/cmd/kronos/backup.go:152.79,160.39 8 3
github.com/kronos/kronos/cmd/kronos/backup.go:160.39,162.3 1 0
github.com/kronos/kronos/cmd/kronos/backup.go:163.2,163.51 1 3
github.com/kronos/kronos/cmd/kronos/backup.go:163.51,165.3 1 0
github.com/kronos/kronos/cmd/kronos/backup.go:166.2,166.25 1 3
github.com/kronos/kronos/cmd/kronos/backup.go:166.25,168.3 1 0
github.com/kronos/kronos/cmd/kronos/backup.go:169.2,169.22 1 3
github.com/kronos/kronos/cmd/kronos/backup.go:169.22,171.3 1 0
github.com/kronos/kronos/cmd/kronos/backup.go:173.2,174.16 2 3
github.com/kronos/kronos/cmd/kronos/backup.go:174.16,176.3 1 0
github.com/kronos/kronos/cmd/kronos/backup.go:177.2,178.16 2 3
github.com/kronos/kronos/cmd/kronos/backup.go:178.16,180.3 1 0
github.com/kronos/kronos/cmd/kronos/backup.go:181.2,182.24 2 3
github.com/kronos/kronos/cmd/kronos/backup.go:182.24,184.17 2 1
github.com/kronos/kronos/cmd/kronos/backup.go:184.17,186.4 1 0
github.com/kronos/kronos/cmd/kronos/backup.go:187.8,189.17 2 2
github.com/kronos/kronos/cmd/kronos/backup.go:189.17,191.4 1 0
github.com/kronos/kronos/cmd/kronos/backup.go:192.3,193.17 2 2
github.com/kronos/kronos/cmd/kronos/backup.go:193.17,195.4 1 0
github.com/kronos/kronos/cmd/kronos/backup.go:197.2,197.16 1 3
github.com/kronos/kronos/cmd/kronos/backup.go:198.18,200.17 2 2
github.com/kronos/kronos/cmd/kronos/backup.go:200.17,202.4 1 0
github.com/kronos/kronos/cmd/kronos/backup.go:203.3,209.5 1 2
github.com/kronos/kronos/cmd/kronos/backup.go:210.15,212.17 2 1
github.com/kronos/kronos/cmd/kronos/backup.go:212.17,214.4 1 0
github.com/kronos/kronos/cmd/kronos/backup.go:215.3,216.17 2 1
github.com/kronos/kronos/cmd/kronos/backup.go:216.17,218.4 1 0
github.com/kronos/kronos/cmd/kronos/backup.go:219.3,227.5 1 1
github.com/kronos/kronos/cmd/kronos/backup.go:228.10,229.61 1 0
github.com/kronos/kronos/cmd/kronos/backup.go:233.130,236.63 3 22
github.com/kronos/kronos/cmd/kronos/backup.go:236.63,238.3 1 0
github.com/kronos/kronos/cmd/kronos/backup.go:239.2,240.16 2 22
github.com/kronos/kronos/cmd/kronos/backup.go:240.16,242.3 1 0
github.com/kronos/kronos/cmd/kronos/backup.go:243.2,244.16 2 22
github.com/kronos/kronos/cmd/kronos/backup.go:244.16,246.3 1 0
github.com/kronos/kronos/cmd/kronos/backup.go:247.2,249.43 3 22
github.com/kronos/kronos/cmd/kronos/backup.go:252.129,255.63 3 4
github.com/kronos/kronos/cmd/kronos/backup.go:255.63,257.3 1 0
github.com/kronos/kronos/cmd/kronos/backup.go:258.2,259.16 2 4
github.com/kronos/kronos/cmd/kronos/backup.go:259.16,261.3 1 0
github.com/kronos/kronos/cmd/kronos/backup.go:262.2,263.16 2 4
github.com/kronos/kronos/cmd/kronos/backup.go:263.16,265.3 1 0
github.com/kronos/kronos/cmd/kronos/backup.go:266.2,268.43 3 4
github.com/kronos/kronos/cmd/kronos/backup.go:271.116,274.16 3 27
github.com/kronos/kronos/cmd/kronos/backup.go:274.16,276.3 1 0
github.com/kronos/kronos/cmd/kronos/backup.go:277.2,278.16 2 27
github.com/kronos/kronos/cmd/kronos/backup.go:278.16,280.3 1 0
github.com/kronos/kronos/cmd/kronos/backup.go:281.2,282.43 2 27
github.com/kronos/kronos/cmd/kronos/backup.go:285.115,288.16 3 5
github.com/kronos/kronos/cmd/kronos/backup.go:288.16,290.3 1 0
github.com/kronos/kronos/cmd/kronos/backup.go:291.2,292.16 2 5
github.com/kronos/kronos/cmd/kronos/backup.go:292.16,294.3 1 0
github.com/kronos/kronos/cmd/kronos/backup.go:295.2,296.43 2 5
github.com/kronos/kronos/cmd/kronos/backup.go:299.69,300.114 1 66
github.com/kronos/kronos/cmd/kronos/backup.go:300.114,302.3 1 8
github.com/kronos/kronos/cmd/kronos/backup.go:303.2,303.17 1 58
github.com/kronos/kronos/cmd/kronos/backup.go:306.61,308.17 2 64
github.com/kronos/kronos/cmd/kronos/backup.go:308.17,310.3 1 61
github.com/kronos/kronos/cmd/kronos/backup.go:311.2,311.50 1 3
github.com/kronos/kronos/cmd/kronos/backup.go:314.47,315.81 1 64
github.com/kronos/kronos/cmd/kronos/backup.go:315.81,317.3 1 2
github.com/kronos/kronos/cmd/kronos/backup.go:318.2,318.34 1 62
github.com/kronos/kronos/cmd/kronos/backup.go:321.48,322.82 1 94
github.com/kronos/kronos/cmd/kronos/backup.go:322.82,324.3 1 93
github.com/kronos/kronos/cmd/kronos/backup.go:325.2,325.15 1 1
github.com/kronos/kronos/cmd/kronos/backup.go:328.84,329.19 1 62
github.com/kronos/kronos/cmd/kronos/backup.go:329.19,331.3 1 0
github.com/kronos/kronos/cmd/kronos/backup.go:332.2,332.43 1 62
github.com/kronos/kronos/cmd/kronos/backup.go:332.43,333.73 1 58
github.com/kronos/kronos/cmd/kronos/backup.go:333.73,335.4 1 0
github.com/kronos/kronos/cmd/kronos/backup.go:337.2,338.16 2 62
github.com/kronos/kronos/cmd/kronos/backup.go:338.16,340.3 1 0
github.com/kronos/kronos/cmd/kronos/backup.go:341.2,343.82 3 62
github.com/kronos/kronos/cmd/kronos/backup.go:343.82,345.3 1 0
github.com/kronos/kronos/cmd/kronos/backup.go:346.2,346.53 1 62
github.com/kronos/kronos/cmd/kronos/backup.go:346.53,348.3 1 0
github.com/kronos/kronos/cmd/kronos/backup.go:349.2,349.45 1 62
github.com/kronos/kronos/cmd/kronos/backup.go:349.45,351.3 1 5
github.com/kronos/kronos/cmd/kronos/backup.go:352.2,352.44 1 57
github.com/kronos/kronos/cmd/kronos/backup.go:352.44,354.17 2 4
github.com/kronos/kronos/cmd/kronos/backup.go:354.17,356.4 1 0
github.com/kronos/kronos/cmd/kronos/backup.go:357.3,358.19 2 4
github.com/kronos/kronos/cmd/kronos/backup.go:360.2,360.51 1 57
github.com/kronos/kronos/cmd/kronos/backup.go:360.51,362.3 1 0
github.com/kronos/kronos/cmd/kronos/backup.go:363.2,363.59 1 57
github.com/kronos/kronos/cmd/kronos/backup.go:363.59,366.3 2 51
github.com/kronos/kronos/cmd/kronos/backup.go:367.2,367.12 1 6
github.com/kronos/kronos/cmd/kronos/backup.go:370.73,371.42 1 65
github.com/kronos/kronos/cmd/kronos/backup.go:371.42,373.3 1 0
github.com/kronos/kronos/cmd/kronos/backup.go:374.2,375.16 2 65
github.com/kronos/kronos/cmd/kronos/backup.go:375.16,377.3 1 0
github.com/kronos/kronos/cmd/kronos/backup.go:378.2,378.36 1 65
github.com/kronos/kronos/cmd/kronos/backup.go:378.36,380.3 1 0
github.com/kronos/kronos/cmd/kronos/backup.go:381.2,382.16 2 65
github.com/kronos/kronos/cmd/kronos/backup.go:382.16,384.3 1 0
github.com/kronos/kronos/cmd/kronos/backup.go:385.2,388.24 4 65
github.com/kronos/kronos/cmd/kronos/backup.go:391.77,392.18 1 3
github.com/kronos/kronos/cmd/kronos/backup.go:392.18,394.3 1 0
github.com/kronos/kronos/cmd/kronos/backup.go:395.2,396.16 2 3
github.com/kronos/kronos/cmd/kronos/backup.go:396.16,398.3 1 0
github.com/kronos/kronos/cmd/kronos/backup.go:399.2,399.19 1 3
github.com/kronos/kronos/cmd/kronos/backup.go:400.34,401.35 1 3
github.com/kronos/kronos/cmd/kronos/backup.go:402.41,403.42 1 0
github.com/kronos/kronos/cmd/kronos/backup.go:404.10,405.84 1 0
github.com/kronos/kronos/cmd/kronos/backup.go:409.64,411.16 2 16
github.com/kronos/kronos/cmd/kronos/backup.go:411.16,413.3 1 2
github.com/kronos/kronos/cmd/kronos/backup.go:414.2,418.16 4 14
github.com/kronos/kronos/cmd/kronos/backup.go:418.16,420.3 1 0
github.com/kronos/kronos/cmd/kronos/backup.go:421.2,421.21 1 14
github.com/kronos/kronos/cmd/kronos/backup.go:421.21,423.3 1 0
github.com/kronos/kronos/cmd/kronos/backup.go:424.2,424.25 1 14
github.com/kronos/kronos/cmd/kronos/completion.go:11.77,13.20 2 5
github.com/kronos/kronos/cmd/kronos/completion.go:13.20,15.3 1 1
github.com/kronos/kronos/cmd/kronos/completion.go:16.2,19.17 4 4
github.com/kronos/kronos/cmd/kronos/completion.go:20.14,21.64 1 1
github.com/kronos/kronos/cmd/kronos/completion.go:22.13,23.63 1 1
github.com/kronos/kronos/cmd/kronos/completion.go:24.14,25.64 1 1
github.com/kronos/kronos/cmd/kronos/completion.go:26.10,27.64 1 1
github.com/kronos/kronos/cmd/kronos/completion.go:31.63,34.29 3 4
github.com/kronos/kronos/cmd/kronos/completion.go:34.29,36.3 1 88
github.com/kronos/kronos/cmd/kronos/completion.go:37.2,38.14 2 4
github.com/kronos/kronos/cmd/kronos/completion.go:41.39,43.2 1 4
github.com/kronos/kronos/cmd/kronos/completion.go:45.50,62.36 2 6
github.com/kronos/kronos/cmd/kronos/completion.go:62.36,64.3 1 84
github.com/kronos/kronos/cmd/kronos/completion.go:65.2,65.20 1 6
github.com/kronos/kronos/cmd/kronos/completion.go:68.115,84.2 2 1
github.com/kronos/kronos/cmd/kronos/completion.go:86.114,104.2 2 1
github.com/kronos/kronos/cmd/kronos/completion.go:106.115,107.32 1 1
github.com/kronos/kronos/cmd/kronos/completion.go:107.32,108.123 1 23
github.com/kronos/kronos/cmd/kronos/completion.go:108.123,110.4 1 0
github.com/kronos/kronos/cmd/kronos/completion.go:112.2,112.29 1 1
github.com/kronos/kronos/cmd/kronos/completion.go:112.29,113.137 1 4
github.com/kronos/kronos/cmd/kronos/completion.go:113.137,115.4 1 0
github.com/kronos/kronos/cmd/kronos/completion.go:117.2,117.53 1 1
github.com/kronos/kronos/cmd/kronos/completion.go:117.53,118.188 1 14
github.com/kronos/kronos/cmd/kronos/completion.go:118.188,120.4 1 0
github.com/kronos/kronos/cmd/kronos/completion.go:122.2,122.12 1 1
github.com/kronos/kronos/cmd/kronos/completion.go:125.66,127.53 2 1
github.com/kronos/kronos/cmd/kronos/completion.go:127.53,129.3 1 14
github.com/kronos/kronos/cmd/kronos/completion.go:130.2,130.34 1 1
github.com/kronos/kronos/cmd/kronos/completion.go:133.65,135.53 2 1
github.com/kronos/kronos/cmd/kronos/completion.go:135.53,137.3 1 14
github.com/kronos/kronos/cmd/kronos/completion.go:138.2,138.34 1 1
github.com/kronos/kronos/cmd/kronos/completion.go:141.57,143.26 2 3
github.com/kronos/kronos/cmd/kronos/completion.go:143.26,145.3 1 42
github.com/kronos/kronos/cmd/kronos/completion.go:146.2,147.13 2 3
github.com/kronos/kronos/cmd/kronos/completion.go:150.45,152.29 2 16
github.com/kronos/kronos/cmd/kronos/completion.go:152.29,154.3 1 89
github.com/kronos/kronos/cmd/kronos/completion.go:155.2,155.12 1 16
github.com/kronos/kronos/cmd/kronos/completion.go:158.38,160.2 1 154
github.com/kronos/kronos/cmd/kronos/config.go:12.73,13.83 1 5
github.com/kronos/kronos/cmd/kronos/config.go:13.83,18.3 4 1
github.com/kronos/kronos/cmd/kronos/config.go:20.2,20.17 1 4
github.com/kronos/kronos/cmd/kronos/config.go:21.17,22.46 1 2
github.com/kronos/kronos/cmd/kronos/config.go:23.18,24.47 1 1
github.com/kronos/kronos/cmd/kronos/config.go:25.10,26.58 1 1
github.com/kronos/kronos/cmd/kronos/config.go:30.81,33.39 3 2
github.com/kronos/kronos/cmd/kronos/config.go:33.39,35.3 1 0
github.com/kronos/kronos/cmd/kronos/config.go:36.2,36.23 1 2
github.com/kronos/kronos/cmd/kronos/config.go:36.23,38.3 1 1
github.com/kronos/kronos/cmd/kronos/config.go:40.2,41.16 2 1
github.com/kronos/kronos/cmd/kronos/config.go:41.16,43.3 1 0
github.com/kronos/kronos/cmd/kronos/config.go:44.2,47.4 1 1
github.com/kronos/kronos/cmd/kronos/config.go:50.80,54.39 4 3
github.com/kronos/kronos/cmd/kronos/config.go:54.39,56.3 1 0
github.com/kronos/kronos/cmd/kronos/config.go:57.2,57.23 1 3
github.com/kronos/kronos/cmd/kronos/config.go:57.23,59.3 1 1
github.com/kronos/kronos/cmd/kronos/config.go:61.2,62.16 2 2
github.com/kronos/kronos/cmd/kronos/config.go:62.16,64.3 1 0
github.com/kronos/kronos/cmd/kronos/config.go:65.2,66.22 2 2
github.com/kronos/kronos/cmd/kronos/config.go:66.22,68.3 1 1
github.com/kronos/kronos/cmd/kronos/config.go:69.2,69.41 1 2
github.com/kronos/kronos/cmd/kronos/config.go:72.52,75.30 3 2
github.com/kronos/kronos/cmd/kronos/config.go:75.30,77.35 2 2
github.com/kronos/kronos/cmd/kronos/config.go:77.35,82.4 4 2
github.com/kronos/kronos/cmd/kronos/config.go:83.3,83.34 1 2
github.com/kronos/kronos/cmd/kronos/config.go:83.34,87.4 3 2
github.com/kronos/kronos/cmd/kronos/config.go:89.2,89.12 1 2
github.com/kronos/kronos/cmd/kronos/config.go:92.40,93.17 1 10
github.com/kronos/kronos/cmd/kronos/config.go:93.17,95.3 1 5
github.com/kronos/kronos/cmd/kronos/config.go:96.2,96.25 1 5
github.com/kronos/kronos/cmd/kronos/gc.go:14.69,19.39 5 2
github.com/kronos/kronos/cmd/kronos/gc.go:19.39,21.3 1 0
github.com/kronos/kronos/cmd/kronos/gc.go:22.2,22.22 1 2
github.com/kronos/kronos/cmd/kronos/gc.go:22.22,24.3 1 0
github.com/kronos/kronos/cmd/kronos/gc.go:25.2,25.25 1 2
github.com/kronos/kronos/cmd/kronos/gc.go:25.25,27.3 1 0
github.com/kronos/kronos/cmd/kronos/gc.go:28.2,29.16 2 2
github.com/kronos/kronos/cmd/kronos/gc.go:29.16,31.3 1 0
github.com/kronos/kronos/cmd/kronos/gc.go:32.2,33.16 2 2
github.com/kronos/kronos/cmd/kronos/gc.go:33.16,35.3 1 0
github.com/kronos/kronos/cmd/kronos/gc.go:36.2,37.16 2 2
github.com/kronos/kronos/cmd/kronos/gc.go:37.16,39.3 1 0
github.com/kronos/kronos/cmd/kronos/gc.go:40.2,40.13 1 2
github.com/kronos/kronos/cmd/kronos/gc.go:40.13,51.3 1 1
github.com/kronos/kronos/cmd/kronos/gc.go:52.2,61.4 1 1
github.com/kronos/kronos/cmd/kronos/gc.go:64.63,66.16 2 5
github.com/kronos/kronos/cmd/kronos/gc.go:66.16,68.3 1 0
github.com/kronos/kronos/cmd/kronos/gc.go:69.2,69.44 1 5
github.com/kronos/kronos/cmd/kronos/gc.go:69.44,71.3 1 0
github.com/kronos/kronos/cmd/kronos/gc.go:72.2,72.41 1 5
github.com/kronos/kronos/cmd/kronos/health.go:10.73,13.39 3 2
github.com/kronos/kronos/cmd/kronos/health.go:13.39,15.3 1 0
github.com/kronos/kronos/cmd/kronos/health.go:16.2,16.20 1 2
github.com/kronos/kronos/cmd/kronos/health.go:16.20,18.3 1 1
github.com/kronos/kronos/cmd/kronos/health.go:19.2,21.16 3 1
github.com/kronos/kronos/cmd/kronos/health.go:21.16,23.3 1 0
github.com/kronos/kronos/cmd/kronos/health.go:24.2,25.16 2 1
github.com/kronos/kronos/cmd/kronos/health.go:25.16,27.3 1 0
github.com/kronos/kronos/cmd/kronos/health.go:28.2,29.55 2 1
github.com/kronos/kronos/cmd/kronos/jobs.go:11.71,12.20 1 8
github.com/kronos/kronos/cmd/kronos/jobs.go:12.20,14.3 1 0
github.com/kronos/kronos/cmd/kronos/jobs.go:15.2,15.17 1 8
github.com/kronos/kronos/cmd/kronos/jobs.go:16.16,17.43 1 2
github.com/kronos/kronos/cmd/kronos/jobs.go:18.17,19.44 1 2
github.com/kronos/kronos/cmd/kronos/jobs.go:20.14,21.41 1 2
github.com/kronos/kronos/cmd/kronos/jobs.go:22.15,23.42 1 2
github.com/kronos/kronos/cmd/kronos/jobs.go:24.10,25.59 1 0
github.com/kronos/kronos/cmd/kronos/jobs.go:29.75,39.39 10 2
github.com/kronos/kronos/cmd/kronos/jobs.go:39.39,41.3 1 0
github.com/kronos/kronos/cmd/kronos/jobs.go:42.2,50.104 9 2
github.com/kronos/kronos/cmd/kronos/jobs.go:53.78,57.39 4 2
github.com/kronos/kronos/cmd/kronos/jobs.go:57.39,59.3 1 0
github.com/kronos/kronos/cmd/kronos/jobs.go:60.2,60.15 1 2
github.com/kronos/kronos/cmd/kronos/jobs.go:60.15,62.3 1 1
github.com/kronos/kronos/cmd/kronos/jobs.go:63.2,63.87 1 1
github.com/kronos/kronos/cmd/kronos/jobs.go:66.77,70.39 4 2
github.com/kronos/kronos/cmd/kronos/jobs.go:70.39,72.3 1 0
github.com/kronos/kronos/cmd/kronos/jobs.go:73.2,73.15 1 2
github.com/kronos/kronos/cmd/kronos/jobs.go:73.15,75.3 1 1
github.com/kronos/kronos/cmd/kronos/jobs.go:76.2,76.103 1 1
github.com/kronos/kronos/cmd/kronos/jobs.go:79.76,83.39 4 2
github.com/kronos/kronos/cmd/kronos/jobs.go:83.39,85.3 1 0
github.com/kronos/kronos/cmd/kronos/jobs.go:86.2,86.15 1 2
github.com/kronos/kronos/cmd/kronos/jobs.go:86.15,88.3 1 1
github.com/kronos/kronos/cmd/kronos/jobs.go:89.2,89.102 1 1
github.com/kronos/kronos/cmd/kronos/key.go:16.70,17.20 1 8
github.com/kronos/kronos/cmd/kronos/key.go:17.20,19.3 1 0
github.com/kronos/kronos/cmd/kronos/key.go:20.2,20.17 1 8
github.com/kronos/kronos/cmd/kronos/key.go:21.18,22.43 1 3
github.com/kronos/kronos/cmd/kronos/key.go:23.16,24.42 1 1
github.com/kronos/kronos/cmd/kronos/key.go:25.14,26.40 1 1
github.com/kronos/kronos/cmd/kronos/key.go:27.21,28.46 1 2
github.com/kronos/kronos/cmd/kronos/key.go:29.16,30.42 1 1
github.com/kronos/kronos/cmd/kronos/key.go:31.10,32.58 1 0
github.com/kronos/kronos/cmd/kronos/key.go:36.77,49.39 13 3
github.com/kronos/kronos/cmd/kronos/key.go:49.39,51.3 1 0
github.com/kronos/kronos/cmd/kronos/key.go:52.2,52.21 1 3
github.com/kronos/kronos/cmd/kronos/key.go:52.21,54.3 1 0
github.com/kronos/kronos/cmd/kronos/key.go:55.2,55.15 1 3
github.com/kronos/kronos/cmd/kronos/key.go:55.15,57.3 1 0
github.com/kronos/kronos/cmd/kronos/key.go:58.2,59.16 2 3
github.com/kronos/kronos/cmd/kronos/key.go:59.16,61.3 1 0
github.com/kronos/kronos/cmd/kronos/key.go:62.2,63.16 2 3
github.com/kronos/kronos/cmd/kronos/key.go:63.16,65.3 1 0
github.com/kronos/kronos/cmd/kronos/key.go:66.2,67.16 2 3
github.com/kronos/kronos/cmd/kronos/key.go:67.16,69.3 1 0
github.com/kronos/kronos/cmd/kronos/key.go:70.2,70.84 1 3
github.com/kronos/kronos/cmd/kronos/key.go:70.84,72.3 1 0
github.com/kronos/kronos/cmd/kronos/key.go:73.2,73.57 1 3
github.com/kronos/kronos/cmd/kronos/key.go:73.57,75.3 1 0
github.com/kronos/kronos/cmd/kronos/key.go:76.2,82.4 1 3
github.com/kronos/kronos/cmd/kronos/key.go:85.74,88.39 3 1
github.com/kronos/kronos/cmd/kronos/key.go:88.39,90.3 1 0
github.com/kronos/kronos/cmd/kronos/key.go:91.2,91.21 1 1
github.com/kronos/kronos/cmd/kronos/key.go:91.21,93.3 1 0
github.com/kronos/kronos/cmd/kronos/key.go:94.2,95.16 2 1
github.com/kronos/kronos/cmd/kronos/key.go:95.16,97.3 1 0
github.com/kronos/kronos/cmd/kronos/key.go:98.2,99.34 2 1
github.com/kronos/kronos/cmd/kronos/key.go:99.34,110.3 1 2
github.com/kronos/kronos/cmd/kronos/key.go:111.2,116.4 1 1
github.com/kronos/kronos/cmd/kronos/key.go:119.80,124.39 5 2
github.com/kronos/kronos/cmd/kronos/key.go:124.39,126.3 1 0
github.com/kronos/kronos/cmd/kronos/key.go:127.2,127.21 1 2
github.com/kronos/kronos/cmd/kronos/key.go:127.21,129.3 1 0
github.com/kronos/kronos/cmd/kronos/key.go:130.2,131.16 2 2
github.com/kronos/kronos/cmd/kronos/key.go:131.16,133.3 1 0
github.com/kronos/kronos/cmd/kronos/key.go:134.2,134.51 1 2
github.com/kronos/kronos/cmd/kronos/key.go:134.51,136.3 1 1
github.com/kronos/kronos/cmd/kronos/key.go:137.2,137.57 1 1
github.com/kronos/kronos/cmd/kronos/key.go:137.57,139.3 1 0
github.com/kronos/kronos/cmd/kronos/key.go:140.2,145.4 1 1
github.com/kronos/kronos/cmd/kronos/key.go:148.76,160.39 12 1
github.com/kronos/kronos/cmd/kronos/key.go:160.39,162.3 1 0
github.com/kronos/kronos/cmd/kronos/key.go:163.2,163.21 1 1
github.com/kronos/kronos/cmd/kronos/key.go:163.21,165.3 1 0
github.com/kronos/kronos/cmd/kronos/key.go:166.2,166.20 1 1
github.com/kronos/kronos/cmd/kronos/key.go:166.20,168.3 1 0
github.com/kronos/kronos/cmd/kronos/key.go:169.2,169.15 1 1
github.com/kronos/kronos/cmd/kronos/key.go:169.15,171.3 1 0
github.com/kronos/kronos/cmd/kronos/key.go:172.2,173.16 2 1
github.com/kronos/kronos/cmd/kronos/key.go:173.16,175.3 1 0
github.com/kronos/kronos/cmd/kronos/key.go:176.2,177.16 2 1
github.com/kronos/kronos/cmd/kronos/key.go:177.16,179.3 1 0
github.com/kronos/kronos/cmd/kronos/key.go:180.2,181.16 2 1
github.com/kronos/kronos/cmd/kronos/key.go:181.16,183.3 1 0
github.com/kronos/kronos/cmd/kronos/key.go:184.2,185.16 2 1
github.com/kronos/kronos/cmd/kronos/key.go:185.16,187.3 1 0
github.com/kronos/kronos/cmd/kronos/key.go:188.2,189.16 2 1
github.com/kronos/kronos/cmd/kronos/key.go:189.16,191.3 1 0
github.com/kronos/kronos/cmd/kronos/key.go:192.2,193.16 2 1
github.com/kronos/kronos/cmd/kronos/key.go:193.16,195.3 1 0
github.com/kronos/kronos/cmd/kronos/key.go:196.2,196.59 1 1
github.com/kronos/kronos/cmd/kronos/key.go:196.59,198.3 1 0
github.com/kronos/kronos/cmd/kronos/key.go:199.2,206.4 1 1
github.com/kronos/kronos/cmd/kronos/key.go:209.76,210.20 1 1
github.com/kronos/kronos/cmd/kronos/key.go:210.20,212.3 1 0
github.com/kronos/kronos/cmd/kronos/key.go:213.2,213.17 1 1
github.com/kronos/kronos/cmd/kronos/key.go:214.16,215.48 1 1
github.com/kronos/kronos/cmd/kronos/key.go:216.10,217.65 1 0
github.com/kronos/kronos/cmd/kronos/key.go:221.82,225.39 4 1
github.com/kronos/kronos/cmd/kronos/key.go:225.39,227.3 1 0
github.com/kronos/kronos/cmd/kronos/key.go:228.2,228.21 1 1
github.com/kronos/kronos/cmd/kronos/key.go:228.21,230.3 1 0
github.com/kronos/kronos/cmd/kronos/key.go:231.2,231.20 1 1
github.com/kronos/kronos/cmd/kronos/key.go:231.20,233.3 1 0
github.com/kronos/kronos/cmd/kronos/key.go:234.2,235.16 2 1
github.com/kronos/kronos/cmd/kronos/key.go:235.16,237.3 1 0
github.com/kronos/kronos/cmd/kronos/key.go:238.2,238.56 1 1
github.com/kronos/kronos/cmd/kronos/key.go:238.56,240.3 1 0
github.com/kronos/kronos/cmd/kronos/key.go:241.2,246.4 1 1
github.com/kronos/kronos/cmd/kronos/key.go:249.218,250.38 1 3
github.com/kronos/kronos/cmd/kronos/key.go:250.38,252.3 1 0
github.com/kronos/kronos/cmd/kronos/key.go:253.2,253.22 1 3
github.com/kronos/kronos/cmd/kronos/key.go:253.22,255.17 2 2
github.com/kronos/kronos/cmd/kronos/key.go:255.17,257.4 1 0
github.com/kronos/kronos/cmd/kronos/key.go:258.3,258.25 1 2
github.com/kronos/kronos/cmd/kronos/key.go:258.25,260.4 1 0
github.com/kronos/kronos/cmd/kronos/key.go:261.3,261.22 1 2
github.com/kronos/kronos/cmd/kronos/key.go:263.2,263.18 1 1
github.com/kronos/kronos/cmd/kronos/key.go:263.18,265.3 1 0
github.com/kronos/kronos/cmd/kronos/key.go:266.2,266.13 1 1
github.com/kronos/kronos/cmd/kronos/key.go:266.13,268.3 1 0
github.com/kronos/kronos/cmd/kronos/key.go:269.2,270.16 2 1
github.com/kronos/kronos/cmd/kronos/key.go:270.16,272.3 1 0
github.com/kronos/kronos/cmd/kronos/key.go:273.2,273.44 1 1
github.com/kronos/kronos/cmd/kronos/key.go:276.70,278.16 2 8
github.com/kronos/kronos/cmd/kronos/key.go:278.16,279.25 1 2
github.com/kronos/kronos/cmd/kronos/key.go:279.25,281.4 1 2
github.com/kronos/kronos/cmd/kronos/key.go:282.3,282.43 1 0
github.com/kronos/kronos/cmd/kronos/key.go:284.2,285.16 2 6
github.com/kronos/kronos/cmd/kronos/key.go:285.16,287.3 1 0
github.com/kronos/kronos/cmd/kronos/key.go:288.2,288.24 1 6
github.com/kronos/kronos/cmd/kronos/key.go:291.67,293.16 2 6
github.com/kronos/kronos/cmd/kronos/key.go:293.16,295.3 1 0
github.com/kronos/kronos/cmd/kronos/key.go:296.2,296.40 1 6
github.com/kronos/kronos/cmd/kronos/key.go:299.99,301.17 2 6
github.com/kronos/kronos/cmd/kronos/key.go:301.17,303.3 1 0
github.com/kronos/kronos/cmd/kronos/key.go:304.2,304.19 1 6
github.com/kronos/kronos/cmd/kronos/key.go:304.19,306.3 1 6
github.com/kronos/kronos/cmd/kronos/key.go:307.2,307.20 1 6
github.com/kronos/kronos/cmd/kronos/key.go:307.20,309.3 1 0
github.com/kronos/kronos/cmd/kronos/key.go:310.2,310.18 1 6
github.com/kronos/kronos/cmd/kronos/key.go:310.18,312.3 1 0
github.com/kronos/kronos/cmd/kronos/key.go:313.2,313.9 1 6
github.com/kronos/kronos/cmd/kronos/key.go:314.19,315.28 1 0
github.com/kronos/kronos/cmd/kronos/key.go:316.21,318.18 2 6
github.com/kronos/kronos/cmd/kronos/key.go:318.18,320.4 1 0
github.com/kronos/kronos/cmd/kronos/key.go:321.3,321.28 1 6
github.com/kronos/kronos/cmd/kronos/key.go:322.10,324.17 2 0
github.com/kronos/kronos/cmd/kronos/key.go:324.17,326.4 1 0
github.com/kronos/kronos/cmd/kronos/key.go:327.3,327.56 1 0
github.com/kronos/kronos/cmd/kronos/key.go:331.38,333.61 2 1
github.com/kronos/kronos/cmd/kronos/key.go:333.61,335.3 1 0
github.com/kronos/kronos/cmd/kronos/key.go:336.2,336.21 1 1
github.com/kronos/kronos/cmd/kronos/key.go:339.47,341.2 1 4
github.com/kronos/kronos/cmd/kronos/keygen.go:20.73,23.39 3 4
github.com/kronos/kronos/cmd/kronos/keygen.go:23.39,25.3 1 0
github.com/kronos/kronos/cmd/kronos/keygen.go:26.2,26.18 1 4
github.com/kronos/kronos/cmd/kronos/keygen.go:26.18,28.3 1 1
github.com/kronos/kronos/cmd/kronos/keygen.go:29.2,30.16 2 3
github.com/kronos/kronos/cmd/kronos/keygen.go:30.16,32.3 1 0
github.com/kronos/kronos/cmd/kronos/keygen.go:33.2,34.65 2 3
github.com/kronos/kronos/cmd/kronos/keygen.go:34.65,36.3 1 0
github.com/kronos/kronos/cmd/kronos/keygen.go:37.2,44.44 2 3
github.com/kronos/kronos/cmd/kronos/local.go:19.72,33.39 14 3
github.com/kronos/kronos/cmd/kronos/local.go:33.39,35.3 1 0
github.com/kronos/kronos/cmd/kronos/local.go:36.2,36.20 1 3
github.com/kronos/kronos/cmd/kronos/local.go:36.20,38.3 1 0
github.com/kronos/kronos/cmd/kronos/local.go:39.2,39.20 1 3
github.com/kronos/kronos/cmd/kronos/local.go:39.20,41.3 1 0
github.com/kronos/kronos/cmd/kronos/local.go:43.2,45.33 3 3
github.com/kronos/kronos/cmd/kronos/local.go:45.33,46.20 1 10
github.com/kronos/kronos/cmd/kronos/local.go:47.17,48.20 1 2
github.com/kronos/kronos/cmd/kronos/local.go:49.19,50.21 1 2
github.com/kronos/kronos/cmd/kronos/local.go:53.2,54.23 2 3
github.com/kronos/kronos/cmd/kronos/local.go:54.23,56.17 2 1
github.com/kronos/kronos/cmd/kronos/local.go:56.17,58.4 1 0
github.com/kronos/kronos/cmd/kronos/local.go:59.3,59.15 1 1
github.com/kronos/kronos/cmd/kronos/local.go:61.2,61.43 1 3
github.com/kronos/kronos/cmd/kronos/local.go:61.43,63.3 1 1
github.com/kronos/kronos/cmd/kronos/local.go:64.2,64.45 1 3
github.com/kronos/kronos/cmd/kronos/local.go:64.45,66.3 1 1
github.com/kronos/kronos/cmd/kronos/local.go:67.2,69.12 3 3
github.com/kronos/kronos/cmd/kronos/local.go:69.12,71.3 1 2
github.com/kronos/kronos/cmd/kronos/local.go:73.2,76.41 4 1
github.com/kronos/kronos/cmd/kronos/local.go:76.41,78.43 2 1
github.com/kronos/kronos/cmd/kronos/local.go:78.43,80.4 1 1
github.com/kronos/kronos/cmd/kronos/local.go:81.3,82.13 2 1
github.com/kronos/kronos/cmd/kronos/local.go:82.13,95.55 3 1
github.com/kronos/kronos/cmd/kronos/local.go:95.55,97.5 1 0
github.com/kronos/kronos/cmd/kronos/local.go:99.3,99.13 1 1
github.com/kronos/kronos/cmd/kronos/local.go:101.2,102.9 2 1
github.com/kronos/kronos/cmd/kronos/local.go:103.35,104.72 1 0
github.com/kronos/kronos/cmd/kronos/local.go:104.72,106.4 1 0
github.com/kronos/kronos/cmd/kronos/local.go:107.10,107.10 0 1
github.com/kronos/kronos/cmd/kronos/local.go:109.2,109.12 1 1
github.com/kronos/kronos/cmd/kronos/main.go:28.13,29.74 1 0
github.com/kronos/kronos/cmd/kronos/main.go:29.74,32.3 2 0
github.com/kronos/kronos/cmd/kronos/main.go:35.67,44.43 9 170
github.com/kronos/kronos/cmd/kronos/main.go:44.43,46.3 1 0
github.com/kronos/kronos/cmd/kronos/main.go:47.2,47.89 1 170
github.com/kronos/kronos/cmd/kronos/main.go:47.89,49.3 1 1
github.com/kronos/kronos/cmd/kronos/main.go:50.2,53.20 4 169
github.com/kronos/kronos/cmd/kronos/main.go:53.20,55.3 1 2
github.com/kronos/kronos/cmd/kronos/main.go:57.2,58.20 2 167
github.com/kronos/kronos/cmd/kronos/main.go:58.20,59.20 1 3
github.com/kronos/kronos/cmd/kronos/main.go:59.20,61.4 1 2
github.com/kronos/kronos/cmd/kronos/main.go:62.3,62.39 1 1
github.com/kronos/kronos/cmd/kronos/main.go:64.2,64.38 1 164
github.com/kronos/kronos/cmd/kronos/main.go:64.38,66.3 1 0
github.com/kronos/kronos/cmd/kronos/main.go:68.2,69.9 2 164
github.com/kronos/kronos/cmd/kronos/main.go:69.9,71.3 1 1
github.com/kronos/kronos/cmd/kronos/main.go:72.2,72.63 1 163
github.com/kronos/kronos/cmd/kronos/main.go:72.63,74.3 1 1
github.com/kronos/kronos/cmd/kronos/main.go:75.2,75.36 1 162
github.com/kronos/kronos/cmd/kronos/main.go:78.47,79.20 1 172
github.com/kronos/kronos/cmd/kronos/main.go:79.20,81.3 1 2
github.com/kronos/kronos/cmd/kronos/main.go:82.2,84.33 3 170
github.com/kronos/kronos/cmd/kronos/main.go:84.33,86.18 2 956
github.com/kronos/kronos/cmd/kronos/main.go:86.18,88.9 2 1
github.com/kronos/kronos/cmd/kronos/main.go:90.3,90.48 1 955
github.com/kronos/kronos/cmd/kronos/main.go:90.48,92.12 2 2
github.com/kronos/kronos/cmd/kronos/main.go:94.3,94.76 1 953
github.com/kronos/kronos/cmd/kronos/main.go:94.76,96.12 2 3
github.com/kronos/kronos/cmd/kronos/main.go:98.3,98.83 1 950
github.com/kronos/kronos/cmd/kronos/main.go:98.83,100.23 2 14
github.com/kronos/kronos/cmd/kronos/main.go:100.23,103.5 2 14
github.com/kronos/kronos/cmd/kronos/main.go:104.4,104.12 1 14
github.com/kronos/kronos/cmd/kronos/main.go:106.3,106.27 1 936
github.com/kronos/kronos/cmd/kronos/main.go:108.2,108.23 1 170
github.com/kronos/kronos/cmd/kronos/main.go:108.23,110.3 1 154
github.com/kronos/kronos/cmd/kronos/main.go:111.2,111.33 1 16
github.com/kronos/kronos/cmd/kronos/main.go:114.55,116.2 1 1908
github.com/kronos/kronos/cmd/kronos/main.go:118.36,231.2 1 174
github.com/kronos/kronos/cmd/kronos/main.go:233.76,235.29 2 3
github.com/kronos/kronos/cmd/kronos/main.go:235.29,237.3 1 66
github.com/kronos/kronos/cmd/kronos/main.go:238.2,256.29 18 3
github.com/kronos/kronos/cmd/kronos/main.go:256.29,259.3 2 66
github.com/kronos/kronos/cmd/kronos/main.go:260.2,260.12 1 3
github.com/kronos/kronos/cmd/kronos/main.go:263.96,265.9 2 3
github.com/kronos/kronos/cmd/kronos/main.go:265.9,267.3 1 1
github.com/kronos/kronos/cmd/kronos/main.go:268.2,273.27 6 2
github.com/kronos/kronos/cmd/kronos/main.go:273.27,277.3 3 0
github.com/kronos/kronos/cmd/kronos/main.go:278.2,282.41 5 2
github.com/kronos/kronos/cmd/kronos/main.go:282.41,284.3 1 11
github.com/kronos/kronos/cmd/kronos/main.go:285.2,285.12 1 2
github.com/kronos/kronos/cmd/kronos/main.go:288.59,292.2 3 158
github.com/kronos/kronos/cmd/kronos/main.go:300.53,301.44 1 172
github.com/kronos/kronos/cmd/kronos/main.go:301.44,303.3 1 170
github.com/kronos/kronos/cmd/kronos/main.go:304.2,305.33 2 2
github.com/kronos/kronos/cmd/kronos/main.go:305.33,307.3 1 2
github.com/kronos/kronos/cmd/kronos/main.go:308.2,309.9 2 0
github.com/kronos/kronos/cmd/kronos/main.go:309.9,311.3 1 0
github.com/kronos/kronos/cmd/kronos/main.go:312.2,313.16 2 0
github.com/kronos/kronos/cmd/kronos/main.go:313.16,315.3 1 0
github.com/kronos/kronos/cmd/kronos/main.go:316.2,316.43 1 0
github.com/kronos/kronos/cmd/kronos/main.go:319.63,320.14 1 19
github.com/kronos/kronos/cmd/kronos/main.go:320.14,322.3 1 14
github.com/kronos/kronos/cmd/kronos/main.go:323.2,323.33 1 5
github.com/kronos/kronos/cmd/kronos/metrics.go:10.74,13.39 3 3
github.com/kronos/kronos/cmd/kronos/metrics.go:13.39,15.3 1 0
github.com/kronos/kronos/cmd/kronos/metrics.go:16.2,16.20 1 3
github.com/kronos/kronos/cmd/kronos/metrics.go:16.20,18.3 1 1
github.com/kronos/kronos/cmd/kronos/metrics.go:19.2,21.16 3 2
github.com/kronos/kronos/cmd/kronos/metrics.go:21.16,23.3 1 0
github.com/kronos/kronos/cmd/kronos/metrics.go:24.2,25.16 2 2
github.com/kronos/kronos/cmd/kronos/metrics.go:25.16,27.3 1 0
github.com/kronos/kronos/cmd/kronos/metrics.go:28.2,29.55 2 2
github.com/kronos/kronos/cmd/kronos/output.go:15.76,17.16 2 30
github.com/kronos/kronos/cmd/kronos/output.go:17.16,19.3 1 0
github.com/kronos/kronos/cmd/kronos/output.go:20.2,21.12 2 30
github.com/kronos/kronos/cmd/kronos/output.go:24.76,25.28 1 33
github.com/kronos/kronos/cmd/kronos/output.go:26.16,30.47 4 2
github.com/kronos/kronos/cmd/kronos/output.go:30.47,32.4 1 0
github.com/kronos/kronos/cmd/kronos/output.go:33.3,33.27 1 2
github.com/kronos/kronos/cmd/kronos/output.go:34.14,35.34 1 3
github.com/kronos/kronos/cmd/kronos/output.go:36.15,37.35 1 4
github.com/kronos/kronos/cmd/kronos/output.go:38.10,40.62 2 24
github.com/kronos/kronos/cmd/kronos/output.go:40.62,42.4 1 0
github.com/kronos/kronos/cmd/kronos/output.go:43.3,43.27 1 24
github.com/kronos/kronos/cmd/kronos/output.go:47.82,48.23 1 4
github.com/kronos/kronos/cmd/kronos/output.go:48.23,50.3 1 0
github.com/kronos/kronos/cmd/kronos/output.go:51.2,51.28 1 4
github.com/kronos/kronos/cmd/kronos/output.go:52.16,54.62 2 1
github.com/kronos/kronos/cmd/kronos/output.go:54.62,56.4 1 0
github.com/kronos/kronos/cmd/kronos/output.go:57.3,57.43 1 1
github.com/kronos/kronos/cmd/kronos/output.go:58.23,60.56 2 3
github.com/kronos/kronos/cmd/kronos/output.go:60.56,62.4 1 0
github.com/kronos/kronos/cmd/kronos/output.go:63.3,63.45 1 3
github.com/kronos/kronos/cmd/kronos/output.go:64.10,65.19 1 0
github.com/kronos/kronos/cmd/kronos/output.go:69.51,71.16 2 3
github.com/kronos/kronos/cmd/kronos/output.go:71.16,73.3 1 0
github.com/kronos/kronos/cmd/kronos/output.go:74.2,74.30 1 3
github.com/kronos/kronos/cmd/kronos/output.go:77.52,79.16 2 4
github.com/kronos/kronos/cmd/kronos/output.go:79.16,81.3 1 0
github.com/kronos/kronos/cmd/kronos/output.go:82.2,82.33 1 4
github.com/kronos/kronos/cmd/kronos/output.go:83.22,84.22 1 4
github.com/kronos/kronos/cmd/kronos/output.go:84.22,85.37 1 1
github.com/kronos/kronos/cmd/kronos/output.go:85.37,86.39 1 1
github.com/kronos/kronos/cmd/kronos/output.go:86.39,88.6 1 1
github.com/kronos/kronos/cmd/kronos/output.go:91.3,91.35 1 3
github.com/kronos/kronos/cmd/kronos/output.go:92.13,93.44 1 0
github.com/kronos/kronos/cmd/kronos/output.go:94.10,95.53 1 0
github.com/kronos/kronos/cmd/kronos/output.go:99.49,101.16 2 7
github.com/kronos/kronos/cmd/kronos/output.go:101.16,103.3 1 0
github.com/kronos/kronos/cmd/kronos/output.go:104.2,105.55 2 7
github.com/kronos/kronos/cmd/kronos/output.go:105.55,107.3 1 0
github.com/kronos/kronos/cmd/kronos/output.go:108.2,108.21 1 7
github.com/kronos/kronos/cmd/kronos/output.go:111.53,112.20 1 1
github.com/kronos/kronos/cmd/kronos/output.go:112.20,114.3 1 0
github.com/kronos/kronos/cmd/kronos/output.go:115.2,118.27 4 1
github.com/kronos/kronos/cmd/kronos/output.go:118.27,120.10 2 2
github.com/kronos/kronos/cmd/kronos/output.go:120.10,122.12 2 0
github.com/kronos/kronos/cmd/kronos/output.go:124.3,125.25 2 2
github.com/kronos/kronos/cmd/kronos/output.go:125.25,127.4 1 4
github.com/kronos/kronos/cmd/kronos/output.go:129.2,129.42 1 1
github.com/kronos/kronos/cmd/kronos/output.go:129.42,131.28 2 0
github.com/kronos/kronos/cmd/kronos/output.go:131.28,133.4 1 0
github.com/kronos/kronos/cmd/kronos/output.go:134.3,134.51 1 0
github.com/kronos/kronos/cmd/kronos/output.go:136.2,138.27 3 1
github.com/kronos/kronos/cmd/kronos/output.go:138.27,140.34 2 2
github.com/kronos/kronos/cmd/kronos/output.go:140.34,142.4 1 4
github.com/kronos/kronos/cmd/kronos/output.go:143.3,143.40 1 2
github.com/kronos/kronos/cmd/kronos/output.go:145.2,145.40 1 1
github.com/kronos/kronos/cmd/kronos/output.go:148.50,150.26 2 3
github.com/kronos/kronos/cmd/kronos/output.go:150.26,152.3 1 11
github.com/kronos/kronos/cmd/kronos/output.go:153.2,155.27 3 3
github.com/kronos/kronos/cmd/kronos/output.go:155.27,157.3 1 11
github.com/kronos/kronos/cmd/kronos/output.go:158.2,158.52 1 3
github.com/kronos/kronos/cmd/kronos/output.go:161.60,162.23 1 4
github.com/kronos/kronos/cmd/kronos/output.go:162.23,164.3 1 0
github.com/kronos/kronos/cmd/kronos/output.go:165.2,167.33 3 4
github.com/kronos/kronos/cmd/kronos/output.go:167.33,170.3 2 8
github.com/kronos/kronos/cmd/kronos/output.go:171.2,171.27 1 4
github.com/kronos/kronos/cmd/kronos/output.go:171.27,172.29 1 13
github.com/kronos/kronos/cmd/kronos/output.go:172.29,173.49 1 26
github.com/kronos/kronos/cmd/kronos/output.go:173.49,175.5 1 9
github.com/kronos/kronos/cmd/kronos/output.go:178.2,180.27 3 4
github.com/kronos/kronos/cmd/kronos/output.go:180.27,182.3 1 13
github.com/kronos/kronos/cmd/kronos/output.go:183.2,183.29 1 4
github.com/kronos/kronos/cmd/kronos/output.go:186.70,187.24 1 17
github.com/kronos/kronos/cmd/kronos/output.go:187.24,189.19 2 34
github.com/kronos/kronos/cmd/kronos/output.go:189.19,191.4 1 34
github.com/kronos/kronos/cmd/kronos/output.go:192.3,192.12 1 34
github.com/kronos/kronos/cmd/kronos/output.go:192.12,194.4 1 17
github.com/kronos/kronos/cmd/kronos/output.go:195.3,196.24 2 34
github.com/kronos/kronos/cmd/kronos/output.go:196.24,198.4 1 17
github.com/kronos/kronos/cmd/kronos/output.go:200.2,200.21 1 17
github.com/kronos/kronos/cmd/kronos/output.go:203.41,204.31 1 15
github.com/kronos/kronos/cmd/kronos/output.go:205.11,206.12 1 0
github.com/kronos/kronos/cmd/kronos/output.go:207.14,208.15 1 10
github.com/kronos/kronos/cmd/kronos/output.go:209.15,210.37 1 2
github.com/kronos/kronos/cmd/kronos/output.go:210.37,212.4 1 2
github.com/kronos/kronos/cmd/kronos/output.go:213.3,213.34 1 0
github.com/kronos/kronos/cmd/kronos/output.go:214.12,215.12 1 3
github.com/kronos/kronos/cmd/kronos/output.go:215.12,217.4 1 2
github.com/kronos/kronos/cmd/kronos/output.go:218.3,218.17 1 1
github.com/kronos/kronos/cmd/kronos/output.go:219.10,221.17 2 0
github.com/kronos/kronos/cmd/kronos/output.go:221.17,223.4 1 0
github.com/kronos/kronos/cmd/kronos/output.go:224.3,224.22 1 0
github.com/kronos/kronos/cmd/kronos/output.go:228.54,230.26 2 1
github.com/kronos/kronos/cmd/kronos/output.go:230.26,232.3 1 2
github.com/kronos/kronos/cmd/kronos/output.go:233.2,234.13 2 1
github.com/kronos/kronos/cmd/kronos/repair.go:11.75,14.39 3 1
github.com/kronos/kronos/cmd/kronos/repair.go:14.39,16.3 1 0
github.com/kronos/kronos/cmd/kronos/repair.go:17.2,17.19 1 1
github.com/kronos/kronos/cmd/kronos/repair.go:17.19,19.3 1 0
github.com/kronos/kronos/cmd/kronos/repair.go:20.2,20.48 1 1
github.com/kronos/kronos/cmd/kronos/repair.go:20.48,22.3 1 0
github.com/kronos/kronos/cmd/kronos/repair.go:23.2,26.4 1 1
github.com/kronos/kronos/cmd/kronos/restore.go:13.74,14.20 1 8
github.com/kronos/kronos/cmd/kronos/restore.go:14.20,16.3 1 0
github.com/kronos/kronos/cmd/kronos/restore.go:17.2,17.17 1 8
github.com/kronos/kronos/cmd/kronos/restore.go:18.17,19.47 1 3
github.com/kronos/kronos/cmd/kronos/restore.go:20.15,21.45 1 4
github.com/kronos/kronos/cmd/kronos/restore.go:22.10,23.62 1 1
github.com/kronos/kronos/cmd/kronos/restore.go:27.81,33.39 6 3
github.com/kronos/kronos/cmd/kronos/restore.go:33.39,35.3 1 0
github.com/kronos/kronos/cmd/kronos/restore.go:36.2,36.21 1 3
github.com/kronos/kronos/cmd/kronos/restore.go:36.21,38.3 1 1
github.com/kronos/kronos/cmd/kronos/restore.go:39.2,40.21 2 2
github.com/kronos/kronos/cmd/kronos/restore.go:40.21,42.3 1 1
github.com/kronos/kronos/cmd/kronos/restore.go:43.2,43.19 1 2
github.com/kronos/kronos/cmd/kronos/restore.go:43.19,45.17 2 2
github.com/kronos/kronos/cmd/kronos/restore.go:45.17,47.4 1 1
github.com/kronos/kronos/cmd/kronos/restore.go:48.3,48.21 1 1
github.com/kronos/kronos/cmd/kronos/restore.go:50.2,50.103 1 1
github.com/kronos/kronos/cmd/kronos/restore.go:53.79,62.39 9 4
github.com/kronos/kronos/cmd/kronos/restore.go:62.39,64.3 1 0
github.com/kronos/kronos/cmd/kronos/restore.go:65.2,65.21 1 4
github.com/kronos/kronos/cmd/kronos/restore.go:65.21,67.3 1 1
github.com/kronos/kronos/cmd/kronos/restore.go:68.2,68.23 1 3
github.com/kronos/kronos/cmd/kronos/restore.go:68.23,70.3 1 1
github.com/kronos/kronos/cmd/kronos/restore.go:71.2,72.21 2 2
github.com/kronos/kronos/cmd/kronos/restore.go:72.21,74.3 1 1
github.com/kronos/kronos/cmd/kronos/restore.go:75.2,75.13 1 2
github.com/kronos/kronos/cmd/kronos/restore.go:75.13,77.3 1 2
github.com/kronos/kronos/cmd/kronos/restore.go:78.2,78.22 1 2
github.com/kronos/kronos/cmd/kronos/restore.go:78.22,80.3 1 1
github.com/kronos/kronos/cmd/kronos/restore.go:81.2,81.19 1 2
github.com/kronos/kronos/cmd/kronos/restore.go:81.19,83.17 2 1
github.com/kronos/kronos/cmd/kronos/restore.go:83.17,85.4 1 1
github.com/kronos/kronos/cmd/kronos/restore.go:86.3,86.21 1 0
github.com/kronos/kronos/cmd/kronos/restore.go:88.2,88.95 1 1
github.com/kronos/kronos/cmd/kronos/retention.go:38.76,39.20 1 17
github.com/kronos/kronos/cmd/kronos/retention.go:39.20,41.3 1 0
github.com/kronos/kronos/cmd/kronos/retention.go:42.2,42.17 1 17
github.com/kronos/kronos/cmd/kronos/retention.go:43.15,44.47 1 3
github.com/kronos/kronos/cmd/kronos/retention.go:45.16,46.48 1 11
github.com/kronos/kronos/cmd/kronos/retention.go:47.14,48.46 1 2
github.com/kronos/kronos/cmd/kronos/retention.go:49.10,50.64 1 1
github.com/kronos/kronos/cmd/kronos/retention.go:54.80,57.39 3 2
github.com/kronos/kronos/cmd/kronos/retention.go:57.39,59.3 1 0
github.com/kronos/kronos/cmd/kronos/retention.go:60.2,60.22 1 2
github.com/kronos/kronos/cmd/kronos/retention.go:60.22,62.3 1 0
github.com/kronos/kronos/cmd/kronos/retention.go:63.2,64.16 2 2
github.com/kronos/kronos/cmd/kronos/retention.go:64.16,66.3 1 0
github.com/kronos/kronos/cmd/kronos/retention.go:67.2,70.47 4 2
github.com/kronos/kronos/cmd/kronos/retention.go:70.47,72.3 1 0
github.com/kronos/kronos/cmd/kronos/retention.go:73.2,74.16 2 2
github.com/kronos/kronos/cmd/kronos/retention.go:74.16,76.3 1 0
github.com/kronos/kronos/cmd/kronos/retention.go:77.2,78.34 2 2
github.com/kronos/kronos/cmd/kronos/retention.go:78.34,84.3 1 4
github.com/kronos/kronos/cmd/kronos/retention.go:85.2,85.43 1 2
github.com/kronos/kronos/cmd/kronos/retention.go:88.81,93.39 5 3
github.com/kronos/kronos/cmd/kronos/retention.go:93.39,95.3 1 0
github.com/kronos/kronos/cmd/kronos/retention.go:96.2,96.22 1 3
github.com/kronos/kronos/cmd/kronos/retention.go:96.22,98.3 1 1
github.com/kronos/kronos/cmd/kronos/retention.go:99.2,100.16 2 2
github.com/kronos/kronos/cmd/kronos/retention.go:100.16,102.3 1 0
github.com/kronos/kronos/cmd/kronos/retention.go:103.2,106.47 4 2
github.com/kronos/kronos/cmd/kronos/retention.go:106.47,108.3 1 0
github.com/kronos/kronos/cmd/kronos/retention.go:109.2,109.13 1 2
github.com/kronos/kronos/cmd/kronos/retention.go:109.13,111.3 1 1
github.com/kronos/kronos/cmd/kronos/retention.go:112.2,112.101 1 2
github.com/kronos/kronos/cmd/kronos/retention.go:115.82,116.20 1 11
github.com/kronos/kronos/cmd/kronos/retention.go:116.20,118.3 1 1
github.com/kronos/kronos/cmd/kronos/retention.go:119.2,119.17 1 10
github.com/kronos/kronos/cmd/kronos/retention.go:120.13,121.51 1 2
github.com/kronos/kronos/cmd/kronos/retention.go:122.17,123.55 1 2
github.com/kronos/kronos/cmd/kronos/retention.go:124.14,125.52 1 1
github.com/kronos/kronos/cmd/kronos/retention.go:126.16,127.54 1 2
github.com/kronos/kronos/cmd/kronos/retention.go:128.16,129.54 1 3
github.com/kronos/kronos/cmd/kronos/retention.go:130.10,131.71 1 0
github.com/kronos/kronos/cmd/kronos/retention.go:135.85,139.39 4 2
github.com/kronos/kronos/cmd/kronos/retention.go:139.39,141.3 1 0
github.com/kronos/kronos/cmd/kronos/retention.go:142.2,142.22 1 2
github.com/kronos/kronos/cmd/kronos/retention.go:142.22,144.3 1 1
github.com/kronos/kronos/cmd/kronos/retention.go:145.2,146.16 2 1
github.com/kronos/kronos/cmd/kronos/retention.go:146.16,148.3 1 0
github.com/kronos/kronos/cmd/kronos/retention.go:149.2,152.48 4 1
github.com/kronos/kronos/cmd/kronos/retention.go:152.48,154.3 1 0
github.com/kronos/kronos/cmd/kronos/retention.go:155.2,155.105 1 1
github.com/kronos/kronos/cmd/kronos/retention.go:158.86,161.39 3 1
github.com/kronos/kronos/cmd/kronos/retention.go:161.39,163.3 1 0
github.com/kronos/kronos/cmd/kronos/retention.go:164.2,164.96 1 1
github.com/kronos/kronos/cmd/kronos/retention.go:167.89,171.39 4 2
github.com/kronos/kronos/cmd/kronos/retention.go:171.39,173.3 1 0
github.com/kronos/kronos/cmd/kronos/retention.go:174.2,174.15 1 2
github.com/kronos/kronos/cmd/kronos/retention.go:174.15,176.3 1 1
github.com/kronos/kronos/cmd/kronos/retention.go:177.2,177.101 1 1
github.com/kronos/kronos/cmd/kronos/retention.go:180.88,184.39 4 2
github.com/kronos/kronos/cmd/kronos/retention.go:184.39,186.3 1 0
github.com/kronos/kronos/cmd/kronos/retention.go:187.2,187.15 1 2
github.com/kronos/kronos/cmd/kronos/retention.go:187.15,189.3 1 1
github.com/kronos/kronos/cmd/kronos/retention.go:190.2,190.100 1 1
github.com/kronos/kronos/cmd/kronos/retention.go:193.88,198.39 5 3
github.com/kronos/kronos/cmd/kronos/retention.go:198.39,200.3 1 0
github.com/kronos/kronos/cmd/kronos/retention.go:201.2,201.15 1 3
github.com/kronos/kronos/cmd/kronos/retention.go:201.15,203.3 1 1
github.com/kronos/kronos/cmd/kronos/retention.go:204.2,204.22 1 2
github.com/kronos/kronos/cmd/kronos/retention.go:204.22,206.3 1 1
github.com/kronos/kronos/cmd/kronos/retention.go:207.2,208.16 2 1
github.com/kronos/kronos/cmd/kronos/retention.go:208.16,210.3 1 0
github.com/kronos/kronos/cmd/kronos/retention.go:211.2,214.48 4 1
github.com/kronos/kronos/cmd/kronos/retention.go:214.48,216.3 1 0
github.com/kronos/kronos/cmd/kronos/retention.go:217.2,217.109 1 1
github.com/kronos/kronos/cmd/kronos/schedule.go:12.75,13.20 1 14
github.com/kronos/kronos/cmd/kronos/schedule.go:13.20,15.3 1 0
github.com/kronos/kronos/cmd/kronos/schedule.go:16.2,16.17 1 14
github.com/kronos/kronos/cmd/kronos/schedule.go:17.13,18.44 1 3
github.com/kronos/kronos/cmd/kronos/schedule.go:19.17,20.48 1 2
github.com/kronos/kronos/cmd/kronos/schedule.go:21.14,22.45 1 1
github.com/kronos/kronos/cmd/kronos/schedule.go:23.15,24.52 1 2
github.com/kronos/kronos/cmd/kronos/schedule.go:25.16,26.47 1 2
github.com/kronos/kronos/cmd/kronos/schedule.go:27.16,28.53 1 1
github.com/kronos/kronos/cmd/kronos/schedule.go:29.14,30.45 1 1
github.com/kronos/kronos/cmd/kronos/schedule.go:31.16,32.47 1 2
github.com/kronos/kronos/cmd/kronos/schedule.go:33.10,34.63 1 0
github.com/kronos/kronos/cmd/kronos/schedule.go:38.79,41.39 3 1
github.com/kronos/kronos/cmd/kronos/schedule.go:41.39,43.3 1 0
github.com/kronos/kronos/cmd/kronos/schedule.go:44.2,44.87 1 1
github.com/kronos/kronos/cmd/kronos/schedule.go:47.82,51.39 4 2
github.com/kronos/kronos/cmd/kronos/schedule.go:51.39,53.3 1 0
github.com/kronos/kronos/cmd/kronos/schedule.go:54.2,54.15 1 2
github.com/kronos/kronos/cmd/kronos/schedule.go:54.15,56.3 1 1
github.com/kronos/kronos/cmd/kronos/schedule.go:57.2,57.92 1 1
github.com/kronos/kronos/cmd/kronos/schedule.go:60.78,69.39 9 3
github.com/kronos/kronos/cmd/kronos/schedule.go:69.39,71.3 1 0
github.com/kronos/kronos/cmd/kronos/schedule.go:72.2,72.17 1 3
github.com/kronos/kronos/cmd/kronos/schedule.go:72.17,74.3 1 1
github.com/kronos/kronos/cmd/kronos/schedule.go:75.2,75.21 1 2
github.com/kronos/kronos/cmd/kronos/schedule.go:75.21,77.3 1 1
github.com/kronos/kronos/cmd/kronos/schedule.go:78.2,78.22 1 1
github.com/kronos/kronos/cmd/kronos/schedule.go:78.22,80.3 1 0
github.com/kronos/kronos/cmd/kronos/schedule.go:81.2,81.23 1 1
github.com/kronos/kronos/cmd/kronos/schedule.go:81.23,83.3 1 0
github.com/kronos/kronos/cmd/kronos/schedule.go:84.2,92.97 2 1
github.com/kronos/kronos/cmd/kronos/schedule.go:95.81,106.39 11 2
github.com/kronos/kronos/cmd/kronos/schedule.go:106.39,108.3 1 0
github.com/kronos/kronos/cmd/kronos/schedule.go:109.2,109.15 1 2
github.com/kronos/kronos/cmd/kronos/schedule.go:109.15,111.3 1 1
github.com/kronos/kronos/cmd/kronos/schedule.go:112.2,112.17 1 1
github.com/kronos/kronos/cmd/kronos/schedule.go:112.17,114.3 1 0
github.com/kronos/kronos/cmd/kronos/schedule.go:115.2,115.21 1 1
github.com/kronos/kronos/cmd/kronos/schedule.go:115.21,117.3 1 0
github.com/kronos/kronos/cmd/kronos/schedule.go:118.2,118.22 1 1
github.com/kronos/kronos/cmd/kronos/schedule.go:118.22,120.3 1 0
github.com/kronos/kronos/cmd/kronos/schedule.go:121.2,121.23 1 1
github.com/kronos/kronos/cmd/kronos/schedule.go:121.23,123.3 1 0
github.com/kronos/kronos/cmd/kronos/schedule.go:124.2,134.101 2 1
github.com/kronos/kronos/cmd/kronos/schedule.go:137.81,141.39 4 2
github.com/kronos/kronos/cmd/kronos/schedule.go:141.39,143.3 1 0
github.com/kronos/kronos/cmd/kronos/schedule.go:144.2,144.15 1 2
github.com/kronos/kronos/cmd/kronos/schedule.go:144.15,146.3 1 1
github.com/kronos/kronos/cmd/kronos/schedule.go:147.2,147.91 1 1
github.com/kronos/kronos/cmd/kronos/schedule.go:150.93,153.13 3 3
github.com/kronos/kronos/cmd/kronos/schedule.go:153.13,156.3 2 1
github.com/kronos/kronos/cmd/kronos/schedule.go:157.2,160.39 4 3
github.com/kronos/kronos/cmd/kronos/schedule.go:160.39,162.3 1 0
github.com/kronos/kronos/cmd/kronos/schedule.go:163.2,163.15 1 3
github.com/kronos/kronos/cmd/kronos/schedule.go:163.15,165.3 1 1
github.com/kronos/kronos/cmd/kronos/schedule.go:166.2,166.109 1 2
github.com/kronos/kronos/cmd/kronos/schedule.go:169.79,172.39 3 1
github.com/kronos/kronos/cmd/kronos/schedule.go:172.39,174.3 1 0
github.com/kronos/kronos/cmd/kronos/schedule.go:175.2,175.98 1 1
github.com/kronos/kronos/cmd/kronos/server.go:33.73,37.39 4 1
github.com/kronos/kronos/cmd/kronos/server.go:37.39,39.3 1 0
github.com/kronos/kronos/cmd/kronos/server.go:41.2,42.33 2 1
github.com/kronos/kronos/cmd/kronos/server.go:42.33,43.28 1 1
github.com/kronos/kronos/cmd/kronos/server.go:43.28,45.4 1 0
github.com/kronos/kronos/cmd/kronos/server.go:47.2,48.23 2 1
github.com/kronos/kronos/cmd/kronos/server.go:48.23,50.17 2 1
github.com/kronos/kronos/cmd/kronos/server.go:50.17,52.4 1 0
github.com/kronos/kronos/cmd/kronos/server.go:53.3,54.44 2 1
github.com/kronos/kronos/cmd/kronos/server.go:54.44,56.4 1 1
github.com/kronos/kronos/cmd/kronos/server.go:58.2,58.54 1 1
github.com/kronos/kronos/cmd/kronos/server.go:65.105,67.2 1 4
github.com/kronos/kronos/cmd/kronos/server.go:69.142,70.22 1 5
github.com/kronos/kronos/cmd/kronos/server.go:70.22,72.3 1 0
github.com/kronos/kronos/cmd/kronos/server.go:73.2,74.16 2 5
github.com/kronos/kronos/cmd/kronos/server.go:74.16,76.3 1 0
github.com/kronos/kronos/cmd/kronos/server.go:77.2,79.44 3 5
github.com/kronos/kronos/cmd/kronos/server.go:79.44,81.17 2 4
github.com/kronos/kronos/cmd/kronos/server.go:81.17,84.4 2 0
github.com/kronos/kronos/cmd/kronos/server.go:85.3,87.17 3 4
github.com/kronos/kronos/cmd/kronos/server.go:87.17,91.4 3 0
github.com/kronos/kronos/cmd/kronos/server.go:92.3,93.80 2 4
github.com/kronos/kronos/cmd/kronos/server.go:93.80,97.4 3 0
github.com/kronos/kronos/cmd/kronos/server.go:98.3,98.20 1 4
github.com/kronos/kronos/cmd/kronos/server.go:98.20,100.4 1 0
github.com/kronos/kronos/cmd/kronos/server.go:102.2,102.15 1 5
github.com/kronos/kronos/cmd/kronos/server.go:102.15,103.21 1 5
github.com/kronos/kronos/cmd/kronos/server.go:103.21,105.4 1 4
github.com/kronos/kronos/cmd/kronos/server.go:108.2,115.12 5 5
github.com/kronos/kronos/cmd/kronos/server.go:115.12,117.34 2 5
github.com/kronos/kronos/cmd/kronos/server.go:117.34,119.4 1 5
github.com/kronos/kronos/cmd/kronos/server.go:120.3,120.15 1 5
github.com/kronos/kronos/cmd/kronos/server.go:122.2,123.16 2 5
github.com/kronos/kronos/cmd/kronos/server.go:123.16,125.3 1 4
github.com/kronos/kronos/cmd/kronos/server.go:126.2,126.26 1 5
github.com/kronos/kronos/cmd/kronos/server.go:126.26,127.65 1 1
github.com/kronos/kronos/cmd/kronos/server.go:127.65,130.71 3 0
github.com/kronos/kronos/cmd/kronos/server.go:130.71,132.5 1 0
github.com/kronos/kronos/cmd/kronos/server.go:133.4,133.44 1 0
github.com/kronos/kronos/cmd/kronos/server.go:133.44,135.5 1 0
github.com/kronos/kronos/cmd/kronos/server.go:136.4,136.14 1 0
github.com/kronos/kronos/cmd/kronos/server.go:139.2,139.9 1 5
github.com/kronos/kronos/cmd/kronos/server.go:140.20,143.54 3 5
github.com/kronos/kronos/cmd/kronos/server.go:143.54,145.4 1 0
github.com/kronos/kronos/cmd/kronos/server.go:146.3,146.33 1 5
github.com/kronos/kronos/cmd/kronos/server.go:146.33,148.4 1 0
github.com/kronos/kronos/cmd/kronos/server.go:149.3,149.19 1 5
github.com/kronos/kronos/cmd/kronos/server.go:150.22,151.13 1 0
github.com/kronos/kronos/cmd/kronos/server.go:155.136,156.83 1 6
github.com/kronos/kronos/cmd/kronos/server.go:156.83,158.3 1 1
github.com/kronos/kronos/cmd/kronos/server.go:159.2,159.19 1 5
github.com/kronos/kronos/cmd/kronos/server.go:159.19,161.3 1 0
github.com/kronos/kronos/cmd/kronos/server.go:162.2,162.16 1 5
github.com/kronos/kronos/cmd/kronos/server.go:162.16,164.3 1 0
github.com/kronos/kronos/cmd/kronos/server.go:165.2,165.12 1 5
github.com/kronos/kronos/cmd/kronos/server.go:165.12,169.7 4 5
github.com/kronos/kronos/cmd/kronos/server.go:169.7,170.11 1 5
github.com/kronos/kronos/cmd/kronos/server.go:171.22,172.11 1 5
github.com/kronos/kronos/cmd/kronos/server.go:173.20,174.46 1 0
github.com/kronos/kronos/cmd/kronos/server.go:180.107,181.34 1 5
github.com/kronos/kronos/cmd/kronos/server.go:181.34,183.3 1 2
github.com/kronos/kronos/cmd/kronos/server.go:184.2,184.91 1 3
github.com/kronos/kronos/cmd/kronos/server.go:184.91,187.3 2 0
github.com/kronos/kronos/cmd/kronos/server.go:187.8,187.23 1 3
github.com/kronos/kronos/cmd/kronos/server.go:187.23,189.3 1 0
github.com/kronos/kronos/cmd/kronos/server.go:190.2,191.16 2 3
github.com/kronos/kronos/cmd/kronos/server.go:191.16,194.3 2 0
github.com/kronos/kronos/cmd/kronos/server.go:195.2,197.16 3 3
github.com/kronos/kronos/cmd/kronos/server.go:197.16,200.3 2 0
github.com/kronos/kronos/cmd/kronos/server.go:201.2,201.19 1 3
github.com/kronos/kronos/cmd/kronos/server.go:201.19,203.3 1 1
github.com/kronos/kronos/cmd/kronos/server.go:206.64,207.52 1 7
github.com/kronos/kronos/cmd/kronos/server.go:207.52,209.3 1 0
github.com/kronos/kronos/cmd/kronos/server.go:210.2,211.16 2 7
github.com/kronos/kronos/cmd/kronos/server.go:211.16,213.3 1 0
github.com/kronos/kronos/cmd/kronos/server.go:214.2,215.16 2 7
github.com/kronos/kronos/cmd/kronos/server.go:215.16,218.3 2 0
github.com/kronos/kronos/cmd/kronos/server.go:219.2,220.16 2 7
github.com/kronos/kronos/cmd/kronos/server.go:220.16,223.3 2 0
github.com/kronos/kronos/cmd/kronos/server.go:224.2,224.27 1 7
github.com/kronos/kronos/cmd/kronos/server.go:227.56,229.2 1 1
github.com/kronos/kronos/cmd/kronos/server.go:231.101,233.2 1 1
github.com/kronos/kronos/cmd/kronos/server.go:248.54,250.16 2 39
github.com/kronos/kronos/cmd/kronos/server.go:250.16,252.3 1 0
github.com/kronos/kronos/cmd/kronos/server.go:253.2,254.16 2 39
github.com/kronos/kronos/cmd/kronos/server.go:254.16,256.3 1 0
github.com/kronos/kronos/cmd/kronos/server.go:257.2,258.16 2 39
github.com/kronos/kronos/cmd/kronos/server.go:258.16,260.3 1 0
github.com/kronos/kronos/cmd/kronos/server.go:261.2,262.16 2 39
github.com/kronos/kronos/cmd/kronos/server.go:262.16,264.3 1 0
github.com/kronos/kronos/cmd/kronos/server.go:265.2,266.16 2 39
github.com/kronos/kronos/cmd/kronos/server.go:266.16,268.3 1 0
github.com/kronos/kronos/cmd/kronos/server.go:269.2,270.16 2 39
github.com/kronos/kronos/cmd/kronos/server.go:270.16,272.3 1 0
github.com/kronos/kronos/cmd/kronos/server.go:273.2,274.16 2 39
github.com/kronos/kronos/cmd/kronos/server.go:274.16,276.3 1 0
github.com/kronos/kronos/cmd/kronos/server.go:277.2,278.16 2 39
github.com/kronos/kronos/cmd/kronos/server.go:278.16,280.3 1 0
github.com/kronos/kronos/cmd/kronos/server.go:281.2,282.16 2 39
github.com/kronos/kronos/cmd/kronos/server.go:282.16,284.3 1 0
github.com/kronos/kronos/cmd/kronos/server.go:285.2,286.16 2 39
github.com/kronos/kronos/cmd/kronos/server.go:286.16,288.3 1 0
github.com/kronos/kronos/cmd/kronos/server.go:289.2,289.212 1 39
github.com/kronos/kronos/cmd/kronos/server.go:292.89,293.94 1 5
github.com/kronos/kronos/cmd/kronos/server.go:293.94,295.3 1 0
github.com/kronos/kronos/cmd/kronos/server.go:296.2,296.18 1 5
github.com/kronos/kronos/cmd/kronos/server.go:296.18,298.3 1 0
github.com/kronos/kronos/cmd/kronos/server.go:299.2,299.39 1 5
github.com/kronos/kronos/cmd/kronos/server.go:299.39,302.44 3 3
github.com/kronos/kronos/cmd/kronos/server.go:302.44,314.19 3 4
github.com/kronos/kronos/cmd/kronos/server.go:314.19,316.5 1 0
github.com/kronos/kronos/cmd/kronos/server.go:318.3,318.42 1 3
github.com/kronos/kronos/cmd/kronos/server.go:318.42,322.26 4 3
github.com/kronos/kronos/cmd/kronos/server.go:322.26,324.5 1 1
github.com/kronos/kronos/cmd/kronos/server.go:325.4,325.25 1 3
github.com/kronos/kronos/cmd/kronos/server.go:325.25,327.5 1 1
github.com/kronos/kronos/cmd/kronos/server.go:328.4,338.19 1 3
github.com/kronos/kronos/cmd/kronos/server.go:338.19,340.5 1 0
github.com/kronos/kronos/cmd/kronos/server.go:342.3,342.46 1 3
github.com/kronos/kronos/cmd/kronos/server.go:342.46,344.24 2 3
github.com/kronos/kronos/cmd/kronos/server.go:344.24,346.5 1 0
github.com/kronos/kronos/cmd/kronos/server.go:347.4,358.19 1 3
github.com/kronos/kronos/cmd/kronos/server.go:358.19,360.5 1 0
github.com/kronos/kronos/cmd/kronos/server.go:363.2,363.12 1 5
github.com/kronos/kronos/cmd/kronos/server.go:366.60,367.19 1 10
github.com/kronos/kronos/cmd/kronos/server.go:367.19,369.3 1 0
github.com/kronos/kronos/cmd/kronos/server.go:370.2,370.38 1 10
github.com/kronos/kronos/cmd/kronos/server.go:373.68,374.27 1 3
github.com/kronos/kronos/cmd/kronos/server.go:374.27,376.3 1 0
github.com/kronos/kronos/cmd/kronos/server.go:377.2,377.26 1 3
github.com/kronos/kronos/cmd/kronos/server.go:377.26,379.3 1 0
github.com/kronos/kronos/cmd/kronos/server.go:380.2,380.63 1 3
github.com/kronos/kronos/cmd/kronos/server.go:383.54,384.25 1 4
github.com/kronos/kronos/cmd/kronos/server.go:385.37,386.25 1 3
github.com/kronos/kronos/cmd/kronos/server.go:386.25,388.4 1 0
github.com/kronos/kronos/cmd/kronos/server.go:389.3,389.34 1 3
github.com/kronos/kronos/cmd/kronos/server.go:390.34,391.27 1 1
github.com/kronos/kronos/cmd/kronos/server.go:391.27,393.4 1 0
github.com/kronos/kronos/cmd/kronos/server.go:394.3,394.34 1 1
github.com/kronos/kronos/cmd/kronos/server.go:395.10,396.25 1 0
github.com/kronos/kronos/cmd/kronos/server.go:396.25,398.4 1 0
github.com/kronos/kronos/cmd/kronos/server.go:399.3,399.27 1 0
github.com/kronos/kronos/cmd/kronos/server.go:399.27,401.4 1 0
github.com/kronos/kronos/cmd/kronos/server.go:402.3,402.12 1 0
github.com/kronos/kronos/cmd/kronos/server.go:406.66,408.16 2 4
github.com/kronos/kronos/cmd/kronos/server.go:408.16,410.3 1 4
github.com/kronos/kronos/cmd/kronos/server.go:411.2,411.46 1 4
github.com/kronos/kronos/cmd/kronos/server.go:411.46,412.18 1 16
github.com/kronos/kronos/cmd/kronos/server.go:412.18,414.4 1 2
github.com/kronos/kronos/cmd/kronos/server.go:416.2,420.19 5 4
github.com/kronos/kronos/cmd/kronos/server.go:420.19,422.3 1 3
github.com/kronos/kronos/cmd/kronos/server.go:423.2,423.12 1 1
github.com/kronos/kronos/cmd/kronos/server.go:426.63,428.16 2 3
github.com/kronos/kronos/cmd/kronos/server.go:428.16,430.3 1 3
github.com/kronos/kronos/cmd/kronos/server.go:431.2,431.46 1 3
github.com/kronos/kronos/cmd/kronos/server.go:431.46,432.18 1 9
github.com/kronos/kronos/cmd/kronos/server.go:432.18,434.4 1 3
github.com/kronos/kronos/cmd/kronos/server.go:436.2,439.19 4 3
github.com/kronos/kronos/cmd/kronos/server.go:439.19,441.3 1 2
github.com/kronos/kronos/cmd/kronos/server.go:442.2,442.12 1 1
github.com/kronos/kronos/cmd/kronos/server.go:445.53,446.15 1 7
github.com/kronos/kronos/cmd/kronos/server.go:446.15,448.3 1 7
github.com/kronos/kronos/cmd/kronos/server.go:449.2,450.29 2 0
github.com/kronos/kronos/cmd/kronos/server.go:450.29,452.3 1 0
github.com/kronos/kronos/cmd/kronos/server.go:453.2,453.12 1 0
github.com/kronos/kronos/cmd/kronos/server.go:456.117,457.21 1 39
github.com/kronos/kronos/cmd/kronos/server.go:457.21,459.3 1 29
github.com/kronos/kronos/cmd/kronos/server.go:460.2,461.74 2 39
github.com/kronos/kronos/cmd/kronos/server.go:461.74,462.33 1 2
github.com/kronos/kronos/cmd/kronos/server.go:462.33,466.4 3 1
github.com/kronos/kronos/cmd/kronos/server.go:467.3,469.17 3 1
github.com/kronos/kronos/cmd/kronos/server.go:469.17,472.4 2 0
github.com/kronos/kronos/cmd/kronos/server.go:473.3,473.69 1 1
github.com/kronos/kronos/cmd/kronos/server.go:475.2,475.74 1 39
github.com/kronos/kronos/cmd/kronos/server.go:475.74,476.33 1 1
github.com/kronos/kronos/cmd/kronos/server.go:476.33,480.4 3 0
github.com/kronos/kronos/cmd/kronos/server.go:481.3,481.57 1 1
github.com/kronos/kronos/cmd/kronos/server.go:481.57,483.4 1 0
github.com/kronos/kronos/cmd/kronos/server.go:484.3,484.37 1 1
github.com/kronos/kronos/cmd/kronos/server.go:486.2,486.90 1 39
github.com/kronos/kronos/cmd/kronos/server.go:486.90,487.34 1 3
github.com/kronos/kronos/cmd/kronos/server.go:487.34,491.4 3 0
github.com/kronos/kronos/cmd/kronos/server.go:492.3,492.56 1 3
github.com/kronos/kronos/cmd/kronos/server.go:492.56,494.4 1 0
github.com/kronos/kronos/cmd/kronos/server.go:495.3,499.52 5 3
github.com/kronos/kronos/cmd/kronos/server.go:499.52,502.4 2 1
github.com/kronos/kronos/cmd/kronos/server.go:503.3,503.25 1 2
github.com/kronos/kronos/cmd/kronos/server.go:503.25,506.4 2 0
github.com/kronos/kronos/cmd/kronos/server.go:507.3,507.46 1 2
github.com/kronos/kronos/cmd/kronos/server.go:509.2,509.80 1 39
github.com/kronos/kronos/cmd/kronos/server.go:509.80,510.33 1 1
github.com/kronos/kronos/cmd/kronos/server.go:510.33,514.4 3 0
github.com/kronos/kronos/cmd/kronos/server.go:515.3,515.55 1 1
github.com/kronos/kronos/cmd/kronos/server.go:515.55,517.4 1 0
github.com/kronos/kronos/cmd/kronos/server.go:518.3,518.58 1 1
github.com/kronos/kronos/cmd/kronos/server.go:520.2,520.81 1 39
github.com/kronos/kronos/cmd/kronos/server.go:520.81,522.33 2 1
github.com/kronos/kronos/cmd/kronos/server.go:522.33,526.4 3 0
github.com/kronos/kronos/cmd/kronos/server.go:527.3,527.55 1 1
github.com/kronos/kronos/cmd/kronos/server.go:527.55,529.4 1 0
github.com/kronos/kronos/cmd/kronos/server.go:530.3,531.10 2 1
github.com/kronos/kronos/cmd/kronos/server.go:531.10,534.4 2 0
github.com/kronos/kronos/cmd/kronos/server.go:535.3,535.22 1 1
github.com/kronos/kronos/cmd/kronos/server.go:537.2,537.79 1 39
github.com/kronos/kronos/cmd/kronos/server.go:537.79,538.33 1 5
github.com/kronos/kronos/cmd/kronos/server.go:538.33,542.4 3 0
github.com/kronos/kronos/cmd/kronos/server.go:543.3,543.55 1 5
github.com/kronos/kronos/cmd/kronos/server.go:543.55,545.4 1 0
github.com/kronos/kronos/cmd/kronos/server.go:546.3,546.38 1 5
github.com/kronos/kronos/cmd/kronos/server.go:548.2,548.86 1 39
github.com/kronos/kronos/cmd/kronos/server.go:548.86,549.34 1 1
github.com/kronos/kronos/cmd/kronos/server.go:549.34,553.4 3 0
github.com/kronos/kronos/cmd/kronos/server.go:554.3,554.57 1 1
github.com/kronos/kronos/cmd/kronos/server.go:554.57,556.4 1 0
github.com/kronos/kronos/cmd/kronos/server.go:557.3,557.40 1 1
github.com/kronos/kronos/cmd/kronos/server.go:559.2,559.85 1 39
github.com/kronos/kronos/cmd/kronos/server.go:559.85,560.34 1 2
github.com/kronos/kronos/cmd/kronos/server.go:560.34,564.4 3 0
github.com/kronos/kronos/cmd/kronos/server.go:565.3,565.47 1 2
github.com/kronos/kronos/cmd/kronos/server.go:567.2,567.80 1 39
github.com/kronos/kronos/cmd/kronos/server.go:567.80,568.19 1 5
github.com/kronos/kronos/cmd/kronos/server.go:569.23,570.56 1 1
github.com/kronos/kronos/cmd/kronos/server.go:570.56,572.5 1 0
github.com/kronos/kronos/cmd/kronos/server.go:573.4,573.38 1 1
github.com/kronos/kronos/cmd/kronos/server.go:574.24,575.57 1 4
github.com/kronos/kronos/cmd/kronos/server.go:575.57,577.5 1 0
github.com/kronos/kronos/cmd/kronos/server.go:578.4,578.70 1 4
github.com/kronos/kronos/cmd/kronos/server.go:579.11,581.68 2 0
github.com/kronos/kronos/cmd/kronos/server.go:584.2,584.81 1 39
github.com/kronos/kronos/cmd/kronos/server.go:584.81,587.10 3 2
github.com/kronos/kronos/cmd/kronos/server.go:588.51,589.56 1 1
github.com/kronos/kronos/cmd/kronos/server.go:589.56,591.5 1 0
github.com/kronos/kronos/cmd/kronos/server.go:592.4,592.49 1 1
github.com/kronos/kronos/cmd/kronos/server.go:593.58,594.57 1 1
github.com/kronos/kronos/cmd/kronos/server.go:594.57,596.5 1 0
github.com/kronos/kronos/cmd/kronos/server.go:597.4,597.69 1 1
github.com/kronos/kronos/cmd/kronos/server.go:598.11,600.68 2 0
github.com/kronos/kronos/cmd/kronos/server.go:603.2,603.79 1 39
github.com/kronos/kronos/cmd/kronos/server.go:603.79,604.19 1 3
github.com/kronos/kronos/cmd/kronos/server.go:605.23,606.55 1 1
github.com/kronos/kronos/cmd/kronos/server.go:606.55,608.5 1 0
github.com/kronos/kronos/cmd/kronos/server.go:609.4,609.36 1 1
github.com/kronos/kronos/cmd/kronos/server.go:610.24,611.56 1 2
github.com/kronos/kronos/cmd/kronos/server.go:611.56,613.5 1 0
github.com/kronos/kronos/cmd/kronos/server.go:614.4,614.54 1 2
github.com/kronos/kronos/cmd/kronos/server.go:615.11,617.68 2 0
github.com/kronos/kronos/cmd/kronos/server.go:620.2,620.80 1 39
github.com/kronos/kronos/cmd/kronos/server.go:620.80,624.10 4 5
github.com/kronos/kronos/cmd/kronos/server.go:625.51,626.55 1 2
github.com/kronos/kronos/cmd/kronos/server.go:626.55,628.5 1 0
github.com/kronos/kronos/cmd/kronos/server.go:629.4,629.38 1 2
github.com/kronos/kronos/cmd/kronos/server.go:630.54,631.56 1 1
github.com/kronos/kronos/cmd/kronos/server.go:631.56,633.5 1 0
github.com/kronos/kronos/cmd/kronos/server.go:634.4,634.58 1 1
github.com/kronos/kronos/cmd/kronos/server.go:635.57,636.56 1 2
github.com/kronos/kronos/cmd/kronos/server.go:636.56,638.5 1 0
github.com/kronos/kronos/cmd/kronos/server.go:639.4,639.57 1 2
github.com/kronos/kronos/cmd/kronos/server.go:640.11,642.68 2 0
github.com/kronos/kronos/cmd/kronos/server.go:645.2,645.78 1 39
github.com/kronos/kronos/cmd/kronos/server.go:645.78,646.33 1 4
github.com/kronos/kronos/cmd/kronos/server.go:646.33,650.4 3 0
github.com/kronos/kronos/cmd/kronos/server.go:651.3,651.53 1 4
github.com/kronos/kronos/cmd/kronos/server.go:651.53,653.4 1 0
github.com/kronos/kronos/cmd/kronos/server.go:654.3,654.25 1 4
github.com/kronos/kronos/cmd/kronos/server.go:654.25,657.4 2 0
github.com/kronos/kronos/cmd/kronos/server.go:658.3,659.17 2 4
github.com/kronos/kronos/cmd/kronos/server.go:659.17,662.4 2 2
github.com/kronos/kronos/cmd/kronos/server.go:663.3,664.17 2 2
github.com/kronos/kronos/cmd/kronos/server.go:664.17,667.4 2 0
github.com/kronos/kronos/cmd/kronos/server.go:668.3,669.45 2 2
github.com/kronos/kronos/cmd/kronos/server.go:671.2,671.84 1 39
github.com/kronos/kronos/cmd/kronos/server.go:671.84,672.34 1 6
github.com/kronos/kronos/cmd/kronos/server.go:672.34,676.4 3 0
github.com/kronos/kronos/cmd/kronos/server.go:677.3,677.54 1 6
github.com/kronos/kronos/cmd/kronos/server.go:677.54,679.4 1 0
github.com/kronos/kronos/cmd/kronos/server.go:680.3,680.62 1 6
github.com/kronos/kronos/cmd/kronos/server.go:682.2,682.79 1 39
github.com/kronos/kronos/cmd/kronos/server.go:682.79,685.10 3 10
github.com/kronos/kronos/cmd/kronos/server.go:686.51,687.54 1 1
github.com/kronos/kronos/cmd/kronos/server.go:687.54,689.5 1 0
github.com/kronos/kronos/cmd/kronos/server.go:690.4,690.45 1 1
github.com/kronos/kronos/cmd/kronos/server.go:691.58,692.55 1 2
github.com/kronos/kronos/cmd/kronos/server.go:692.55,694.5 1 0
github.com/kronos/kronos/cmd/kronos/server.go:695.4,695.65 1 2
github.com/kronos/kronos/cmd/kronos/server.go:696.57,697.55 1 4
github.com/kronos/kronos/cmd/kronos/server.go:697.55,699.5 1 0
github.com/kronos/kronos/cmd/kronos/server.go:700.4,700.64 1 4
github.com/kronos/kronos/cmd/kronos/server.go:701.58,702.55 1 3
github.com/kronos/kronos/cmd/kronos/server.go:702.55,704.5 1 0
github.com/kronos/kronos/cmd/kronos/server.go:705.4,705.81 1 3
github.com/kronos/kronos/cmd/kronos/server.go:706.11,708.68 2 0
github.com/kronos/kronos/cmd/kronos/server.go:711.2,711.88 1 39
github.com/kronos/kronos/cmd/kronos/server.go:711.88,712.34 1 1
github.com/kronos/kronos/cmd/kronos/server.go:712.34,716.4 3 0
github.com/kronos/kronos/cmd/kronos/server.go:717.3,717.59 1 1
github.com/kronos/kronos/cmd/kronos/server.go:717.59,719.4 1 0
github.com/kronos/kronos/cmd/kronos/server.go:720.3,720.43 1 1
github.com/kronos/kronos/cmd/kronos/server.go:722.2,722.85 1 39
github.com/kronos/kronos/cmd/kronos/server.go:722.85,723.34 1 5
github.com/kronos/kronos/cmd/kronos/server.go:723.34,727.4 3 0
github.com/kronos/kronos/cmd/kronos/server.go:728.3,728.57 1 5
github.com/kronos/kronos/cmd/kronos/server.go:728.57,730.4 1 1
github.com/kronos/kronos/cmd/kronos/server.go:731.3,731.51 1 4
github.com/kronos/kronos/cmd/kronos/server.go:733.2,733.81 1 39
github.com/kronos/kronos/cmd/kronos/server.go:733.81,734.33 1 6
github.com/kronos/kronos/cmd/kronos/server.go:734.33,738.4 3 0
github.com/kronos/kronos/cmd/kronos/server.go:739.3,739.56 1 6
github.com/kronos/kronos/cmd/kronos/server.go:739.56,741.4 1 1
github.com/kronos/kronos/cmd/kronos/server.go:742.3,742.42 1 5
github.com/kronos/kronos/cmd/kronos/server.go:744.2,744.82 1 39
github.com/kronos/kronos/cmd/kronos/server.go:744.82,747.10 3 5
github.com/kronos/kronos/cmd/kronos/server.go:748.51,749.57 1 2
github.com/kronos/kronos/cmd/kronos/server.go:749.57,751.5 1 0
github.com/kronos/kronos/cmd/kronos/server.go:752.4,752.51 1 2
github.com/kronos/kronos/cmd/kronos/server.go:753.59,754.58 1 2
github.com/kronos/kronos/cmd/kronos/server.go:754.58,756.5 1 0
github.com/kronos/kronos/cmd/kronos/server.go:757.4,757.78 1 2
github.com/kronos/kronos/cmd/kronos/server.go:758.61,759.58 1 1
github.com/kronos/kronos/cmd/kronos/server.go:759.58,761.5 1 0
github.com/kronos/kronos/cmd/kronos/server.go:762.4,762.79 1 1
github.com/kronos/kronos/cmd/kronos/server.go:763.11,765.68 2 0
github.com/kronos/kronos/cmd/kronos/server.go:768.2,768.88 1 39
github.com/kronos/kronos/cmd/kronos/server.go:768.88,769.34 1 2
github.com/kronos/kronos/cmd/kronos/server.go:769.34,773.4 3 0
github.com/kronos/kronos/cmd/kronos/server.go:774.3,774.59 1 2
github.com/kronos/kronos/cmd/kronos/server.go:774.59,776.4 1 0
github.com/kronos/kronos/cmd/kronos/server.go:777.3,777.44 1 2
github.com/kronos/kronos/cmd/kronos/server.go:779.2,779.89 1 39
github.com/kronos/kronos/cmd/kronos/server.go:779.89,780.34 1 4
github.com/kronos/kronos/cmd/kronos/server.go:780.34,784.4 3 0
github.com/kronos/kronos/cmd/kronos/server.go:785.3,785.60 1 4
github.com/kronos/kronos/cmd/kronos/server.go:785.60,787.4 1 0
github.com/kronos/kronos/cmd/kronos/server.go:788.3,788.59 1 4
github.com/kronos/kronos/cmd/kronos/server.go:790.2,790.92 1 39
github.com/kronos/kronos/cmd/kronos/server.go:790.92,791.19 1 3
github.com/kronos/kronos/cmd/kronos/server.go:792.23,793.60 1 1
github.com/kronos/kronos/cmd/kronos/server.go:793.60,795.5 1 0
[...]
github.com/kronos/kronos/cmd/kronos/storage.go:98.19,100.3 1 1
github.com/kronos/kronos/cmd/kronos/storage.go:101.2,101.21 1 1
github.com/kronos/kronos/cmd/kronos/storage.go:101.21,103.3 1 1
github.com/kronos/kronos/cmd/kronos/storage.go:104.2,104.24 1 1
github.com/kronos/kronos/cmd/kronos/storage.go:104.24,106.3 1 1
github.com/kronos/kronos/cmd/kronos/storage.go:107.2,107.22 1 1
github.com/kronos/kronos/cmd/kronos/storage.go:107.22,109.3 1 1
github.com/kronos/kronos/cmd/kronos/storage.go:110.2,110.22 1 1
github.com/kronos/kronos/cmd/kronos/storage.go:110.22,112.3 1 1
github.com/kronos/kronos/cmd/kronos/storage.go:113.2,113.25 1 1
github.com/kronos/kronos/cmd/kronos/storage.go:113.25,115.3 1 1
github.com/kronos/kronos/cmd/kronos/storage.go:116.2,116.21 1 1
github.com/kronos/kronos/cmd/kronos/storage.go:116.21,118.3 1 1
github.com/kronos/kronos/cmd/kronos/storage.go:119.2,119.22 1 1
github.com/kronos/kronos/cmd/kronos/storage.go:119.22,121.3 1 1
github.com/kronos/kronos/cmd/kronos/storage.go:122.2,122.96 1 1
github.com/kronos/kronos/cmd/kronos/storage.go:125.80,139.39 14 2
github.com/kronos/kronos/cmd/kronos/storage.go:139.39,141.3 1 0
github.com/kronos/kronos/cmd/kronos/storage.go:142.2,142.15 1 2
github.com/kronos/kronos/cmd/kronos/storage.go:142.15,144.3 1 1
github.com/kronos/kronos/cmd/kronos/storage.go:145.2,145.17 1 1
github.com/kronos/kronos/cmd/kronos/storage.go:145.17,147.3 1 0
github.com/kronos/kronos/cmd/kronos/storage.go:148.2,148.17 1 1
github.com/kronos/kronos/cmd/kronos/storage.go:148.17,150.3 1 0
github.com/kronos/kronos/cmd/kronos/storage.go:151.2,151.16 1 1
github.com/kronos/kronos/cmd/kronos/storage.go:151.16,153.3 1 0
github.com/kronos/kronos/cmd/kronos/storage.go:154.2,161.19 3 1
github.com/kronos/kronos/cmd/kronos/storage.go:161.19,163.3 1 1
github.com/kronos/kronos/cmd/kronos/storage.go:164.2,164.21 1 1
github.com/kronos/kronos/cmd/kronos/storage.go:164.21,166.3 1 0
github.com/kronos/kronos/cmd/kronos/storage.go:167.2,167.24 1 1
github.com/kronos/kronos/cmd/kronos/storage.go:167.24,169.3 1 0
github.com/kronos/kronos/cmd/kronos/storage.go:170.2,170.22 1 1
github.com/kronos/kronos/cmd/kronos/storage.go:170.22,172.3 1 0
github.com/kronos/kronos/cmd/kronos/storage.go:173.2,173.22 1 1
github.com/kronos/kronos/cmd/kronos/storage.go:173.22,175.3 1 0
github.com/kronos/kronos/cmd/kronos/storage.go:176.2,176.25 1 1
github.com/kronos/kronos/cmd/kronos/storage.go:176.25,178.3 1 0
github.com/kronos/kronos/cmd/kronos/storage.go:179.2,179.21 1 1
github.com/kronos/kronos/cmd/kronos/storage.go:179.21,181.3 1 0
github.com/kronos/kronos/cmd/kronos/storage.go:182.2,182.22 1 1
github.com/kronos/kronos/cmd/kronos/storage.go:182.22,184.3 1 1
github.com/kronos/kronos/cmd/kronos/storage.go:185.2,185.100 1 1
github.com/kronos/kronos/cmd/kronos/storage.go:188.80,192.39 4 2
github.com/kronos/kronos/cmd/kronos/storage.go:192.39,194.3 1 0
github.com/kronos/kronos/cmd/kronos/storage.go:195.2,195.15 1 2
github.com/kronos/kronos/cmd/kronos/storage.go:195.15,197.3 1 1
github.com/kronos/kronos/cmd/kronos/storage.go:198.2,198.90 1 1
github.com/kronos/kronos/cmd/kronos/storage.go:201.78,212.39 11 4
github.com/kronos/kronos/cmd/kronos/storage.go:212.39,214.3 1 0
github.com/kronos/kronos/cmd/kronos/storage.go:215.2,215.16 1 4
github.com/kronos/kronos/cmd/kronos/storage.go:215.16,217.3 1 1
github.com/kronos/kronos/cmd/kronos/storage.go:218.2,227.16 2 3
github.com/kronos/kronos/cmd/kronos/storage.go:227.16,229.3 1 0
github.com/kronos/kronos/cmd/kronos/storage.go:230.2,233.16 4 3
github.com/kronos/kronos/cmd/kronos/storage.go:233.16,235.3 1 0
github.com/kronos/kronos/cmd/kronos/storage.go:236.2,237.16 2 3
github.com/kronos/kronos/cmd/kronos/storage.go:237.16,239.3 1 0
github.com/kronos/kronos/cmd/kronos/storage.go:240.2,243.20 4 3
github.com/kronos/kronos/cmd/kronos/storage.go:243.20,245.3 1 0
github.com/kronos/kronos/cmd/kronos/storage.go:246.2,246.21 1 3
github.com/kronos/kronos/cmd/kronos/storage.go:246.21,248.3 1 0
github.com/kronos/kronos/cmd/kronos/storage.go:249.2,249.40 1 3
github.com/kronos/kronos/cmd/kronos/storage.go:249.40,251.3 1 0
github.com/kronos/kronos/cmd/kronos/storage.go:252.2,252.50 1 3
github.com/kronos/kronos/cmd/kronos/storage.go:252.50,254.3 1 0
github.com/kronos/kronos/cmd/kronos/storage.go:255.2,255.49 1 3
github.com/kronos/kronos/cmd/kronos/storage.go:255.49,257.3 1 0
github.com/kronos/kronos/cmd/kronos/storage.go:258.2,259.16 2 3
github.com/kronos/kronos/cmd/kronos/storage.go:259.16,261.3 1 0
github.com/kronos/kronos/cmd/kronos/storage.go:262.2,262.12 1 3
github.com/kronos/kronos/cmd/kronos/storage.go:262.12,264.3 1 0
github.com/kronos/kronos/cmd/kronos/storage.go:265.2,270.4 1 3
github.com/kronos/kronos/cmd/kronos/storage.go:273.98,274.16 1 5
github.com/kronos/kronos/cmd/kronos/storage.go:274.16,276.17 2 5
github.com/kronos/kronos/cmd/kronos/storage.go:276.17,278.4 1 0
github.com/kronos/kronos/cmd/kronos/storage.go:279.3,279.24 1 5
github.com/kronos/kronos/cmd/kronos/storage.go:280.15,281.40 1 3
github.com/kronos/kronos/cmd/kronos/storage.go:282.13,283.37 1 2
github.com/kronos/kronos/cmd/kronos/storage.go:284.11,285.75 1 0
github.com/kronos/kronos/cmd/kronos/storage.go:288.2,289.34 2 5
github.com/kronos/kronos/cmd/kronos/storage.go:289.34,290.28 1 35
github.com/kronos/kronos/cmd/kronos/storage.go:291.15,292.15 1 30
github.com/kronos/kronos/cmd/kronos/storage.go:292.15,294.5 1 8
github.com/kronos/kronos/cmd/kronos/storage.go:295.13,296.9 1 5
github.com/kronos/kronos/cmd/kronos/storage.go:296.9,298.5 1 2
github.com/kronos/kronos/cmd/kronos/storage.go:299.11,300.16 1 0
github.com/kronos/kronos/cmd/kronos/storage.go:300.16,302.5 1 0
github.com/kronos/kronos/cmd/kronos/storage.go:305.2,310.4 1 5
github.com/kronos/kronos/cmd/kronos/storage.go:313.76,325.39 12 2
github.com/kronos/kronos/cmd/kronos/storage.go:325.39,327.3 1 0
github.com/kronos/kronos/cmd/kronos/storage.go:328.2,328.16 1 2
github.com/kronos/kronos/cmd/kronos/storage.go:328.16,330.3 1 0
github.com/kronos/kronos/cmd/kronos/storage.go:331.2,340.16 2 2
github.com/kronos/kronos/cmd/kronos/storage.go:340.16,342.3 1 0
github.com/kronos/kronos/cmd/kronos/storage.go:343.2,346.6 4 2
github.com/kronos/kronos/cmd/kronos/storage.go:346.6,348.17 2 2
github.com/kronos/kronos/cmd/kronos/storage.go:348.17,350.4 1 0
github.com/kronos/kronos/cmd/kronos/storage.go:351.3,351.39 1 2
github.com/kronos/kronos/cmd/kronos/storage.go:351.39,354.4 2 4
github.com/kronos/kronos/cmd/kronos/storage.go:355.3,355.27 1 2
github.com/kronos/kronos/cmd/kronos/storage.go:355.27,356.9 1 2
github.com/kronos/kronos/cmd/kronos/storage.go:358.3,358.25 1 0
github.com/kronos/kronos/cmd/kronos/storage.go:360.2,360.92 1 2
github.com/kronos/kronos/cmd/kronos/storage.go:363.62,365.16 2 1
github.com/kronos/kronos/cmd/kronos/storage.go:365.16,367.3 1 0
github.com/kronos/kronos/cmd/kronos/storage.go:368.2,368.33 1 1
github.com/kronos/kronos/cmd/kronos/storage.go:371.51,372.35 1 6
github.com/kronos/kronos/cmd/kronos/storage.go:372.35,374.3 1 1
github.com/kronos/kronos/cmd/kronos/storage.go:375.2,376.16 2 5
github.com/kronos/kronos/cmd/kronos/storage.go:376.16,378.3 1 0
github.com/kronos/kronos/cmd/kronos/storage.go:379.2,379.29 1 5
github.com/kronos/kronos/cmd/kronos/storage.go:379.29,381.3 1 1
github.com/kronos/kronos/cmd/kronos/storage.go:382.2,382.23 1 4
github.com/kronos/kronos/cmd/kronos/storage.go:382.23,384.3 1 1
github.com/kronos/kronos/cmd/kronos/storage.go:385.2,385.23 1 3
github.com/kronos/kronos/cmd/kronos/storage.go:385.23,387.3 1 1
github.com/kronos/kronos/cmd/kronos/storage.go:388.2,388.25 1 2
github.com/kronos/kronos/cmd/kronos/target.go:16.73,17.20 1 13
github.com/kronos/kronos/cmd/kronos/target.go:17.20,19.3 1 0
github.com/kronos/kronos/cmd/kronos/target.go:20.2,20.17 1 13
github.com/kronos/kronos/cmd/kronos/target.go:21.13,22.42 1 3
github.com/kronos/kronos/cmd/kronos/target.go:23.17,24.46 1 2
github.com/kronos/kronos/cmd/kronos/target.go:25.14,26.43 1 1
github.com/kronos/kronos/cmd/kronos/target.go:27.16,28.45 1 2
github.com/kronos/kronos/cmd/kronos/target.go:29.14,30.43 1 3
github.com/kronos/kronos/cmd/kronos/target.go:31.16,32.45 1 2
github.com/kronos/kronos/cmd/kronos/target.go:33.10,34.61 1 0
github.com/kronos/kronos/cmd/kronos/target.go:38.77,41.39 3 1
github.com/kronos/kronos/cmd/kronos/target.go:41.39,43.3 1 0
github.com/kronos/kronos/cmd/kronos/target.go:44.2,44.85 1 1
github.com/kronos/kronos/cmd/kronos/target.go:47.80,51.39 4 2
github.com/kronos/kronos/cmd/kronos/target.go:51.39,53.3 1 0
github.com/kronos/kronos/cmd/kronos/target.go:54.2,54.15 1 2
github.com/kronos/kronos/cmd/kronos/target.go:54.15,56.3 1 1
github.com/kronos/kronos/cmd/kronos/target.go:57.2,57.90 1 1
github.com/kronos/kronos/cmd/kronos/target.go:60.76,73.39 13 3
github.com/kronos/kronos/cmd/kronos/target.go:73.39,75.3 1 0
github.com/kronos/kronos/cmd/kronos/target.go:76.2,76.17 1 3
github.com/kronos/kronos/cmd/kronos/target.go:76.17,78.3 1 1
github.com/kronos/kronos/cmd/kronos/target.go:79.2,79.19 1 2
github.com/kronos/kronos/cmd/kronos/target.go:79.19,81.3 1 1
github.com/kronos/kronos/cmd/kronos/target.go:82.2,82.21 1 1
github.com/kronos/kronos/cmd/kronos/target.go:82.21,84.3 1 0
github.com/kronos/kronos/cmd/kronos/target.go:85.2,93.21 3 1
github.com/kronos/kronos/cmd/kronos/target.go:93.21,95.3 1 1
github.com/kronos/kronos/cmd/kronos/target.go:96.2,96.21 1 1
github.com/kronos/kronos/cmd/kronos/target.go:96.21,98.3 1 1
github.com/kronos/kronos/cmd/kronos/target.go:99.2,99.20 1 1
github.com/kronos/kronos/cmd/kronos/target.go:99.20,101.3 1 1
github.com/kronos/kronos/cmd/kronos/target.go:102.2,102.22 1 1
github.com/kronos/kronos/cmd/kronos/target.go:102.22,104.3 1 1
github.com/kronos/kronos/cmd/kronos/target.go:105.2,106.20 2 1
github.com/kronos/kronos/cmd/kronos/target.go:106.20,108.3 1 1
github.com/kronos/kronos/cmd/kronos/target.go:109.2,109.17 1 1
github.com/kronos/kronos/cmd/kronos/target.go:109.17,111.3 1 1
github.com/kronos/kronos/cmd/kronos/target.go:112.2,112.21 1 1
github.com/kronos/kronos/cmd/kronos/target.go:112.21,114.3 1 1
github.com/kronos/kronos/cmd/kronos/target.go:115.2,115.95 1 1
github.com/kronos/kronos/cmd/kronos/target.go:118.79,131.39 13 2
github.com/kronos/kronos/cmd/kronos/target.go:131.39,133.3 1 0
github.com/kronos/kronos/cmd/kronos/target.go:134.2,134.15 1 2
github.com/kronos/kronos/cmd/kronos/target.go:134.15,136.3 1 1
github.com/kronos/kronos/cmd/kronos/target.go:137.2,137.17 1 1
github.com/kronos/kronos/cmd/kronos/target.go:137.17,139.3 1 0
github.com/kronos/kronos/cmd/kronos/target.go:140.2,140.19 1 1
github.com/kronos/kronos/cmd/kronos/target.go:140.19,142.3 1 0
github.com/kronos/kronos/cmd/kronos/target.go:143.2,143.21 1 1
github.com/kronos/kronos/cmd/kronos/target.go:143.21,145.3 1 0
github.com/kronos/kronos/cmd/kronos/target.go:146.2,154.21 3 1
github.com/kronos/kronos/cmd/kronos/target.go:154.21,156.3 1 0
github.com/kronos/kronos/cmd/kronos/target.go:157.2,157.21 1 1
github.com/kronos/kronos/cmd/kronos/target.go:157.21,159.3 1 0
github.com/kronos/kronos/cmd/kronos/target.go:160.2,160.20 1 1
github.com/kronos/kronos/cmd/kronos/target.go:160.20,162.3 1 0
github.com/kronos/kronos/cmd/kronos/target.go:163.2,163.22 1 1
github.com/kronos/kronos/cmd/kronos/target.go:163.22,165.3 1 0
github.com/kronos/kronos/cmd/kronos/target.go:166.2,167.20 2 1
github.com/kronos/kronos/cmd/kronos/target.go:167.20,169.3 1 1
github.com/kronos/kronos/cmd/kronos/target.go:170.2,170.17 1 1
github.com/kronos/kronos/cmd/kronos/target.go:170.17,172.3 1 0
github.com/kronos/kronos/cmd/kronos/target.go:173.2,173.21 1 1
github.com/kronos/kronos/cmd/kronos/target.go:173.21,175.3 1 1
github.com/kronos/kronos/cmd/kronos/target.go:176.2,176.99 1 1
github.com/kronos/kronos/cmd/kronos/target.go:179.79,183.39 4 2
github.com/kronos/kronos/cmd/kronos/target.go:183.39,185.3 1 0
github.com/kronos/kronos/cmd/kronos/target.go:186.2,186.15 1 2
github.com/kronos/kronos/cmd/kronos/target.go:186.15,188.3 1 1
github.com/kronos/kronos/cmd/kronos/target.go:189.2,189.89 1 1
github.com/kronos/kronos/cmd/kronos/target.go:192.77,204.55 12 3
github.com/kronos/kronos/cmd/kronos/target.go:204.55,207.3 2 1
github.com/kronos/kronos/cmd/kronos/target.go:208.2,208.44 1 3
github.com/kronos/kronos/cmd/kronos/target.go:208.44,210.3 1 0
github.com/kronos/kronos/cmd/kronos/target.go:211.2,212.24 2 3
github.com/kronos/kronos/cmd/kronos/target.go:212.24,214.3 1 0
github.com/kronos/kronos/cmd/kronos/target.go:215.2,215.25 1 3
github.com/kronos/kronos/cmd/kronos/target.go:215.25,216.46 1 0
github.com/kronos/kronos/cmd/kronos/target.go:216.46,218.4 1 0
github.com/kronos/kronos/cmd/kronos/target.go:219.3,219.27 1 0
github.com/kronos/kronos/cmd/kronos/target.go:221.2,221.21 1 3
github.com/kronos/kronos/cmd/kronos/target.go:221.21,223.3 1 3
github.com/kronos/kronos/cmd/kronos/target.go:224.2,224.23 1 3
github.com/kronos/kronos/cmd/kronos/target.go:224.23,226.3 1 1
github.com/kronos/kronos/cmd/kronos/target.go:227.2,227.21 1 2
github.com/kronos/kronos/cmd/kronos/target.go:227.21,229.3 1 1
github.com/kronos/kronos/cmd/kronos/target.go:230.2,231.67 2 1
github.com/kronos/kronos/cmd/kronos/target.go:231.67,233.3 1 0
github.com/kronos/kronos/cmd/kronos/target.go:234.2,235.9 2 1
github.com/kronos/kronos/cmd/kronos/target.go:235.9,237.3 1 0
github.com/kronos/kronos/cmd/kronos/target.go:238.2,247.53 5 1
github.com/kronos/kronos/cmd/kronos/target.go:247.53,249.3 1 0
github.com/kronos/kronos/cmd/kronos/target.go:250.2,251.19 2 1
github.com/kronos/kronos/cmd/kronos/target.go:251.19,253.3 1 0
github.com/kronos/kronos/cmd/kronos/target.go:254.2,261.21 2 1
github.com/kronos/kronos/cmd/kronos/target.go:261.21,263.3 1 1
github.com/kronos/kronos/cmd/kronos/target.go:264.2,264.21 1 1
github.com/kronos/kronos/cmd/kronos/target.go:264.21,266.3 1 1
github.com/kronos/kronos/cmd/kronos/target.go:267.2,267.23 1 1
github.com/kronos/kronos/cmd/kronos/target.go:267.23,269.3 1 0
github.com/kronos/kronos/cmd/kronos/target.go:270.2,270.43 1 1
github.com/kronos/kronos/cmd/kronos/target.go:273.113,275.20 2 1
github.com/kronos/kronos/cmd/kronos/target.go:275.20,277.3 1 1
github.com/kronos/kronos/cmd/kronos/target.go:278.2,278.20 1 1
github.com/kronos/kronos/cmd/kronos/target.go:278.20,280.3 1 0
github.com/kronos/kronos/cmd/kronos/target.go:281.2,281.20 1 1
github.com/kronos/kronos/cmd/kronos/target.go:281.20,283.3 1 0
github.com/kronos/kronos/cmd/kronos/target.go:284.2,284.19 1 1
github.com/kronos/kronos/cmd/kronos/target.go:287.58,288.19 1 1
github.com/kronos/kronos/cmd/kronos/target.go:288.19,290.3 1 1
github.com/kronos/kronos/cmd/kronos/target.go:291.2,291.42 1 0
github.com/kronos/kronos/cmd/kronos/token.go:15.72,16.20 1 12
github.com/kronos/kronos/cmd/kronos/token.go:16.20,18.3 1 0
github.com/kronos/kronos/cmd/kronos/token.go:19.2,19.17 1 12
github.com/kronos/kronos/cmd/kronos/token.go:20.16,21.44 1 4
github.com/kronos/kronos/cmd/kronos/token.go:22.17,23.45 1 2
github.com/kronos/kronos/cmd/kronos/token.go:24.14,25.42 1 1
github.com/kronos/kronos/cmd/kronos/token.go:26.16,27.44 1 2
github.com/kronos/kronos/cmd/kronos/token.go:28.16,29.44 1 2
github.com/kronos/kronos/cmd/kronos/token.go:30.10,31.60 1 1
github.com/kronos/kronos/cmd/kronos/token.go:35.78,42.39 7 4
github.com/kronos/kronos/cmd/kronos/token.go:42.39,44.3 1 0
github.com/kronos/kronos/cmd/kronos/token.go:45.2,45.17 1 4
github.com/kronos/kronos/cmd/kronos/token.go:45.17,47.3 1 1
github.com/kronos/kronos/cmd/kronos/token.go:48.2,48.19 1 3
github.com/kronos/kronos/cmd/kronos/token.go:48.19,50.3 1 1
github.com/kronos/kronos/cmd/kronos/token.go:51.2,52.22 2 2
github.com/kronos/kronos/cmd/kronos/token.go:52.22,54.3 1 1
github.com/kronos/kronos/cmd/kronos/token.go:55.2,60.24 2 1
github.com/kronos/kronos/cmd/kronos/token.go:60.24,62.17 2 0
github.com/kronos/kronos/cmd/kronos/token.go:62.17,64.4 1 0
github.com/kronos/kronos/cmd/kronos/token.go:65.3,65.36 1 0
github.com/kronos/kronos/cmd/kronos/token.go:67.2,67.94 1 1
github.com/kronos/kronos/cmd/kronos/token.go:70.76,73.39 3 1
github.com/kronos/kronos/cmd/kronos/token.go:73.39,75.3 1 0
github.com/kronos/kronos/cmd/kronos/token.go:76.2,76.84 1 1
github.com/kronos/kronos/cmd/kronos/token.go:79.79,83.39 4 2
github.com/kronos/kronos/cmd/kronos/token.go:83.39,85.3 1 0
github.com/kronos/kronos/cmd/kronos/token.go:86.2,86.15 1 2
github.com/kronos/kronos/cmd/kronos/token.go:86.15,88.3 1 1
github.com/kronos/kronos/cmd/kronos/token.go:89.2,89.89 1 1
github.com/kronos/kronos/cmd/kronos/token.go:92.78,96.39 4 2
github.com/kronos/kronos/cmd/kronos/token.go:96.39,98.3 1 0
github.com/kronos/kronos/cmd/kronos/token.go:99.2,99.15 1 2
github.com/kronos/kronos/cmd/kronos/token.go:99.15,101.3 1 1
github.com/kronos/kronos/cmd/kronos/token.go:102.2,102.105 1 1
github.com/kronos/kronos/cmd/kronos/token.go:105.78,109.39 4 2
github.com/kronos/kronos/cmd/kronos/token.go:109.39,111.3 1 0
github.com/kronos/kronos/cmd/kronos/token.go:112.2,112.19 1 2
github.com/kronos/kronos/cmd/kronos/token.go:112.19,114.3 1 1
github.com/kronos/kronos/cmd/kronos/token.go:115.2,115.19 1 2
github.com/kronos/kronos/cmd/kronos/token.go:115.19,117.3 1 1
github.com/kronos/kronos/cmd/kronos/token.go:118.2,119.16 2 1
github.com/kronos/kronos/cmd/kronos/token.go:119.16,121.3 1 0
github.com/kronos/kronos/cmd/kronos/token.go:122.2,123.16 2 1
github.com/kronos/kronos/cmd/kronos/token.go:123.16,125.3 1 0
github.com/kronos/kronos/cmd/kronos/token.go:126.2,127.55 2 1
github.com/kronos/kronos/cmd/kronos/token.go:130.41,133.29 3 2
github.com/kronos/kronos/cmd/kronos/token.go:133.29,135.17 2 3
github.com/kronos/kronos/cmd/kronos/token.go:135.17,137.4 1 2
github.com/kronos/kronos/cmd/kronos/token.go:139.2,139.15 1 2
github.com/kronos/kronos/cmd/kronos/user.go:12.71,13.20 1 12
github.com/kronos/kronos/cmd/kronos/user.go:13.20,15.3 1 0
github.com/kronos/kronos/cmd/kronos/user.go:16.2,16.17 1 12
github.com/kronos/kronos/cmd/kronos/user.go:17.13,18.40 1 3
github.com/kronos/kronos/cmd/kronos/user.go:19.15,20.42 1 3
github.com/kronos/kronos/cmd/kronos/user.go:21.17,22.44 1 2
github.com/kronos/kronos/cmd/kronos/user.go:23.14,24.41 1 1
github.com/kronos/kronos/cmd/kronos/user.go:25.16,26.43 1 2
github.com/kronos/kronos/cmd/kronos/user.go:27.10,28.59 1 1
github.com/kronos/kronos/cmd/kronos/user.go:32.74,40.39 8 3
github.com/kronos/kronos/cmd/kronos/user.go:40.39,42.3 1 0
github.com/kronos/kronos/cmd/kronos/user.go:43.2,43.18 1 3
github.com/kronos/kronos/cmd/kronos/user.go:43.18,45.3 1 1
github.com/kronos/kronos/cmd/kronos/user.go:46.2,46.24 1 2
github.com/kronos/kronos/cmd/kronos/user.go:46.24,48.3 1 1
github.com/kronos/kronos/cmd/kronos/user.go:49.2,56.93 2 1
github.com/kronos/kronos/cmd/kronos/user.go:59.75,62.39 3 1
github.com/kronos/kronos/cmd/kronos/user.go:62.39,64.3 1 0
github.com/kronos/kronos/cmd/kronos/user.go:65.2,65.83 1 1
github.com/kronos/kronos/cmd/kronos/user.go:68.78,72.39 4 2
github.com/kronos/kronos/cmd/kronos/user.go:72.39,74.3 1 0
github.com/kronos/kronos/cmd/kronos/user.go:75.2,75.15 1 2
github.com/kronos/kronos/cmd/kronos/user.go:75.15,77.3 1 1
github.com/kronos/kronos/cmd/kronos/user.go:78.2,78.88 1 1
github.com/kronos/kronos/cmd/kronos/user.go:81.76,86.39 5 3
github.com/kronos/kronos/cmd/kronos/user.go:86.39,88.3 1 0
github.com/kronos/kronos/cmd/kronos/user.go:89.2,89.15 1 3
github.com/kronos/kronos/cmd/kronos/user.go:89.15,91.3 1 1
github.com/kronos/kronos/cmd/kronos/user.go:92.2,92.17 1 2
github.com/kronos/kronos/cmd/kronos/user.go:92.17,94.3 1 1
github.com/kronos/kronos/cmd/kronos/user.go:95.2,95.132 1 1
github.com/kronos/kronos/cmd/kronos/user.go:98.77,102.39 4 2
github.com/kronos/kronos/cmd/kronos/user.go:102.39,104.3 1 0
github.com/kronos/kronos/cmd/kronos/user.go:105.2,105.15 1 2
github.com/kronos/kronos/cmd/kronos/user.go:105.15,107.3 1 1
github.com/kronos/kronos/cmd/kronos/user.go:108.2,108.87 1 1
github.com/kronos/kronos/cmd/kronos/version.go:11.72,13.39 2 2
github.com/kronos/kronos/cmd/kronos/version.go:13.39,15.3 1 0
github.com/kronos/kronos/cmd/kronos/version.go:16.2,17.12 2 2
