mode: atomic
github.com/kronos/kronos/internal/audit/log.go:29.58,30.15 1 3
github.com/kronos/kronos/internal/audit/log.go:30.15,32.3 1 0
github.com/kronos/kronos/internal/audit/log.go:33.2,33.18 1 3
github.com/kronos/kronos/internal/audit/log.go:33.18,35.3 1 1
github.com/kronos/kronos/internal/audit/log.go:36.2,36.40 1 3
github.com/kronos/kronos/internal/audit/log.go:40.91,41.34 1 5
github.com/kronos/kronos/internal/audit/log.go:41.34,43.3 1 0
github.com/kronos/kronos/internal/audit/log.go:44.2,44.24 1 5
github.com/kronos/kronos/internal/audit/log.go:44.24,46.3 1 1
github.com/kronos/kronos/internal/audit/log.go:47.2,47.30 1 4
github.com/kronos/kronos/internal/audit/log.go:47.30,49.3 1 1
github.com/kronos/kronos/internal/audit/log.go:50.2,51.18 2 3
github.com/kronos/kronos/internal/audit/log.go:51.18,53.3 1 3
github.com/kronos/kronos/internal/audit/log.go:54.2,54.23 1 3
github.com/kronos/kronos/internal/audit/log.go:54.23,56.17 2 3
github.com/kronos/kronos/internal/audit/log.go:56.17,58.4 1 0
github.com/kronos/kronos/internal/audit/log.go:59.3,59.16 1 3
github.com/kronos/kronos/internal/audit/log.go:61.2,63.48 2 3
github.com/kronos/kronos/internal/audit/log.go:63.48,65.17 2 3
github.com/kronos/kronos/internal/audit/log.go:65.17,67.4 1 0
github.com/kronos/kronos/internal/audit/log.go:68.3,69.17 2 3
github.com/kronos/kronos/internal/audit/log.go:69.17,71.4 1 0
github.com/kronos/kronos/internal/audit/log.go:72.3,73.17 2 3
github.com/kronos/kronos/internal/audit/log.go:73.17,75.4 1 0
github.com/kronos/kronos/internal/audit/log.go:76.3,77.17 2 3
github.com/kronos/kronos/internal/audit/log.go:77.17,79.4 1 0
github.com/kronos/kronos/internal/audit/log.go:80.3,83.17 4 3
github.com/kronos/kronos/internal/audit/log.go:83.17,85.4 1 0
github.com/kronos/kronos/internal/audit/log.go:86.3,88.17 3 3
github.com/kronos/kronos/internal/audit/log.go:88.17,90.4 1 0
github.com/kronos/kronos/internal/audit/log.go:91.3,91.66 1 3
github.com/kronos/kronos/internal/audit/log.go:91.66,93.4 1 0
github.com/kronos/kronos/internal/audit/log.go:94.3,94.63 1 3
github.com/kronos/kronos/internal/audit/log.go:94.63,96.4 1 0
github.com/kronos/kronos/internal/audit/log.go:97.3,97.47 1 3
github.com/kronos/kronos/internal/audit/log.go:99.2,99.16 1 3
github.com/kronos/kronos/internal/audit/log.go:99.16,101.3 1 0
github.com/kronos/kronos/internal/audit/log.go:102.2,102.19 1 3
github.com/kronos/kronos/internal/audit/log.go:106.79,107.34 1 3
github.com/kronos/kronos/internal/audit/log.go:107.34,109.3 1 0
github.com/kronos/kronos/internal/audit/log.go:110.2,111.46 2 3
github.com/kronos/kronos/internal/audit/log.go:111.46,113.17 2 3
github.com/kronos/kronos/internal/audit/log.go:113.17,115.4 1 0
github.com/kronos/kronos/internal/audit/log.go:116.3,117.17 2 3
github.com/kronos/kronos/internal/audit/log.go:117.17,119.4 1 0
github.com/kronos/kronos/internal/audit/log.go:120.3,120.18 1 3
github.com/kronos/kronos/internal/audit/log.go:120.18,122.61 2 5
github.com/kronos/kronos/internal/audit/log.go:122.61,124.5 1 0
github.com/kronos/kronos/internal/audit/log.go:125.4,126.41 2 5
github.com/kronos/kronos/internal/audit/log.go:126.41,127.10 1 0
github.com/kronos/kronos/internal/audit/log.go:129.4,129.13 1 5
github.com/kronos/kronos/internal/audit/log.go:131.3,131.18 1 3
github.com/kronos/kronos/internal/audit/log.go:133.2,133.20 1 3
github.com/kronos/kronos/internal/audit/log.go:137.49,139.16 2 2
github.com/kronos/kronos/internal/audit/log.go:139.16,141.3 1 0
github.com/kronos/kronos/internal/audit/log.go:142.2,143.31 2 2
github.com/kronos/kronos/internal/audit/log.go:143.31,145.27 2 3
github.com/kronos/kronos/internal/audit/log.go:145.27,147.4 1 0
github.com/kronos/kronos/internal/audit/log.go:148.3,148.37 1 3
github.com/kronos/kronos/internal/audit/log.go:148.37,150.4 1 0
github.com/kronos/kronos/internal/audit/log.go:151.3,152.17 2 3
github.com/kronos/kronos/internal/audit/log.go:152.17,154.4 1 0
github.com/kronos/kronos/internal/audit/log.go:155.3,155.25 1 3
github.com/kronos/kronos/internal/audit/log.go:155.25,157.4 1 1
github.com/kronos/kronos/internal/audit/log.go:158.3,158.28 1 2
github.com/kronos/kronos/internal/audit/log.go:160.2,160.12 1 1
github.com/kronos/kronos/internal/audit/log.go:163.54,165.23 2 3
github.com/kronos/kronos/internal/audit/log.go:165.23,167.3 1 2
github.com/kronos/kronos/internal/audit/log.go:168.2,168.20 1 1
github.com/kronos/kronos/internal/audit/log.go:168.20,170.3 1 0
github.com/kronos/kronos/internal/audit/log.go:171.2,171.43 1 1
github.com/kronos/kronos/internal/audit/log.go:174.55,176.23 2 3
github.com/kronos/kronos/internal/audit/log.go:176.23,178.3 1 2
github.com/kronos/kronos/internal/audit/log.go:179.2,179.26 1 1
github.com/kronos/kronos/internal/audit/log.go:182.55,185.16 3 6
github.com/kronos/kronos/internal/audit/log.go:185.16,187.3 1 0
github.com/kronos/kronos/internal/audit/log.go:188.2,189.40 2 6
github.com/kronos/kronos/internal/audit/log.go:192.34,196.2 3 3
github.com/kronos/kronos/internal/audit/log.go:198.37,200.2 1 4
github.com/kronos/kronos/internal/core/clock.go:18.34,20.2 1 1
github.com/kronos/kronos/internal/core/clock.go:23.41,25.2 1 1
github.com/kronos/kronos/internal/core/clock.go:40.47,42.2 1 5
github.com/kronos/kronos/internal/core/clock.go:45.37,49.2 3 4
github.com/kronos/kronos/internal/core/clock.go:52.38,57.2 4 1
github.com/kronos/kronos/internal/core/clock.go:60.46,65.2 4 2
github.com/kronos/kronos/internal/core/clock.go:68.44,71.26 3 2
github.com/kronos/kronos/internal/core/clock.go:71.26,74.3 2 1
github.com/kronos/kronos/internal/core/clock.go:75.2,79.8 4 1
github.com/kronos/kronos/internal/core/clock.go:82.34,84.35 2 3
github.com/kronos/kronos/internal/core/clock.go:84.35,85.33 1 1
github.com/kronos/kronos/internal/core/clock.go:85.33,87.12 2 0
github.com/kronos/kronos/internal/core/clock.go:89.3,89.21 1 1
github.com/kronos/kronos/internal/core/clock.go:91.2,91.18 1 3
github.com/kronos/kronos/internal/core/errors.go:38.36,39.14 1 6
github.com/kronos/kronos/internal/core/errors.go:39.14,41.3 1 1
github.com/kronos/kronos/internal/core/errors.go:42.2,42.16 1 5
github.com/kronos/kronos/internal/core/errors.go:42.16,44.3 1 1
github.com/kronos/kronos/internal/core/errors.go:45.2,45.43 1 4
github.com/kronos/kronos/internal/core/errors.go:49.36,50.14 1 6
github.com/kronos/kronos/internal/core/errors.go:50.14,52.3 1 1
github.com/kronos/kronos/internal/core/errors.go:53.2,53.14 1 5
github.com/kronos/kronos/internal/core/errors.go:57.43,58.14 1 11
github.com/kronos/kronos/internal/core/errors.go:58.14,60.3 1 1
github.com/kronos/kronos/internal/core/errors.go:61.2,61.42 1 10
github.com/kronos/kronos/internal/core/errors.go:65.59,66.16 1 6
github.com/kronos/kronos/internal/core/errors.go:66.16,68.3 1 1
github.com/kronos/kronos/internal/core/errors.go:69.2,69.49 1 5
github.com/kronos/kronos/internal/core/errors.go:72.44,73.14 1 10
github.com/kronos/kronos/internal/core/errors.go:74.25,75.21 1 3
github.com/kronos/kronos/internal/core/errors.go:76.25,77.21 1 2
github.com/kronos/kronos/internal/core/errors.go:78.21,79.17 1 2
github.com/kronos/kronos/internal/core/errors.go:80.26,81.22 1 2
github.com/kronos/kronos/internal/core/errors.go:82.10,83.13 1 1
github.com/kronos/kronos/internal/core/id.go:16.37,17.18 1 3
github.com/kronos/kronos/internal/core/id.go:17.18,19.3 1 0
github.com/kronos/kronos/internal/core/id.go:20.2,20.40 1 3
github.com/kronos/kronos/internal/core/id.go:23.58,25.54 2 3
github.com/kronos/kronos/internal/core/id.go:25.54,27.3 1 0
github.com/kronos/kronos/internal/core/id.go:29.2,40.31 10 3
github.com/kronos/kronos/internal/core/id.go:43.36,55.2 11 3
github.com/kronos/kronos/internal/core/id.go:58.30,60.2 1 3
github.com/kronos/kronos/internal/core/id.go:63.28,65.2 1 2
github.com/kronos/kronos/internal/drivers/memory.go:12.79,15.2 2 1
github.com/kronos/kronos/internal/drivers/memory.go:18.76,21.2 2 1
github.com/kronos/kronos/internal/drivers/memory.go:24.59,25.31 1 3
github.com/kronos/kronos/internal/drivers/memory.go:25.31,27.3 1 1
github.com/kronos/kronos/internal/drivers/memory.go:28.2,30.20 3 2
github.com/kronos/kronos/internal/drivers/memory.go:34.49,38.2 3 2
github.com/kronos/kronos/internal/drivers/registry.go:16.30,18.2 1 1
github.com/kronos/kronos/internal/drivers/registry.go:21.50,22.19 1 2
github.com/kronos/kronos/internal/drivers/registry.go:22.19,24.3 1 0
github.com/kronos/kronos/internal/drivers/registry.go:25.2,26.16 2 2
github.com/kronos/kronos/internal/drivers/registry.go:26.16,28.3 1 0
github.com/kronos/kronos/internal/drivers/registry.go:29.2,31.42 3 2
github.com/kronos/kronos/internal/drivers/registry.go:31.42,33.3 1 1
github.com/kronos/kronos/internal/drivers/registry.go:34.2,35.12 2 1
github.com/kronos/kronos/internal/drivers/registry.go:39.52,44.2 4 1
github.com/kronos/kronos/internal/drivers/registry.go:47.37,51.30 4 1
github.com/kronos/kronos/internal/drivers/registry.go:51.30,53.3 1 1
github.com/kronos/kronos/internal/drivers/registry.go:54.2,55.14 2 1
github.com/kronos/kronos/internal/engine/backup.go:24.132,25.19 1 2
github.com/kronos/kronos/internal/engine/backup.go:25.19,27.3 1 0
github.com/kronos/kronos/internal/engine/backup.go:28.2,28.21 1 2
github.com/kronos/kronos/internal/engine/backup.go:28.21,30.3 1 0
github.com/kronos/kronos/internal/engine/backup.go:31.2,33.12 3 2
github.com/kronos/kronos/internal/engine/backup.go:33.12,36.64 3 2
github.com/kronos/kronos/internal/engine/backup.go:36.64,38.4 1 0
github.com/kronos/kronos/internal/engine/backup.go:39.3,39.54 1 2
github.com/kronos/kronos/internal/engine/backup.go:42.2,45.16 4 2
github.com/kronos/kronos/internal/engine/backup.go:45.16,47.3 1 0
github.com/kronos/kronos/internal/engine/backup.go:48.2,48.29 1 2
github.com/kronos/kronos/internal/engine/backup.go:48.29,50.3 1 0
github.com/kronos/kronos/internal/engine/backup.go:51.2,51.93 1 2
github.com/kronos/kronos/internal/engine/backup.go:55.165,56.19 1 2
github.com/kronos/kronos/internal/engine/backup.go:56.19,58.3 1 0
github.com/kronos/kronos/internal/engine/backup.go:59.2,59.21 1 2
github.com/kronos/kronos/internal/engine/backup.go:59.21,61.3 1 0
github.com/kronos/kronos/internal/engine/backup.go:62.2,64.12 3 2
github.com/kronos/kronos/internal/engine/backup.go:64.12,67.64 3 2
github.com/kronos/kronos/internal/engine/backup.go:67.64,69.4 1 0
github.com/kronos/kronos/internal/engine/backup.go:70.3,70.54 1 2
github.com/kronos/kronos/internal/engine/backup.go:73.2,76.16 4 2
github.com/kronos/kronos/internal/engine/backup.go:76.16,78.3 1 0
github.com/kronos/kronos/internal/engine/backup.go:79.2,79.29 1 2
github.com/kronos/kronos/internal/engine/backup.go:79.29,80.69 1 1
github.com/kronos/kronos/internal/engine/backup.go:80.69,82.4 1 1
github.com/kronos/kronos/internal/engine/backup.go:83.3,83.42 1 0
github.com/kronos/kronos/internal/engine/backup.go:85.2,85.93 1 1
github.com/kronos/kronos/internal/engine/backup.go:89.180,90.19 1 1
github.com/kronos/kronos/internal/engine/backup.go:90.19,92.3 1 0
github.com/kronos/kronos/internal/engine/backup.go:93.2,93.21 1 1
github.com/kronos/kronos/internal/engine/backup.go:93.21,95.3 1 0
github.com/kronos/kronos/internal/engine/backup.go:96.2,98.12 3 1
github.com/kronos/kronos/internal/engine/backup.go:98.12,103.3 4 1
github.com/kronos/kronos/internal/engine/backup.go:105.2,106.63 2 1
github.com/kronos/kronos/internal/engine/backup.go:106.63,108.3 1 0
github.com/kronos/kronos/internal/engine/backup.go:109.2,110.16 2 1
github.com/kronos/kronos/internal/engine/backup.go:110.16,112.3 1 0
github.com/kronos/kronos/internal/engine/backup.go:113.2,113.22 1 1
github.com/kronos/kronos/internal/engine/backup.go:113.22,115.3 1 0
github.com/kronos/kronos/internal/engine/backup.go:116.2,116.19 1 1
github.com/kronos/kronos/internal/engine/backup.go:128.85,130.2 1 3
github.com/kronos/kronos/internal/engine/backup.go:132.82,134.2 1 3
github.com/kronos/kronos/internal/engine/backup.go:136.63,138.16 2 6
github.com/kronos/kronos/internal/engine/backup.go:138.16,140.3 1 0
github.com/kronos/kronos/internal/engine/backup.go:141.2,143.12 3 6
github.com/kronos/kronos/internal/engine/backup.go:150.65,151.23 1 3
github.com/kronos/kronos/internal/engine/backup.go:151.23,152.41 1 1
github.com/kronos/kronos/internal/engine/backup.go:152.41,154.4 1 0
github.com/kronos/kronos/internal/engine/backup.go:155.3,155.34 1 1
github.com/kronos/kronos/internal/engine/backup.go:157.2,158.67 2 2
github.com/kronos/kronos/internal/engine/backup.go:158.67,160.3 1 0
github.com/kronos/kronos/internal/engine/backup.go:161.2,161.20 1 2
github.com/kronos/kronos/internal/config/config.go:121.92,123.16 2 2
github.com/kronos/kronos/internal/config/config.go:123.16,125.3 1 0
github.com/kronos/kronos/internal/config/config.go:126.2,127.16 2 2
github.com/kronos/kronos/internal/config/config.go:127.16,129.3 1 0
github.com/kronos/kronos/internal/config/config.go:130.2,130.17 1 2
github.com/kronos/kronos/internal/config/config.go:133.84,134.21 1 2
github.com/kronos/kronos/internal/config/config.go:134.21,136.3 1 0
github.com/kronos/kronos/internal/config/config.go:137.2,137.93 1 2
github.com/kronos/kronos/internal/config/config.go:137.93,138.56 1 5
github.com/kronos/kronos/internal/config/config.go:138.56,140.4 1 2
github.com/kronos/kronos/internal/config/config.go:141.3,141.36 1 5
github.com/kronos/kronos/internal/config/config.go:146.88,147.21 1 5
github.com/kronos/kronos/internal/config/config.go:147.21,149.3 1 0
github.com/kronos/kronos/internal/config/config.go:151.2,152.16 2 5
github.com/kronos/kronos/internal/config/config.go:152.16,154.3 1 3
github.com/kronos/kronos/internal/config/config.go:156.2,157.55 2 2
github.com/kronos/kronos/internal/config/config.go:157.55,159.3 1 0
github.com/kronos/kronos/internal/config/config.go:160.2,160.39 1 2
github.com/kronos/kronos/internal/config/config.go:160.39,162.3 1 0
github.com/kronos/kronos/internal/config/config.go:163.2,163.18 1 2
github.com/kronos/kronos/internal/config/config.go:167.34,169.27 2 3
github.com/kronos/kronos/internal/config/config.go:169.27,171.3 1 0
github.com/kronos/kronos/internal/config/config.go:172.2,172.28 1 3
github.com/kronos/kronos/internal/config/config.go:172.28,174.3 1 0
github.com/kronos/kronos/internal/config/config.go:175.2,175.26 1 3
github.com/kronos/kronos/internal/config/config.go:175.26,177.3 1 0
github.com/kronos/kronos/internal/config/config.go:179.2,179.37 1 3
github.com/kronos/kronos/internal/config/config.go:179.37,180.25 1 3
github.com/kronos/kronos/internal/config/config.go:180.25,182.4 1 0
github.com/kronos/kronos/internal/config/config.go:183.3,184.44 2 3
github.com/kronos/kronos/internal/config/config.go:184.44,185.26 1 2
github.com/kronos/kronos/internal/config/config.go:185.26,187.5 1 0
github.com/kronos/kronos/internal/config/config.go:188.4,188.29 1 2
github.com/kronos/kronos/internal/config/config.go:188.29,190.5 1 0
github.com/kronos/kronos/internal/config/config.go:191.4,191.39 1 2
github.com/kronos/kronos/internal/config/config.go:194.3,195.42 2 3
github.com/kronos/kronos/internal/config/config.go:195.42,196.25 1 2
github.com/kronos/kronos/internal/config/config.go:196.25,198.5 1 0
github.com/kronos/kronos/internal/config/config.go:199.4,199.27 1 2
github.com/kronos/kronos/internal/config/config.go:199.27,201.5 1 0
github.com/kronos/kronos/internal/config/config.go:202.4,202.37 1 2
github.com/kronos/kronos/internal/config/config.go:205.3,205.46 1 3
github.com/kronos/kronos/internal/config/config.go:205.46,206.27 1 3
github.com/kronos/kronos/internal/config/config.go:206.27,208.5 1 0
github.com/kronos/kronos/internal/config/config.go:209.4,209.27 1 3
github.com/kronos/kronos/internal/config/config.go:209.27,211.5 1 0
github.com/kronos/kronos/internal/config/config.go:212.4,212.71 1 3
github.com/kronos/kronos/internal/config/config.go:212.71,214.5 1 1
github.com/kronos/kronos/internal/config/config.go:215.4,215.74 1 3
github.com/kronos/kronos/internal/config/config.go:215.74,217.5 1 1
github.com/kronos/kronos/internal/config/config.go:221.2,221.29 1 3
github.com/kronos/kronos/internal/config/expand.go:12.93,14.53 2 5
github.com/kronos/kronos/internal/config/expand.go:14.53,16.3 1 1
github.com/kronos/kronos/internal/config/expand.go:18.2,19.16 2 4
github.com/kronos/kronos/internal/config/expand.go:19.16,21.3 1 2
github.com/kronos/kronos/internal/config/expand.go:23.2,24.16 2 2
github.com/kronos/kronos/internal/config/expand.go:24.16,26.3 1 0
github.com/kronos/kronos/internal/config/expand.go:27.2,27.17 1 2
github.com/kronos/kronos/internal/config/expand.go:30.89,31.31 1 103
github.com/kronos/kronos/internal/config/expand.go:32.22,34.33 2 28
github.com/kronos/kronos/internal/config/expand.go:34.33,36.18 2 80
github.com/kronos/kronos/internal/config/expand.go:36.18,38.5 1 6
github.com/kronos/kronos/internal/config/expand.go:39.4,39.23 1 74
github.com/kronos/kronos/internal/config/expand.go:41.3,41.18 1 22
github.com/kronos/kronos/internal/config/expand.go:42.19,44.33 2 1
github.com/kronos/kronos/internal/config/expand.go:44.33,46.11 2 1
github.com/kronos/kronos/internal/config/expand.go:46.11,48.5 1 1
github.com/kronos/kronos/internal/config/expand.go:49.4,50.18 2 0
github.com/kronos/kronos/internal/config/expand.go:50.18,52.5 1 0
github.com/kronos/kronos/internal/config/expand.go:53.4,53.27 1 0
github.com/kronos/kronos/internal/config/expand.go:55.3,55.18 1 0
github.com/kronos/kronos/internal/config/expand.go:56.13,58.31 2 15
github.com/kronos/kronos/internal/config/expand.go:58.31,60.18 2 17
github.com/kronos/kronos/internal/config/expand.go:60.18,62.5 1 4
github.com/kronos/kronos/internal/config/expand.go:63.4,63.31 1 13
github.com/kronos/kronos/internal/config/expand.go:65.3,65.18 1 11
github.com/kronos/kronos/internal/config/expand.go:66.14,67.44 1 57
github.com/kronos/kronos/internal/config/expand.go:68.10,69.20 1 2
github.com/kronos/kronos/internal/config/expand.go:73.96,76.6 3 57
github.com/kronos/kronos/internal/config/expand.go:76.6,78.16 2 62
github.com/kronos/kronos/internal/config/expand.go:78.16,81.4 2 55
github.com/kronos/kronos/internal/config/expand.go:82.3,86.14 4 7
github.com/kronos/kronos/internal/config/expand.go:86.14,88.4 1 1
github.com/kronos/kronos/internal/config/expand.go:90.3,91.17 2 6
github.com/kronos/kronos/internal/config/expand.go:91.17,93.4 1 0
github.com/kronos/kronos/internal/config/expand.go:94.3,95.17 2 6
github.com/kronos/kronos/internal/config/expand.go:95.17,97.4 1 1
github.com/kronos/kronos/internal/config/expand.go:98.3,99.33 2 5
github.com/kronos/kronos/internal/obs/log.go:13.66,14.18 1 1
github.com/kronos/kronos/internal/obs/log.go:14.18,16.3 1 0
github.com/kronos/kronos/internal/obs/log.go:17.2,18.47 2 1
github.com/kronos/kronos/internal/obs/log.go:22.61,24.2 1 3
github.com/kronos/kronos/internal/obs/log.go:30.79,32.2 1 2
github.com/kronos/kronos/internal/obs/log.go:34.81,36.41 2 3
github.com/kronos/kronos/internal/obs/log.go:36.41,39.3 2 4
github.com/kronos/kronos/internal/obs/log.go:40.2,40.40 1 3
github.com/kronos/kronos/internal/obs/log.go:43.69,45.29 2 1
github.com/kronos/kronos/internal/obs/log.go:45.29,47.3 1 1
github.com/kronos/kronos/internal/obs/log.go:48.2,48.65 1 1
github.com/kronos/kronos/internal/obs/log.go:51.63,53.2 1 1
github.com/kronos/kronos/internal/obs/log.go:55.43,56.27 1 7
github.com/kronos/kronos/internal/obs/log.go:56.27,58.3 1 4
github.com/kronos/kronos/internal/obs/log.go:59.2,59.41 1 3
github.com/kronos/kronos/internal/obs/log.go:59.41,61.3 1 2
github.com/kronos/kronos/internal/obs/log.go:63.2,65.30 3 1
github.com/kronos/kronos/internal/obs/log.go:65.30,67.3 1 2
github.com/kronos/kronos/internal/obs/log.go:68.2,68.54 1 1
github.com/kronos/kronos/internal/obs/log.go:71.42,73.29 2 1
github.com/kronos/kronos/internal/obs/log.go:73.29,75.3 1 2
github.com/kronos/kronos/internal/obs/log.go:76.2,76.15 1 1
github.com/kronos/kronos/internal/obs/log.go:79.35,81.114 2 7
github.com/kronos/kronos/internal/obs/log.go:81.114,82.43 1 32
github.com/kronos/kronos/internal/obs/log.go:82.43,84.4 1 4
github.com/kronos/kronos/internal/obs/log.go:86.2,86.14 1 3
github.com/kronos/kronos/internal/obs/metrics.go:21.67,22.108 1 3
github.com/kronos/kronos/internal/obs/metrics.go:22.108,24.3 1 1
github.com/kronos/kronos/internal/obs/metrics.go:25.2,25.73 1 2
github.com/kronos/kronos/internal/obs/metrics.go:25.73,27.3 1 0
github.com/kronos/kronos/internal/obs/metrics.go:28.2,28.110 1 2
github.com/kronos/kronos/internal/obs/metrics.go:28.110,30.3 1 0
github.com/kronos/kronos/internal/obs/metrics.go:31.2,31.112 1 2
github.com/kronos/kronos/internal/obs/metrics.go:31.112,33.3 1 0
github.com/kronos/kronos/internal/obs/metrics.go:34.2,34.101 1 2
github.com/kronos/kronos/internal/obs/metrics.go:34.101,36.3 1 0
github.com/kronos/kronos/internal/obs/metrics.go:37.2,37.71 1 2
github.com/kronos/kronos/internal/obs/metrics.go:37.71,39.3 1 0
github.com/kronos/kronos/internal/obs/metrics.go:40.2,41.44 2 2
github.com/kronos/kronos/internal/obs/metrics.go:41.44,43.3 1 3
github.com/kronos/kronos/internal/obs/metrics.go:44.2,45.34 2 2
github.com/kronos/kronos/internal/obs/metrics.go:45.34,46.144 1 3
github.com/kronos/kronos/internal/obs/metrics.go:46.144,48.4 1 0
github.com/kronos/kronos/internal/obs/metrics.go:50.2,50.109 1 2
github.com/kronos/kronos/internal/obs/metrics.go:50.109,52.3 1 0
github.com/kronos/kronos/internal/obs/metrics.go:53.2,53.80 1 2
github.com/kronos/kronos/internal/obs/metrics.go:53.80,55.3 1 0
github.com/kronos/kronos/internal/obs/metrics.go:56.2,57.12 2 2
github.com/kronos/kronos/internal/obs/metrics.go:60.41,63.2 2 3
github.com/kronos/kronos/internal/manifest/manifest.go:84.21,86.2 1 2
github.com/kronos/kronos/internal/manifest/manifest.go:89.53,101.2 1 2
github.com/kronos/kronos/internal/manifest/manifest.go:104.62,106.27 2 2
github.com/kronos/kronos/internal/manifest/manifest.go:106.27,108.17 2 2
github.com/kronos/kronos/internal/manifest/manifest.go:108.17,110.4 1 1
github.com/kronos/kronos/internal/manifest/manifest.go:111.3,122.5 1 1
github.com/kronos/kronos/internal/manifest/manifest.go:124.2,124.17 1 1
github.com/kronos/kronos/internal/manifest/manifest.go:128.62,129.47 1 2
github.com/kronos/kronos/internal/manifest/manifest.go:129.47,131.3 1 0
github.com/kronos/kronos/internal/manifest/manifest.go:132.2,133.16 2 2
github.com/kronos/kronos/internal/manifest/manifest.go:133.16,135.3 1 0
github.com/kronos/kronos/internal/manifest/manifest.go:136.2,141.12 3 2
github.com/kronos/kronos/internal/manifest/manifest.go:145.61,146.45 1 3
github.com/kronos/kronos/internal/manifest/manifest.go:146.45,148.3 1 0
github.com/kronos/kronos/internal/manifest/manifest.go:149.2,149.24 1 3
github.com/kronos/kronos/internal/manifest/manifest.go:149.24,151.3 1 0
github.com/kronos/kronos/internal/manifest/manifest.go:152.2,152.40 1 3
github.com/kronos/kronos/internal/manifest/manifest.go:152.40,154.3 1 0
github.com/kronos/kronos/internal/manifest/manifest.go:155.2,156.16 2 3
github.com/kronos/kronos/internal/manifest/manifest.go:156.16,158.3 1 0
github.com/kronos/kronos/internal/manifest/manifest.go:159.2,160.16 2 3
github.com/kronos/kronos/internal/manifest/manifest.go:160.16,162.3 1 0
github.com/kronos/kronos/internal/manifest/manifest.go:163.2,163.48 1 3
github.com/kronos/kronos/internal/manifest/manifest.go:163.48,165.3 1 1
github.com/kronos/kronos/internal/manifest/manifest.go:166.2,166.12 1 2
github.com/kronos/kronos/internal/manifest/manifest.go:170.51,173.2 2 5
github.com/kronos/kronos/internal/manifest/manifest.go:176.45,178.2 1 1
github.com/kronos/kronos/internal/manifest/manifest.go:181.43,183.49 2 2
github.com/kronos/kronos/internal/manifest/manifest.go:183.49,185.3 1 0
github.com/kronos/kronos/internal/manifest/manifest.go:186.2,186.26 1 2
github.com/kronos/kronos/internal/manifest/manifest.go:186.26,188.3 1 1
github.com/kronos/kronos/internal/manifest/manifest.go:189.2,189.15 1 1
github.com/kronos/kronos/internal/drivers/redis/client.go:19.65,22.16 3 3
github.com/kronos/kronos/internal/drivers/redis/client.go:22.16,24.3 1 3
github.com/kronos/kronos/internal/drivers/redis/client.go:25.2,25.29 1 0
github.com/kronos/kronos/internal/drivers/redis/client.go:29.42,31.2 1 4
github.com/kronos/kronos/internal/drivers/redis/client.go:34.73,35.29 1 6
github.com/kronos/kronos/internal/drivers/redis/client.go:35.29,37.3 1 1
github.com/kronos/kronos/internal/drivers/redis/client.go:38.2,38.34 1 5
github.com/kronos/kronos/internal/drivers/redis/client.go:38.34,40.3 1 1
github.com/kronos/kronos/internal/drivers/redis/client.go:41.2,44.62 3 4
github.com/kronos/kronos/internal/drivers/redis/client.go:44.62,46.3 1 0
github.com/kronos/kronos/internal/drivers/redis/client.go:47.2,48.16 2 4
github.com/kronos/kronos/internal/drivers/redis/client.go:48.16,50.3 1 0
github.com/kronos/kronos/internal/drivers/redis/client.go:51.2,51.29 1 4
github.com/kronos/kronos/internal/drivers/redis/client.go:51.29,53.3 1 1
github.com/kronos/kronos/internal/drivers/redis/client.go:54.2,54.19 1 3
github.com/kronos/kronos/internal/drivers/redis/client.go:58.84,59.20 1 1
github.com/kronos/kronos/internal/drivers/redis/client.go:59.20,61.3 1 0
github.com/kronos/kronos/internal/drivers/redis/client.go:62.2,64.20 3 1
github.com/kronos/kronos/internal/drivers/redis/client.go:64.20,66.3 1 0
github.com/kronos/kronos/internal/drivers/redis/client.go:66.8,68.3 1 1
github.com/kronos/kronos/internal/drivers/redis/client.go:69.2,69.16 1 1
github.com/kronos/kronos/internal/drivers/redis/client.go:69.16,71.3 1 0
github.com/kronos/kronos/internal/drivers/redis/client.go:72.2,72.60 1 1
github.com/kronos/kronos/internal/drivers/redis/client.go:72.60,74.3 1 0
github.com/kronos/kronos/internal/drivers/redis/client.go:75.2,75.12 1 1
github.com/kronos/kronos/internal/drivers/redis/client.go:79.107,80.34 1 2
github.com/kronos/kronos/internal/drivers/redis/client.go:80.34,82.3 1 1
github.com/kronos/kronos/internal/drivers/redis/client.go:83.2,84.20 2 1
github.com/kronos/kronos/internal/drivers/redis/client.go:84.20,86.21 2 1
github.com/kronos/kronos/internal/drivers/redis/client.go:86.21,88.4 1 1
github.com/kronos/kronos/internal/drivers/redis/client.go:88.9,90.4 1 0
github.com/kronos/kronos/internal/drivers/redis/client.go:92.2,92.27 1 1
github.com/kronos/kronos/internal/drivers/redis/client.go:98.36,100.2 1 1
github.com/kronos/kronos/internal/drivers/redis/driver.go:27.26,29.2 1 2
github.com/kronos/kronos/internal/drivers/redis/driver.go:32.32,34.2 1 2
github.com/kronos/kronos/internal/drivers/redis/driver.go:37.86,39.16 2 1
github.com/kronos/kronos/internal/drivers/redis/driver.go:39.16,41.3 1 0
github.com/kronos/kronos/internal/drivers/redis/driver.go:42.2,43.16 2 1
github.com/kronos/kronos/internal/drivers/redis/driver.go:43.16,45.3 1 0
github.com/kronos/kronos/internal/drivers/redis/driver.go:46.2,46.34 1 1
github.com/kronos/kronos/internal/drivers/redis/driver.go:46.34,48.3 1 0
github.com/kronos/kronos/internal/drivers/redis/driver.go:49.2,49.59 1 1
github.com/kronos/kronos/internal/drivers/redis/driver.go:53.73,55.16 2 1
github.com/kronos/kronos/internal/drivers/redis/driver.go:55.16,57.3 1 0
github.com/kronos/kronos/internal/drivers/redis/driver.go:58.2,59.16 2 1
github.com/kronos/kronos/internal/drivers/redis/driver.go:59.16,61.3 1 0
github.com/kronos/kronos/internal/drivers/redis/driver.go:62.2,62.62 1 1
github.com/kronos/kronos/internal/drivers/redis/driver.go:62.62,64.3 1 0
github.com/kronos/kronos/internal/drivers/redis/driver.go:65.2,65.12 1 1
github.com/kronos/kronos/internal/drivers/redis/driver.go:69.126,70.14 1 1
github.com/kronos/kronos/internal/drivers/redis/driver.go:70.14,72.3 1 0
github.com/kronos/kronos/internal/drivers/redis/driver.go:73.2,74.16 2 1
github.com/kronos/kronos/internal/drivers/redis/driver.go:74.16,76.3 1 0
github.com/kronos/kronos/internal/drivers/redis/driver.go:77.2,77.52 1 1
github.com/kronos/kronos/internal/drivers/redis/driver.go:77.52,79.3 1 0
github.com/kronos/kronos/internal/drivers/redis/driver.go:80.2,81.6 2 1
github.com/kronos/kronos/internal/drivers/redis/driver.go:81.6,82.35 1 1
github.com/kronos/kronos/internal/drivers/redis/driver.go:82.35,84.4 1 0
github.com/kronos/kronos/internal/drivers/redis/driver.go:85.3,86.17 2 1
github.com/kronos/kronos/internal/drivers/redis/driver.go:86.17,88.4 1 0
github.com/kronos/kronos/internal/drivers/redis/driver.go:89.3,90.17 2 1
github.com/kronos/kronos/internal/drivers/redis/driver.go:90.17,92.4 1 0
github.com/kronos/kronos/internal/drivers/redis/driver.go:93.3,93.28 1 1
github.com/kronos/kronos/internal/drivers/redis/driver.go:93.28,94.59 1 1
github.com/kronos/kronos/internal/drivers/redis/driver.go:94.59,96.5 1 0
github.com/kronos/kronos/internal/drivers/redis/driver.go:98.3,99.20 2 1
github.com/kronos/kronos/internal/drivers/redis/driver.go:99.20,100.9 1 1
github.com/kronos/kronos/internal/drivers/redis/driver.go:103.2,103.71 1 1
github.com/kronos/kronos/internal/drivers/redis/driver.go:107.139,109.2 1 1
github.com/kronos/kronos/internal/drivers/redis/driver.go:112.123,115.2 2 1
github.com/kronos/kronos/internal/drivers/redis/driver.go:118.129,120.16 2 2
github.com/kronos/kronos/internal/drivers/redis/driver.go:120.16,122.3 1 0
github.com/kronos/kronos/internal/drivers/redis/driver.go:123.2,123.6 1 2
github.com/kronos/kronos/internal/drivers/redis/driver.go:123.6,125.20 2 4
github.com/kronos/kronos/internal/drivers/redis/driver.go:125.20,127.4 1 2
github.com/kronos/kronos/internal/drivers/redis/driver.go:128.3,128.17 1 2
github.com/kronos/kronos/internal/drivers/redis/driver.go:128.17,130.4 1 0
github.com/kronos/kronos/internal/drivers/redis/driver.go:131.3,131.18 1 2
github.com/kronos/kronos/internal/drivers/redis/driver.go:131.18,132.12 1 0
github.com/kronos/kronos/internal/drivers/redis/driver.go:134.3,134.34 1 2
github.com/kronos/kronos/internal/drivers/redis/driver.go:134.34,135.72 1 1
github.com/kronos/kronos/internal/drivers/redis/driver.go:135.72,137.5 1 0
github.com/kronos/kronos/internal/drivers/redis/driver.go:138.4,138.12 1 1
github.com/kronos/kronos/internal/drivers/redis/driver.go:140.3,141.70 2 1
github.com/kronos/kronos/internal/drivers/redis/driver.go:141.70,143.4 1 0
github.com/kronos/kronos/internal/drivers/redis/driver.go:144.3,145.27 2 1
github.com/kronos/kronos/internal/drivers/redis/driver.go:145.27,147.4 1 1
github.com/kronos/kronos/internal/drivers/redis/driver.go:148.3,148.18 1 1
github.com/kronos/kronos/internal/drivers/redis/driver.go:148.18,149.12 1 0
github.com/kronos/kronos/internal/drivers/redis/driver.go:151.3,151.52 1 1
github.com/kronos/kronos/internal/drivers/redis/driver.go:151.52,153.4 1 0
github.com/kronos/kronos/internal/drivers/redis/driver.go:158.139,159.14 1 2
github.com/kronos/kronos/internal/drivers/redis/driver.go:159.14,161.3 1 0
github.com/kronos/kronos/internal/drivers/redis/driver.go:162.2,163.16 2 2
github.com/kronos/kronos/internal/drivers/redis/driver.go:163.16,165.3 1 0
github.com/kronos/kronos/internal/drivers/redis/driver.go:166.2,166.6 1 2
github.com/kronos/kronos/internal/drivers/redis/driver.go:166.6,167.35 1 3
github.com/kronos/kronos/internal/drivers/redis/driver.go:167.35,169.4 1 0
github.com/kronos/kronos/internal/drivers/redis/driver.go:170.3,171.20 2 3
github.com/kronos/kronos/internal/drivers/redis/driver.go:171.20,173.4 1 0
github.com/kronos/kronos/internal/drivers/redis/driver.go:174.3,174.17 1 3
github.com/kronos/kronos/internal/drivers/redis/driver.go:174.17,176.4 1 0
github.com/kronos/kronos/internal/drivers/redis/driver.go:177.3,177.84 1 3
github.com/kronos/kronos/internal/drivers/redis/driver.go:177.84,179.4 1 1
github.com/kronos/kronos/internal/drivers/redis/driver.go:180.3,181.17 2 2
github.com/kronos/kronos/internal/drivers/redis/driver.go:181.17,183.4 1 0
github.com/kronos/kronos/internal/drivers/redis/driver.go:184.3,184.23 1 2
github.com/kronos/kronos/internal/drivers/redis/driver.go:184.23,185.56 1 2
github.com/kronos/kronos/internal/drivers/redis/driver.go:185.56,187.5 1 0
github.com/kronos/kronos/internal/drivers/redis/driver.go:189.3,189.88 1 2
github.com/kronos/kronos/internal/drivers/redis/driver.go:189.88,191.4 1 1
github.com/kronos/kronos/internal/drivers/redis/driver.go:195.89,196.19 1 10
github.com/kronos/kronos/internal/drivers/redis/driver.go:196.19,198.3 1 0
github.com/kronos/kronos/internal/drivers/redis/driver.go:199.2,200.16 2 10
github.com/kronos/kronos/internal/drivers/redis/driver.go:200.16,202.3 1 1
github.com/kronos/kronos/internal/drivers/redis/driver.go:203.2,205.68 3 9
github.com/kronos/kronos/internal/drivers/redis/driver.go:205.68,207.3 1 7
github.com/kronos/kronos/internal/drivers/redis/driver.go:208.2,208.61 1 2
github.com/kronos/kronos/internal/drivers/redis/driver.go:208.61,210.3 1 1
github.com/kronos/kronos/internal/drivers/redis/driver.go:211.2,211.20 1 1
github.com/kronos/kronos/internal/drivers/redis/driver.go:214.80,216.19 2 2
github.com/kronos/kronos/internal/drivers/redis/driver.go:216.19,219.17 3 2
github.com/kronos/kronos/internal/drivers/redis/driver.go:219.17,221.4 1 1
github.com/kronos/kronos/internal/drivers/redis/driver.go:222.3,222.17 1 2
github.com/kronos/kronos/internal/drivers/redis/driver.go:222.17,224.4 1 1
github.com/kronos/kronos/internal/drivers/redis/driver.go:225.3,225.30 1 2
github.com/kronos/kronos/internal/drivers/redis/driver.go:227.2,227.27 1 2
github.com/kronos/kronos/internal/drivers/redis/driver.go:246.59,248.58 2 2
github.com/kronos/kronos/internal/drivers/redis/driver.go:248.58,249.24 1 1
github.com/kronos/kronos/internal/drivers/redis/driver.go:249.24,251.4 1 0
github.com/kronos/kronos/internal/drivers/redis/driver.go:252.3,252.22 1 1
github.com/kronos/kronos/internal/drivers/redis/driver.go:254.2,255.57 2 1
github.com/kronos/kronos/internal/drivers/redis/driver.go:255.57,257.3 1 0
github.com/kronos/kronos/internal/drivers/redis/driver.go:258.2,260.21 3 1
github.com/kronos/kronos/internal/drivers/redis/driver.go:263.97,265.16 2 1
github.com/kronos/kronos/internal/drivers/redis/driver.go:265.16,267.3 1 0
github.com/kronos/kronos/internal/drivers/redis/driver.go:268.2,268.29 1 1
github.com/kronos/kronos/internal/drivers/redis/driver.go:268.29,270.3 1 0
github.com/kronos/kronos/internal/drivers/redis/driver.go:271.2,272.35 2 1
github.com/kronos/kronos/internal/drivers/redis/driver.go:272.35,273.67 1 1
github.com/kronos/kronos/internal/drivers/redis/driver.go:273.67,275.4 1 0
github.com/kronos/kronos/internal/drivers/redis/driver.go:276.3,276.51 1 1
github.com/kronos/kronos/internal/drivers/redis/driver.go:278.2,279.16 2 1
github.com/kronos/kronos/internal/drivers/redis/driver.go:279.16,281.3 1 0
github.com/kronos/kronos/internal/drivers/redis/driver.go:282.2,283.52 2 1
github.com/kronos/kronos/internal/drivers/redis/driver.go:283.52,285.3 1 0
github.com/kronos/kronos/internal/drivers/redis/driver.go:286.2,286.54 1 1
github.com/kronos/kronos/internal/drivers/redis/driver.go:289.107,291.57 2 1
github.com/kronos/kronos/internal/drivers/redis/driver.go:291.57,293.3 1 0
github.com/kronos/kronos/internal/drivers/redis/driver.go:294.2,294.36 1 1
github.com/kronos/kronos/internal/drivers/redis/driver.go:294.36,296.45 2 1
github.com/kronos/kronos/internal/drivers/redis/driver.go:296.45,298.4 1 0
github.com/kronos/kronos/internal/drivers/redis/driver.go:299.3,300.18 2 1
github.com/kronos/kronos/internal/drivers/redis/driver.go:300.18,301.12 1 0
github.com/kronos/kronos/internal/drivers/redis/driver.go:303.3,303.52 1 1
github.com/kronos/kronos/internal/drivers/redis/driver.go:303.52,305.4 1 0
github.com/kronos/kronos/internal/drivers/redis/driver.go:307.2,307.12 1 1
github.com/kronos/kronos/internal/drivers/redis/driver.go:310.109,312.16 2 1
github.com/kronos/kronos/internal/drivers/redis/driver.go:312.16,314.3 1 0
github.com/kronos/kronos/internal/drivers/redis/driver.go:315.2,316.16 2 1
github.com/kronos/kronos/internal/drivers/redis/driver.go:316.16,318.3 1 0
github.com/kronos/kronos/internal/drivers/redis/driver.go:319.2,320.16 2 1
github.com/kronos/kronos/internal/drivers/redis/driver.go:320.16,322.3 1 0
github.com/kronos/kronos/internal/drivers/redis/driver.go:323.2,323.56 1 1
github.com/kronos/kronos/internal/drivers/redis/driver.go:323.56,325.3 1 0
github.com/kronos/kronos/internal/drivers/redis/driver.go:326.2,333.16 3 1
github.com/kronos/kronos/internal/drivers/redis/driver.go:333.16,335.3 1 0
github.com/kronos/kronos/internal/drivers/redis/driver.go:336.2,337.52 2 1
github.com/kronos/kronos/internal/drivers/redis/driver.go:337.52,339.3 1 0
github.com/kronos/kronos/internal/drivers/redis/driver.go:340.2,340.31 1 1
github.com/kronos/kronos/internal/drivers/redis/driver.go:343.63,344.54 1 1
github.com/kronos/kronos/internal/drivers/redis/driver.go:344.54,346.3 1 0
github.com/kronos/kronos/internal/drivers/redis/driver.go:347.2,349.33 3 1
github.com/kronos/kronos/internal/drivers/redis/driver.go:349.33,351.3 1 0
github.com/kronos/kronos/internal/drivers/redis/driver.go:352.2,353.38 2 1
github.com/kronos/kronos/internal/drivers/redis/driver.go:353.38,355.3 1 1
github.com/kronos/kronos/internal/drivers/redis/driver.go:356.2,356.26 1 1
github.com/kronos/kronos/internal/drivers/redis/driver.go:359.54,361.20 2 3
github.com/kronos/kronos/internal/drivers/redis/driver.go:361.20,363.45 2 7
github.com/kronos/kronos/internal/drivers/redis/driver.go:363.45,366.4 2 6
github.com/kronos/kronos/internal/drivers/redis/driver.go:366.9,368.4 1 1
github.com/kronos/kronos/internal/drivers/redis/driver.go:369.3,369.49 1 7
github.com/kronos/kronos/internal/drivers/redis/driver.go:369.49,371.4 1 6
github.com/kronos/kronos/internal/drivers/redis/driver.go:372.3,372.63 1 7
github.com/kronos/kronos/internal/drivers/redis/driver.go:372.63,374.4 1 2
github.com/kronos/kronos/internal/drivers/redis/driver.go:376.2,376.11 1 1
github.com/kronos/kronos/internal/drivers/redis/driver.go:379.47,380.34 1 9
github.com/kronos/kronos/internal/drivers/redis/driver.go:380.34,381.25 1 109
github.com/kronos/kronos/internal/drivers/redis/driver.go:381.25,383.4 1 7
github.com/kronos/kronos/internal/drivers/redis/driver.go:385.2,385.11 1 2
github.com/kronos/kronos/internal/drivers/redis/resp.go:33.43,36.27 3 5
github.com/kronos/kronos/internal/drivers/redis/resp.go:36.27,38.3 1 12
github.com/kronos/kronos/internal/drivers/redis/resp.go:39.2,39.20 1 5
github.com/kronos/kronos/internal/drivers/redis/resp.go:48.37,50.2 1 6
github.com/kronos/kronos/internal/drivers/redis/resp.go:53.45,55.16 2 14
github.com/kronos/kronos/internal/drivers/redis/resp.go:55.16,57.3 1 0
github.com/kronos/kronos/internal/drivers/redis/resp.go:58.2,58.26 1 14
github.com/kronos/kronos/internal/drivers/redis/resp.go:59.24,61.66 2 3
github.com/kronos/kronos/internal/drivers/redis/resp.go:62.17,64.59 2 1
github.com/kronos/kronos/internal/drivers/redis/resp.go:65.19,67.17 2 1
github.com/kronos/kronos/internal/drivers/redis/resp.go:67.17,69.4 1 0
github.com/kronos/kronos/internal/drivers/redis/resp.go:70.3,71.17 2 1
github.com/kronos/kronos/internal/drivers/redis/resp.go:71.17,73.4 1 0
github.com/kronos/kronos/internal/drivers/redis/resp.go:74.3,74.51 1 1
github.com/kronos/kronos/internal/drivers/redis/resp.go:75.22,76.22 1 6
github.com/kronos/kronos/internal/drivers/redis/resp.go:77.17,78.23 1 2
github.com/kronos/kronos/internal/drivers/redis/resp.go:79.16,80.41 1 1
github.com/kronos/kronos/internal/drivers/redis/resp.go:80.41,82.4 1 0
github.com/kronos/kronos/internal/drivers/redis/resp.go:83.3,83.48 1 1
github.com/kronos/kronos/internal/drivers/redis/resp.go:84.10,85.65 1 0
github.com/kronos/kronos/internal/drivers/redis/resp.go:89.44,91.16 2 6
github.com/kronos/kronos/internal/drivers/redis/resp.go:91.16,93.3 1 0
github.com/kronos/kronos/internal/drivers/redis/resp.go:94.2,95.16 2 6
github.com/kronos/kronos/internal/drivers/redis/resp.go:95.16,97.3 1 0
github.com/kronos/kronos/internal/drivers/redis/resp.go:98.2,98.16 1 6
github.com/kronos/kronos/internal/drivers/redis/resp.go:98.16,100.3 1 0
github.com/kronos/kronos/internal/drivers/redis/resp.go:101.2,101.15 1 6
github.com/kronos/kronos/internal/drivers/redis/resp.go:101.15,103.3 1 0
github.com/kronos/kronos/internal/drivers/redis/resp.go:104.2,105.50 2 6
github.com/kronos/kronos/internal/drivers/redis/resp.go:105.50,107.3 1 0
github.com/kronos/kronos/internal/drivers/redis/resp.go:108.2,108.48 1 6
github.com/kronos/kronos/internal/drivers/redis/resp.go:108.48,110.3 1 1
github.com/kronos/kronos/internal/drivers/redis/resp.go:111.2,111.70 1 5
github.com/kronos/kronos/internal/drivers/redis/resp.go:114.45,116.16 2 2
github.com/kronos/kronos/internal/drivers/redis/resp.go:116.16,118.3 1 0
github.com/kronos/kronos/internal/drivers/redis/resp.go:119.2,120.16 2 2
github.com/kronos/kronos/internal/drivers/redis/resp.go:120.16,122.3 1 0
github.com/kronos/kronos/internal/drivers/redis/resp.go:123.2,123.17 1 2
github.com/kronos/kronos/internal/drivers/redis/resp.go:123.17,125.3 1 0
github.com/kronos/kronos/internal/drivers/redis/resp.go:126.2,126.16 1 2
github.com/kronos/kronos/internal/drivers/redis/resp.go:126.16,128.3 1 0
github.com/kronos/kronos/internal/drivers/redis/resp.go:129.2,130.29 2 2
github.com/kronos/kronos/internal/drivers/redis/resp.go:130.29,132.17 2 4
github.com/kronos/kronos/internal/drivers/redis/resp.go:132.17,134.4 1 0
github.com/kronos/kronos/internal/drivers/redis/resp.go:135.3,135.33 1 4
github.com/kronos/kronos/internal/drivers/redis/resp.go:137.2,137.51 1 2
github.com/kronos/kronos/internal/drivers/redis/resp.go:140.45,142.16 2 14
github.com/kronos/kronos/internal/drivers/redis/resp.go:142.16,144.3 1 0
github.com/kronos/kronos/internal/drivers/redis/resp.go:145.2,145.48 1 14
github.com/kronos/kronos/internal/drivers/redis/resp.go:145.48,147.3 1 0
github.com/kronos/kronos/internal/drivers/redis/resp.go:148.2,148.32 1 14
github.com/kronos/kronos/internal/compress/auto.go:14.47,15.22 1 3
github.com/kronos/kronos/internal/compress/auto.go:15.22,17.3 1 0
github.com/kronos/kronos/internal/compress/auto.go:18.2,19.19 2 3
github.com/kronos/kronos/internal/compress/auto.go:19.19,21.3 1 1
github.com/kronos/kronos/internal/compress/auto.go:22.2,22.22 1 2
github.com/kronos/kronos/internal/compress/auto.go:27.61,30.53 3 1
github.com/kronos/kronos/internal/compress/auto.go:30.53,32.3 1 0
github.com/kronos/kronos/internal/compress/auto.go:33.2,34.75 2 1
github.com/kronos/kronos/internal/compress/auto.go:37.42,38.20 1 3
github.com/kronos/kronos/internal/compress/auto.go:38.20,40.3 1 0
github.com/kronos/kronos/internal/compress/auto.go:41.2,42.25 2 3
github.com/kronos/kronos/internal/compress/auto.go:42.25,44.3 1 1064960
github.com/kronos/kronos/internal/compress/auto.go:45.2,47.31 3 3
github.com/kronos/kronos/internal/compress/auto.go:47.31,48.17 1 768
github.com/kronos/kronos/internal/compress/auto.go:48.17,49.12 1 505
github.com/kronos/kronos/internal/compress/auto.go:51.3,52.30 2 263
github.com/kronos/kronos/internal/compress/auto.go:54.2,54.16 1 3
github.com/kronos/kronos/internal/compress/compress.go:28.51,29.19 1 7
github.com/kronos/kronos/internal/compress/compress.go:30.21,31.31 1 2
github.com/kronos/kronos/internal/compress/compress.go:32.21,33.54 1 2
github.com/kronos/kronos/internal/compress/compress.go:34.21,35.54 1 2
github.com/kronos/kronos/internal/compress/compress.go:36.10,37.76 1 1
github.com/kronos/kronos/internal/compress/compress.go:43.45,45.2 1 1
github.com/kronos/kronos/internal/compress/compress.go:47.70,49.2 1 1
github.com/kronos/kronos/internal/compress/compress.go:51.69,53.2 1 1
github.com/kronos/kronos/internal/compress/compress.go:59.37,61.2 1 1
github.com/kronos/kronos/internal/compress/gzip.go:19.45,21.2 1 1
github.com/kronos/kronos/internal/compress/gzip.go:24.72,26.16 2 1
github.com/kronos/kronos/internal/compress/gzip.go:26.16,28.3 1 0
github.com/kronos/kronos/internal/compress/gzip.go:29.2,29.38 1 1
github.com/kronos/kronos/internal/compress/gzip.go:33.69,35.2 1 2
github.com/kronos/kronos/internal/compress/zstd.go:20.45,22.2 1 1
github.com/kronos/kronos/internal/compress/zstd.go:25.72,27.16 2 1
github.com/kronos/kronos/internal/compress/zstd.go:27.16,29.3 1 0
github.com/kronos/kronos/internal/compress/zstd.go:30.2,31.16 2 1
github.com/kronos/kronos/internal/compress/zstd.go:31.16,33.3 1 0
github.com/kronos/kronos/internal/compress/zstd.go:34.2,34.21 1 1
github.com/kronos/kronos/internal/compress/zstd.go:38.69,40.16 2 2
github.com/kronos/kronos/internal/compress/zstd.go:40.16,42.3 1 0
github.com/kronos/kronos/internal/compress/zstd.go:43.2,43.36 1 2
github.com/kronos/kronos/internal/agent/client.go:26.77,27.23 1 11
github.com/kronos/kronos/internal/agent/client.go:27.23,29.3 1 2
github.com/kronos/kronos/internal/agent/client.go:30.2,30.42 1 11
github.com/kronos/kronos/internal/agent/client.go:30.42,32.3 1 0
github.com/kronos/kronos/internal/agent/client.go:33.2,34.16 2 11
github.com/kronos/kronos/internal/agent/client.go:34.16,36.3 1 1
github.com/kronos/kronos/internal/agent/client.go:37.2,37.46 1 10
github.com/kronos/kronos/internal/agent/client.go:37.46,39.3 1 0
github.com/kronos/kronos/internal/agent/client.go:40.2,43.115 4 10
github.com/kronos/kronos/internal/agent/client.go:47.114,51.2 3 6
github.com/kronos/kronos/internal/agent/client.go:54.64,56.78 2 6
github.com/kronos/kronos/internal/agent/client.go:56.78,58.3 1 1
github.com/kronos/kronos/internal/agent/client.go:59.2,59.26 1 5
github.com/kronos/kronos/internal/agent/client.go:63.136,71.2 3 3
github.com/kronos/kronos/internal/agent/client.go:74.74,76.90 2 3
github.com/kronos/kronos/internal/agent/client.go:76.90,78.3 1 0
github.com/kronos/kronos/internal/agent/client.go:79.2,79.30 1 3
github.com/kronos/kronos/internal/agent/client.go:83.82,87.2 3 1
github.com/kronos/kronos/internal/agent/client.go:90.76,92.91 2 2
github.com/kronos/kronos/internal/agent/client.go:92.91,94.3 1 0
github.com/kronos/kronos/internal/agent/client.go:95.2,95.31 1 2
github.com/kronos/kronos/internal/agent/client.go:99.84,103.2 3 1
github.com/kronos/kronos/internal/agent/client.go:106.74,108.69 2 2
github.com/kronos/kronos/internal/agent/client.go:108.69,110.3 1 0
github.com/kronos/kronos/internal/agent/client.go:111.2,111.30 1 2
github.com/kronos/kronos/internal/agent/client.go:115.82,119.2 3 1
github.com/kronos/kronos/internal/agent/client.go:121.75,123.16 2 10
github.com/kronos/kronos/internal/agent/client.go:123.16,125.3 1 0
github.com/kronos/kronos/internal/agent/client.go:126.2,126.29 1 10
github.com/kronos/kronos/internal/agent/client.go:129.89,130.57 1 15
github.com/kronos/kronos/internal/agent/client.go:130.57,132.3 1 0
github.com/kronos/kronos/internal/agent/client.go:133.2,134.20 2 15
github.com/kronos/kronos/internal/agent/client.go:134.20,135.64 1 9
github.com/kronos/kronos/internal/agent/client.go:135.64,137.4 1 0
github.com/kronos/kronos/internal/agent/client.go:139.2,140.16 2 15
github.com/kronos/kronos/internal/agent/client.go:140.16,142.3 1 0
github.com/kronos/kronos/internal/agent/client.go:143.2,144.29 2 15
github.com/kronos/kronos/internal/agent/client.go:147.121,148.57 1 25
github.com/kronos/kronos/internal/agent/client.go:148.57,150.3 1 0
github.com/kronos/kronos/internal/agent/client.go:151.2,152.17 2 25
github.com/kronos/kronos/internal/agent/client.go:152.17,154.3 1 10
github.com/kronos/kronos/internal/agent/client.go:154.8,156.3 1 15
github.com/kronos/kronos/internal/agent/client.go:157.2,158.16 2 25
github.com/kronos/kronos/internal/agent/client.go:158.16,160.3 1 0
github.com/kronos/kronos/internal/agent/client.go:161.2,161.54 1 25
github.com/kronos/kronos/internal/agent/client.go:161.54,163.3 1 1
github.com/kronos/kronos/internal/agent/client.go:164.2,164.60 1 25
github.com/kronos/kronos/internal/agent/client.go:164.60,166.3 1 8
github.com/kronos/kronos/internal/agent/client.go:167.2,167.17 1 25
github.com/kronos/kronos/internal/agent/client.go:170.68,172.16 2 25
github.com/kronos/kronos/internal/agent/client.go:172.16,174.3 1 1
github.com/kronos/kronos/internal/agent/client.go:175.2,176.53 2 24
github.com/kronos/kronos/internal/agent/client.go:176.53,178.3 1 0
github.com/kronos/kronos/internal/agent/client.go:179.2,179.16 1 24
github.com/kronos/kronos/internal/agent/client.go:179.16,181.3 1 0
github.com/kronos/kronos/internal/agent/client.go:182.2,183.28 2 24
github.com/kronos/kronos/internal/agent/client.go:186.47,192.2 5 25
github.com/kronos/kronos/internal/agent/executor.go:43.83,44.14 1 1
github.com/kronos/kronos/internal/agent/executor.go:44.14,46.3 1 0
github.com/kronos/kronos/internal/agent/executor.go:47.2,47.19 1 1
github.com/kronos/kronos/internal/agent/executor.go:47.19,49.3 1 0
github.com/kronos/kronos/internal/agent/executor.go:50.2,51.16 2 1
github.com/kronos/kronos/internal/agent/executor.go:51.16,53.3 1 0
github.com/kronos/kronos/internal/agent/executor.go:54.2,55.33 2 1
github.com/kronos/kronos/internal/agent/executor.go:55.33,62.3 1 1
github.com/kronos/kronos/internal/agent/executor.go:63.2,66.16 3 1
github.com/kronos/kronos/internal/agent/executor.go:66.16,68.3 1 0
github.com/kronos/kronos/internal/agent/executor.go:69.2,70.27 2 1
github.com/kronos/kronos/internal/agent/executor.go:70.27,72.3 1 1
github.com/kronos/kronos/internal/agent/executor.go:73.2,74.32 2 1
github.com/kronos/kronos/internal/agent/executor.go:74.32,76.17 2 1
github.com/kronos/kronos/internal/agent/executor.go:76.17,78.4 1 0
github.com/kronos/kronos/internal/agent/executor.go:79.3,79.32 1 1
github.com/kronos/kronos/internal/agent/executor.go:81.2,84.16 3 1
github.com/kronos/kronos/internal/agent/executor.go:84.16,86.3 1 0
github.com/kronos/kronos/internal/agent/executor.go:87.2,88.33 2 1
github.com/kronos/kronos/internal/agent/executor.go:88.33,90.3 1 1
github.com/kronos/kronos/internal/agent/executor.go:91.2,92.12 2 1
github.com/kronos/kronos/internal/agent/executor.go:96.69,97.19 1 3
github.com/kronos/kronos/internal/agent/executor.go:98.29,100.17 2 2
github.com/kronos/kronos/internal/agent/executor.go:100.17,102.4 1 0
github.com/kronos/kronos/internal/agent/executor.go:103.3,103.36 1 2
github.com/kronos/kronos/internal/agent/executor.go:104.26,106.17 2 0
github.com/kronos/kronos/internal/agent/executor.go:106.17,108.4 1 0
github.com/kronos/kronos/internal/agent/executor.go:109.3,109.21 1 0
github.com/kronos/kronos/internal/agent/executor.go:110.10,111.90 1 1
github.com/kronos/kronos/internal/agent/executor.go:116.90,117.47 1 9
github.com/kronos/kronos/internal/agent/executor.go:117.47,119.3 1 2
github.com/kronos/kronos/internal/agent/executor.go:120.2,120.34 1 7
github.com/kronos/kronos/internal/agent/executor.go:123.51,124.34 1 6
github.com/kronos/kronos/internal/agent/executor.go:124.34,126.3 1 1
github.com/kronos/kronos/internal/agent/executor.go:127.2,128.16 2 5
github.com/kronos/kronos/internal/agent/executor.go:128.16,130.3 1 0
github.com/kronos/kronos/internal/agent/executor.go:131.2,131.20 1 5
github.com/kronos/kronos/internal/agent/executor.go:131.20,133.3 1 1
github.com/kronos/kronos/internal/agent/executor.go:134.2,134.24 1 4
github.com/kronos/kronos/internal/agent/executor.go:134.24,136.3 1 1
github.com/kronos/kronos/internal/agent/executor.go:137.2,137.9 1 3
github.com/kronos/kronos/internal/agent/executor.go:138.20,139.21 1 2
github.com/kronos/kronos/internal/agent/executor.go:140.20,141.21 1 0
github.com/kronos/kronos/internal/agent/executor.go:142.22,143.23 1 1
github.com/kronos/kronos/internal/agent/executor.go:144.10,145.58 1 0
github.com/kronos/kronos/internal/agent/executor.go:149.60,151.16 2 2
github.com/kronos/kronos/internal/agent/executor.go:151.16,153.3 1 0
github.com/kronos/kronos/internal/agent/executor.go:154.2,161.110 2 2
github.com/kronos/kronos/internal/agent/executor.go:161.110,167.3 1 0
github.com/kronos/kronos/internal/agent/executor.go:167.8,169.39 2 2
github.com/kronos/kronos/internal/agent/executor.go:170.36,171.57 1 0
github.com/kronos/kronos/internal/agent/executor.go:172.36,173.100 1 0
github.com/kronos/kronos/internal/agent/executor.go:174.11,176.18 2 2
github.com/kronos/kronos/internal/agent/executor.go:176.18,178.5 1 1
github.com/kronos/kronos/internal/agent/executor.go:179.4,179.28 1 1
github.com/kronos/kronos/internal/agent/executor.go:182.2,182.17 1 1
github.com/kronos/kronos/internal/agent/executor.go:185.63,197.60 2 2
github.com/kronos/kronos/internal/agent/executor.go:197.60,199.3 1 1
github.com/kronos/kronos/internal/agent/executor.go:200.2,205.52 2 1
github.com/kronos/kronos/internal/agent/executor.go:205.52,207.3 1 0
github.com/kronos/kronos/internal/agent/executor.go:208.2,208.19 1 1
github.com/kronos/kronos/internal/agent/executor.go:211.45,212.31 1 3
github.com/kronos/kronos/internal/agent/executor.go:212.31,213.18 1 3
github.com/kronos/kronos/internal/agent/executor.go:213.18,215.4 1 3
github.com/kronos/kronos/internal/agent/executor.go:217.2,217.11 1 0
github.com/kronos/kronos/internal/agent/executor.go:220.43,222.16 2 5
github.com/kronos/kronos/internal/agent/executor.go:222.16,224.3 1 0
github.com/kronos/kronos/internal/agent/executor.go:225.2,225.22 1 5
github.com/kronos/kronos/internal/agent/executor.go:225.22,227.3 1 1
github.com/kronos/kronos/internal/agent/executor.go:228.2,228.18 1 4
github.com/kronos/kronos/internal/agent/executor.go:228.18,230.3 1 2
github.com/kronos/kronos/internal/agent/executor.go:231.2,232.18 2 2
github.com/kronos/kronos/internal/agent/executor.go:232.18,234.3 1 1
github.com/kronos/kronos/internal/agent/executor.go:235.2,235.20 1 1
github.com/kronos/kronos/internal/agent/executor.go:238.61,240.27 2 2
github.com/kronos/kronos/internal/agent/executor.go:240.27,242.3 1 2
github.com/kronos/kronos/internal/agent/executor.go:243.2,243.27 1 2
github.com/kronos/kronos/internal/agent/executor.go:243.27,245.3 1 2
github.com/kronos/kronos/internal/agent/executor.go:246.2,246.78 1 2
github.com/kronos/kronos/internal/agent/executor.go:246.78,247.62 1 10
github.com/kronos/kronos/internal/agent/executor.go:247.62,249.4 1 5
github.com/kronos/kronos/internal/agent/executor.go:251.2,251.27 1 2
github.com/kronos/kronos/internal/agent/executor.go:251.27,252.65 1 1
github.com/kronos/kronos/internal/agent/executor.go:252.65,254.4 1 1
github.com/kronos/kronos/internal/agent/executor.go:256.2,256.12 1 2
github.com/kronos/kronos/internal/agent/executor.go:259.66,260.27 1 24
github.com/kronos/kronos/internal/agent/executor.go:260.27,262.26 2 29
github.com/kronos/kronos/internal/agent/executor.go:262.26,263.12 1 14
github.com/kronos/kronos/internal/agent/executor.go:265.3,265.28 1 15
github.com/kronos/kronos/internal/agent/executor.go:266.15,267.12 1 12
github.com/kronos/kronos/internal/agent/executor.go:268.11,269.24 1 3
github.com/kronos/kronos/internal/agent/executor.go:272.2,272.11 1 9
github.com/kronos/kronos/internal/agent/executor.go:275.62,277.17 2 4
github.com/kronos/kronos/internal/agent/executor.go:277.17,279.3 1 1
github.com/kronos/kronos/internal/agent/executor.go:280.2,281.29 2 3
github.com/kronos/kronos/internal/agent/executor.go:284.57,285.18 1 1
github.com/kronos/kronos/internal/agent/executor.go:285.18,287.3 1 0
github.com/kronos/kronos/internal/agent/executor.go:288.2,289.29 2 1
github.com/kronos/kronos/internal/agent/executor.go:289.29,291.3 1 3
github.com/kronos/kronos/internal/agent/executor.go:292.2,292.12 1 1
github.com/kronos/kronos/internal/agent/executor.go:295.96,297.22 2 7
github.com/kronos/kronos/internal/agent/executor.go:297.22,299.3 1 0
github.com/kronos/kronos/internal/agent/executor.go:300.2,300.128 1 7
github.com/kronos/kronos/internal/agent/executor.go:300.128,302.3 1 0
github.com/kronos/kronos/internal/agent/executor.go:303.2,303.22 1 7
github.com/kronos/kronos/internal/agent/executor.go:303.22,305.3 1 1
github.com/kronos/kronos/internal/agent/executor.go:306.2,306.30 1 6
github.com/kronos/kronos/internal/agent/executor.go:306.30,308.3 1 0
github.com/kronos/kronos/internal/agent/executor.go:309.2,309.49 1 6
github.com/kronos/kronos/internal/agent/executor.go:309.49,311.3 1 0
github.com/kronos/kronos/internal/agent/executor.go:312.2,313.18 2 6
github.com/kronos/kronos/internal/agent/executor.go:313.18,315.3 1 0
github.com/kronos/kronos/internal/agent/executor.go:316.2,317.9 2 6
github.com/kronos/kronos/internal/agent/executor.go:317.9,319.3 1 0
github.com/kronos/kronos/internal/agent/executor.go:320.2,321.9 2 6
github.com/kronos/kronos/internal/agent/executor.go:321.9,323.3 1 0
github.com/kronos/kronos/internal/agent/executor.go:324.2,325.9 2 6
github.com/kronos/kronos/internal/agent/executor.go:325.9,327.3 1 0
github.com/kronos/kronos/internal/agent/executor.go:328.2,329.16 2 6
github.com/kronos/kronos/internal/agent/executor.go:329.16,331.3 1 0
github.com/kronos/kronos/internal/agent/executor.go:332.2,332.21 1 6
github.com/kronos/kronos/internal/agent/executor.go:332.21,334.3 1 0
github.com/kronos/kronos/internal/agent/executor.go:335.2,335.28 1 6
github.com/kronos/kronos/internal/agent/executor.go:335.28,337.3 1 0
github.com/kronos/kronos/internal/agent/executor.go:338.2,338.26 1 6
github.com/kronos/kronos/internal/agent/executor.go:338.26,340.3 1 0
github.com/kronos/kronos/internal/agent/executor.go:341.2,343.16 3 6
github.com/kronos/kronos/internal/agent/executor.go:343.16,345.3 1 0
github.com/kronos/kronos/internal/agent/executor.go:346.2,348.16 3 6
github.com/kronos/kronos/internal/agent/executor.go:348.16,350.3 1 0
github.com/kronos/kronos/internal/agent/executor.go:351.2,352.16 2 6
github.com/kronos/kronos/internal/agent/executor.go:352.16,354.3 1 0
github.com/kronos/kronos/internal/agent/executor.go:355.2,372.16 2 6
github.com/kronos/kronos/internal/agent/executor.go:372.16,374.3 1 0
github.com/kronos/kronos/internal/agent/executor.go:375.2,387.8 1 6
github.com/kronos/kronos/internal/agent/executor.go:390.239,391.39 1 6
github.com/kronos/kronos/internal/agent/executor.go:391.39,394.3 2 5
github.com/kronos/kronos/internal/agent/executor.go:395.2,395.33 1 1
github.com/kronos/kronos/internal/agent/executor.go:395.33,397.3 1 0
github.com/kronos/kronos/internal/agent/executor.go:398.2,399.9 2 1
github.com/kronos/kronos/internal/agent/executor.go:399.9,401.3 1 0
github.com/kronos/kronos/internal/agent/executor.go:402.2,402.32 1 1
github.com/kronos/kronos/internal/agent/executor.go:402.32,404.3 1 0
github.com/kronos/kronos/internal/agent/executor.go:405.2,406.16 2 1
github.com/kronos/kronos/internal/agent/executor.go:406.16,408.3 1 0
github.com/kronos/kronos/internal/agent/executor.go:409.2,410.16 2 1
github.com/kronos/kronos/internal/agent/executor.go:410.16,412.3 1 0
github.com/kronos/kronos/internal/agent/executor.go:413.2,414.31 2 1
github.com/kronos/kronos/internal/agent/executor.go:417.81,418.22 1 2
github.com/kronos/kronos/internal/agent/executor.go:418.22,420.3 1 0
github.com/kronos/kronos/internal/agent/executor.go:421.2,421.30 1 2
github.com/kronos/kronos/internal/agent/executor.go:421.30,423.3 1 0
github.com/kronos/kronos/internal/agent/executor.go:424.2,425.16 2 2
github.com/kronos/kronos/internal/agent/executor.go:425.16,427.3 1 0
github.com/kronos/kronos/internal/agent/executor.go:428.2,428.34 1 2
github.com/kronos/kronos/internal/agent/executor.go:428.34,430.3 1 0
github.com/kronos/kronos/internal/agent/executor.go:431.2,432.23 2 2
github.com/kronos/kronos/internal/agent/executor.go:432.23,434.3 1 0
github.com/kronos/kronos/internal/agent/executor.go:435.2,436.9 2 2
github.com/kronos/kronos/internal/agent/executor.go:436.9,438.3 1 0
github.com/kronos/kronos/internal/agent/executor.go:439.2,442.54 4 2
github.com/kronos/kronos/internal/agent/executor.go:442.54,443.25 1 0
github.com/kronos/kronos/internal/agent/executor.go:443.25,445.4 1 0
github.com/kronos/kronos/internal/agent/executor.go:446.3,446.26 1 0
github.com/kronos/kronos/internal/agent/executor.go:446.26,448.4 1 0
github.com/kronos/kronos/internal/agent/executor.go:450.2,450.51 1 2
github.com/kronos/kronos/internal/agent/executor.go:450.51,452.3 1 1
github.com/kronos/kronos/internal/agent/executor.go:453.2,453.24 1 2
github.com/kronos/kronos/internal/agent/executor.go:453.24,455.3 1 0
github.com/kronos/kronos/internal/agent/executor.go:456.2,456.27 1 2
github.com/kronos/kronos/internal/agent/executor.go:456.27,458.3 1 0
github.com/kronos/kronos/internal/agent/executor.go:459.2,460.9 2 2
github.com/kronos/kronos/internal/agent/executor.go:460.9,462.3 1 0
github.com/kronos/kronos/internal/agent/executor.go:463.2,464.9 2 2
github.com/kronos/kronos/internal/agent/executor.go:464.9,466.3 1 0
github.com/kronos/kronos/internal/agent/executor.go:467.2,468.16 2 2
github.com/kronos/kronos/internal/agent/executor.go:468.16,470.3 1 0
github.com/kronos/kronos/internal/agent/executor.go:471.2,471.21 1 2
github.com/kronos/kronos/internal/agent/executor.go:471.21,473.3 1 0
github.com/kronos/kronos/internal/agent/executor.go:474.2,475.16 2 2
github.com/kronos/kronos/internal/agent/executor.go:475.16,477.3 1 0
github.com/kronos/kronos/internal/agent/executor.go:478.2,486.12 2 2
github.com/kronos/kronos/internal/agent/executor.go:489.161,491.41 2 2
github.com/kronos/kronos/internal/agent/executor.go:491.41,492.26 1 3
github.com/kronos/kronos/internal/agent/executor.go:492.26,494.4 1 0
github.com/kronos/kronos/internal/agent/executor.go:495.3,496.17 2 3
github.com/kronos/kronos/internal/agent/executor.go:496.17,498.4 1 0
github.com/kronos/kronos/internal/agent/executor.go:499.3,500.17 2 3
github.com/kronos/kronos/internal/agent/executor.go:500.17,502.4 1 0
github.com/kronos/kronos/internal/agent/executor.go:503.3,503.39 1 3
github.com/kronos/kronos/internal/agent/executor.go:505.2,505.18 1 2
github.com/kronos/kronos/internal/agent/executor.go:508.64,509.47 1 6
github.com/kronos/kronos/internal/agent/executor.go:509.47,511.3 1 4
github.com/kronos/kronos/internal/agent/executor.go:512.2,512.49 1 2
github.com/kronos/kronos/internal/agent/executor.go:512.49,514.10 2 1
github.com/kronos/kronos/internal/agent/executor.go:514.10,516.4 1 0
github.com/kronos/kronos/internal/agent/executor.go:517.3,517.24 1 1
github.com/kronos/kronos/internal/agent/executor.go:519.2,519.59 1 1
github.com/kronos/kronos/internal/agent/executor.go:522.66,524.35 2 4
github.com/kronos/kronos/internal/agent/executor.go:524.35,526.17 2 3
github.com/kronos/kronos/internal/agent/executor.go:526.17,528.4 1 0
github.com/kronos/kronos/internal/agent/executor.go:529.3,529.37 1 3
github.com/kronos/kronos/internal/agent/executor.go:531.2,531.18 1 4
github.com/kronos/kronos/internal/agent/executor.go:534.42,535.17 1 8
github.com/kronos/kronos/internal/agent/executor.go:535.17,537.3 1 6
github.com/kronos/kronos/internal/agent/executor.go:538.2,539.15 2 2
github.com/kronos/kronos/internal/agent/worker.go:33.48,34.21 1 4
github.com/kronos/kronos/internal/agent/worker.go:34.21,36.3 1 1
github.com/kronos/kronos/internal/agent/worker.go:37.2,37.23 1 3
github.com/kronos/kronos/internal/agent/worker.go:37.23,39.3 1 1
github.com/kronos/kronos/internal/agent/worker.go:40.2,40.26 1 2
github.com/kronos/kronos/internal/agent/worker.go:40.26,42.3 1 1
github.com/kronos/kronos/internal/agent/worker.go:43.2,44.19 2 1
github.com/kronos/kronos/internal/agent/worker.go:44.19,46.3 1 0
github.com/kronos/kronos/internal/agent/worker.go:47.2,47.36 1 1
github.com/kronos/kronos/internal/agent/worker.go:47.36,49.3 1 1
github.com/kronos/kronos/internal/agent/worker.go:50.2,52.6 3 0
github.com/kronos/kronos/internal/agent/worker.go:52.6,53.10 1 0
github.com/kronos/kronos/internal/agent/worker.go:54.21,55.20 1 0
github.com/kronos/kronos/internal/agent/worker.go:56.19,57.38 1 0
github.com/kronos/kronos/internal/agent/worker.go:57.38,59.5 1 0
github.com/kronos/kronos/internal/agent/worker.go:64.49,65.64 1 4
github.com/kronos/kronos/internal/agent/worker.go:65.64,67.3 1 0
github.com/kronos/kronos/internal/agent/worker.go:68.2,69.51 2 4
github.com/kronos/kronos/internal/agent/worker.go:69.51,70.61 1 1
github.com/kronos/kronos/internal/agent/worker.go:70.61,72.4 1 0
github.com/kronos/kronos/internal/agent/worker.go:74.2,75.16 2 4
github.com/kronos/kronos/internal/agent/worker.go:75.16,77.3 1 3
github.com/kronos/kronos/internal/agent/worker.go:78.2,78.29 1 4
github.com/kronos/kronos/internal/agent/worker.go:78.29,80.17 2 4
github.com/kronos/kronos/internal/agent/worker.go:80.17,82.4 1 1
github.com/kronos/kronos/internal/agent/worker.go:83.3,83.17 1 3
github.com/kronos/kronos/internal/agent/worker.go:83.17,85.4 1 1
github.com/kronos/kronos/internal/agent/worker.go:86.3,86.46 1 2
github.com/kronos/kronos/internal/agent/worker.go:86.46,88.4 1 0
github.com/kronos/kronos/internal/agent/worker.go:90.2,90.12 1 2
github.com/kronos/kronos/internal/agent/worker.go:93.66,95.16 2 2
github.com/kronos/kronos/internal/agent/worker.go:95.16,97.23 2 1
github.com/kronos/kronos/internal/agent/worker.go:97.23,99.4 1 0
github.com/kronos/kronos/internal/agent/worker.go:100.3,100.13 1 1
github.com/kronos/kronos/internal/agent/worker.go:102.2,103.12 2 1
github.com/kronos/kronos/internal/chunk/envelope.go:33.113,34.19 1 10
github.com/kronos/kronos/internal/chunk/envelope.go:34.19,36.3 1 0
github.com/kronos/kronos/internal/chunk/envelope.go:37.2,37.17 1 10
github.com/kronos/kronos/internal/chunk/envelope.go:37.17,39.3 1 0
github.com/kronos/kronos/internal/chunk/envelope.go:40.2,41.16 2 10
github.com/kronos/kronos/internal/chunk/envelope.go:41.16,43.3 1 0
github.com/kronos/kronos/internal/chunk/envelope.go:44.2,45.16 2 10
github.com/kronos/kronos/internal/chunk/envelope.go:45.16,47.3 1 0
github.com/kronos/kronos/internal/chunk/envelope.go:48.2,55.16 3 10
github.com/kronos/kronos/internal/chunk/envelope.go:55.16,57.3 1 0
github.com/kronos/kronos/internal/chunk/envelope.go:58.2,63.17 6 10
github.com/kronos/kronos/internal/chunk/envelope.go:67.114,68.19 1 9
github.com/kronos/kronos/internal/chunk/envelope.go:68.19,70.3 1 0
github.com/kronos/kronos/internal/chunk/envelope.go:71.2,72.16 2 9
github.com/kronos/kronos/internal/chunk/envelope.go:72.16,74.3 1 1
github.com/kronos/kronos/internal/chunk/envelope.go:75.2,76.16 2 8
github.com/kronos/kronos/internal/chunk/envelope.go:76.16,78.3 1 0
github.com/kronos/kronos/internal/chunk/envelope.go:79.2,79.35 1 8
github.com/kronos/kronos/internal/chunk/envelope.go:79.35,81.3 1 0
github.com/kronos/kronos/internal/chunk/envelope.go:82.2,84.16 3 8
github.com/kronos/kronos/internal/chunk/envelope.go:84.16,86.3 1 3
github.com/kronos/kronos/internal/chunk/envelope.go:87.2,87.31 1 5
github.com/kronos/kronos/internal/chunk/envelope.go:91.72,94.54 3 10
github.com/kronos/kronos/internal/chunk/envelope.go:94.54,96.3 1 0
github.com/kronos/kronos/internal/chunk/envelope.go:97.2,97.36 1 10
github.com/kronos/kronos/internal/chunk/envelope.go:97.36,99.3 1 0
github.com/kronos/kronos/internal/chunk/envelope.go:100.2,101.16 2 10
github.com/kronos/kronos/internal/chunk/envelope.go:101.16,103.3 1 0
github.com/kronos/kronos/internal/chunk/envelope.go:104.2,104.32 1 10
github.com/kronos/kronos/internal/chunk/envelope.go:104.32,106.3 1 1
github.com/kronos/kronos/internal/chunk/envelope.go:107.2,108.16 2 9
github.com/kronos/kronos/internal/chunk/envelope.go:108.16,110.3 1 0
github.com/kronos/kronos/internal/chunk/envelope.go:111.2,112.16 2 9
github.com/kronos/kronos/internal/chunk/envelope.go:112.16,114.3 1 0
github.com/kronos/kronos/internal/chunk/envelope.go:115.2,116.71 2 9
github.com/kronos/kronos/internal/chunk/envelope.go:116.71,118.3 1 0
github.com/kronos/kronos/internal/chunk/envelope.go:119.2,119.19 1 9
github.com/kronos/kronos/internal/chunk/envelope.go:119.19,121.3 1 0
github.com/kronos/kronos/internal/chunk/envelope.go:122.2,122.17 1 9
github.com/kronos/kronos/internal/chunk/envelope.go:122.17,124.3 1 0
github.com/kronos/kronos/internal/chunk/envelope.go:125.2,126.54 2 9
github.com/kronos/kronos/internal/chunk/envelope.go:126.54,128.3 1 0
github.com/kronos/kronos/internal/chunk/envelope.go:129.2,130.52 2 9
github.com/kronos/kronos/internal/chunk/envelope.go:130.52,132.3 1 0
github.com/kronos/kronos/internal/chunk/envelope.go:133.2,138.74 1 9
github.com/kronos/kronos/internal/chunk/envelope.go:141.59,142.39 1 11
github.com/kronos/kronos/internal/chunk/envelope.go:142.39,144.3 1 0
github.com/kronos/kronos/internal/chunk/envelope.go:145.2,145.85 1 11
github.com/kronos/kronos/internal/chunk/envelope.go:145.85,147.3 1 0
github.com/kronos/kronos/internal/chunk/envelope.go:148.2,148.55 1 11
github.com/kronos/kronos/internal/chunk/envelope.go:148.55,150.3 1 0
github.com/kronos/kronos/internal/chunk/envelope.go:151.2,151.57 1 11
github.com/kronos/kronos/internal/chunk/envelope.go:151.57,153.3 1 0
github.com/kronos/kronos/internal/chunk/envelope.go:155.2,163.25 9 11
github.com/kronos/kronos/internal/chunk/envelope.go:166.51,167.14 1 18
github.com/kronos/kronos/internal/chunk/envelope.go:168.34,169.33 1 16
github.com/kronos/kronos/internal/chunk/envelope.go:170.41,171.32 1 2
github.com/kronos/kronos/internal/chunk/envelope.go:172.10,173.64 1 0
github.com/kronos/kronos/internal/chunk/envelope.go:177.70,182.2 4 18
github.com/kronos/kronos/internal/chunk/fastcdc.go:33.74,34.18 1 9
github.com/kronos/kronos/internal/chunk/fastcdc.go:34.18,36.3 1 1
github.com/kronos/kronos/internal/chunk/fastcdc.go:37.2,37.23 1 8
github.com/kronos/kronos/internal/chunk/fastcdc.go:37.23,39.3 1 1
github.com/kronos/kronos/internal/chunk/fastcdc.go:40.2,40.23 1 7
github.com/kronos/kronos/internal/chunk/fastcdc.go:40.23,42.3 1 1
github.com/kronos/kronos/internal/chunk/fastcdc.go:43.2,48.8 1 6
github.com/kronos/kronos/internal/chunk/fastcdc.go:52.35,59.2 1 1
github.com/kronos/kronos/internal/chunk/fastcdc.go:62.55,64.46 2 6
github.com/kronos/kronos/internal/chunk/fastcdc.go:64.46,67.3 2 237
github.com/kronos/kronos/internal/chunk/fastcdc.go:68.2,68.20 1 6
github.com/kronos/kronos/internal/chunk/fastcdc.go:72.68,73.14 1 9
github.com/kronos/kronos/internal/chunk/fastcdc.go:73.14,75.3 1 0
github.com/kronos/kronos/internal/chunk/fastcdc.go:76.2,76.14 1 9
github.com/kronos/kronos/internal/chunk/fastcdc.go:76.14,78.3 1 0
github.com/kronos/kronos/internal/chunk/fastcdc.go:79.2,79.15 1 9
github.com/kronos/kronos/internal/chunk/fastcdc.go:79.15,81.3 1 0
github.com/kronos/kronos/internal/chunk/fastcdc.go:82.2,86.6 5 9
github.com/kronos/kronos/internal/chunk/fastcdc.go:86.6,87.36 1 293
github.com/kronos/kronos/internal/chunk/fastcdc.go:87.36,89.60 2 290
github.com/kronos/kronos/internal/chunk/fastcdc.go:89.60,91.5 1 288
github.com/kronos/kronos/internal/chunk/fastcdc.go:92.4,93.13 2 290
github.com/kronos/kronos/internal/chunk/fastcdc.go:93.13,95.5 1 281
github.com/kronos/kronos/internal/chunk/fastcdc.go:96.4,96.21 1 290
github.com/kronos/kronos/internal/chunk/fastcdc.go:96.21,98.10 2 9
github.com/kronos/kronos/internal/chunk/fastcdc.go:100.4,100.18 1 281
github.com/kronos/kronos/internal/chunk/fastcdc.go:100.18,102.5 1 0
github.com/kronos/kronos/internal/chunk/fastcdc.go:103.4,103.14 1 281
github.com/kronos/kronos/internal/chunk/fastcdc.go:103.14,104.10 1 0
github.com/kronos/kronos/internal/chunk/fastcdc.go:107.3,107.20 1 293
github.com/kronos/kronos/internal/chunk/fastcdc.go:107.20,109.4 1 9
github.com/kronos/kronos/internal/chunk/fastcdc.go:110.3,113.75 4 284
github.com/kronos/kronos/internal/chunk/fastcdc.go:113.75,115.4 1 0
github.com/kronos/kronos/internal/chunk/fastcdc.go:116.3,118.28 3 284
github.com/kronos/kronos/internal/chunk/fastcdc.go:122.45,123.28 1 284
github.com/kronos/kronos/internal/chunk/fastcdc.go:123.28,125.3 1 2
github.com/kronos/kronos/internal/chunk/fastcdc.go:126.2,127.23 2 282
github.com/kronos/kronos/internal/chunk/fastcdc.go:127.23,129.3 1 0
github.com/kronos/kronos/internal/chunk/fastcdc.go:130.2,131.37 2 282
github.com/kronos/kronos/internal/chunk/fastcdc.go:131.37,133.43 2 2300942
github.com/kronos/kronos/internal/chunk/fastcdc.go:133.43,135.4 1 274
github.com/kronos/kronos/internal/chunk/fastcdc.go:137.2,137.14 1 8
github.com/kronos/kronos/internal/chunk/fastcdc.go:140.37,142.40 2 7
github.com/kronos/kronos/internal/chunk/fastcdc.go:142.40,144.3 1 78
github.com/kronos/kronos/internal/chunk/fastcdc.go:145.2,145.15 1 7
github.com/kronos/kronos/internal/chunk/fastcdc.go:145.15,147.3 1 0
github.com/kronos/kronos/internal/chunk/fastcdc.go:148.2,148.32 1 7
github.com/kronos/kronos/internal/chunk/hash.go:20.34,22.2 1 2521
github.com/kronos/kronos/internal/chunk/hash.go:25.44,26.14 1 1
github.com/kronos/kronos/internal/chunk/hash.go:26.14,28.3 1 0
github.com/kronos/kronos/internal/chunk/hash.go:29.2,30.46 2 1
github.com/kronos/kronos/internal/chunk/hash.go:30.46,32.3 1 0
github.com/kronos/kronos/internal/chunk/hash.go:33.2,35.17 3 1
github.com/kronos/kronos/internal/chunk/hash.go:39.31,41.2 1 13
github.com/kronos/kronos/internal/chunk/hash.go:44.44,46.16 2 2
github.com/kronos/kronos/internal/chunk/hash.go:46.16,48.3 1 0
github.com/kronos/kronos/internal/chunk/hash.go:49.2,49.27 1 2
github.com/kronos/kronos/internal/chunk/hash.go:49.27,51.3 1 1
github.com/kronos/kronos/internal/chunk/hash.go:52.2,54.17 3 1
github.com/kronos/kronos/internal/chunk/index.go:23.52,24.26 1 3
github.com/kronos/kronos/internal/chunk/index.go:24.26,26.3 1 0
github.com/kronos/kronos/internal/chunk/index.go:27.2,28.16 2 3
github.com/kronos/kronos/internal/chunk/index.go:28.16,30.3 1 0
github.com/kronos/kronos/internal/chunk/index.go:31.2,34.8 1 3
github.com/kronos/kronos/internal/chunk/index.go:38.37,42.34 3 2005
github.com/kronos/kronos/internal/chunk/index.go:42.34,44.3 1 1
github.com/kronos/kronos/internal/chunk/index.go:45.2,47.13 3 2004
github.com/kronos/kronos/internal/chunk/index.go:51.42,55.37 3 2002
github.com/kronos/kronos/internal/chunk/index.go:55.37,57.3 1 1
github.com/kronos/kronos/internal/chunk/index.go:58.2,59.11 2 2001
github.com/kronos/kronos/internal/chunk/index.go:63.47,67.2 3 1
github.com/kronos/kronos/internal/chunk/index.go:70.27,74.2 3 3
github.com/kronos/kronos/internal/chunk/index.go:77.36,85.2 3 1
github.com/kronos/kronos/internal/chunk/index.go:102.72,103.19 1 6
github.com/kronos/kronos/internal/chunk/index.go:103.19,105.3 1 1
github.com/kronos/kronos/internal/chunk/index.go:106.2,106.20 1 5
github.com/kronos/kronos/internal/chunk/index.go:106.20,108.3 1 1
github.com/kronos/kronos/internal/chunk/index.go:109.2,114.8 2 4
github.com/kronos/kronos/internal/chunk/index.go:118.40,120.40 2 2504
github.com/kronos/kronos/internal/chunk/index.go:120.40,123.3 2 17528
github.com/kronos/kronos/internal/chunk/index.go:127.55,129.40 2 2503
github.com/kronos/kronos/internal/chunk/index.go:129.40,131.48 2 17515
github.com/kronos/kronos/internal/chunk/index.go:131.48,133.4 1 1
github.com/kronos/kronos/internal/chunk/index.go:135.2,135.13 1 2502
github.com/kronos/kronos/internal/chunk/index.go:139.38,141.2 1 1
github.com/kronos/kronos/internal/chunk/index.go:144.36,146.2 1 1
github.com/kronos/kronos/internal/chunk/index.go:148.48,159.13 10 5007
github.com/kronos/kronos/internal/chunk/index.go:159.13,161.3 1 0
github.com/kronos/kronos/internal/chunk/index.go:162.2,162.15 1 5007
github.com/kronos/kronos/internal/chunk/pipeline.go:99.86,100.14 1 5
github.com/kronos/kronos/internal/chunk/pipeline.go:100.14,102.3 1 0
github.com/kronos/kronos/internal/chunk/pipeline.go:103.2,103.16 1 5
github.com/kronos/kronos/internal/chunk/pipeline.go:103.16,105.3 1 0
github.com/kronos/kronos/internal/chunk/pipeline.go:106.2,106.14 1 5
github.com/kronos/kronos/internal/chunk/pipeline.go:106.14,108.3 1 0
github.com/kronos/kronos/internal/chunk/pipeline.go:110.2,129.26 17 5
github.com/kronos/kronos/internal/chunk/pipeline.go:129.26,130.17 1 2
github.com/kronos/kronos/internal/chunk/pipeline.go:130.17,132.4 1 0
github.com/kronos/kronos/internal/chunk/pipeline.go:133.3,133.18 1 2
github.com/kronos/kronos/internal/chunk/pipeline.go:133.18,139.4 5 1
github.com/kronos/kronos/internal/chunk/pipeline.go:141.2,141.25 1 5
github.com/kronos/kronos/internal/chunk/pipeline.go:141.25,145.3 3 4
github.com/kronos/kronos/internal/chunk/pipeline.go:147.2,147.12 1 5
github.com/kronos/kronos/internal/chunk/pipeline.go:147.12,149.50 2 5
github.com/kronos/kronos/internal/chunk/pipeline.go:149.50,151.4 1 1
github.com/kronos/kronos/internal/chunk/pipeline.go:154.2,155.31 2 5
github.com/kronos/kronos/internal/chunk/pipeline.go:155.31,157.13 2 9
github.com/kronos/kronos/internal/chunk/pipeline.go:157.13,159.31 2 9
github.com/kronos/kronos/internal/chunk/pipeline.go:159.31,161.19 2 15
github.com/kronos/kronos/internal/chunk/pipeline.go:161.19,164.6 2 1
github.com/kronos/kronos/internal/chunk/pipeline.go:165.5,165.59 1 14
github.com/kronos/kronos/internal/chunk/pipeline.go:165.59,167.6 1 1
github.com/kronos/kronos/internal/chunk/pipeline.go:171.2,171.12 1 5
github.com/kronos/kronos/internal/chunk/pipeline.go:171.12,174.3 2 5
github.com/kronos/kronos/internal/chunk/pipeline.go:176.2,177.31 2 5
github.com/kronos/kronos/internal/chunk/pipeline.go:177.31,179.13 2 9
github.com/kronos/kronos/internal/chunk/pipeline.go:179.13,181.31 2 9
github.com/kronos/kronos/internal/chunk/pipeline.go:181.31,183.19 2 13
github.com/kronos/kronos/internal/chunk/pipeline.go:183.19,186.6 2 0
github.com/kronos/kronos/internal/chunk/pipeline.go:187.5,187.63 1 13
github.com/kronos/kronos/internal/chunk/pipeline.go:187.63,189.6 1 1
github.com/kronos/kronos/internal/chunk/pipeline.go:193.2,193.12 1 5
github.com/kronos/kronos/internal/chunk/pipeline.go:193.12,196.3 2 5
github.com/kronos/kronos/internal/chunk/pipeline.go:198.2,199.31 2 5
github.com/kronos/kronos/internal/chunk/pipeline.go:199.31,201.13 2 9
github.com/kronos/kronos/internal/chunk/pipeline.go:201.13,203.34 2 9
github.com/kronos/kronos/internal/chunk/pipeline.go:203.34,205.19 2 12
github.com/kronos/kronos/internal/chunk/pipeline.go:205.19,208.6 2 0
github.com/kronos/kronos/internal/chunk/pipeline.go:209.5,209.52 1 12
github.com/kronos/kronos/internal/chunk/pipeline.go:209.52,211.6 1 1
github.com/kronos/kronos/internal/chunk/pipeline.go:215.2,215.12 1 5
github.com/kronos/kronos/internal/chunk/pipeline.go:215.12,218.3 2 5
github.com/kronos/kronos/internal/chunk/pipeline.go:220.2,222.6 3 5
github.com/kronos/kronos/internal/chunk/pipeline.go:222.6,223.10 1 15
github.com/kronos/kronos/internal/chunk/pipeline.go:224.27,225.11 1 14
github.com/kronos/kronos/internal/chunk/pipeline.go:225.11,226.36 1 4
github.com/kronos/kronos/internal/chunk/pipeline.go:226.36,228.6 1 0
github.com/kronos/kronos/internal/chunk/pipeline.go:229.5,229.42 1 4
github.com/kronos/kronos/internal/chunk/pipeline.go:229.42,231.6 1 6
github.com/kronos/kronos/internal/chunk/pipeline.go:232.5,232.28 1 4
github.com/kronos/kronos/internal/chunk/pipeline.go:234.4,237.21 4 10
github.com/kronos/kronos/internal/chunk/pipeline.go:237.21,239.5 1 2
github.com/kronos/kronos/internal/chunk/pipeline.go:239.10,242.5 2 8
github.com/kronos/kronos/internal/chunk/pipeline.go:243.23,245.20 2 1
github.com/kronos/kronos/internal/chunk/pipeline.go:245.21,246.5 0 1
github.com/kronos/kronos/internal/chunk/pipeline.go:247.4,247.26 1 1
github.com/kronos/kronos/internal/chunk/pipeline.go:253.94,254.14 1 2
github.com/kronos/kronos/internal/chunk/pipeline.go:254.14,256.3 1 0
github.com/kronos/kronos/internal/chunk/pipeline.go:257.2,257.16 1 2
github.com/kronos/kronos/internal/chunk/pipeline.go:257.16,259.3 1 0
github.com/kronos/kronos/internal/chunk/pipeline.go:260.2,260.22 1 2
github.com/kronos/kronos/internal/chunk/pipeline.go:260.22,262.3 1 0
github.com/kronos/kronos/internal/chunk/pipeline.go:263.2,263.21 1 2
github.com/kronos/kronos/internal/chunk/pipeline.go:263.21,265.3 1 0
github.com/kronos/kronos/internal/chunk/pipeline.go:266.2,266.14 1 2
github.com/kronos/kronos/internal/chunk/pipeline.go:266.14,268.3 1 0
github.com/kronos/kronos/internal/chunk/pipeline.go:270.2,271.42 2 2
github.com/kronos/kronos/internal/chunk/pipeline.go:271.42,273.3 1 2
github.com/kronos/kronos/internal/chunk/pipeline.go:275.2,276.30 2 2
github.com/kronos/kronos/internal/chunk/pipeline.go:276.30,277.35 1 4
github.com/kronos/kronos/internal/chunk/pipeline.go:277.35,279.4 1 0
github.com/kronos/kronos/internal/chunk/pipeline.go:280.3,280.20 1 4
github.com/kronos/kronos/internal/chunk/pipeline.go:280.20,282.4 1 0
github.com/kronos/kronos/internal/chunk/pipeline.go:283.3,284.17 2 4
github.com/kronos/kronos/internal/chunk/pipeline.go:284.17,286.4 1 0
[...]
github.com/kronos/kronos/internal/storage/s3/backend.go:432.2,433.67 2 2
github.com/kronos/kronos/internal/storage/s3/backend.go:433.67,435.3 1 0
github.com/kronos/kronos/internal/storage/s3/backend.go:436.2,436.28 1 2
github.com/kronos/kronos/internal/storage/s3/backend.go:436.28,438.3 1 0
github.com/kronos/kronos/internal/storage/s3/backend.go:439.2,439.30 1 2
github.com/kronos/kronos/internal/storage/s3/backend.go:442.153,444.16 2 5
github.com/kronos/kronos/internal/storage/s3/backend.go:444.16,446.3 1 0
github.com/kronos/kronos/internal/storage/s3/backend.go:447.2,452.16 6 5
github.com/kronos/kronos/internal/storage/s3/backend.go:452.16,454.3 1 0
github.com/kronos/kronos/internal/storage/s3/backend.go:455.2,457.46 3 5
github.com/kronos/kronos/internal/storage/s3/backend.go:457.46,459.3 1 4
github.com/kronos/kronos/internal/storage/s3/backend.go:460.2,460.54 1 5
github.com/kronos/kronos/internal/storage/s3/backend.go:460.54,462.3 1 0
github.com/kronos/kronos/internal/storage/s3/backend.go:463.2,464.16 2 5
github.com/kronos/kronos/internal/storage/s3/backend.go:464.16,466.3 1 0
github.com/kronos/kronos/internal/storage/s3/backend.go:467.2,468.58 2 5
github.com/kronos/kronos/internal/storage/s3/backend.go:468.58,470.3 1 1
github.com/kronos/kronos/internal/storage/s3/backend.go:471.2,472.26 2 4
github.com/kronos/kronos/internal/storage/s3/backend.go:472.26,474.3 1 0
github.com/kronos/kronos/internal/storage/s3/backend.go:475.2,475.18 1 4
github.com/kronos/kronos/internal/storage/s3/backend.go:478.144,480.16 2 1
github.com/kronos/kronos/internal/storage/s3/backend.go:480.16,482.3 1 0
github.com/kronos/kronos/internal/storage/s3/backend.go:483.2,488.16 6 1
github.com/kronos/kronos/internal/storage/s3/backend.go:488.16,490.3 1 0
github.com/kronos/kronos/internal/storage/s3/backend.go:491.2,493.46 3 1
github.com/kronos/kronos/internal/storage/s3/backend.go:493.46,495.3 1 0
github.com/kronos/kronos/internal/storage/s3/backend.go:496.2,496.54 1 1
github.com/kronos/kronos/internal/storage/s3/backend.go:496.54,498.3 1 0
github.com/kronos/kronos/internal/storage/s3/backend.go:499.2,500.16 2 1
github.com/kronos/kronos/internal/storage/s3/backend.go:500.16,502.3 1 0
github.com/kronos/kronos/internal/storage/s3/backend.go:503.2,504.78 2 1
github.com/kronos/kronos/internal/storage/s3/backend.go:504.78,506.3 1 0
github.com/kronos/kronos/internal/storage/s3/backend.go:507.2,507.57 1 1
github.com/kronos/kronos/internal/storage/s3/backend.go:510.96,514.16 4 1
github.com/kronos/kronos/internal/storage/s3/backend.go:514.16,516.3 1 0
github.com/kronos/kronos/internal/storage/s3/backend.go:517.2,517.61 1 1
github.com/kronos/kronos/internal/storage/s3/backend.go:517.61,519.3 1 0
github.com/kronos/kronos/internal/storage/s3/backend.go:520.2,521.16 2 1
github.com/kronos/kronos/internal/storage/s3/backend.go:521.16,523.3 1 0
github.com/kronos/kronos/internal/storage/s3/backend.go:524.2,525.64 2 1
github.com/kronos/kronos/internal/storage/s3/backend.go:528.90,530.16 2 30
github.com/kronos/kronos/internal/storage/s3/backend.go:530.16,532.3 1 0
github.com/kronos/kronos/internal/storage/s3/backend.go:533.2,534.12 2 30
github.com/kronos/kronos/internal/storage/s3/backend.go:537.73,538.28 1 30
github.com/kronos/kronos/internal/storage/s3/backend.go:538.28,540.3 1 28
github.com/kronos/kronos/internal/storage/s3/backend.go:541.2,543.77 3 2
github.com/kronos/kronos/internal/storage/s3/backend.go:543.77,545.3 1 1
github.com/kronos/kronos/internal/storage/s3/backend.go:546.2,547.16 2 1
github.com/kronos/kronos/internal/storage/s3/backend.go:547.16,549.3 1 0
github.com/kronos/kronos/internal/storage/s3/backend.go:550.2,551.16 2 1
github.com/kronos/kronos/internal/storage/s3/backend.go:551.16,553.3 1 0
github.com/kronos/kronos/internal/storage/s3/backend.go:554.2,555.19 2 1
github.com/kronos/kronos/internal/storage/s3/backend.go:558.68,559.30 1 2
github.com/kronos/kronos/internal/storage/s3/backend.go:559.30,561.3 1 0
github.com/kronos/kronos/internal/storage/s3/backend.go:562.2,562.57 1 2
github.com/kronos/kronos/internal/storage/s3/backend.go:565.65,568.19 3 30
github.com/kronos/kronos/internal/storage/s3/backend.go:568.19,570.3 1 0
github.com/kronos/kronos/internal/storage/s3/backend.go:572.2,572.51 1 30
github.com/kronos/kronos/internal/storage/s3/backend.go:572.51,573.45 1 35
github.com/kronos/kronos/internal/storage/s3/backend.go:573.45,575.4 1 0
github.com/kronos/kronos/internal/storage/s3/backend.go:576.3,577.22 2 35
github.com/kronos/kronos/internal/storage/s3/backend.go:577.22,578.20 1 18
github.com/kronos/kronos/internal/storage/s3/backend.go:578.20,580.5 1 13
github.com/kronos/kronos/internal/storage/s3/backend.go:580.10,581.27 1 5
github.com/kronos/kronos/internal/storage/s3/backend.go:581.27,583.6 1 0
github.com/kronos/kronos/internal/storage/s3/backend.go:584.5,585.19 2 5
github.com/kronos/kronos/internal/storage/s3/backend.go:585.19,587.6 1 0
github.com/kronos/kronos/internal/storage/s3/backend.go:588.5,588.27 1 5
github.com/kronos/kronos/internal/storage/s3/backend.go:591.3,595.17 4 35
github.com/kronos/kronos/internal/storage/s3/backend.go:595.17,597.27 2 0
github.com/kronos/kronos/internal/storage/s3/backend.go:597.27,599.5 1 0
github.com/kronos/kronos/internal/storage/s3/backend.go:600.4,601.12 2 0
github.com/kronos/kronos/internal/storage/s3/backend.go:603.3,603.65 1 35
github.com/kronos/kronos/internal/storage/s3/backend.go:603.65,605.4 1 30
github.com/kronos/kronos/internal/storage/s3/backend.go:607.3,610.46 4 5
github.com/kronos/kronos/internal/storage/s3/backend.go:612.2,612.21 1 0
github.com/kronos/kronos/internal/storage/s3/backend.go:615.77,616.19 1 5
github.com/kronos/kronos/internal/storage/s3/backend.go:616.19,617.54 1 5
github.com/kronos/kronos/internal/storage/s3/backend.go:617.54,618.71 1 1
github.com/kronos/kronos/internal/storage/s3/backend.go:618.71,620.5 1 1
github.com/kronos/kronos/internal/storage/s3/backend.go:621.4,621.54 1 0
github.com/kronos/kronos/internal/storage/s3/backend.go:621.54,623.18 2 0
github.com/kronos/kronos/internal/storage/s3/backend.go:623.18,625.6 1 0
github.com/kronos/kronos/internal/storage/s3/backend.go:626.5,626.13 1 0
github.com/kronos/kronos/internal/storage/s3/backend.go:631.2,632.16 2 4
github.com/kronos/kronos/internal/storage/s3/backend.go:632.16,634.3 1 0
github.com/kronos/kronos/internal/storage/s3/backend.go:635.2,635.17 1 4
github.com/kronos/kronos/internal/storage/s3/backend.go:635.17,638.3 2 3
github.com/kronos/kronos/internal/storage/s3/backend.go:639.2,639.54 1 4
github.com/kronos/kronos/internal/storage/s3/backend.go:639.54,641.3 1 0
github.com/kronos/kronos/internal/storage/s3/backend.go:642.2,642.16 1 4
github.com/kronos/kronos/internal/storage/s3/backend.go:642.16,644.3 1 0
github.com/kronos/kronos/internal/storage/s3/backend.go:645.2,646.25 2 4
github.com/kronos/kronos/internal/storage/s3/backend.go:649.41,656.2 1 35
github.com/kronos/kronos/internal/storage/s3/backend.go:658.135,659.15 1 31
github.com/kronos/kronos/internal/storage/s3/backend.go:659.15,660.42 1 30
github.com/kronos/kronos/internal/storage/s3/backend.go:660.42,662.4 1 0
github.com/kronos/kronos/internal/storage/s3/backend.go:664.2,666.22 3 31
github.com/kronos/kronos/internal/storage/s3/backend.go:666.22,667.16 1 30
github.com/kronos/kronos/internal/storage/s3/backend.go:667.16,669.4 1 1
github.com/kronos/kronos/internal/storage/s3/backend.go:669.9,671.4 1 29
github.com/kronos/kronos/internal/storage/s3/backend.go:672.8,674.16 2 1
github.com/kronos/kronos/internal/storage/s3/backend.go:674.16,676.4 1 0
github.com/kronos/kronos/internal/storage/s3/backend.go:676.9,678.4 1 1
github.com/kronos/kronos/internal/storage/s3/backend.go:680.2,680.75 1 31
github.com/kronos/kronos/internal/storage/s3/backend.go:683.36,685.112 2 45
github.com/kronos/kronos/internal/storage/s3/backend.go:685.112,687.3 1 4
github.com/kronos/kronos/internal/storage/s3/backend.go:688.2,688.33 1 41
github.com/kronos/kronos/internal/storage/s3/backend.go:688.33,690.3 1 1
github.com/kronos/kronos/internal/storage/s3/backend.go:691.2,691.50 1 40
github.com/kronos/kronos/internal/storage/s3/backend.go:691.50,692.22 1 81
github.com/kronos/kronos/internal/storage/s3/backend.go:692.22,694.4 1 1
github.com/kronos/kronos/internal/storage/s3/backend.go:696.2,696.12 1 39
github.com/kronos/kronos/internal/storage/s3/backend.go:699.65,700.14 1 9
github.com/kronos/kronos/internal/storage/s3/backend.go:700.14,702.3 1 0
github.com/kronos/kronos/internal/storage/s3/backend.go:703.2,704.16 2 9
github.com/kronos/kronos/internal/storage/s3/backend.go:704.16,706.3 1 0
github.com/kronos/kronos/internal/storage/s3/backend.go:707.2,709.16 3 9
github.com/kronos/kronos/internal/storage/s3/backend.go:709.16,713.3 3 0
github.com/kronos/kronos/internal/storage/s3/backend.go:714.2,714.36 1 9
github.com/kronos/kronos/internal/storage/s3/backend.go:714.36,718.3 3 0
github.com/kronos/kronos/internal/storage/s3/backend.go:719.2,719.62 1 9
github.com/kronos/kronos/internal/storage/s3/backend.go:722.75,724.82 2 5
github.com/kronos/kronos/internal/storage/s3/backend.go:724.82,726.3 1 0
github.com/kronos/kronos/internal/storage/s3/backend.go:727.2,727.47 1 5
github.com/kronos/kronos/internal/storage/s3/backend.go:730.41,732.2 1 1
github.com/kronos/kronos/internal/storage/s3/backend.go:734.99,736.56 2 12
github.com/kronos/kronos/internal/storage/s3/backend.go:736.56,737.65 1 12
github.com/kronos/kronos/internal/storage/s3/backend.go:737.65,738.38 1 12
github.com/kronos/kronos/internal/storage/s3/backend.go:738.38,740.5 1 6
github.com/kronos/kronos/internal/storage/s3/backend.go:743.2,744.55 2 12
github.com/kronos/kronos/internal/storage/s3/backend.go:744.55,745.55 1 12
github.com/kronos/kronos/internal/storage/s3/backend.go:745.55,747.4 1 12
github.com/kronos/kronos/internal/storage/s3/backend.go:749.2,754.3 1 12
github.com/kronos/kronos/internal/storage/s3/backend.go:757.35,759.2 1 18
github.com/kronos/kronos/internal/storage/s3/backend.go:766.43,768.2 1 1
github.com/kronos/kronos/internal/storage/s3/backend.go:770.62,771.33 1 23
github.com/kronos/kronos/internal/storage/s3/backend.go:771.33,772.32 1 26
github.com/kronos/kronos/internal/storage/s3/backend.go:772.32,774.4 1 22
github.com/kronos/kronos/internal/storage/s3/backend.go:776.2,776.57 1 1
github.com/kronos/kronos/internal/storage/s3/backend.go:809.51,810.20 1 3
github.com/kronos/kronos/internal/storage/s3/backend.go:810.20,813.3 2 1
github.com/kronos/kronos/internal/storage/s3/backend.go:814.2,815.16 2 2
github.com/kronos/kronos/internal/storage/s3/backend.go:815.16,817.3 1 1
github.com/kronos/kronos/internal/storage/s3/backend.go:818.2,819.12 2 1
github.com/kronos/kronos/internal/storage/s3/credentials.go:30.85,32.2 1 5
github.com/kronos/kronos/internal/storage/s3/credentials.go:40.86,41.34 1 2
github.com/kronos/kronos/internal/storage/s3/credentials.go:41.34,43.3 1 1
github.com/kronos/kronos/internal/storage/s3/credentials.go:44.2,44.43 1 1
github.com/kronos/kronos/internal/storage/s3/credentials.go:51.81,52.34 1 2
github.com/kronos/kronos/internal/storage/s3/credentials.go:52.34,54.3 1 1
github.com/kronos/kronos/internal/storage/s3/credentials.go:55.2,59.4 1 1
github.com/kronos/kronos/internal/storage/s3/credentials.go:73.80,74.21 1 4
github.com/kronos/kronos/internal/storage/s3/credentials.go:74.21,76.3 1 1
github.com/kronos/kronos/internal/storage/s3/credentials.go:77.2,77.23 1 3
github.com/kronos/kronos/internal/storage/s3/credentials.go:77.23,79.3 1 1
github.com/kronos/kronos/internal/storage/s3/credentials.go:80.2,81.16 2 2
github.com/kronos/kronos/internal/storage/s3/credentials.go:81.16,83.3 1 0
github.com/kronos/kronos/internal/storage/s3/credentials.go:84.2,85.20 2 2
github.com/kronos/kronos/internal/storage/s3/credentials.go:85.20,87.3 1 0
github.com/kronos/kronos/internal/storage/s3/credentials.go:88.2,89.23 2 2
github.com/kronos/kronos/internal/storage/s3/credentials.go:89.23,91.3 1 1
github.com/kronos/kronos/internal/storage/s3/credentials.go:92.2,98.27 7 2
github.com/kronos/kronos/internal/storage/s3/credentials.go:98.27,100.3 1 0
github.com/kronos/kronos/internal/storage/s3/credentials.go:102.2,103.16 2 2
github.com/kronos/kronos/internal/storage/s3/credentials.go:103.16,105.3 1 0
github.com/kronos/kronos/internal/storage/s3/credentials.go:106.2,109.19 3 2
github.com/kronos/kronos/internal/storage/s3/credentials.go:109.19,111.3 1 0
github.com/kronos/kronos/internal/storage/s3/credentials.go:112.2,113.16 2 2
github.com/kronos/kronos/internal/storage/s3/credentials.go:113.16,115.3 1 0
github.com/kronos/kronos/internal/storage/s3/credentials.go:116.2,117.52 2 2
github.com/kronos/kronos/internal/storage/s3/credentials.go:117.52,119.3 1 1
github.com/kronos/kronos/internal/storage/s3/credentials.go:121.2,122.63 2 1
github.com/kronos/kronos/internal/storage/s3/credentials.go:122.63,124.3 1 0
github.com/kronos/kronos/internal/storage/s3/credentials.go:125.2,130.4 1 1
github.com/kronos/kronos/internal/storage/s3/credentials.go:141.73,143.20 2 3
github.com/kronos/kronos/internal/storage/s3/credentials.go:143.20,145.3 1 0
github.com/kronos/kronos/internal/storage/s3/credentials.go:146.2,147.19 2 3
github.com/kronos/kronos/internal/storage/s3/credentials.go:147.19,149.3 1 0
github.com/kronos/kronos/internal/storage/s3/credentials.go:150.2,151.14 2 3
github.com/kronos/kronos/internal/storage/s3/credentials.go:151.14,153.3 1 3
github.com/kronos/kronos/internal/storage/s3/credentials.go:155.2,156.16 2 3
github.com/kronos/kronos/internal/storage/s3/credentials.go:156.16,158.3 1 0
github.com/kronos/kronos/internal/storage/s3/credentials.go:159.2,161.16 3 3
github.com/kronos/kronos/internal/storage/s3/credentials.go:161.16,163.3 1 0
github.com/kronos/kronos/internal/storage/s3/credentials.go:164.2,165.16 2 3
github.com/kronos/kronos/internal/storage/s3/credentials.go:165.16,167.3 1 0
github.com/kronos/kronos/internal/storage/s3/credentials.go:169.2,170.16 2 3
github.com/kronos/kronos/internal/storage/s3/credentials.go:170.16,172.3 1 0
github.com/kronos/kronos/internal/storage/s3/credentials.go:173.2,175.16 3 3
github.com/kronos/kronos/internal/storage/s3/credentials.go:175.16,177.3 1 0
github.com/kronos/kronos/internal/storage/s3/credentials.go:178.2,179.16 2 3
github.com/kronos/kronos/internal/storage/s3/credentials.go:179.16,181.3 1 0
github.com/kronos/kronos/internal/storage/s3/credentials.go:182.2,183.20 2 3
github.com/kronos/kronos/internal/storage/s3/credentials.go:183.20,185.3 1 1
github.com/kronos/kronos/internal/storage/s3/credentials.go:187.2,188.16 2 2
github.com/kronos/kronos/internal/storage/s3/credentials.go:188.16,190.3 1 0
github.com/kronos/kronos/internal/storage/s3/credentials.go:191.2,193.16 3 2
github.com/kronos/kronos/internal/storage/s3/credentials.go:193.16,195.3 1 0
github.com/kronos/kronos/internal/storage/s3/credentials.go:196.2,197.62 2 2
github.com/kronos/kronos/internal/storage/s3/credentials.go:197.62,199.3 1 0
github.com/kronos/kronos/internal/storage/s3/credentials.go:200.2,201.69 2 2
github.com/kronos/kronos/internal/storage/s3/credentials.go:201.69,203.3 1 0
github.com/kronos/kronos/internal/storage/s3/credentials.go:204.2,204.27 1 2
github.com/kronos/kronos/internal/storage/s3/credentials.go:204.27,206.3 1 1
github.com/kronos/kronos/internal/storage/s3/credentials.go:207.2,212.4 1 1
github.com/kronos/kronos/internal/storage/s3/credentials.go:215.66,216.52 1 19
github.com/kronos/kronos/internal/storage/s3/credentials.go:216.52,218.3 1 2
github.com/kronos/kronos/internal/storage/s3/credentials.go:219.2,219.19 1 17
github.com/kronos/kronos/internal/storage/s3/credentials.go:222.62,224.52 2 6
github.com/kronos/kronos/internal/storage/s3/credentials.go:224.52,226.3 1 0
github.com/kronos/kronos/internal/storage/s3/credentials.go:227.2,228.79 2 6
github.com/kronos/kronos/internal/storage/s3/credentials.go:228.79,230.3 1 0
github.com/kronos/kronos/internal/storage/s3/credentials.go:231.2,231.26 1 6
github.com/kronos/kronos/internal/storage/s3/sigv4.go:46.121,47.16 1 33
github.com/kronos/kronos/internal/storage/s3/sigv4.go:47.16,49.3 1 0
github.com/kronos/kronos/internal/storage/s3/sigv4.go:50.2,50.52 1 33
github.com/kronos/kronos/internal/storage/s3/sigv4.go:50.52,52.3 1 0
github.com/kronos/kronos/internal/storage/s3/sigv4.go:53.2,53.20 1 33
github.com/kronos/kronos/internal/storage/s3/sigv4.go:53.20,55.3 1 0
github.com/kronos/kronos/internal/storage/s3/sigv4.go:56.2,57.19 2 33
github.com/kronos/kronos/internal/storage/s3/sigv4.go:57.19,59.3 1 3
github.com/kronos/kronos/internal/storage/s3/sigv4.go:60.2,60.23 1 33
github.com/kronos/kronos/internal/storage/s3/sigv4.go:60.23,62.3 1 0
github.com/kronos/kronos/internal/storage/s3/sigv4.go:64.2,68.30 5 33
github.com/kronos/kronos/internal/storage/s3/sigv4.go:68.30,70.3 1 0
github.com/kronos/kronos/internal/storage/s3/sigv4.go:72.2,91.8 7 33
github.com/kronos/kronos/internal/storage/s3/sigv4.go:94.79,104.2 2 33
github.com/kronos/kronos/internal/storage/s3/sigv4.go:106.38,107.30 1 33
github.com/kronos/kronos/internal/storage/s3/sigv4.go:107.30,109.3 1 0
github.com/kronos/kronos/internal/storage/s3/sigv4.go:110.2,110.33 1 33
github.com/kronos/kronos/internal/storage/s3/sigv4.go:113.47,120.32 3 35
github.com/kronos/kronos/internal/storage/s3/sigv4.go:120.32,122.21 2 22
github.com/kronos/kronos/internal/storage/s3/sigv4.go:122.21,124.12 2 0
github.com/kronos/kronos/internal/storage/s3/sigv4.go:126.3,126.30 1 22
github.com/kronos/kronos/internal/storage/s3/sigv4.go:126.30,128.4 1 22
github.com/kronos/kronos/internal/storage/s3/sigv4.go:130.2,130.40 1 35
github.com/kronos/kronos/internal/storage/s3/sigv4.go:130.40,131.35 1 13
github.com/kronos/kronos/internal/storage/s3/sigv4.go:131.35,133.4 1 0
github.com/kronos/kronos/internal/storage/s3/sigv4.go:134.3,134.37 1 13
github.com/kronos/kronos/internal/storage/s3/sigv4.go:137.2,138.29 2 35
github.com/kronos/kronos/internal/storage/s3/sigv4.go:138.29,140.3 1 22
github.com/kronos/kronos/internal/storage/s3/sigv4.go:141.2,141.33 1 35
github.com/kronos/kronos/internal/storage/s3/sigv4.go:144.59,146.39 2 33
github.com/kronos/kronos/internal/storage/s3/sigv4.go:146.39,148.31 2 91
github.com/kronos/kronos/internal/storage/s3/sigv4.go:148.31,149.12 1 0
github.com/kronos/kronos/internal/storage/s3/sigv4.go:151.3,151.53 1 91
github.com/kronos/kronos/internal/storage/s3/sigv4.go:153.2,156.28 3 33
github.com/kronos/kronos/internal/storage/s3/sigv4.go:156.28,158.3 1 124
github.com/kronos/kronos/internal/storage/s3/sigv4.go:159.2,162.29 3 33
github.com/kronos/kronos/internal/storage/s3/sigv4.go:162.29,167.3 4 124
github.com/kronos/kronos/internal/storage/s3/sigv4.go:168.2,168.53 1 33
github.com/kronos/kronos/internal/storage/s3/sigv4.go:171.51,173.31 2 124
github.com/kronos/kronos/internal/storage/s3/sigv4.go:173.31,175.3 1 124
github.com/kronos/kronos/internal/storage/s3/sigv4.go:176.2,176.35 1 124
github.com/kronos/kronos/internal/storage/s3/sigv4.go:179.37,180.20 1 33
github.com/kronos/kronos/internal/storage/s3/sigv4.go:180.20,182.3 1 33
github.com/kronos/kronos/internal/storage/s3/sigv4.go:183.2,183.20 1 0
github.com/kronos/kronos/internal/storage/s3/sigv4.go:183.20,185.3 1 0
github.com/kronos/kronos/internal/storage/s3/sigv4.go:186.2,186.11 1 0
github.com/kronos/kronos/internal/storage/s3/sigv4.go:189.73,191.2 1 33
github.com/kronos/kronos/internal/storage/s3/sigv4.go:193.83,198.2 4 33
github.com/kronos/kronos/internal/storage/s3/sigv4.go:200.49,204.2 3 165
github.com/kronos/kronos/internal/storage/s3/sigv4.go:206.36,209.2 2 34
github.com/kronos/kronos/internal/storage/s3/sigv4.go:211.55,214.34 3 79
github.com/kronos/kronos/internal/storage/s3/sigv4.go:214.34,216.52 2 979
github.com/kronos/kronos/internal/storage/s3/sigv4.go:216.52,218.12 2 972
github.com/kronos/kronos/internal/storage/s3/sigv4.go:220.3,222.35 3 7
github.com/kronos/kronos/internal/storage/s3/sigv4.go:224.2,224.21 1 79
github.com/kronos/kronos/internal/storage/s3/sigv4.go:227.32,232.2 1 979
