mode: atomic
github.com/kronos/kronos/internal/agent/client.go:26.77,27.23 1 10
github.com/kronos/kronos/internal/agent/client.go:27.23,29.3 1 2
github.com/kronos/kronos/internal/agent/client.go:30.2,30.42 1 10
github.com/kronos/kronos/internal/agent/client.go:30.42,32.3 1 0
github.com/kronos/kronos/internal/agent/client.go:33.2,34.16 2 10
github.com/kronos/kronos/internal/agent/client.go:34.16,36.3 1 1
github.com/kronos/kronos/internal/agent/client.go:37.2,37.46 1 9
github.com/kronos/kronos/internal/agent/client.go:37.46,39.3 1 0
github.com/kronos/kronos/internal/agent/client.go:40.2,43.115 4 9
github.com/kronos/kronos/internal/agent/client.go:47.114,51.2 3 5
github.com/kronos/kronos/internal/agent/client.go:54.64,56.78 2 5
github.com/kronos/kronos/internal/agent/client.go:56.78,58.3 1 0
github.com/kronos/kronos/internal/agent/client.go:59.2,59.26 1 5
github.com/kronos/kronos/internal/agent/client.go:63.136,71.2 3 3
github.com/kronos/kronos/internal/agent/client.go:74.74,76.90 2 3
github.com/kronos/kronos/internal/agent/client.go:76.90,78.3 1 0
github.com/kronos/kronos/internal/agent/client.go:79.2,79.30 1 3
github.com/kronos/kronos/internal/agent/client.go:83.82,87.2 3 1
github.com/kronos/kronos/internal/agent/client.go:90.76,92.91 2 2
github.com/kronos/kronos/internal/agent/client.go:92.91,94.3 1 0
github.com/kronos/kronos/internal/agent/client.go:95.2,95.31 1 2
github.com/kronos/kronos/internal/agent/client.go:99.84,103.2 3 1
github.com/kronos/kronos/internal/agent/client.go:106.74,108.69 2 2
github.com/kronos/kronos/internal/agent/client.go:108.69,110.3 1 0
github.com/kronos/kronos/internal/agent/client.go:111.2,111.30 1 2
github.com/kronos/kronos/internal/agent/client.go:115.82,119.2 3 1
github.com/kronos/kronos/internal/agent/client.go:121.75,123.16 2 10
github.com/kronos/kronos/internal/agent/client.go:123.16,125.3 1 0
github.com/kronos/kronos/internal/agent/client.go:126.2,126.29 1 10
github.com/kronos/kronos/internal/agent/client.go:129.89,130.57 1 13
github.com/kronos/kronos/internal/agent/client.go:130.57,132.3 1 0
github.com/kronos/kronos/internal/agent/client.go:133.2,134.20 2 13
github.com/kronos/kronos/internal/agent/client.go:134.20,135.64 1 8
github.com/kronos/kronos/internal/agent/client.go:135.64,137.4 1 0
github.com/kronos/kronos/internal/agent/client.go:139.2,140.16 2 13
github.com/kronos/kronos/internal/agent/client.go:140.16,142.3 1 0
github.com/kronos/kronos/internal/agent/client.go:143.2,144.29 2 13
github.com/kronos/kronos/internal/agent/client.go:147.121,148.57 1 23
github.com/kronos/kronos/internal/agent/client.go:148.57,150.3 1 0
github.com/kronos/kronos/internal/agent/client.go:151.2,152.17 2 23
github.com/kronos/kronos/internal/agent/client.go:152.17,154.3 1 10
github.com/kronos/kronos/internal/agent/client.go:154.8,156.3 1 13
github.com/kronos/kronos/internal/agent/client.go:157.2,158.16 2 23
github.com/kronos/kronos/internal/agent/client.go:158.16,160.3 1 0
github.com/kronos/kronos/internal/agent/client.go:161.2,161.54 1 23
github.com/kronos/kronos/internal/agent/client.go:161.54,163.3 1 1
github.com/kronos/kronos/internal/agent/client.go:164.2,164.60 1 23
github.com/kronos/kronos/internal/agent/client.go:164.60,166.3 1 7
github.com/kronos/kronos/internal/agent/client.go:167.2,167.17 1 23
github.com/kronos/kronos/internal/agent/client.go:170.68,172.16 2 23
github.com/kronos/kronos/internal/agent/client.go:172.16,174.3 1 0
github.com/kronos/kronos/internal/agent/client.go:175.2,176.53 2 23
github.com/kronos/kronos/internal/agent/client.go:176.53,178.3 1 0
github.com/kronos/kronos/internal/agent/client.go:179.2,179.16 1 23
github.com/kronos/kronos/internal/agent/client.go:179.16,181.3 1 0
github.com/kronos/kronos/internal/agent/client.go:182.2,183.28 2 23
github.com/kronos/kronos/internal/agent/client.go:186.47,192.2 5 23
github.com/kronos/kronos/internal/agent/executor.go:43.83,44.14 1 1
github.com/kronos/kronos/internal/agent/executor.go:44.14,46.3 1 0
github.com/kronos/kronos/internal/agent/executor.go:47.2,47.19 1 1
github.com/kronos/kronos/internal/agent/executor.go:47.19,49.3 1 0
github.com/kronos/kronos/internal/agent/executor.go:50.2,51.16 2 1
github.com/kronos/kronos/internal/agent/executor.go:51.16,53.3 1 0
github.com/kronos/kronos/internal/agent/executor.go:54.2,55.33 2 1
github.com/kronos/kronos/internal/agent/executor.go:55.33,62.3 1 1
github.com/kronos/kronos/internal/agent/executor.go:63.2,66.16 3 1
github.com/kronos/kronos/internal/agent/executor.go:66.16,68.3 1 0
github.com/kronos/kronos/internal/agent/executor.go:69.2,70.27 2 1
github.com/kronos/kronos/internal/agent/executor.go:70.27,72.3 1 1
github.com/kronos/kronos/internal/agent/executor.go:73.2,74.32 2 1
github.com/kronos/kronos/internal/agent/executor.go:74.32,76.17 2 1
github.com/kronos/kronos/internal/agent/executor.go:76.17,78.4 1 0
github.com/kronos/kronos/internal/agent/executor.go:79.3,79.32 1 1
github.com/kronos/kronos/internal/agent/executor.go:81.2,84.16 3 1
github.com/kronos/kronos/internal/agent/executor.go:84.16,86.3 1 0
github.com/kronos/kronos/internal/agent/executor.go:87.2,88.33 2 1
github.com/kronos/kronos/internal/agent/executor.go:88.33,90.3 1 1
github.com/kronos/kronos/internal/agent/executor.go:91.2,92.12 2 1
github.com/kronos/kronos/internal/agent/executor.go:96.69,97.19 1 3
github.com/kronos/kronos/internal/agent/executor.go:98.29,100.17 2 2
github.com/kronos/kronos/internal/agent/executor.go:100.17,102.4 1 0
github.com/kronos/kronos/internal/agent/executor.go:103.3,103.36 1 2
github.com/kronos/kronos/internal/agent/executor.go:104.26,106.17 2 0
github.com/kronos/kronos/internal/agent/executor.go:106.17,108.4 1 0
github.com/kronos/kronos/internal/agent/executor.go:109.3,109.21 1 0
github.com/kronos/kronos/internal/agent/executor.go:110.10,111.90 1 1
github.com/kronos/kronos/internal/agent/executor.go:116.90,117.47 1 9
github.com/kronos/kronos/internal/agent/executor.go:117.47,119.3 1 2
github.com/kronos/kronos/internal/agent/executor.go:120.2,120.34 1 7
github.com/kronos/kronos/internal/agent/executor.go:123.51,124.34 1 6
github.com/kronos/kronos/internal/agent/executor.go:124.34,126.3 1 1
github.com/kronos/kronos/internal/agent/executor.go:127.2,128.16 2 5
github.com/kronos/kronos/internal/agent/executor.go:128.16,130.3 1 0
github.com/kronos/kronos/internal/agent/executor.go:131.2,131.20 1 5
github.com/kronos/kronos/internal/agent/executor.go:131.20,133.3 1 1
github.com/kronos/kronos/internal/agent/executor.go:134.2,134.24 1 4
github.com/kronos/kronos/internal/agent/executor.go:134.24,136.3 1 1
github.com/kronos/kronos/internal/agent/executor.go:137.2,137.9 1 3
github.com/kronos/kronos/internal/agent/executor.go:138.20,139.21 1 2
github.com/kronos/kronos/internal/agent/executor.go:140.20,141.21 1 0
github.com/kronos/kronos/internal/agent/executor.go:142.22,143.23 1 1
github.com/kronos/kronos/internal/agent/executor.go:144.10,145.58 1 0
github.com/kronos/kronos/internal/agent/executor.go:149.60,151.16 2 2
github.com/kronos/kronos/internal/agent/executor.go:151.16,153.3 1 0
github.com/kronos/kronos/internal/agent/executor.go:154.2,161.110 2 2
github.com/kronos/kronos/internal/agent/executor.go:161.110,167.3 1 0
github.com/kronos/kronos/internal/agent/executor.go:167.8,169.39 2 2
github.com/kronos/kronos/internal/agent/executor.go:170.36,171.57 1 0
github.com/kronos/kronos/internal/agent/executor.go:172.36,173.100 1 0
github.com/kronos/kronos/internal/agent/executor.go:174.11,176.18 2 2
github.com/kronos/kronos/internal/agent/executor.go:176.18,178.5 1 1
github.com/kronos/kronos/internal/agent/executor.go:179.4,179.28 1 1
github.com/kronos/kronos/internal/agent/executor.go:182.2,182.17 1 1
github.com/kronos/kronos/internal/agent/executor.go:185.63,197.60 2 2
github.com/kronos/kronos/internal/agent/executor.go:197.60,199.3 1 1
github.com/kronos/kronos/internal/agent/executor.go:200.2,205.52 2 1
github.com/kronos/kronos/internal/agent/executor.go:205.52,207.3 1 0
github.com/kronos/kronos/internal/agent/executor.go:208.2,208.19 1 1
github.com/kronos/kronos/internal/agent/executor.go:211.45,212.31 1 3
github.com/kronos/kronos/internal/agent/executor.go:212.31,213.18 1 3
github.com/kronos/kronos/internal/agent/executor.go:213.18,215.4 1 3
github.com/kronos/kronos/internal/agent/executor.go:217.2,217.11 1 0
github.com/kronos/kronos/internal/agent/executor.go:220.43,222.16 2 5
github.com/kronos/kronos/internal/agent/executor.go:222.16,224.3 1 0
github.com/kronos/kronos/internal/agent/executor.go:225.2,225.22 1 5
github.com/kronos/kronos/internal/agent/executor.go:225.22,227.3 1 1
github.com/kronos/kronos/internal/agent/executor.go:228.2,228.18 1 4
github.com/kronos/kronos/internal/agent/executor.go:228.18,230.3 1 2
github.com/kronos/kronos/internal/agent/executor.go:231.2,232.18 2 2
github.com/kronos/kronos/internal/agent/executor.go:232.18,234.3 1 1
github.com/kronos/kronos/internal/agent/executor.go:235.2,235.20 1 1
github.com/kronos/kronos/internal/agent/executor.go:238.61,240.27 2 2
github.com/kronos/kronos/internal/agent/executor.go:240.27,242.3 1 2
github.com/kronos/kronos/internal/agent/executor.go:243.2,243.27 1 2
github.com/kronos/kronos/internal/agent/executor.go:243.27,245.3 1 2
github.com/kronos/kronos/internal/agent/executor.go:246.2,246.78 1 2
github.com/kronos/kronos/internal/agent/executor.go:246.78,247.62 1 10
github.com/kronos/kronos/internal/agent/executor.go:247.62,249.4 1 5
github.com/kronos/kronos/internal/agent/executor.go:251.2,251.27 1 2
github.com/kronos/kronos/internal/agent/executor.go:251.27,252.65 1 1
github.com/kronos/kronos/internal/agent/executor.go:252.65,254.4 1 1
github.com/kronos/kronos/internal/agent/executor.go:256.2,256.12 1 2
github.com/kronos/kronos/internal/agent/executor.go:259.66,260.27 1 24
github.com/kronos/kronos/internal/agent/executor.go:260.27,262.26 2 29
github.com/kronos/kronos/internal/agent/executor.go:262.26,263.12 1 14
github.com/kronos/kronos/internal/agent/executor.go:265.3,265.28 1 15
github.com/kronos/kronos/internal/agent/executor.go:266.15,267.12 1 12
github.com/kronos/kronos/internal/agent/executor.go:268.11,269.24 1 3
github.com/kronos/kronos/internal/agent/executor.go:272.2,272.11 1 9
github.com/kronos/kronos/internal/agent/executor.go:275.62,277.17 2 4
github.com/kronos/kronos/internal/agent/executor.go:277.17,279.3 1 1
github.com/kronos/kronos/internal/agent/executor.go:280.2,281.29 2 3
github.com/kronos/kronos/internal/agent/executor.go:284.57,285.18 1 1
github.com/kronos/kronos/internal/agent/executor.go:285.18,287.3 1 0
github.com/kronos/kronos/internal/agent/executor.go:288.2,289.29 2 1
github.com/kronos/kronos/internal/agent/executor.go:289.29,291.3 1 3
github.com/kronos/kronos/internal/agent/executor.go:292.2,292.12 1 1
github.com/kronos/kronos/internal/agent/executor.go:295.96,297.22 2 7
github.com/kronos/kronos/internal/agent/executor.go:297.22,299.3 1 0
github.com/kronos/kronos/internal/agent/executor.go:300.2,300.128 1 7
github.com/kronos/kronos/internal/agent/executor.go:300.128,302.3 1 0
github.com/kronos/kronos/internal/agent/executor.go:303.2,303.22 1 7
github.com/kronos/kronos/internal/agent/executor.go:303.22,305.3 1 1
github.com/kronos/kronos/internal/agent/executor.go:306.2,306.30 1 6
github.com/kronos/kronos/internal/agent/executor.go:306.30,308.3 1 0
github.com/kronos/kronos/internal/agent/executor.go:309.2,309.49 1 6
github.com/kronos/kronos/internal/agent/executor.go:309.49,311.3 1 0
github.com/kronos/kronos/internal/agent/executor.go:312.2,313.18 2 6
github.com/kronos/kronos/internal/agent/executor.go:313.18,315.3 1 0
github.com/kronos/kronos/internal/agent/executor.go:316.2,317.9 2 6
github.com/kronos/kronos/internal/agent/executor.go:317.9,319.3 1 0
github.com/kronos/kronos/internal/agent/executor.go:320.2,321.9 2 6
github.com/kronos/kronos/internal/agent/executor.go:321.9,323.3 1 0
github.com/kronos/kronos/internal/agent/executor.go:324.2,325.9 2 6
github.com/kronos/kronos/internal/agent/executor.go:325.9,327.3 1 0
github.com/kronos/kronos/internal/agent/executor.go:328.2,329.16 2 6
github.com/kronos/kronos/internal/agent/executor.go:329.16,331.3 1 0
github.com/kronos/kronos/internal/agent/executor.go:332.2,332.21 1 6
github.com/kronos/kronos/internal/agent/executor.go:332.21,334.3 1 0
github.com/kronos/kronos/internal/agent/executor.go:335.2,335.28 1 6
github.com/kronos/kronos/internal/agent/executor.go:335.28,337.3 1 0
github.com/kronos/kronos/internal/agent/executor.go:338.2,338.26 1 6
github.com/kronos/kronos/internal/agent/executor.go:338.26,340.3 1 0
github.com/kronos/kronos/internal/agent/executor.go:341.2,343.16 3 6
github.com/kronos/kronos/internal/agent/executor.go:343.16,345.3 1 0
github.com/kronos/kronos/internal/agent/executor.go:346.2,348.16 3 6
github.com/kronos/kronos/internal/agent/executor.go:348.16,350.3 1 0
github.com/kronos/kronos/internal/agent/executor.go:351.2,352.16 2 6
github.com/kronos/kronos/internal/agent/executor.go:352.16,354.3 1 0
github.com/kronos/kronos/internal/agent/executor.go:355.2,372.16 2 6
github.com/kronos/kronos/internal/agent/executor.go:372.16,374.3 1 0
github.com/kronos/kronos/internal/agent/executor.go:375.2,387.8 1 6
github.com/kronos/kronos/internal/agent/executor.go:390.239,391.39 1 6
github.com/kronos/kronos/internal/agent/executor.go:391.39,394.3 2 5
github.com/kronos/kronos/internal/agent/executor.go:395.2,395.33 1 1
github.com/kronos/kronos/internal/agent/executor.go:395.33,397.3 1 0
github.com/kronos/kronos/internal/agent/executor.go:398.2,399.9 2 1
github.com/kronos/kronos/internal/agent/executor.go:399.9,401.3 1 0
github.com/kronos/kronos/internal/agent/executor.go:402.2,402.32 1 1
github.com/kronos/kronos/internal/agent/executor.go:402.32,404.3 1 0
github.com/kronos/kronos/internal/agent/executor.go:405.2,406.16 2 1
github.com/kronos/kronos/internal/agent/executor.go:406.16,408.3 1 0
github.com/kronos/kronos/internal/agent/executor.go:409.2,410.16 2 1
github.com/kronos/kronos/internal/agent/executor.go:410.16,412.3 1 0
github.com/kronos/kronos/internal/agent/executor.go:413.2,414.31 2 1
github.com/kronos/kronos/internal/agent/executor.go:417.81,418.22 1 2
github.com/kronos/kronos/internal/agent/executor.go:418.22,420.3 1 0
github.com/kronos/kronos/internal/agent/executor.go:421.2,421.30 1 2
github.com/kronos/kronos/internal/agent/executor.go:421.30,423.3 1 0
github.com/kronos/kronos/internal/agent/executor.go:424.2,425.16 2 2
github.com/kronos/kronos/internal/agent/executor.go:425.16,427.3 1 0
github.com/kronos/kronos/internal/agent/executor.go:428.2,428.34 1 2
github.com/kronos/kronos/internal/agent/executor.go:428.34,430.3 1 0
github.com/kronos/kronos/internal/agent/executor.go:431.2,432.23 2 2
github.com/kronos/kronos/internal/agent/executor.go:432.23,434.3 1 0
github.com/kronos/kronos/internal/agent/executor.go:435.2,436.9 2 2
github.com/kronos/kronos/internal/agent/executor.go:436.9,438.3 1 0
github.com/kronos/kronos/internal/agent/executor.go:439.2,442.54 4 2
github.com/kronos/kronos/internal/agent/executor.go:442.54,443.25 1 0
github.com/kronos/kronos/internal/agent/executor.go:443.25,445.4 1 0
github.com/kronos/kronos/internal/agent/executor.go:446.3,446.26 1 0
github.com/kronos/kronos/internal/agent/executor.go:446.26,448.4 1 0
github.com/kronos/kronos/internal/agent/executor.go:450.2,450.51 1 2
github.com/kronos/kronos/internal/agent/executor.go:450.51,452.3 1 1
github.com/kronos/kronos/internal/agent/executor.go:453.2,453.24 1 2
github.com/kronos/kronos/internal/agent/executor.go:453.24,455.3 1 0
github.com/kronos/kronos/internal/agent/executor.go:456.2,456.27 1 2
github.com/kronos/kronos/internal/agent/executor.go:456.27,458.3 1 0
github.com/kronos/kronos/internal/agent/executor.go:459.2,460.9 2 2
github.com/kronos/kronos/internal/agent/executor.go:460.9,462.3 1 0
github.com/kronos/kronos/internal/agent/executor.go:463.2,464.9 2 2
github.com/kronos/kronos/internal/agent/executor.go:464.9,466.3 1 0
github.com/kronos/kronos/internal/agent/executor.go:467.2,468.16 2 2
github.com/kronos/kronos/internal/agent/executor.go:468.16,470.3 1 0
github.com/kronos/kronos/internal/agent/executor.go:471.2,471.21 1 2
github.com/kronos/kronos/internal/agent/executor.go:471.21,473.3 1 0
github.com/kronos/kronos/internal/agent/executor.go:474.2,475.16 2 2
github.com/kronos/kronos/internal/agent/executor.go:475.16,477.3 1 0
github.com/kronos/kronos/internal/agent/executor.go:478.2,486.12 2 2
github.com/kronos/kronos/internal/agent/executor.go:489.161,491.41 2 2
github.com/kronos/kronos/internal/agent/executor.go:491.41,492.26 1 3
github.com/kronos/kronos/internal/agent/executor.go:492.26,494.4 1 0
github.com/kronos/kronos/internal/agent/executor.go:495.3,496.17 2 3
github.com/kronos/kronos/internal/agent/executor.go:496.17,498.4 1 0
github.com/kronos/kronos/internal/agent/executor.go:499.3,500.17 2 3
github.com/kronos/kronos/internal/agent/executor.go:500.17,502.4 1 0
github.com/kronos/kronos/internal/agent/executor.go:503.3,503.39 1 3
github.com/kronos/kronos/internal/agent/executor.go:505.2,505.18 1 2
github.com/kronos/kronos/internal/agent/executor.go:508.64,509.47 1 6
github.com/kronos/kronos/internal/agent/executor.go:509.47,511.3 1 4
github.com/kronos/kronos/internal/agent/executor.go:512.2,512.49 1 2
github.com/kronos/kronos/internal/agent/executor.go:512.49,514.10 2 1
github.com/kronos/kronos/internal/agent/executor.go:514.10,516.4 1 0
github.com/kronos/kronos/internal/agent/executor.go:517.3,517.24 1 1
github.com/kronos/kronos/internal/agent/executor.go:519.2,519.59 1 1
github.com/kronos/kronos/internal/agent/executor.go:522.66,524.35 2 4
github.com/kronos/kronos/internal/agent/executor.go:524.35,526.17 2 3
github.com/kronos/kronos/internal/agent/executor.go:526.17,528.4 1 0
github.com/kronos/kronos/internal/agent/executor.go:529.3,529.37 1 3
github.com/kronos/kronos/internal/agent/executor.go:531.2,531.18 1 4
github.com/kronos/kronos/internal/agent/executor.go:534.42,535.17 1 8
github.com/kronos/kronos/internal/agent/executor.go:535.17,537.3 1 6
github.com/kronos/kronos/internal/agent/executor.go:538.2,539.15 2 2
github.com/kronos/kronos/internal/agent/worker.go:33.48,34.21 1 0
github.com/kronos/kronos/internal/agent/worker.go:34.21,36.3 1 0
github.com/kronos/kronos/internal/agent/worker.go:37.2,37.23 1 0
github.com/kronos/kronos/internal/agent/worker.go:37.23,39.3 1 0
github.com/kronos/kronos/internal/agent/worker.go:40.2,40.26 1 0
github.com/kronos/kronos/internal/agent/worker.go:40.26,42.3 1 0
github.com/kronos/kronos/internal/agent/worker.go:43.2,44.19 2 0
github.com/kronos/kronos/internal/agent/worker.go:44.19,46.3 1 0
github.com/kronos/kronos/internal/agent/worker.go:47.2,47.36 1 0
github.com/kronos/kronos/internal/agent/worker.go:47.36,49.3 1 0
github.com/kronos/kronos/internal/agent/worker.go:50.2,52.6 3 0
github.com/kronos/kronos/internal/agent/worker.go:52.6,53.10 1 0
github.com/kronos/kronos/internal/agent/worker.go:54.21,55.20 1 0
github.com/kronos/kronos/internal/agent/worker.go:56.19,57.38 1 0
github.com/kronos/kronos/internal/agent/worker.go:57.38,59.5 1 0
github.com/kronos/kronos/internal/agent/worker.go:64.49,65.64 1 3
github.com/kronos/kronos/internal/agent/worker.go:65.64,67.3 1 0
github.com/kronos/kronos/internal/agent/worker.go:68.2,69.51 2 3
github.com/kronos/kronos/internal/agent/worker.go:69.51,70.61 1 1
github.com/kronos/kronos/internal/agent/worker.go:70.61,72.4 1 0
github.com/kronos/kronos/internal/agent/worker.go:74.2,75.16 2 3
github.com/kronos/kronos/internal/agent/worker.go:75.16,77.3 1 2
github.com/kronos/kronos/internal/agent/worker.go:78.2,78.29 1 3
github.com/kronos/kronos/internal/agent/worker.go:78.29,80.17 2 3
github.com/kronos/kronos/internal/agent/worker.go:80.17,82.4 1 0
github.com/kronos/kronos/internal/agent/worker.go:83.3,83.17 1 3
github.com/kronos/kronos/internal/agent/worker.go:83.17,85.4 1 1
github.com/kronos/kronos/internal/agent/worker.go:86.3,86.46 1 2
github.com/kronos/kronos/internal/agent/worker.go:86.46,88.4 1 0
github.com/kronos/kronos/internal/agent/worker.go:90.2,90.12 1 2
github.com/kronos/kronos/internal/agent/worker.go:93.66,95.16 2 2
github.com/kronos/kronos/internal/agent/worker.go:95.16,97.23 2 1
github.com/kronos/kronos/internal/agent/worker.go:97.23,99.4 1 0
github.com/kronos/kronos/internal/agent/worker.go:100.3,100.13 1 1
github.com/kronos/kronos/internal/agent/worker.go:102.2,103.12 2 1
github.com/kronos/kronos/internal/kvstore/btree.go:24.49,26.2 1 24
github.com/kronos/kronos/internal/kvstore/btree.go:29.48,30.18 1 16
github.com/kronos/kronos/internal/kvstore/btree.go:30.18,32.3 1 0
github.com/kronos/kronos/internal/kvstore/btree.go:33.2,34.16 2 16
github.com/kronos/kronos/internal/kvstore/btree.go:34.16,36.3 1 0
github.com/kronos/kronos/internal/kvstore/btree.go:37.2,38.75 2 16
github.com/kronos/kronos/internal/kvstore/btree.go:38.75,40.3 1 0
github.com/kronos/kronos/internal/kvstore/btree.go:41.2,41.18 1 16
github.com/kronos/kronos/internal/kvstore/btree.go:45.31,46.14 1 13
github.com/kronos/kronos/internal/kvstore/btree.go:46.14,48.3 1 0
github.com/kronos/kronos/internal/kvstore/btree.go:49.2,49.15 1 13
github.com/kronos/kronos/internal/kvstore/btree.go:53.55,54.32 1 1031
github.com/kronos/kronos/internal/kvstore/btree.go:54.32,56.3 1 1
github.com/kronos/kronos/internal/kvstore/btree.go:57.2,57.19 1 1030
github.com/kronos/kronos/internal/kvstore/btree.go:57.19,59.3 1 1
github.com/kronos/kronos/internal/kvstore/btree.go:60.2,60.29 1 1029
github.com/kronos/kronos/internal/kvstore/btree.go:64.53,65.32 1 2922
github.com/kronos/kronos/internal/kvstore/btree.go:65.32,67.3 1 1
github.com/kronos/kronos/internal/kvstore/btree.go:68.2,68.19 1 2921
github.com/kronos/kronos/internal/kvstore/btree.go:68.19,70.3 1 1
github.com/kronos/kronos/internal/kvstore/btree.go:71.2,72.16 2 2920
github.com/kronos/kronos/internal/kvstore/btree.go:72.16,74.3 1 0
github.com/kronos/kronos/internal/kvstore/btree.go:75.2,75.18 1 2920
github.com/kronos/kronos/internal/kvstore/btree.go:76.16,82.21 3 300
github.com/kronos/kronos/internal/kvstore/btree.go:82.21,84.4 1 298
github.com/kronos/kronos/internal/kvstore/btree.go:85.3,85.31 1 2
github.com/kronos/kronos/internal/kvstore/btree.go:86.18,87.43 1 2620
github.com/kronos/kronos/internal/kvstore/btree.go:88.10,89.58 1 0
github.com/kronos/kronos/internal/kvstore/btree.go:94.42,95.32 1 10
github.com/kronos/kronos/internal/kvstore/btree.go:95.32,97.3 1 1
github.com/kronos/kronos/internal/kvstore/btree.go:98.2,98.19 1 9
github.com/kronos/kronos/internal/kvstore/btree.go:98.19,100.3 1 1
github.com/kronos/kronos/internal/kvstore/btree.go:101.2,102.16 2 8
github.com/kronos/kronos/internal/kvstore/btree.go:102.16,104.3 1 0
github.com/kronos/kronos/internal/kvstore/btree.go:105.2,105.18 1 8
github.com/kronos/kronos/internal/kvstore/btree.go:106.16,108.10 2 4
github.com/kronos/kronos/internal/kvstore/btree.go:108.10,110.4 1 0
github.com/kronos/kronos/internal/kvstore/btree.go:111.3,112.27 2 4
github.com/kronos/kronos/internal/kvstore/btree.go:113.18,115.17 2 4
github.com/kronos/kronos/internal/kvstore/btree.go:115.17,117.4 1 0
github.com/kronos/kronos/internal/kvstore/btree.go:118.3,118.15 1 4
github.com/kronos/kronos/internal/kvstore/btree.go:118.15,120.4 1 1
github.com/kronos/kronos/internal/kvstore/btree.go:121.3,122.17 2 3
github.com/kronos/kronos/internal/kvstore/btree.go:122.17,124.4 1 0
github.com/kronos/kronos/internal/kvstore/btree.go:125.3,125.29 1 3
github.com/kronos/kronos/internal/kvstore/btree.go:125.29,127.18 2 1
github.com/kronos/kronos/internal/kvstore/btree.go:127.18,129.5 1 0
github.com/kronos/kronos/internal/kvstore/btree.go:130.4,131.28 2 1
github.com/kronos/kronos/internal/kvstore/btree.go:133.3,133.27 1 2
github.com/kronos/kronos/internal/kvstore/btree.go:134.10,135.58 1 0
github.com/kronos/kronos/internal/kvstore/btree.go:139.72,141.16 2 1045
github.com/kronos/kronos/internal/kvstore/btree.go:141.16,143.3 1 1
github.com/kronos/kronos/internal/kvstore/btree.go:144.2,144.18 1 1044
github.com/kronos/kronos/internal/kvstore/btree.go:145.16,147.10 2 1028
github.com/kronos/kronos/internal/kvstore/btree.go:147.10,149.4 1 7
github.com/kronos/kronos/internal/kvstore/btree.go:150.3,150.68 1 1021
github.com/kronos/kronos/internal/kvstore/btree.go:151.18,153.17 2 16
github.com/kronos/kronos/internal/kvstore/btree.go:153.17,155.4 1 0
github.com/kronos/kronos/internal/kvstore/btree.go:156.3,156.29 1 16
github.com/kronos/kronos/internal/kvstore/btree.go:157.10,158.70 1 0
github.com/kronos/kronos/internal/kvstore/btree.go:162.79,165.16 3 2620
github.com/kronos/kronos/internal/kvstore/btree.go:165.16,167.3 1 0
github.com/kronos/kronos/internal/kvstore/btree.go:168.2,169.16 2 2620
github.com/kronos/kronos/internal/kvstore/btree.go:169.16,171.3 1 0
github.com/kronos/kronos/internal/kvstore/btree.go:172.2,173.16 2 2620
github.com/kronos/kronos/internal/kvstore/btree.go:173.16,175.3 1 0
github.com/kronos/kronos/internal/kvstore/btree.go:176.2,177.18 2 2620
github.com/kronos/kronos/internal/kvstore/btree.go:177.18,179.3 1 41
github.com/kronos/kronos/internal/kvstore/btree.go:180.2,180.20 1 2620
github.com/kronos/kronos/internal/kvstore/btree.go:180.20,182.3 1 2619
github.com/kronos/kronos/internal/kvstore/btree.go:183.2,183.32 1 1
github.com/kronos/kronos/internal/kvstore/btree.go:186.91,187.18 1 4644
github.com/kronos/kronos/internal/kvstore/btree.go:188.16,193.21 2 2620
github.com/kronos/kronos/internal/kvstore/btree.go:193.21,195.4 1 2460
github.com/kronos/kronos/internal/kvstore/btree.go:196.3,196.30 1 160
github.com/kronos/kronos/internal/kvstore/btree.go:197.18,200.17 3 2024
github.com/kronos/kronos/internal/kvstore/btree.go:200.17,202.4 1 0
github.com/kronos/kronos/internal/kvstore/btree.go:203.3,204.17 2 2024
github.com/kronos/kronos/internal/kvstore/btree.go:204.17,206.4 1 0
github.com/kronos/kronos/internal/kvstore/btree.go:207.3,208.17 2 2024
github.com/kronos/kronos/internal/kvstore/btree.go:208.17,210.4 1 0
github.com/kronos/kronos/internal/kvstore/btree.go:211.3,212.19 2 2024
github.com/kronos/kronos/internal/kvstore/btree.go:212.19,214.4 1 126
github.com/kronos/kronos/internal/kvstore/btree.go:215.3,215.21 1 2024
github.com/kronos/kronos/internal/kvstore/btree.go:215.21,217.4 1 2017
github.com/kronos/kronos/internal/kvstore/btree.go:218.3,218.30 1 7
github.com/kronos/kronos/internal/kvstore/btree.go:219.10,220.63 1 0
github.com/kronos/kronos/internal/kvstore/btree.go:224.67,228.16 4 167
github.com/kronos/kronos/internal/kvstore/btree.go:228.16,230.3 1 0
github.com/kronos/kronos/internal/kvstore/btree.go:231.2,232.26 2 167
github.com/kronos/kronos/internal/kvstore/btree.go:232.26,234.3 1 160
github.com/kronos/kronos/internal/kvstore/btree.go:234.8,237.3 2 7
github.com/kronos/kronos/internal/kvstore/btree.go:238.2,238.42 1 167
github.com/kronos/kronos/internal/kvstore/btree.go:238.42,240.3 1 0
github.com/kronos/kronos/internal/kvstore/btree.go:241.2,241.43 1 167
github.com/kronos/kronos/internal/kvstore/btree.go:241.43,243.3 1 0
github.com/kronos/kronos/internal/kvstore/btree.go:244.2,244.76 1 167
github.com/kronos/kronos/internal/kvstore/btree.go:247.55,250.16 3 1
github.com/kronos/kronos/internal/kvstore/btree.go:250.16,252.3 1 0
github.com/kronos/kronos/internal/kvstore/btree.go:253.2,254.16 2 1
github.com/kronos/kronos/internal/kvstore/btree.go:254.16,256.3 1 0
github.com/kronos/kronos/internal/kvstore/btree.go:257.2,267.42 4 1
github.com/kronos/kronos/internal/kvstore/btree.go:267.42,269.3 1 0
github.com/kronos/kronos/internal/kvstore/btree.go:270.2,270.43 1 1
github.com/kronos/kronos/internal/kvstore/btree.go:270.43,272.3 1 0
github.com/kronos/kronos/internal/kvstore/btree.go:273.2,273.29 1 1
github.com/kronos/kronos/internal/kvstore/btree.go:276.53,279.16 3 2
github.com/kronos/kronos/internal/kvstore/btree.go:279.16,281.3 1 0
github.com/kronos/kronos/internal/kvstore/btree.go:282.2,283.16 2 2
github.com/kronos/kronos/internal/kvstore/btree.go:283.16,285.3 1 0
github.com/kronos/kronos/internal/kvstore/btree.go:286.2,296.42 4 2
github.com/kronos/kronos/internal/kvstore/btree.go:296.42,298.3 1 0
github.com/kronos/kronos/internal/kvstore/btree.go:299.2,299.43 1 2
github.com/kronos/kronos/internal/kvstore/btree.go:299.43,301.3 1 0
github.com/kronos/kronos/internal/kvstore/btree.go:302.2,302.28 1 2
github.com/kronos/kronos/internal/kvstore/btree.go:305.89,306.28 1 4
github.com/kronos/kronos/internal/kvstore/btree.go:306.28,308.3 1 0
github.com/kronos/kronos/internal/kvstore/btree.go:309.2,311.16 3 4
github.com/kronos/kronos/internal/kvstore/btree.go:311.16,313.3 1 0
github.com/kronos/kronos/internal/kvstore/btree.go:315.2,316.19 2 4
github.com/kronos/kronos/internal/kvstore/btree.go:317.16,319.10 2 4
github.com/kronos/kronos/internal/kvstore/btree.go:319.10,321.4 1 1
github.com/kronos/kronos/internal/kvstore/btree.go:322.3,323.23 2 3
github.com/kronos/kronos/internal/kvstore/btree.go:324.18,326.29 2 0
github.com/kronos/kronos/internal/kvstore/btree.go:326.29,328.4 1 0
github.com/kronos/kronos/internal/kvstore/btree.go:329.3,330.17 2 0
github.com/kronos/kronos/internal/kvstore/btree.go:330.17,332.4 1 0
github.com/kronos/kronos/internal/kvstore/btree.go:333.10,334.66 1 0
github.com/kronos/kronos/internal/kvstore/btree.go:337.2,337.29 1 3
github.com/kronos/kronos/internal/kvstore/btree.go:337.29,339.14 2 1
github.com/kronos/kronos/internal/kvstore/btree.go:339.14,340.53 1 0
github.com/kronos/kronos/internal/kvstore/btree.go:340.53,342.5 1 0
github.com/kronos/kronos/internal/kvstore/btree.go:344.8,345.44 1 2
github.com/kronos/kronos/internal/kvstore/btree.go:345.44,347.4 1 0
github.com/kronos/kronos/internal/kvstore/btree.go:348.3,348.62 1 2
github.com/kronos/kronos/internal/kvstore/btree.go:350.2,350.42 1 3
github.com/kronos/kronos/internal/kvstore/btree.go:350.42,352.3 1 0
github.com/kronos/kronos/internal/kvstore/btree.go:353.2,353.21 1 3
github.com/kronos/kronos/internal/kvstore/btree.go:366.67,367.32 1 5
github.com/kronos/kronos/internal/kvstore/btree.go:367.32,369.3 1 0
github.com/kronos/kronos/internal/kvstore/btree.go:370.2,370.50 1 5
github.com/kronos/kronos/internal/kvstore/btree.go:370.50,372.3 1 0
github.com/kronos/kronos/internal/kvstore/btree.go:373.2,374.16 2 5
github.com/kronos/kronos/internal/kvstore/btree.go:374.16,376.3 1 0
github.com/kronos/kronos/internal/kvstore/btree.go:377.2,385.16 4 5
github.com/kronos/kronos/internal/kvstore/btree.go:389.34,391.2 1 64
github.com/kronos/kronos/internal/kvstore/btree.go:394.34,395.17 1 19
github.com/kronos/kronos/internal/kvstore/btree.go:395.17,397.3 1 0
github.com/kronos/kronos/internal/kvstore/btree.go:398.2,398.62 1 19
github.com/kronos/kronos/internal/kvstore/btree.go:402.36,403.17 1 5
github.com/kronos/kronos/internal/kvstore/btree.go:403.17,405.3 1 0
github.com/kronos/kronos/internal/kvstore/btree.go:406.2,406.64 1 5
github.com/kronos/kronos/internal/kvstore/btree.go:410.28,411.17 1 15
github.com/kronos/kronos/internal/kvstore/btree.go:411.17,413.3 1 1
github.com/kronos/kronos/internal/kvstore/btree.go:414.2,415.16 2 14
github.com/kronos/kronos/internal/kvstore/btree.go:419.33,420.15 1 4
github.com/kronos/kronos/internal/kvstore/btree.go:420.15,422.3 1 0
github.com/kronos/kronos/internal/kvstore/btree.go:423.2,423.15 1 4
github.com/kronos/kronos/internal/kvstore/btree.go:426.33,427.104 1 19
github.com/kronos/kronos/internal/kvstore/btree.go:427.104,429.17 2 1
github.com/kronos/kronos/internal/kvstore/btree.go:429.17,432.4 2 0
github.com/kronos/kronos/internal/kvstore/btree.go:433.3,434.15 2 1
github.com/kronos/kronos/internal/kvstore/btree.go:438.36,440.2 1 59
github.com/kronos/kronos/internal/kvstore/btree.go:442.75,444.16 2 7
github.com/kronos/kronos/internal/kvstore/btree.go:444.16,446.3 1 0
github.com/kronos/kronos/internal/kvstore/btree.go:447.2,447.18 1 7
github.com/kronos/kronos/internal/kvstore/btree.go:448.16,449.19 1 5
github.com/kronos/kronos/internal/kvstore/btree.go:450.18,452.17 2 2
github.com/kronos/kronos/internal/kvstore/btree.go:452.17,454.4 1 0
github.com/kronos/kronos/internal/kvstore/btree.go:455.3,455.35 1 2
github.com/kronos/kronos/internal/kvstore/btree.go:456.10,457.71 1 0
github.com/kronos/kronos/internal/kvstore/btree.go:461.60,463.16 2 13277
github.com/kronos/kronos/internal/kvstore/btree.go:463.16,465.3 1 0
github.com/kronos/kronos/internal/kvstore/btree.go:466.2,466.33 1 13277
github.com/kronos/kronos/internal/kvstore/btree.go:482.51,484.68 2 1036
github.com/kronos/kronos/internal/kvstore/btree.go:484.68,486.3 1 8
github.com/kronos/kronos/internal/kvstore/btree.go:487.2,487.18 1 1028
github.com/kronos/kronos/internal/kvstore/btree.go:490.47,492.14 2 8794
github.com/kronos/kronos/internal/kvstore/btree.go:492.14,494.49 2 29135
github.com/kronos/kronos/internal/kvstore/btree.go:494.49,496.4 1 28009
github.com/kronos/kronos/internal/kvstore/btree.go:496.9,498.4 1 1126
github.com/kronos/kronos/internal/kvstore/btree.go:500.2,500.11 1 8794
github.com/kronos/kronos/internal/kvstore/btree.go:503.57,504.25 1 18
github.com/kronos/kronos/internal/kvstore/btree.go:504.25,506.3 1 0
github.com/kronos/kronos/internal/kvstore/btree.go:507.2,507.25 1 18
github.com/kronos/kronos/internal/kvstore/btree.go:507.25,509.3 1 0
github.com/kronos/kronos/internal/kvstore/btree.go:510.2,511.27 2 18
github.com/kronos/kronos/internal/kvstore/btree.go:511.27,513.3 1 5
github.com/kronos/kronos/internal/kvstore/btree.go:514.2,514.59 1 18
github.com/kronos/kronos/internal/kvstore/btree.go:514.59,516.3 1 9
github.com/kronos/kronos/internal/kvstore/btree.go:517.2,517.34 1 18
github.com/kronos/kronos/internal/kvstore/btree.go:520.50,522.27 2 4648
github.com/kronos/kronos/internal/kvstore/btree.go:522.27,524.3 1 4643
github.com/kronos/kronos/internal/kvstore/btree.go:525.2,525.59 1 5
github.com/kronos/kronos/internal/kvstore/btree.go:525.59,527.3 1 2
github.com/kronos/kronos/internal/kvstore/btree.go:528.2,528.12 1 3
github.com/kronos/kronos/internal/kvstore/btree.go:531.38,532.25 1 4819
github.com/kronos/kronos/internal/kvstore/btree.go:532.25,534.3 1 0
github.com/kronos/kronos/internal/kvstore/btree.go:535.2,535.25 1 4819
github.com/kronos/kronos/internal/kvstore/btree.go:538.60,539.27 1 13279
github.com/kronos/kronos/internal/kvstore/btree.go:539.27,541.3 1 0
github.com/kronos/kronos/internal/kvstore/btree.go:542.2,543.42 2 13279
github.com/kronos/kronos/internal/kvstore/btree.go:543.42,545.3 1 2
github.com/kronos/kronos/internal/kvstore/btree.go:546.2,548.51 3 13277
github.com/kronos/kronos/internal/kvstore/btree.go:548.51,550.3 1 0
github.com/kronos/kronos/internal/kvstore/btree.go:551.2,557.29 2 13277
github.com/kronos/kronos/internal/kvstore/btree.go:557.29,564.18 7 280264
github.com/kronos/kronos/internal/kvstore/btree.go:564.18,566.4 1 0
github.com/kronos/kronos/internal/kvstore/btree.go:567.3,567.59 1 280264
github.com/kronos/kronos/internal/kvstore/btree.go:567.59,569.4 1 0
github.com/kronos/kronos/internal/kvstore/btree.go:570.3,570.59 1 280264
github.com/kronos/kronos/internal/kvstore/btree.go:570.59,572.4 1 0
github.com/kronos/kronos/internal/kvstore/btree.go:573.3,578.68 2 280264
github.com/kronos/kronos/internal/kvstore/btree.go:578.68,580.4 1 0
github.com/kronos/kronos/internal/kvstore/btree.go:581.3,581.38 1 280264
github.com/kronos/kronos/internal/kvstore/btree.go:581.38,583.4 1 0
github.com/kronos/kronos/internal/kvstore/btree.go:584.3,584.45 1 280264
github.com/kronos/kronos/internal/kvstore/btree.go:586.2,586.18 1 13277
github.com/kronos/kronos/internal/kvstore/btree.go:589.49,591.16 2 7765
github.com/kronos/kronos/internal/kvstore/btree.go:591.16,593.3 1 0
github.com/kronos/kronos/internal/kvstore/btree.go:594.2,594.21 1 7765
github.com/kronos/kronos/internal/kvstore/btree.go:594.21,596.3 1 0
github.com/kronos/kronos/internal/kvstore/btree.go:597.2,602.37 6 7765
github.com/kronos/kronos/internal/kvstore/btree.go:602.37,603.26 1 160455
github.com/kronos/kronos/internal/kvstore/btree.go:603.26,605.4 1 0
github.com/kronos/kronos/internal/kvstore/btree.go:606.3,617.75 12 160455
github.com/kronos/kronos/internal/kvstore/btree.go:619.2,619.12 1 7765
github.com/kronos/kronos/internal/kvstore/btree.go:622.36,624.37 2 15329
github.com/kronos/kronos/internal/kvstore/btree.go:624.37,626.3 1 320766
github.com/kronos/kronos/internal/kvstore/btree.go:627.2,627.25 1 15329
github.com/kronos/kronos/internal/kvstore/btree.go:630.71,632.68 2 3087
github.com/kronos/kronos/internal/kvstore/btree.go:632.68,635.3 2 2
github.com/kronos/kronos/internal/kvstore/btree.go:636.2,639.16 4 3085
github.com/kronos/kronos/internal/kvstore/btree.go:642.73,644.9 2 8
github.com/kronos/kronos/internal/kvstore/btree.go:644.9,646.3 1 1
github.com/kronos/kronos/internal/kvstore/btree.go:647.2,649.39 3 7
github.com/kronos/kronos/internal/kvstore/btree.go:652.70,654.14 2 170
github.com/kronos/kronos/internal/kvstore/btree.go:654.14,656.3 1 0
github.com/kronos/kronos/internal/kvstore/btree.go:657.2,661.20 5 170
github.com/kronos/kronos/internal/kvstore/btree.go:664.37,665.17 1 4819
github.com/kronos/kronos/internal/kvstore/btree.go:665.17,667.3 1 0
github.com/kronos/kronos/internal/kvstore/btree.go:668.2,668.37 1 4819
github.com/kronos/kronos/internal/kvstore/bucket.go:17.52,18.31 1 10
github.com/kronos/kronos/internal/kvstore/bucket.go:18.31,20.3 1 0
github.com/kronos/kronos/internal/kvstore/bucket.go:21.2,21.61 1 10
github.com/kronos/kronos/internal/kvstore/bucket.go:21.61,23.3 1 2
github.com/kronos/kronos/internal/kvstore/bucket.go:24.2,24.62 1 8
github.com/kronos/kronos/internal/kvstore/bucket.go:28.55,29.29 1 3
github.com/kronos/kronos/internal/kvstore/bucket.go:29.29,31.3 1 0
github.com/kronos/kronos/internal/kvstore/bucket.go:32.2,32.61 1 3
github.com/kronos/kronos/internal/kvstore/bucket.go:32.61,34.3 1 1
github.com/kronos/kronos/internal/kvstore/bucket.go:35.2,35.69 1 2
github.com/kronos/kronos/internal/kvstore/bucket.go:39.56,41.16 2 3
github.com/kronos/kronos/internal/kvstore/bucket.go:41.16,43.3 1 0
github.com/kronos/kronos/internal/kvstore/bucket.go:44.2,44.23 1 3
github.com/kronos/kronos/internal/kvstore/bucket.go:48.54,50.16 2 8
github.com/kronos/kronos/internal/kvstore/bucket.go:50.16,52.3 1 1
github.com/kronos/kronos/internal/kvstore/bucket.go:53.2,53.30 1 7
github.com/kronos/kronos/internal/kvstore/bucket.go:57.43,59.16 2 2
github.com/kronos/kronos/internal/kvstore/bucket.go:59.16,61.3 1 1
github.com/kronos/kronos/internal/kvstore/bucket.go:62.2,62.26 1 1
github.com/kronos/kronos/internal/kvstore/bucket.go:66.74,68.16 2 2
github.com/kronos/kronos/internal/kvstore/bucket.go:68.16,70.3 1 0
github.com/kronos/kronos/internal/kvstore/bucket.go:71.2,72.16 2 2
github.com/kronos/kronos/internal/kvstore/bucket.go:72.16,74.3 1 2
github.com/kronos/kronos/internal/kvstore/bucket.go:74.8,76.17 2 0
github.com/kronos/kronos/internal/kvstore/bucket.go:76.17,78.4 1 0
github.com/kronos/kronos/internal/kvstore/bucket.go:80.2,81.16 2 2
github.com/kronos/kronos/internal/kvstore/bucket.go:81.16,83.3 1 0
github.com/kronos/kronos/internal/kvstore/bucket.go:84.2,84.48 1 2
github.com/kronos/kronos/internal/kvstore/bucket.go:87.50,88.29 1 15
github.com/kronos/kronos/internal/kvstore/bucket.go:88.29,90.3 1 0
github.com/kronos/kronos/internal/kvstore/bucket.go:91.2,91.59 1 15
github.com/kronos/kronos/internal/kvstore/bucket.go:91.59,93.3 1 2
github.com/kronos/kronos/internal/kvstore/bucket.go:94.2,97.18 4 13
github.com/kronos/kronos/internal/kvstore/bucket.go:107.40,109.2 1 11
github.com/kronos/kronos/internal/kvstore/bucket.go:112.40,113.17 1 4
github.com/kronos/kronos/internal/kvstore/bucket.go:113.17,115.3 1 1
github.com/kronos/kronos/internal/kvstore/bucket.go:116.2,117.60 2 3
github.com/kronos/kronos/internal/kvstore/bucket.go:121.42,122.17 1 2
github.com/kronos/kronos/internal/kvstore/bucket.go:122.17,124.3 1 1
github.com/kronos/kronos/internal/kvstore/bucket.go:125.2,125.22 1 1
github.com/kronos/kronos/internal/kvstore/bucket.go:129.34,130.31 1 4
github.com/kronos/kronos/internal/kvstore/bucket.go:130.31,132.3 1 4
github.com/kronos/kronos/internal/kvstore/bucket.go:136.39,137.31 1 2
github.com/kronos/kronos/internal/kvstore/bucket.go:137.31,139.3 1 0
github.com/kronos/kronos/internal/kvstore/bucket.go:140.2,140.20 1 2
github.com/kronos/kronos/internal/kvstore/bucket.go:143.54,149.2 5 10
github.com/kronos/kronos/internal/kvstore/bucket.go:151.38,153.37 2 2
github.com/kronos/kronos/internal/kvstore/bucket.go:153.37,154.21 1 2
github.com/kronos/kronos/internal/kvstore/bucket.go:154.21,157.4 2 2
github.com/kronos/kronos/internal/kvstore/bucket.go:159.2,159.12 1 0
github.com/kronos/kronos/internal/kvstore/db.go:23.37,24.49 1 14
github.com/kronos/kronos/internal/kvstore/db.go:24.49,26.3 1 0
github.com/kronos/kronos/internal/kvstore/db.go:27.2,28.16 2 14
github.com/kronos/kronos/internal/kvstore/db.go:28.16,30.3 1 0
github.com/kronos/kronos/internal/kvstore/db.go:31.2,33.15 3 14
github.com/kronos/kronos/internal/kvstore/db.go:33.15,35.17 2 12
github.com/kronos/kronos/internal/kvstore/db.go:35.17,38.4 2 0
github.com/kronos/kronos/internal/kvstore/db.go:39.3,39.56 1 12
github.com/kronos/kronos/internal/kvstore/db.go:39.56,42.4 2 0
github.com/kronos/kronos/internal/kvstore/db.go:43.3,43.39 1 12
github.com/kronos/kronos/internal/kvstore/db.go:43.39,46.4 2 0
github.com/kronos/kronos/internal/kvstore/db.go:47.8,49.3 1 2
github.com/kronos/kronos/internal/kvstore/db.go:50.2,50.43 1 14
github.com/kronos/kronos/internal/kvstore/db.go:54.29,58.15 3 13
github.com/kronos/kronos/internal/kvstore/db.go:58.15,60.3 1 0
github.com/kronos/kronos/internal/kvstore/db.go:61.2,62.25 2 13
github.com/kronos/kronos/internal/kvstore/db.go:66.53,69.36 3 1006
github.com/kronos/kronos/internal/kvstore/db.go:69.36,73.3 3 1006
github.com/kronos/kronos/internal/kvstore/db.go:74.2,74.23 1 1006
github.com/kronos/kronos/internal/kvstore/db.go:78.51,79.38 1 125
github.com/kronos/kronos/internal/kvstore/db.go:79.38,81.3 1 125
github.com/kronos/kronos/internal/kvstore/db.go:85.40,86.38 1 1
github.com/kronos/kronos/internal/kvstore/db.go:86.38,88.3 1 1
github.com/kronos/kronos/internal/kvstore/db.go:92.46,93.15 1 1011
github.com/kronos/kronos/internal/kvstore/db.go:93.15,95.3 1 0
github.com/kronos/kronos/internal/kvstore/db.go:96.2,99.40 3 1011
github.com/kronos/kronos/internal/kvstore/db.go:99.40,101.3 1 0
github.com/kronos/kronos/internal/kvstore/db.go:102.2,102.24 1 1011
github.com/kronos/kronos/internal/kvstore/db.go:106.48,107.15 1 132
github.com/kronos/kronos/internal/kvstore/db.go:107.15,109.3 1 0
github.com/kronos/kronos/internal/kvstore/db.go:110.2,113.40 3 132
github.com/kronos/kronos/internal/kvstore/db.go:113.40,115.3 1 0
github.com/kronos/kronos/internal/kvstore/db.go:116.2,116.56 1 132
github.com/kronos/kronos/internal/kvstore/db.go:116.56,118.3 1 0
github.com/kronos/kronos/internal/kvstore/db.go:119.2,120.31 2 132
github.com/kronos/kronos/internal/kvstore/db.go:120.31,121.61 1 1
github.com/kronos/kronos/internal/kvstore/db.go:121.61,123.4 1 0
github.com/kronos/kronos/internal/kvstore/db.go:124.3,124.13 1 1
github.com/kronos/kronos/internal/kvstore/db.go:126.2,126.41 1 131
github.com/kronos/kronos/internal/kvstore/db.go:126.41,128.3 1 0
github.com/kronos/kronos/internal/kvstore/db.go:129.2,129.41 1 131
github.com/kronos/kronos/internal/kvstore/db.go:132.38,134.41 2 1
github.com/kronos/kronos/internal/kvstore/db.go:134.41,136.3 1 0
github.com/kronos/kronos/internal/kvstore/db.go:137.2,137.49 1 1
github.com/kronos/kronos/internal/kvstore/db.go:137.49,139.3 1 0
github.com/kronos/kronos/internal/kvstore/db.go:140.2,141.16 2 1
github.com/kronos/kronos/internal/kvstore/db.go:141.16,143.3 1 0
github.com/kronos/kronos/internal/kvstore/db.go:144.2,145.15 2 1
github.com/kronos/kronos/internal/kvstore/db.go:145.15,148.3 2 0
github.com/kronos/kronos/internal/kvstore/db.go:149.2,152.12 4 1
github.com/kronos/kronos/internal/kvstore/db.go:156.53,157.31 1 1010
github.com/kronos/kronos/internal/kvstore/db.go:157.31,159.3 1 0
github.com/kronos/kronos/internal/kvstore/db.go:160.2,160.28 1 1010
github.com/kronos/kronos/internal/kvstore/db.go:164.51,165.31 1 136
github.com/kronos/kronos/internal/kvstore/db.go:165.31,167.3 1 0
github.com/kronos/kronos/internal/kvstore/db.go:168.2,168.18 1 136
github.com/kronos/kronos/internal/kvstore/db.go:168.18,170.3 1 1
github.com/kronos/kronos/internal/kvstore/db.go:171.2,171.35 1 135
github.com/kronos/kronos/internal/kvstore/db.go:175.40,176.31 1 2
github.com/kronos/kronos/internal/kvstore/db.go:176.31,178.3 1 0
github.com/kronos/kronos/internal/kvstore/db.go:179.2,179.18 1 2
github.com/kronos/kronos/internal/kvstore/db.go:179.18,181.3 1 0
github.com/kronos/kronos/internal/kvstore/db.go:182.2,182.31 1 2
github.com/kronos/kronos/internal/kvstore/db.go:186.65,187.31 1 3
github.com/kronos/kronos/internal/kvstore/db.go:187.31,189.3 1 0
github.com/kronos/kronos/internal/kvstore/db.go:190.2,190.36 1 3
github.com/kronos/kronos/internal/kvstore/db.go:193.34,194.52 1 1143
github.com/kronos/kronos/internal/kvstore/db.go:194.52,196.3 1 0
github.com/kronos/kronos/internal/kvstore/db.go:197.2,197.15 1 1143
github.com/kronos/kronos/internal/kvstore/db.go:197.15,199.3 1 0
github.com/kronos/kronos/internal/kvstore/db.go:200.2,200.12 1 1143
github.com/kronos/kronos/internal/kvstore/pager.go:42.45,43.16 1 34
github.com/kronos/kronos/internal/kvstore/pager.go:43.16,45.3 1 0
github.com/kronos/kronos/internal/kvstore/pager.go:46.2,47.16 2 34
github.com/kronos/kronos/internal/kvstore/pager.go:47.16,49.3 1 0
github.com/kronos/kronos/internal/kvstore/pager.go:51.2,52.33 2 34
github.com/kronos/kronos/internal/kvstore/pager.go:52.33,55.3 2 0
github.com/kronos/kronos/internal/kvstore/pager.go:56.2,56.15 1 34
github.com/kronos/kronos/internal/kvstore/pager.go:59.30,61.16 2 34
github.com/kronos/kronos/internal/kvstore/pager.go:61.16,63.3 1 0
github.com/kronos/kronos/internal/kvstore/pager.go:64.2,65.15 2 34
github.com/kronos/kronos/internal/kvstore/pager.go:65.15,66.51 1 26
github.com/kronos/kronos/internal/kvstore/pager.go:66.51,68.4 1 0
github.com/kronos/kronos/internal/kvstore/pager.go:69.3,69.37 1 26
github.com/kronos/kronos/internal/kvstore/pager.go:69.37,71.4 1 0
github.com/kronos/kronos/internal/kvstore/pager.go:72.3,73.23 2 26
github.com/kronos/kronos/internal/kvstore/pager.go:75.2,75.24 1 8
github.com/kronos/kronos/internal/kvstore/pager.go:75.24,77.3 1 0
github.com/kronos/kronos/internal/kvstore/pager.go:78.2,78.36 1 8
github.com/kronos/kronos/internal/kvstore/pager.go:78.36,80.3 1 0
github.com/kronos/kronos/internal/kvstore/pager.go:81.2,81.37 1 8
github.com/kronos/kronos/internal/kvstore/pager.go:81.37,84.3 2 0
github.com/kronos/kronos/internal/kvstore/pager.go:85.2,85.71 1 8
github.com/kronos/kronos/internal/kvstore/pager.go:85.71,88.3 2 0
github.com/kronos/kronos/internal/kvstore/pager.go:89.2,89.27 1 8
github.com/kronos/kronos/internal/kvstore/pager.go:93.31,97.14 3 34
github.com/kronos/kronos/internal/kvstore/pager.go:97.14,99.3 1 0
github.com/kronos/kronos/internal/kvstore/pager.go:100.2,101.38 2 34
github.com/kronos/kronos/internal/kvstore/pager.go:101.38,103.3 1 0
github.com/kronos/kronos/internal/kvstore/pager.go:104.2,104.57 1 34
github.com/kronos/kronos/internal/kvstore/pager.go:104.57,106.3 1 0
github.com/kronos/kronos/internal/kvstore/pager.go:107.2,107.54 1 34
github.com/kronos/kronos/internal/kvstore/pager.go:107.54,109.3 1 0
github.com/kronos/kronos/internal/kvstore/pager.go:110.2,110.50 1 34
github.com/kronos/kronos/internal/kvstore/pager.go:110.50,112.3 1 0
github.com/kronos/kronos/internal/kvstore/pager.go:113.2,113.55 1 34
github.com/kronos/kronos/internal/kvstore/pager.go:113.55,115.3 1 0
github.com/kronos/kronos/internal/kvstore/pager.go:116.2,117.14 2 34
github.com/kronos/kronos/internal/kvstore/pager.go:121.31,125.39 3 146
github.com/kronos/kronos/internal/kvstore/pager.go:125.39,127.3 1 0
github.com/kronos/kronos/internal/kvstore/pager.go:128.2,128.38 1 146
github.com/kronos/kronos/internal/kvstore/pager.go:128.38,130.3 1 0
github.com/kronos/kronos/internal/kvstore/pager.go:131.2,131.41 1 146
github.com/kronos/kronos/internal/kvstore/pager.go:131.41,133.3 1 0
github.com/kronos/kronos/internal/kvstore/pager.go:134.2,134.22 1 146
github.com/kronos/kronos/internal/kvstore/pager.go:138.45,142.39 3 2212
github.com/kronos/kronos/internal/kvstore/pager.go:142.39,144.3 1 0
github.com/kronos/kronos/internal/kvstore/pager.go:145.2,145.26 1 2212
github.com/kronos/kronos/internal/kvstore/pager.go:145.26,148.17 3 1003
github.com/kronos/kronos/internal/kvstore/pager.go:148.17,150.4 1 0
github.com/kronos/kronos/internal/kvstore/pager.go:151.3,156.39 6 1003
github.com/kronos/kronos/internal/kvstore/pager.go:156.39,158.4 1 0
github.com/kronos/kronos/internal/kvstore/pager.go:159.3,159.17 1 1003
github.com/kronos/kronos/internal/kvstore/pager.go:162.2,164.69 3 1209
github.com/kronos/kronos/internal/kvstore/pager.go:164.69,167.3 2 0
github.com/kronos/kronos/internal/kvstore/pager.go:168.2,169.16 2 1209
github.com/kronos/kronos/internal/kvstore/pager.go:169.16,171.3 1 0
github.com/kronos/kronos/internal/kvstore/pager.go:172.2,173.38 2 1209
github.com/kronos/kronos/internal/kvstore/pager.go:173.38,175.3 1 0
github.com/kronos/kronos/internal/kvstore/pager.go:176.2,176.16 1 1209
github.com/kronos/kronos/internal/kvstore/pager.go:180.43,184.39 3 1006
github.com/kronos/kronos/internal/kvstore/pager.go:184.39,186.3 1 0
github.com/kronos/kronos/internal/kvstore/pager.go:187.2,187.22 1 1006
github.com/kronos/kronos/internal/kvstore/pager.go:187.22,189.3 1 1
github.com/kronos/kronos/internal/kvstore/pager.go:190.2,190.36 1 1005
github.com/kronos/kronos/internal/kvstore/pager.go:190.36,192.3 1 0
github.com/kronos/kronos/internal/kvstore/pager.go:193.2,193.32 1 1005
github.com/kronos/kronos/internal/kvstore/pager.go:193.32,195.3 1 1
github.com/kronos/kronos/internal/kvstore/pager.go:196.2,197.16 2 1004
github.com/kronos/kronos/internal/kvstore/pager.go:197.16,199.3 1 0
github.com/kronos/kronos/internal/kvstore/pager.go:200.2,205.22 6 1004
github.com/kronos/kronos/internal/kvstore/pager.go:209.49,213.39 3 21057
github.com/kronos/kronos/internal/kvstore/pager.go:213.39,215.3 1 0
github.com/kronos/kronos/internal/kvstore/pager.go:216.2,216.25 1 21057
github.com/kronos/kronos/internal/kvstore/pager.go:220.36,224.2 3 4
github.com/kronos/kronos/internal/kvstore/pager.go:227.36,231.2 3 5
github.com/kronos/kronos/internal/kvstore/pager.go:234.40,239.2 4 4
github.com/kronos/kronos/internal/kvstore/pager.go:242.35,246.2 3 15
github.com/kronos/kronos/internal/kvstore/pager.go:249.46,253.39 3 12
github.com/kronos/kronos/internal/kvstore/pager.go:253.39,255.3 1 0
github.com/kronos/kronos/internal/kvstore/pager.go:256.2,256.47 1 12
github.com/kronos/kronos/internal/kvstore/pager.go:256.47,258.3 1 0
github.com/kronos/kronos/internal/kvstore/pager.go:259.2,260.22 2 12
github.com/kronos/kronos/internal/kvstore/pager.go:263.34,264.28 1 8
github.com/kronos/kronos/internal/kvstore/pager.go:264.28,266.3 1 0
github.com/kronos/kronos/internal/kvstore/pager.go:267.2,268.36 2 8
github.com/kronos/kronos/internal/kvstore/pager.go:268.36,270.3 1 0
github.com/kronos/kronos/internal/kvstore/pager.go:271.2,272.29 2 8
github.com/kronos/kronos/internal/kvstore/pager.go:272.29,274.3 1 0
github.com/kronos/kronos/internal/kvstore/pager.go:275.2,276.26 2 8
github.com/kronos/kronos/internal/kvstore/pager.go:276.26,278.3 1 0
github.com/kronos/kronos/internal/kvstore/pager.go:279.2,285.12 2 8
github.com/kronos/kronos/internal/kvstore/pager.go:288.35,289.28 1 3435
github.com/kronos/kronos/internal/kvstore/pager.go:289.28,291.3 1 0
github.com/kronos/kronos/internal/kvstore/pager.go:292.2,301.12 10 3435
github.com/kronos/kronos/internal/kvstore/pager.go:304.40,307.41 3 8
github.com/kronos/kronos/internal/kvstore/pager.go:307.41,308.31 1 3
github.com/kronos/kronos/internal/kvstore/pager.go:308.31,310.4 1 0
github.com/kronos/kronos/internal/kvstore/pager.go:311.3,311.37 1 3
github.com/kronos/kronos/internal/kvstore/pager.go:311.37,313.4 1 0
github.com/kronos/kronos/internal/kvstore/pager.go:314.3,314.33 1 3
github.com/kronos/kronos/internal/kvstore/pager.go:314.33,316.4 1 0
github.com/kronos/kronos/internal/kvstore/pager.go:317.3,319.17 3 3
github.com/kronos/kronos/internal/kvstore/pager.go:319.17,321.4 1 0
github.com/kronos/kronos/internal/kvstore/pager.go:322.3,322.52 1 3
github.com/kronos/kronos/internal/kvstore/pager.go:324.2,324.48 1 8
github.com/kronos/kronos/internal/kvstore/pager.go:324.48,326.3 1 0
github.com/kronos/kronos/internal/kvstore/pager.go:327.2,327.12 1 8
github.com/kronos/kronos/internal/kvstore/pager.go:330.55,331.36 1 24279
github.com/kronos/kronos/internal/kvstore/pager.go:331.36,333.3 1 0
github.com/kronos/kronos/internal/kvstore/pager.go:334.2,335.40 2 24279
github.com/kronos/kronos/internal/kvstore/pager.go:338.42,339.34 1 1209
github.com/kronos/kronos/internal/kvstore/pager.go:339.34,341.3 1 0
github.com/kronos/kronos/internal/kvstore/pager.go:342.2,342.46 1 1209
github.com/kronos/kronos/internal/kvstore/pager.go:342.46,344.3 1 0
github.com/kronos/kronos/internal/kvstore/pager.go:345.2,345.20 1 1209
github.com/kronos/kronos/internal/kvstore/pager.go:348.33,350.16 2 1243
github.com/kronos/kronos/internal/kvstore/pager.go:350.16,352.3 1 0
github.com/kronos/kronos/internal/kvstore/pager.go:353.2,353.22 1 1243
github.com/kronos/kronos/internal/kvstore/pager.go:353.22,355.3 1 0
github.com/kronos/kronos/internal/kvstore/pager.go:356.2,357.16 2 1243
github.com/kronos/kronos/internal/kvstore/pager.go:357.16,359.3 1 0
github.com/kronos/kronos/internal/kvstore/pager.go:360.2,361.12 2 1243
github.com/kronos/kronos/internal/kvstore/pager.go:364.31,365.19 1 1243
github.com/kronos/kronos/internal/kvstore/pager.go:365.19,367.3 1 0
github.com/kronos/kronos/internal/kvstore/pager.go:368.2,370.12 3 1243
github.com/kronos/kronos/internal/kvstore/pager.go:373.38,374.19 1 181
github.com/kronos/kronos/internal/kvstore/pager.go:374.19,376.3 1 0
github.com/kronos/kronos/internal/kvstore/pager.go:377.2,378.16 2 181
github.com/kronos/kronos/internal/kvstore/pager.go:378.16,380.3 1 0
github.com/kronos/kronos/internal/kvstore/pager.go:381.2,381.28 1 181
github.com/kronos/kronos/internal/kvstore/pager.go:381.28,383.3 1 0
github.com/kronos/kronos/internal/kvstore/pager.go:384.2,384.12 1 181
github.com/kronos/kronos/internal/kvstore/pager.go:387.36,388.14 1 24435
github.com/kronos/kronos/internal/kvstore/pager.go:388.14,390.3 1 0
github.com/kronos/kronos/internal/kvstore/pager.go:391.2,391.36 1 24435
github.com/kronos/kronos/internal/kvstore/pager.go:391.36,393.3 1 0
github.com/kronos/kronos/internal/kvstore/pager.go:394.2,394.12 1 24435
github.com/kronos/kronos/internal/kvstore/pager.go:397.24,398.22 1 14427
github.com/kronos/kronos/internal/kvstore/pager.go:398.22,400.3 1 59092992
github.com/kronos/kronos/internal/kvstore/repair.go:6.32,7.49 1 2
github.com/kronos/kronos/internal/kvstore/repair.go:7.49,9.3 1 0
github.com/kronos/kronos/internal/kvstore/repair.go:10.2,11.16 2 2
github.com/kronos/kronos/internal/kvstore/repair.go:11.16,13.3 1 0
github.com/kronos/kronos/internal/kvstore/repair.go:14.2,19.43 4 2
github.com/kronos/kronos/internal/kvstore/repair.go:19.43,21.3 1 0
github.com/kronos/kronos/internal/kvstore/repair.go:22.2,23.30 2 2
github.com/kronos/kronos/internal/kvstore/repair.go:23.30,24.86 1 2
github.com/kronos/kronos/internal/kvstore/repair.go:24.86,26.4 1 1
github.com/kronos/kronos/internal/kvstore/repair.go:28.2,28.70 1 1
github.com/kronos/kronos/internal/kvstore/repair.go:28.70,30.3 1 0
github.com/kronos/kronos/internal/kvstore/repair.go:31.2,31.42 1 1
github.com/kronos/kronos/internal/kvstore/repair.go:31.42,33.3 1 0
github.com/kronos/kronos/internal/kvstore/repair.go:34.2,34.45 1 1
github.com/kronos/kronos/internal/kvstore/repair.go:34.45,36.3 1 0
github.com/kronos/kronos/internal/kvstore/repair.go:37.2,37.26 1 1
github.com/kronos/kronos/internal/kvstore/repair.go:40.90,41.32 1 2
github.com/kronos/kronos/internal/kvstore/repair.go:41.32,43.3 1 0
github.com/kronos/kronos/internal/kvstore/repair.go:44.2,44.40 1 2
github.com/kronos/kronos/internal/kvstore/repair.go:44.40,46.3 1 0
github.com/kronos/kronos/internal/kvstore/repair.go:47.2,48.16 2 2
github.com/kronos/kronos/internal/kvstore/repair.go:48.16,50.3 1 0
github.com/kronos/kronos/internal/kvstore/repair.go:51.2,52.16 2 2
github.com/kronos/kronos/internal/kvstore/repair.go:52.16,54.3 1 1
github.com/kronos/kronos/internal/kvstore/repair.go:55.2,56.26 2 1
github.com/kronos/kronos/internal/kvstore/repair.go:56.26,57.21 1 1
github.com/kronos/kronos/internal/kvstore/repair.go:57.21,59.4 1 0
github.com/kronos/kronos/internal/kvstore/repair.go:60.3,60.13 1 1
github.com/kronos/kronos/internal/kvstore/repair.go:62.2,62.37 1 0
github.com/kronos/kronos/internal/kvstore/repair.go:62.37,63.78 1 0
github.com/kronos/kronos/internal/kvstore/repair.go:63.78,65.4 1 0
github.com/kronos/kronos/internal/kvstore/repair.go:67.2,67.12 1 0
github.com/kronos/kronos/internal/kvstore/repair.go:70.83,74.55 4 1
github.com/kronos/kronos/internal/kvstore/repair.go:74.55,75.33 1 2
github.com/kronos/kronos/internal/kvstore/repair.go:75.33,76.12 1 1
github.com/kronos/kronos/internal/kvstore/repair.go:78.3,79.17 2 1
github.com/kronos/kronos/internal/kvstore/repair.go:79.17,81.4 1 0
github.com/kronos/kronos/internal/kvstore/repair.go:82.3,86.29 5 1
github.com/kronos/kronos/internal/kvstore/repair.go:88.2,88.12 1 1
github.com/kronos/kronos/internal/kvstore/repair.go:91.48,92.25 1 1
github.com/kronos/kronos/internal/kvstore/repair.go:92.25,94.3 1 8
github.com/kronos/kronos/internal/kvstore/wal.go:13.44,14.18 1 133
github.com/kronos/kronos/internal/kvstore/wal.go:14.18,16.3 1 0
github.com/kronos/kronos/internal/kvstore/wal.go:17.2,21.16 4 133
github.com/kronos/kronos/internal/kvstore/wal.go:21.16,23.3 1 0
github.com/kronos/kronos/internal/kvstore/wal.go:24.2,27.16 3 133
github.com/kronos/kronos/internal/kvstore/wal.go:27.16,29.3 1 0
github.com/kronos/kronos/internal/kvstore/wal.go:30.2,31.15 2 133
github.com/kronos/kronos/internal/kvstore/wal.go:31.15,33.14 2 133
github.com/kronos/kronos/internal/kvstore/wal.go:33.14,35.4 1 0
github.com/kronos/kronos/internal/kvstore/wal.go:38.2,38.55 1 133
github.com/kronos/kronos/internal/kvstore/wal.go:38.55,40.3 1 0
github.com/kronos/kronos/internal/kvstore/wal.go:41.2,41.48 1 133
github.com/kronos/kronos/internal/kvstore/wal.go:41.48,43.3 1 0
github.com/kronos/kronos/internal/kvstore/wal.go:44.2,44.35 1 133
github.com/kronos/kronos/internal/kvstore/wal.go:44.35,46.3 1 0
github.com/kronos/kronos/internal/kvstore/wal.go:47.2,47.36 1 133
github.com/kronos/kronos/internal/kvstore/wal.go:47.36,49.3 1 0
github.com/kronos/kronos/internal/kvstore/wal.go:50.2,50.52 1 133
github.com/kronos/kronos/internal/kvstore/wal.go:50.52,52.3 1 0
github.com/kronos/kronos/internal/kvstore/wal.go:53.2,54.30 2 133
github.com/kronos/kronos/internal/kvstore/wal.go:57.46,60.24 3 17
github.com/kronos/kronos/internal/kvstore/wal.go:60.24,62.3 1 15
github.com/kronos/kronos/internal/kvstore/wal.go:63.2,63.16 1 2
github.com/kronos/kronos/internal/kvstore/wal.go:63.16,65.3 1 0
github.com/kronos/kronos/internal/kvstore/wal.go:66.2,69.51 3 2
github.com/kronos/kronos/internal/kvstore/wal.go:69.51,71.3 1 0
github.com/kronos/kronos/internal/kvstore/wal.go:72.2,72.43 1 2
github.com/kronos/kronos/internal/kvstore/wal.go:72.43,74.3 1 0
github.com/kronos/kronos/internal/kvstore/wal.go:76.2,78.16 3 2
github.com/kronos/kronos/internal/kvstore/wal.go:78.16,80.3 1 0
github.com/kronos/kronos/internal/kvstore/wal.go:81.2,82.15 2 2
github.com/kronos/kronos/internal/kvstore/wal.go:82.15,84.14 2 2
github.com/kronos/kronos/internal/kvstore/wal.go:84.14,86.4 1 0
github.com/kronos/kronos/internal/kvstore/wal.go:88.2,88.51 1 2
github.com/kronos/kronos/internal/kvstore/wal.go:88.51,90.3 1 0
github.com/kronos/kronos/internal/kvstore/wal.go:91.2,91.41 1 2
github.com/kronos/kronos/internal/kvstore/wal.go:91.41,93.3 1 0
github.com/kronos/kronos/internal/kvstore/wal.go:94.2,94.42 1 2
github.com/kronos/kronos/internal/kvstore/wal.go:94.42,96.3 1 0
github.com/kronos/kronos/internal/kvstore/wal.go:97.2,97.51 1 2
github.com/kronos/kronos/internal/kvstore/wal.go:97.51,99.3 1 0
github.com/kronos/kronos/internal/kvstore/wal.go:100.2,100.66 1 2
github.com/kronos/kronos/internal/kvstore/wal.go:100.66,102.3 1 0
github.com/kronos/kronos/internal/kvstore/wal.go:103.2,104.30 2 2
github.com/kronos/kronos/internal/kvstore/wal.go:107.45,109.39 2 131
github.com/kronos/kronos/internal/kvstore/wal.go:109.39,111.3 1 0
github.com/kronos/kronos/internal/kvstore/wal.go:112.2,112.30 1 131
github.com/kronos/kronos/internal/kvstore/wal.go:115.44,117.2 1 282
github.com/kronos/kronos/internal/kvstore/wal.go:119.39,122.16 3 266
github.com/kronos/kronos/internal/kvstore/wal.go:122.16,124.3 1 0
github.com/kronos/kronos/internal/kvstore/wal.go:125.2,126.20 2 266
github.com/kronos/kronos/internal/crypto/cipher.go:36.47,37.20 1 11
github.com/kronos/kronos/internal/crypto/cipher.go:37.20,39.3 1 1
github.com/kronos/kronos/internal/crypto/cipher.go:40.2,41.16 2 10
github.com/kronos/kronos/internal/crypto/cipher.go:41.16,43.3 1 0
github.com/kronos/kronos/internal/crypto/cipher.go:44.2,45.16 2 10
github.com/kronos/kronos/internal/crypto/cipher.go:45.16,47.3 1 0
github.com/kronos/kronos/internal/crypto/cipher.go:48.2,48.67 1 10
github.com/kronos/kronos/internal/crypto/cipher.go:52.54,53.42 1 3
github.com/kronos/kronos/internal/crypto/cipher.go:53.42,55.3 1 1
github.com/kronos/kronos/internal/crypto/cipher.go:56.2,57.16 2 2
github.com/kronos/kronos/internal/crypto/cipher.go:57.16,59.3 1 0
github.com/kronos/kronos/internal/crypto/cipher.go:60.2,60.74 1 2
github.com/kronos/kronos/internal/crypto/cipher.go:63.40,65.2 1 2
github.com/kronos/kronos/internal/crypto/cipher.go:67.37,69.2 1 7
github.com/kronos/kronos/internal/crypto/cipher.go:71.36,73.2 1 2
github.com/kronos/kronos/internal/crypto/cipher.go:75.74,77.2 1 9
github.com/kronos/kronos/internal/crypto/cipher.go:79.84,81.16 2 5
github.com/kronos/kronos/internal/crypto/cipher.go:81.16,83.3 1 1
github.com/kronos/kronos/internal/crypto/cipher.go:84.2,84.23 1 4
github.com/kronos/kronos/internal/crypto/cipher.go:87.48,89.59 2 7
github.com/kronos/kronos/internal/crypto/cipher.go:89.59,91.3 1 0
github.com/kronos/kronos/internal/crypto/cipher.go:92.2,92.19 1 7
github.com/kronos/kronos/internal/crypto/kdf.go:20.35,27.2 1 8
github.com/kronos/kronos/internal/crypto/kdf.go:30.57,32.2 1 2
github.com/kronos/kronos/internal/crypto/kdf.go:35.85,36.26 1 12
github.com/kronos/kronos/internal/crypto/kdf.go:36.26,38.3 1 1
github.com/kronos/kronos/internal/crypto/kdf.go:39.2,39.20 1 11
github.com/kronos/kronos/internal/crypto/kdf.go:39.20,41.3 1 1
github.com/kronos/kronos/internal/crypto/kdf.go:42.2,42.22 1 10
github.com/kronos/kronos/internal/crypto/kdf.go:42.22,44.3 1 0
github.com/kronos/kronos/internal/crypto/kdf.go:45.2,45.24 1 10
github.com/kronos/kronos/internal/crypto/kdf.go:45.24,47.3 1 0
github.com/kronos/kronos/internal/crypto/kdf.go:48.2,48.25 1 10
github.com/kronos/kronos/internal/crypto/kdf.go:48.25,50.3 1 0
github.com/kronos/kronos/internal/crypto/kdf.go:51.2,51.24 1 10
github.com/kronos/kronos/internal/crypto/kdf.go:51.24,53.3 1 0
github.com/kronos/kronos/internal/crypto/kdf.go:54.2,54.103 1 10
github.com/kronos/kronos/internal/crypto/keyslot.go:37.103,39.67 2 4
github.com/kronos/kronos/internal/crypto/keyslot.go:39.67,41.3 1 1
github.com/kronos/kronos/internal/crypto/keyslot.go:42.2,42.18 1 3
github.com/kronos/kronos/internal/crypto/keyslot.go:46.57,48.52 2 6
github.com/kronos/kronos/internal/crypto/keyslot.go:48.52,50.3 1 1
github.com/kronos/kronos/internal/crypto/keyslot.go:51.2,51.40 1 5
github.com/kronos/kronos/internal/crypto/keyslot.go:51.40,53.3 1 1
github.com/kronos/kronos/internal/crypto/keyslot.go:54.2,54.42 1 4
github.com/kronos/kronos/internal/crypto/keyslot.go:54.42,56.3 1 1
github.com/kronos/kronos/internal/crypto/keyslot.go:57.2,58.34 2 3
github.com/kronos/kronos/internal/crypto/keyslot.go:58.34,59.20 1 4
github.com/kronos/kronos/internal/crypto/keyslot.go:59.20,61.4 1 1
github.com/kronos/kronos/internal/crypto/keyslot.go:62.3,62.33 1 3
github.com/kronos/kronos/internal/crypto/keyslot.go:62.33,64.4 1 1
github.com/kronos/kronos/internal/crypto/keyslot.go:65.3,65.29 1 2
github.com/kronos/kronos/internal/crypto/keyslot.go:67.2,67.18 1 1
github.com/kronos/kronos/internal/crypto/keyslot.go:71.48,73.16 2 1
github.com/kronos/kronos/internal/crypto/keyslot.go:73.16,75.3 1 0
github.com/kronos/kronos/internal/crypto/keyslot.go:76.2,76.32 1 1
github.com/kronos/kronos/internal/crypto/keyslot.go:80.98,81.14 1 8
github.com/kronos/kronos/internal/crypto/keyslot.go:81.14,83.3 1 0
github.com/kronos/kronos/internal/crypto/keyslot.go:84.2,84.20 1 8
github.com/kronos/kronos/internal/crypto/keyslot.go:84.20,86.3 1 1
github.com/kronos/kronos/internal/crypto/keyslot.go:87.2,87.23 1 8
github.com/kronos/kronos/internal/crypto/keyslot.go:87.23,89.3 1 1
github.com/kronos/kronos/internal/crypto/keyslot.go:90.2,90.37 1 8
github.com/kronos/kronos/internal/crypto/keyslot.go:90.37,92.3 1 0
github.com/kronos/kronos/internal/crypto/keyslot.go:93.2,93.39 1 8
github.com/kronos/kronos/internal/crypto/keyslot.go:93.39,95.3 1 0
github.com/kronos/kronos/internal/crypto/keyslot.go:96.2,96.40 1 8
github.com/kronos/kronos/internal/crypto/keyslot.go:96.40,98.3 1 1
github.com/kronos/kronos/internal/crypto/keyslot.go:99.2,99.14 1 7
github.com/kronos/kronos/internal/crypto/keyslot.go:99.14,101.3 1 1
github.com/kronos/kronos/internal/crypto/keyslot.go:102.2,102.31 1 6
github.com/kronos/kronos/internal/crypto/keyslot.go:102.31,103.20 1 2
github.com/kronos/kronos/internal/crypto/keyslot.go:103.20,105.4 1 1
github.com/kronos/kronos/internal/crypto/keyslot.go:107.2,107.18 1 5
github.com/kronos/kronos/internal/crypto/keyslot.go:107.18,109.3 1 4
github.com/kronos/kronos/internal/crypto/keyslot.go:110.2,112.16 3 5
github.com/kronos/kronos/internal/crypto/keyslot.go:112.16,114.3 1 0
github.com/kronos/kronos/internal/crypto/keyslot.go:115.2,116.16 2 5
github.com/kronos/kronos/internal/crypto/keyslot.go:116.16,118.3 1 0
github.com/kronos/kronos/internal/crypto/keyslot.go:119.2,120.16 2 5
github.com/kronos/kronos/internal/crypto/keyslot.go:120.16,122.3 1 0
github.com/kronos/kronos/internal/crypto/keyslot.go:123.2,124.16 2 5
github.com/kronos/kronos/internal/crypto/keyslot.go:124.16,126.3 1 0
github.com/kronos/kronos/internal/crypto/keyslot.go:127.2,136.12 3 5
github.com/kronos/kronos/internal/crypto/keyslot.go:140.75,141.31 1 8
github.com/kronos/kronos/internal/crypto/keyslot.go:141.31,142.20 1 8
github.com/kronos/kronos/internal/crypto/keyslot.go:142.20,143.12 1 1
github.com/kronos/kronos/internal/crypto/keyslot.go:145.3,146.17 2 7
github.com/kronos/kronos/internal/crypto/keyslot.go:146.17,148.4 1 4
github.com/kronos/kronos/internal/crypto/keyslot.go:149.3,150.17 2 3
github.com/kronos/kronos/internal/crypto/keyslot.go:150.17,152.4 1 0
github.com/kronos/kronos/internal/crypto/keyslot.go:153.3,154.17 2 3
github.com/kronos/kronos/internal/crypto/keyslot.go:154.17,156.4 1 0
github.com/kronos/kronos/internal/crypto/keyslot.go:157.3,158.17 2 3
github.com/kronos/kronos/internal/crypto/keyslot.go:158.17,160.4 1 0
github.com/kronos/kronos/internal/crypto/keyslot.go:161.3,162.17 2 3
github.com/kronos/kronos/internal/crypto/keyslot.go:162.17,164.4 1 0
github.com/kronos/kronos/internal/crypto/keyslot.go:165.3,166.17 2 3
github.com/kronos/kronos/internal/crypto/keyslot.go:166.17,168.4 1 1
github.com/kronos/kronos/internal/crypto/keyslot.go:169.3,169.41 1 2
github.com/kronos/kronos/internal/crypto/keyslot.go:169.41,171.4 1 0
github.com/kronos/kronos/internal/crypto/keyslot.go:172.3,172.22 1 2
github.com/kronos/kronos/internal/crypto/keyslot.go:174.2,174.53 1 1
github.com/kronos/kronos/internal/crypto/keyslot.go:178.68,179.14 1 5
github.com/kronos/kronos/internal/crypto/keyslot.go:179.14,181.3 1 1
github.com/kronos/kronos/internal/crypto/keyslot.go:182.2,182.31 1 4
github.com/kronos/kronos/internal/crypto/keyslot.go:182.31,183.20 1 4
github.com/kronos/kronos/internal/crypto/keyslot.go:183.20,184.12 1 1
github.com/kronos/kronos/internal/crypto/keyslot.go:186.3,186.39 1 3
github.com/kronos/kronos/internal/crypto/keyslot.go:186.39,188.4 1 1
github.com/kronos/kronos/internal/crypto/keyslot.go:189.3,190.13 2 2
github.com/kronos/kronos/internal/crypto/keyslot.go:192.2,192.48 1 1
github.com/kronos/kronos/internal/crypto/keyslot.go:196.48,199.2 2 1
github.com/kronos/kronos/internal/crypto/keyslot.go:201.35,203.2 1 8
github.com/kronos/kronos/internal/crypto/keyslot.go:205.44,207.57 2 5
github.com/kronos/kronos/internal/crypto/keyslot.go:207.57,209.3 1 0
github.com/kronos/kronos/internal/crypto/keyslot.go:210.2,210.17 1 5
github.com/kronos/kronos/internal/storage/s3/backend.go:74.40,75.24 1 16
github.com/kronos/kronos/internal/storage/s3/backend.go:75.24,77.3 1 0
github.com/kronos/kronos/internal/storage/s3/backend.go:78.2,79.16 2 16
github.com/kronos/kronos/internal/storage/s3/backend.go:79.16,81.3 1 1
github.com/kronos/kronos/internal/storage/s3/backend.go:82.2,82.50 1 15
github.com/kronos/kronos/internal/storage/s3/backend.go:82.50,84.3 1 0
github.com/kronos/kronos/internal/storage/s3/backend.go:85.2,85.22 1 15
github.com/kronos/kronos/internal/storage/s3/backend.go:85.22,87.3 1 1
github.com/kronos/kronos/internal/storage/s3/backend.go:88.2,88.22 1 14
github.com/kronos/kronos/internal/storage/s3/backend.go:88.22,90.3 1 1
github.com/kronos/kronos/internal/storage/s3/backend.go:91.2,92.36 2 13
github.com/kronos/kronos/internal/storage/s3/backend.go:92.36,95.17 3 3
github.com/kronos/kronos/internal/storage/s3/backend.go:95.17,97.4 1 0
github.com/kronos/kronos/internal/storage/s3/backend.go:99.2,99.54 1 13
github.com/kronos/kronos/internal/storage/s3/backend.go:99.54,101.3 1 1
github.com/kronos/kronos/internal/storage/s3/backend.go:102.2,103.16 2 12
github.com/kronos/kronos/internal/storage/s3/backend.go:103.16,105.3 1 2
github.com/kronos/kronos/internal/storage/s3/backend.go:106.2,107.19 2 12
github.com/kronos/kronos/internal/storage/s3/backend.go:107.19,109.3 1 2
github.com/kronos/kronos/internal/storage/s3/backend.go:110.2,111.20 2 12
github.com/kronos/kronos/internal/storage/s3/backend.go:111.20,113.3 1 12
github.com/kronos/kronos/internal/storage/s3/backend.go:114.2,115.19 2 12
github.com/kronos/kronos/internal/storage/s3/backend.go:115.19,117.3 1 12
github.com/kronos/kronos/internal/storage/s3/backend.go:118.2,118.19 1 12
github.com/kronos/kronos/internal/storage/s3/backend.go:118.19,120.3 1 0
github.com/kronos/kronos/internal/storage/s3/backend.go:121.2,122.28 2 12
github.com/kronos/kronos/internal/storage/s3/backend.go:122.28,124.3 1 12
github.com/kronos/kronos/internal/storage/s3/backend.go:125.2,125.26 1 12
github.com/kronos/kronos/internal/storage/s3/backend.go:125.26,127.3 1 12
github.com/kronos/kronos/internal/storage/s3/backend.go:128.2,128.25 1 12
github.com/kronos/kronos/internal/storage/s3/backend.go:128.25,130.3 1 12
github.com/kronos/kronos/internal/storage/s3/backend.go:131.2,132.18 2 12
github.com/kronos/kronos/internal/storage/s3/backend.go:132.18,134.3 1 12
github.com/kronos/kronos/internal/storage/s3/backend.go:135.2,149.8 1 12
github.com/kronos/kronos/internal/storage/s3/backend.go:153.33,155.2 1 2
github.com/kronos/kronos/internal/storage/s3/backend.go:158.109,159.41 1 15
github.com/kronos/kronos/internal/storage/s3/backend.go:159.41,161.3 1 6
github.com/kronos/kronos/internal/storage/s3/backend.go:162.2,163.16 2 9
github.com/kronos/kronos/internal/storage/s3/backend.go:163.16,165.3 1 0
github.com/kronos/kronos/internal/storage/s3/backend.go:166.2,168.34 3 9
github.com/kronos/kronos/internal/storage/s3/backend.go:168.34,170.3 1 0
github.com/kronos/kronos/internal/storage/s3/backend.go:171.2,171.37 1 9
github.com/kronos/kronos/internal/storage/s3/backend.go:171.37,173.3 1 2
github.com/kronos/kronos/internal/storage/s3/backend.go:174.2,174.61 1 7
github.com/kronos/kronos/internal/storage/s3/backend.go:177.143,178.57 1 7
github.com/kronos/kronos/internal/storage/s3/backend.go:178.57,180.3 1 0
github.com/kronos/kronos/internal/storage/s3/backend.go:182.2,183.16 2 7
github.com/kronos/kronos/internal/storage/s3/backend.go:183.16,185.3 1 0
github.com/kronos/kronos/internal/storage/s3/backend.go:186.2,190.46 5 7
github.com/kronos/kronos/internal/storage/s3/backend.go:190.46,191.58 1 1
github.com/kronos/kronos/internal/storage/s3/backend.go:191.58,193.4 1 0
github.com/kronos/kronos/internal/storage/s3/backend.go:194.3,194.36 1 1
github.com/kronos/kronos/internal/storage/s3/backend.go:196.2,196.54 1 7
github.com/kronos/kronos/internal/storage/s3/backend.go:196.54,198.3 1 0
github.com/kronos/kronos/internal/storage/s3/backend.go:200.2,201.16 2 7
github.com/kronos/kronos/internal/storage/s3/backend.go:201.16,203.3 1 0
github.com/kronos/kronos/internal/storage/s3/backend.go:204.2,205.96 2 7
github.com/kronos/kronos/internal/storage/s3/backend.go:205.96,207.3 1 1
github.com/kronos/kronos/internal/storage/s3/backend.go:208.2,208.100 1 6
github.com/kronos/kronos/internal/storage/s3/backend.go:208.100,210.3 1 0
github.com/kronos/kronos/internal/storage/s3/backend.go:211.2,211.62 1 6
github.com/kronos/kronos/internal/storage/s3/backend.go:214.120,216.16 2 2
github.com/kronos/kronos/internal/storage/s3/backend.go:216.16,218.3 1 0
github.com/kronos/kronos/internal/storage/s3/backend.go:219.2,219.12 1 2
github.com/kronos/kronos/internal/storage/s3/backend.go:219.12,221.3 1 0
github.com/kronos/kronos/internal/storage/s3/backend.go:223.2,224.16 2 2
github.com/kronos/kronos/internal/storage/s3/backend.go:224.16,226.3 1 0
github.com/kronos/kronos/internal/storage/s3/backend.go:228.2,229.118 2 2
github.com/kronos/kronos/internal/storage/s3/backend.go:229.118,231.55 2 5
github.com/kronos/kronos/internal/storage/s3/backend.go:231.55,233.4 1 0
github.com/kronos/kronos/internal/storage/s3/backend.go:234.3,235.17 2 5
github.com/kronos/kronos/internal/storage/s3/backend.go:235.17,237.23 2 1
github.com/kronos/kronos/internal/storage/s3/backend.go:237.23,239.5 1 0
github.com/kronos/kronos/internal/storage/s3/backend.go:240.4,240.82 1 1
github.com/kronos/kronos/internal/storage/s3/backend.go:242.3,242.75 1 4
github.com/kronos/kronos/internal/storage/s3/backend.go:245.2,246.16 2 1
github.com/kronos/kronos/internal/storage/s3/backend.go:246.16,248.22 2 0
github.com/kronos/kronos/internal/storage/s3/backend.go:248.22,250.4 1 0
github.com/kronos/kronos/internal/storage/s3/backend.go:251.3,251.35 1 0
github.com/kronos/kronos/internal/storage/s3/backend.go:253.2,253.19 1 1
github.com/kronos/kronos/internal/storage/s3/backend.go:253.19,255.3 1 0
github.com/kronos/kronos/internal/storage/s3/backend.go:256.2,256.18 1 1
github.com/kronos/kronos/internal/storage/s3/backend.go:260.99,262.16 2 3
github.com/kronos/kronos/internal/storage/s3/backend.go:262.16,264.3 1 0
github.com/kronos/kronos/internal/storage/s3/backend.go:265.2,265.61 1 3
github.com/kronos/kronos/internal/storage/s3/backend.go:265.61,267.3 1 0
github.com/kronos/kronos/internal/storage/s3/backend.go:268.2,269.16 2 3
github.com/kronos/kronos/internal/storage/s3/backend.go:269.16,271.3 1 0
github.com/kronos/kronos/internal/storage/s3/backend.go:272.2,272.44 1 3
github.com/kronos/kronos/internal/storage/s3/backend.go:272.44,275.3 2 1
github.com/kronos/kronos/internal/storage/s3/backend.go:276.2,276.58 1 2
github.com/kronos/kronos/internal/storage/s3/backend.go:276.58,279.3 2 0
github.com/kronos/kronos/internal/storage/s3/backend.go:280.2,280.84 1 2
github.com/kronos/kronos/internal/storage/s3/backend.go:284.103,285.27 1 4
github.com/kronos/kronos/internal/storage/s3/backend.go:285.27,287.3 1 1
github.com/kronos/kronos/internal/storage/s3/backend.go:288.2,288.17 1 3
github.com/kronos/kronos/internal/storage/s3/backend.go:288.17,290.3 1 1
github.com/kronos/kronos/internal/storage/s3/backend.go:291.2,292.16 2 2
github.com/kronos/kronos/internal/storage/s3/backend.go:292.16,294.3 1 0
github.com/kronos/kronos/internal/storage/s3/backend.go:295.2,296.61 2 2
github.com/kronos/kronos/internal/storage/s3/backend.go:296.61,298.3 1 0
github.com/kronos/kronos/internal/storage/s3/backend.go:299.2,300.16 2 2
github.com/kronos/kronos/internal/storage/s3/backend.go:300.16,302.3 1 0
github.com/kronos/kronos/internal/storage/s3/backend.go:303.2,303.44 1 2
github.com/kronos/kronos/internal/storage/s3/backend.go:303.44,306.3 2 1
github.com/kronos/kronos/internal/storage/s3/backend.go:307.2,307.85 1 1
github.com/kronos/kronos/internal/storage/s3/backend.go:307.85,310.3 2 0
github.com/kronos/kronos/internal/storage/s3/backend.go:311.2,311.50 1 1
github.com/kronos/kronos/internal/storage/s3/backend.go:311.50,313.3 1 1
github.com/kronos/kronos/internal/storage/s3/backend.go:314.2,314.23 1 0
github.com/kronos/kronos/internal/storage/s3/backend.go:318.85,320.16 2 6
github.com/kronos/kronos/internal/storage/s3/backend.go:320.16,322.3 1 0
github.com/kronos/kronos/internal/storage/s3/backend.go:323.2,323.61 1 6
github.com/kronos/kronos/internal/storage/s3/backend.go:323.61,325.3 1 0
github.com/kronos/kronos/internal/storage/s3/backend.go:326.2,327.16 2 6
github.com/kronos/kronos/internal/storage/s3/backend.go:327.16,329.3 1 0
github.com/kronos/kronos/internal/storage/s3/backend.go:330.2,331.44 2 6
github.com/kronos/kronos/internal/storage/s3/backend.go:331.44,333.3 1 4
github.com/kronos/kronos/internal/storage/s3/backend.go:334.2,334.58 1 2
github.com/kronos/kronos/internal/storage/s3/backend.go:334.58,336.3 1 0
github.com/kronos/kronos/internal/storage/s3/backend.go:337.2,337.73 1 2
github.com/kronos/kronos/internal/storage/s3/backend.go:341.73,343.16 2 5
github.com/kronos/kronos/internal/storage/s3/backend.go:343.16,345.3 1 1
github.com/kronos/kronos/internal/storage/s3/backend.go:346.2,346.38 1 4
github.com/kronos/kronos/internal/storage/s3/backend.go:346.38,348.3 1 4
github.com/kronos/kronos/internal/storage/s3/backend.go:349.2,349.19 1 0
github.com/kronos/kronos/internal/storage/s3/backend.go:353.65,355.16 2 2
github.com/kronos/kronos/internal/storage/s3/backend.go:355.16,357.3 1 0
github.com/kronos/kronos/internal/storage/s3/backend.go:358.2,358.61 1 2
github.com/kronos/kronos/internal/storage/s3/backend.go:358.61,360.3 1 0
github.com/kronos/kronos/internal/storage/s3/backend.go:361.2,362.16 2 2
github.com/kronos/kronos/internal/storage/s3/backend.go:362.16,364.3 1 0
github.com/kronos/kronos/internal/storage/s3/backend.go:365.2,366.44 2 2
github.com/kronos/kronos/internal/storage/s3/backend.go:366.44,368.3 1 0
github.com/kronos/kronos/internal/storage/s3/backend.go:369.2,369.64 1 2
github.com/kronos/kronos/internal/storage/s3/backend.go:373.100,376.18 3 1
github.com/kronos/kronos/internal/storage/s3/backend.go:376.18,378.3 1 1
github.com/kronos/kronos/internal/storage/s3/backend.go:379.2,379.17 1 1
github.com/kronos/kronos/internal/storage/s3/backend.go:379.17,381.3 1 0
github.com/kronos/kronos/internal/storage/s3/backend.go:382.2,383.16 2 1
github.com/kronos/kronos/internal/storage/s3/backend.go:383.16,385.3 1 0
github.com/kronos/kronos/internal/storage/s3/backend.go:386.2,386.61 1 1
github.com/kronos/kronos/internal/storage/s3/backend.go:386.61,388.3 1 0
github.com/kronos/kronos/internal/storage/s3/backend.go:389.2,390.16 2 1
github.com/kronos/kronos/internal/storage/s3/backend.go:390.16,392.3 1 0
github.com/kronos/kronos/internal/storage/s3/backend.go:393.2,394.58 2 1
github.com/kronos/kronos/internal/storage/s3/backend.go:394.58,396.3 1 0
github.com/kronos/kronos/internal/storage/s3/backend.go:398.2,399.67 2 1
github.com/kronos/kronos/internal/storage/s3/backend.go:399.67,401.3 1 0
github.com/kronos/kronos/internal/storage/s3/backend.go:402.2,403.40 2 1
github.com/kronos/kronos/internal/storage/s3/backend.go:403.40,410.3 1 1
github.com/kronos/kronos/internal/storage/s3/backend.go:411.2,411.90 1 1
github.com/kronos/kronos/internal/storage/s3/backend.go:414.90,418.16 4 2
github.com/kronos/kronos/internal/storage/s3/backend.go:418.16,420.3 1 0
github.com/kronos/kronos/internal/storage/s3/backend.go:421.2,421.61 1 2
[...]
github.com/kronos/kronos/internal/storage/s3/backend.go:432.2,433.67 2 2
github.com/kronos/kronos/internal/storage/s3/backend.go:433.67,435.3 1 0
github.com/kronos/kronos/internal/storage/s3/backend.go:436.2,436.28 1 2
github.com/kronos/kronos/internal/storage/s3/backend.go:436.28,438.3 1 0
github.com/kronos/kronos/internal/storage/s3/backend.go:439.2,439.30 1 2
github.com/kronos/kronos/internal/storage/s3/backend.go:442.153,444.16 2 5
github.com/kronos/kronos/internal/storage/s3/backend.go:444.16,446.3 1 0
github.com/kronos/kronos/internal/storage/s3/backend.go:447.2,452.16 6 5
github.com/kronos/kronos/internal/storage/s3/backend.go:452.16,454.3 1 0
github.com/kronos/kronos/internal/storage/s3/backend.go:455.2,457.46 3 5
github.com/kronos/kronos/internal/storage/s3/backend.go:457.46,459.3 1 4
github.com/kronos/kronos/internal/storage/s3/backend.go:460.2,460.54 1 5
github.com/kronos/kronos/internal/storage/s3/backend.go:460.54,462.3 1 0
github.com/kronos/kronos/internal/storage/s3/backend.go:463.2,464.16 2 5
github.com/kronos/kronos/internal/storage/s3/backend.go:464.16,466.3 1 0
github.com/kronos/kronos/internal/storage/s3/backend.go:467.2,468.58 2 5
github.com/kronos/kronos/internal/storage/s3/backend.go:468.58,470.3 1 1
github.com/kronos/kronos/internal/storage/s3/backend.go:471.2,472.26 2 4
github.com/kronos/kronos/internal/storage/s3/backend.go:472.26,474.3 1 0
github.com/kronos/kronos/internal/storage/s3/backend.go:475.2,475.18 1 4
github.com/kronos/kronos/internal/storage/s3/backend.go:478.144,480.16 2 1
github.com/kronos/kronos/internal/storage/s3/backend.go:480.16,482.3 1 0
github.com/kronos/kronos/internal/storage/s3/backend.go:483.2,488.16 6 1
github.com/kronos/kronos/internal/storage/s3/backend.go:488.16,490.3 1 0
github.com/kronos/kronos/internal/storage/s3/backend.go:491.2,493.46 3 1
github.com/kronos/kronos/internal/storage/s3/backend.go:493.46,495.3 1 0
github.com/kronos/kronos/internal/storage/s3/backend.go:496.2,496.54 1 1
github.com/kronos/kronos/internal/storage/s3/backend.go:496.54,498.3 1 0
github.com/kronos/kronos/internal/storage/s3/backend.go:499.2,500.16 2 1
github.com/kronos/kronos/internal/storage/s3/backend.go:500.16,502.3 1 0
github.com/kronos/kronos/internal/storage/s3/backend.go:503.2,504.78 2 1
github.com/kronos/kronos/internal/storage/s3/backend.go:504.78,506.3 1 0
github.com/kronos/kronos/internal/storage/s3/backend.go:507.2,507.57 1 1
github.com/kronos/kronos/internal/storage/s3/backend.go:510.96,514.16 4 1
github.com/kronos/kronos/internal/storage/s3/backend.go:514.16,516.3 1 0
github.com/kronos/kronos/internal/storage/s3/backend.go:517.2,517.61 1 1
github.com/kronos/kronos/internal/storage/s3/backend.go:517.61,519.3 1 0
github.com/kronos/kronos/internal/storage/s3/backend.go:520.2,521.16 2 1
github.com/kronos/kronos/internal/storage/s3/backend.go:521.16,523.3 1 0
github.com/kronos/kronos/internal/storage/s3/backend.go:524.2,525.64 2 1
github.com/kronos/kronos/internal/storage/s3/backend.go:528.90,530.16 2 30
github.com/kronos/kronos/internal/storage/s3/backend.go:530.16,532.3 1 0
github.com/kronos/kronos/internal/storage/s3/backend.go:533.2,534.12 2 30
github.com/kronos/kronos/internal/storage/s3/backend.go:537.73,538.28 1 30
github.com/kronos/kronos/internal/storage/s3/backend.go:538.28,540.3 1 28
github.com/kronos/kronos/internal/storage/s3/backend.go:541.2,543.77 3 2
github.com/kronos/kronos/internal/storage/s3/backend.go:543.77,545.3 1 1
github.com/kronos/kronos/internal/storage/s3/backend.go:546.2,547.16 2 1
github.com/kronos/kronos/internal/storage/s3/backend.go:547.16,549.3 1 0
github.com/kronos/kronos/internal/storage/s3/backend.go:550.2,551.16 2 1
github.com/kronos/kronos/internal/storage/s3/backend.go:551.16,553.3 1 0
github.com/kronos/kronos/internal/storage/s3/backend.go:554.2,555.19 2 1
github.com/kronos/kronos/internal/storage/s3/backend.go:558.68,559.30 1 2
github.com/kronos/kronos/internal/storage/s3/backend.go:559.30,561.3 1 0
github.com/kronos/kronos/internal/storage/s3/backend.go:562.2,562.57 1 2
github.com/kronos/kronos/internal/storage/s3/backend.go:565.65,568.19 3 30
github.com/kronos/kronos/internal/storage/s3/backend.go:568.19,570.3 1 0
github.com/kronos/kronos/internal/storage/s3/backend.go:572.2,572.51 1 30
github.com/kronos/kronos/internal/storage/s3/backend.go:572.51,573.45 1 35
github.com/kronos/kronos/internal/storage/s3/backend.go:573.45,575.4 1 0
github.com/kronos/kronos/internal/storage/s3/backend.go:576.3,577.22 2 35
github.com/kronos/kronos/internal/storage/s3/backend.go:577.22,578.20 1 18
github.com/kronos/kronos/internal/storage/s3/backend.go:578.20,580.5 1 13
github.com/kronos/kronos/internal/storage/s3/backend.go:580.10,581.27 1 5
github.com/kronos/kronos/internal/storage/s3/backend.go:581.27,583.6 1 0
github.com/kronos/kronos/internal/storage/s3/backend.go:584.5,585.19 2 5
github.com/kronos/kronos/internal/storage/s3/backend.go:585.19,587.6 1 0
github.com/kronos/kronos/internal/storage/s3/backend.go:588.5,588.27 1 5
github.com/kronos/kronos/internal/storage/s3/backend.go:591.3,595.17 4 35
github.com/kronos/kronos/internal/storage/s3/backend.go:595.17,597.27 2 0
github.com/kronos/kronos/internal/storage/s3/backend.go:597.27,599.5 1 0
github.com/kronos/kronos/internal/storage/s3/backend.go:600.4,601.12 2 0
github.com/kronos/kronos/internal/storage/s3/backend.go:603.3,603.65 1 35
github.com/kronos/kronos/internal/storage/s3/backend.go:603.65,605.4 1 30
github.com/kronos/kronos/internal/storage/s3/backend.go:607.3,610.46 4 5
github.com/kronos/kronos/internal/storage/s3/backend.go:612.2,612.21 1 0
github.com/kronos/kronos/internal/storage/s3/backend.go:615.77,616.19 1 5
github.com/kronos/kronos/internal/storage/s3/backend.go:616.19,617.54 1 5
github.com/kronos/kronos/internal/storage/s3/backend.go:617.54,618.71 1 1
github.com/kronos/kronos/internal/storage/s3/backend.go:618.71,620.5 1 1
github.com/kronos/kronos/internal/storage/s3/backend.go:621.4,621.54 1 0
github.com/kronos/kronos/internal/storage/s3/backend.go:621.54,623.18 2 0
github.com/kronos/kronos/internal/storage/s3/backend.go:623.18,625.6 1 0
github.com/kronos/kronos/internal/storage/s3/backend.go:626.5,626.13 1 0
github.com/kronos/kronos/internal/storage/s3/backend.go:631.2,632.16 2 4
github.com/kronos/kronos/internal/storage/s3/backend.go:632.16,634.3 1 0
github.com/kronos/kronos/internal/storage/s3/backend.go:635.2,635.17 1 4
github.com/kronos/kronos/internal/storage/s3/backend.go:635.17,638.3 2 3
github.com/kronos/kronos/internal/storage/s3/backend.go:639.2,639.54 1 4
github.com/kronos/kronos/internal/storage/s3/backend.go:639.54,641.3 1 0
github.com/kronos/kronos/internal/storage/s3/backend.go:642.2,642.16 1 4
github.com/kronos/kronos/internal/storage/s3/backend.go:642.16,644.3 1 0
github.com/kronos/kronos/internal/storage/s3/backend.go:645.2,646.25 2 4
github.com/kronos/kronos/internal/storage/s3/backend.go:649.41,656.2 1 35
github.com/kronos/kronos/internal/storage/s3/backend.go:658.135,659.15 1 31
github.com/kronos/kronos/internal/storage/s3/backend.go:659.15,660.42 1 30
github.com/kronos/kronos/internal/storage/s3/backend.go:660.42,662.4 1 0
github.com/kronos/kronos/internal/storage/s3/backend.go:664.2,666.22 3 31
github.com/kronos/kronos/internal/storage/s3/backend.go:666.22,667.16 1 30
github.com/kronos/kronos/internal/storage/s3/backend.go:667.16,669.4 1 1
github.com/kronos/kronos/internal/storage/s3/backend.go:669.9,671.4 1 29
github.com/kronos/kronos/internal/storage/s3/backend.go:672.8,674.16 2 1
github.com/kronos/kronos/internal/storage/s3/backend.go:674.16,676.4 1 0
github.com/kronos/kronos/internal/storage/s3/backend.go:676.9,678.4 1 1
github.com/kronos/kronos/internal/storage/s3/backend.go:680.2,680.75 1 31
github.com/kronos/kronos/internal/storage/s3/backend.go:683.36,685.112 2 45
github.com/kronos/kronos/internal/storage/s3/backend.go:685.112,687.3 1 4
github.com/kronos/kronos/internal/storage/s3/backend.go:688.2,688.33 1 41
github.com/kronos/kronos/internal/storage/s3/backend.go:688.33,690.3 1 1
github.com/kronos/kronos/internal/storage/s3/backend.go:691.2,691.50 1 40
github.com/kronos/kronos/internal/storage/s3/backend.go:691.50,692.22 1 81
github.com/kronos/kronos/internal/storage/s3/backend.go:692.22,694.4 1 1
github.com/kronos/kronos/internal/storage/s3/backend.go:696.2,696.12 1 39
github.com/kronos/kronos/internal/storage/s3/backend.go:699.65,700.14 1 9
github.com/kronos/kronos/internal/storage/s3/backend.go:700.14,702.3 1 0
github.com/kronos/kronos/internal/storage/s3/backend.go:703.2,704.16 2 9
github.com/kronos/kronos/internal/storage/s3/backend.go:704.16,706.3 1 0
github.com/kronos/kronos/internal/storage/s3/backend.go:707.2,709.16 3 9
github.com/kronos/kronos/internal/storage/s3/backend.go:709.16,713.3 3 0
github.com/kronos/kronos/internal/storage/s3/backend.go:714.2,714.36 1 9
github.com/kronos/kronos/internal/storage/s3/backend.go:714.36,718.3 3 0
github.com/kronos/kronos/internal/storage/s3/backend.go:719.2,719.62 1 9
github.com/kronos/kronos/internal/storage/s3/backend.go:722.75,724.82 2 5
github.com/kronos/kronos/internal/storage/s3/backend.go:724.82,726.3 1 0
github.com/kronos/kronos/internal/storage/s3/backend.go:727.2,727.47 1 5
github.com/kronos/kronos/internal/storage/s3/backend.go:730.41,732.2 1 1
github.com/kronos/kronos/internal/storage/s3/backend.go:734.99,736.56 2 12
github.com/kronos/kronos/internal/storage/s3/backend.go:736.56,737.65 1 12
github.com/kronos/kronos/internal/storage/s3/backend.go:737.65,738.38 1 12
github.com/kronos/kronos/internal/storage/s3/backend.go:738.38,740.5 1 6
github.com/kronos/kronos/internal/storage/s3/backend.go:743.2,744.55 2 12
github.com/kronos/kronos/internal/storage/s3/backend.go:744.55,745.55 1 12
github.com/kronos/kronos/internal/storage/s3/backend.go:745.55,747.4 1 12
github.com/kronos/kronos/internal/storage/s3/backend.go:749.2,754.3 1 12
github.com/kronos/kronos/internal/storage/s3/backend.go:757.35,759.2 1 18
github.com/kronos/kronos/internal/storage/s3/backend.go:766.43,768.2 1 1
github.com/kronos/kronos/internal/storage/s3/backend.go:770.62,771.33 1 23
github.com/kronos/kronos/internal/storage/s3/backend.go:771.33,772.32 1 26
github.com/kronos/kronos/internal/storage/s3/backend.go:772.32,774.4 1 22
github.com/kronos/kronos/internal/storage/s3/backend.go:776.2,776.57 1 1
github.com/kronos/kronos/internal/storage/s3/backend.go:809.51,810.20 1 3
github.com/kronos/kronos/internal/storage/s3/backend.go:810.20,813.3 2 1
github.com/kronos/kronos/internal/storage/s3/backend.go:814.2,815.16 2 2
github.com/kronos/kronos/internal/storage/s3/backend.go:815.16,817.3 1 1
github.com/kronos/kronos/internal/storage/s3/backend.go:818.2,819.12 2 1
github.com/kronos/kronos/internal/storage/s3/credentials.go:30.85,32.2 1 5
github.com/kronos/kronos/internal/storage/s3/credentials.go:40.86,41.34 1 2
github.com/kronos/kronos/internal/storage/s3/credentials.go:41.34,43.3 1 1
github.com/kronos/kronos/internal/storage/s3/credentials.go:44.2,44.43 1 1
github.com/kronos/kronos/internal/storage/s3/credentials.go:51.81,52.34 1 2
github.com/kronos/kronos/internal/storage/s3/credentials.go:52.34,54.3 1 1
github.com/kronos/kronos/internal/storage/s3/credentials.go:55.2,59.4 1 1
github.com/kronos/kronos/internal/storage/s3/credentials.go:73.80,74.21 1 4
github.com/kronos/kronos/internal/storage/s3/credentials.go:74.21,76.3 1 1
github.com/kronos/kronos/internal/storage/s3/credentials.go:77.2,77.23 1 3
github.com/kronos/kronos/internal/storage/s3/credentials.go:77.23,79.3 1 1
github.com/kronos/kronos/internal/storage/s3/credentials.go:80.2,81.16 2 2
github.com/kronos/kronos/internal/storage/s3/credentials.go:81.16,83.3 1 0
github.com/kronos/kronos/internal/storage/s3/credentials.go:84.2,85.20 2 2
github.com/kronos/kronos/internal/storage/s3/credentials.go:85.20,87.3 1 0
github.com/kronos/kronos/internal/storage/s3/credentials.go:88.2,89.23 2 2
github.com/kronos/kronos/internal/storage/s3/credentials.go:89.23,91.3 1 1
github.com/kronos/kronos/internal/storage/s3/credentials.go:92.2,98.27 7 2
github.com/kronos/kronos/internal/storage/s3/credentials.go:98.27,100.3 1 0
github.com/kronos/kronos/internal/storage/s3/credentials.go:102.2,103.16 2 2
github.com/kronos/kronos/internal/storage/s3/credentials.go:103.16,105.3 1 0
github.com/kronos/kronos/internal/storage/s3/credentials.go:106.2,109.19 3 2
github.com/kronos/kronos/internal/storage/s3/credentials.go:109.19,111.3 1 0
github.com/kronos/kronos/internal/storage/s3/credentials.go:112.2,113.16 2 2
github.com/kronos/kronos/internal/storage/s3/credentials.go:113.16,115.3 1 0
github.com/kronos/kronos/internal/storage/s3/credentials.go:116.2,117.52 2 2
github.com/kronos/kronos/internal/storage/s3/credentials.go:117.52,119.3 1 1
github.com/kronos/kronos/internal/storage/s3/credentials.go:121.2,122.63 2 1
github.com/kronos/kronos/internal/storage/s3/credentials.go:122.63,124.3 1 0
github.com/kronos/kronos/internal/storage/s3/credentials.go:125.2,130.4 1 1
github.com/kronos/kronos/internal/storage/s3/credentials.go:141.73,143.20 2 3
github.com/kronos/kronos/internal/storage/s3/credentials.go:143.20,145.3 1 0
github.com/kronos/kronos/internal/storage/s3/credentials.go:146.2,147.19 2 3
github.com/kronos/kronos/internal/storage/s3/credentials.go:147.19,149.3 1 0
github.com/kronos/kronos/internal/storage/s3/credentials.go:150.2,151.14 2 3
github.com/kronos/kronos/internal/storage/s3/credentials.go:151.14,153.3 1 3
github.com/kronos/kronos/internal/storage/s3/credentials.go:155.2,156.16 2 3
github.com/kronos/kronos/internal/storage/s3/credentials.go:156.16,158.3 1 0
github.com/kronos/kronos/internal/storage/s3/credentials.go:159.2,161.16 3 3
github.com/kronos/kronos/internal/storage/s3/credentials.go:161.16,163.3 1 0
github.com/kronos/kronos/internal/storage/s3/credentials.go:164.2,165.16 2 3
github.com/kronos/kronos/internal/storage/s3/credentials.go:165.16,167.3 1 0
github.com/kronos/kronos/internal/storage/s3/credentials.go:169.2,170.16 2 3
github.com/kronos/kronos/internal/storage/s3/credentials.go:170.16,172.3 1 0
github.com/kronos/kronos/internal/storage/s3/credentials.go:173.2,175.16 3 3
github.com/kronos/kronos/internal/storage/s3/credentials.go:175.16,177.3 1 0
github.com/kronos/kronos/internal/storage/s3/credentials.go:178.2,179.16 2 3
github.com/kronos/kronos/internal/storage/s3/credentials.go:179.16,181.3 1 0
github.com/kronos/kronos/internal/storage/s3/credentials.go:182.2,183.20 2 3
github.com/kronos/kronos/internal/storage/s3/credentials.go:183.20,185.3 1 1
github.com/kronos/kronos/internal/storage/s3/credentials.go:187.2,188.16 2 2
github.com/kronos/kronos/internal/storage/s3/credentials.go:188.16,190.3 1 0
github.com/kronos/kronos/internal/storage/s3/credentials.go:191.2,193.16 3 2
github.com/kronos/kronos/internal/storage/s3/credentials.go:193.16,195.3 1 0
github.com/kronos/kronos/internal/storage/s3/credentials.go:196.2,197.62 2 2
github.com/kronos/kronos/internal/storage/s3/credentials.go:197.62,199.3 1 0
github.com/kronos/kronos/internal/storage/s3/credentials.go:200.2,201.69 2 2
github.com/kronos/kronos/internal/storage/s3/credentials.go:201.69,203.3 1 0
github.com/kronos/kronos/internal/storage/s3/credentials.go:204.2,204.27 1 2
github.com/kronos/kronos/internal/storage/s3/credentials.go:204.27,206.3 1 1
github.com/kronos/kronos/internal/storage/s3/credentials.go:207.2,212.4 1 1
github.com/kronos/kronos/internal/storage/s3/credentials.go:215.66,216.52 1 19
github.com/kronos/kronos/internal/storage/s3/credentials.go:216.52,218.3 1 2
github.com/kronos/kronos/internal/storage/s3/credentials.go:219.2,219.19 1 17
github.com/kronos/kronos/internal/storage/s3/credentials.go:222.62,224.52 2 6
github.com/kronos/kronos/internal/storage/s3/credentials.go:224.52,226.3 1 0
github.com/kronos/kronos/internal/storage/s3/credentials.go:227.2,228.79 2 6
github.com/kronos/kronos/internal/storage/s3/credentials.go:228.79,230.3 1 0
github.com/kronos/kronos/internal/storage/s3/credentials.go:231.2,231.26 1 6
github.com/kronos/kronos/internal/storage/s3/sigv4.go:46.121,47.16 1 33
github.com/kronos/kronos/internal/storage/s3/sigv4.go:47.16,49.3 1 0
github.com/kronos/kronos/internal/storage/s3/sigv4.go:50.2,50.52 1 33
github.com/kronos/kronos/internal/storage/s3/sigv4.go:50.52,52.3 1 0
github.com/kronos/kronos/internal/storage/s3/sigv4.go:53.2,53.20 1 33
github.com/kronos/kronos/internal/storage/s3/sigv4.go:53.20,55.3 1 0
github.com/kronos/kronos/internal/storage/s3/sigv4.go:56.2,57.19 2 33
github.com/kronos/kronos/internal/storage/s3/sigv4.go:57.19,59.3 1 3
github.com/kronos/kronos/internal/storage/s3/sigv4.go:60.2,60.23 1 33
github.com/kronos/kronos/internal/storage/s3/sigv4.go:60.23,62.3 1 0
github.com/kronos/kronos/internal/storage/s3/sigv4.go:64.2,68.30 5 33
github.com/kronos/kronos/internal/storage/s3/sigv4.go:68.30,70.3 1 0
github.com/kronos/kronos/internal/storage/s3/sigv4.go:72.2,91.8 7 33
github.com/kronos/kronos/internal/storage/s3/sigv4.go:94.79,104.2 2 33
github.com/kronos/kronos/internal/storage/s3/sigv4.go:106.38,107.30 1 33
github.com/kronos/kronos/internal/storage/s3/sigv4.go:107.30,109.3 1 0
github.com/kronos/kronos/internal/storage/s3/sigv4.go:110.2,110.33 1 33
github.com/kronos/kronos/internal/storage/s3/sigv4.go:113.47,120.32 3 35
github.com/kronos/kronos/internal/storage/s3/sigv4.go:120.32,122.21 2 22
github.com/kronos/kronos/internal/storage/s3/sigv4.go:122.21,124.12 2 0
github.com/kronos/kronos/internal/storage/s3/sigv4.go:126.3,126.30 1 22
github.com/kronos/kronos/internal/storage/s3/sigv4.go:126.30,128.4 1 22
github.com/kronos/kronos/internal/storage/s3/sigv4.go:130.2,130.40 1 35
github.com/kronos/kronos/internal/storage/s3/sigv4.go:130.40,131.35 1 11
github.com/kronos/kronos/internal/storage/s3/sigv4.go:131.35,133.4 1 0
github.com/kronos/kronos/internal/storage/s3/sigv4.go:134.3,134.37 1 11
github.com/kronos/kronos/internal/storage/s3/sigv4.go:137.2,138.29 2 35
github.com/kronos/kronos/internal/storage/s3/sigv4.go:138.29,140.3 1 22
github.com/kronos/kronos/internal/storage/s3/sigv4.go:141.2,141.33 1 35
github.com/kronos/kronos/internal/storage/s3/sigv4.go:144.59,146.39 2 33
github.com/kronos/kronos/internal/storage/s3/sigv4.go:146.39,148.31 2 91
github.com/kronos/kronos/internal/storage/s3/sigv4.go:148.31,149.12 1 0
github.com/kronos/kronos/internal/storage/s3/sigv4.go:151.3,151.53 1 91
github.com/kronos/kronos/internal/storage/s3/sigv4.go:153.2,156.28 3 33
github.com/kronos/kronos/internal/storage/s3/sigv4.go:156.28,158.3 1 124
github.com/kronos/kronos/internal/storage/s3/sigv4.go:159.2,162.29 3 33
github.com/kronos/kronos/internal/storage/s3/sigv4.go:162.29,167.3 4 124
github.com/kronos/kronos/internal/storage/s3/sigv4.go:168.2,168.53 1 33
github.com/kronos/kronos/internal/storage/s3/sigv4.go:171.51,173.31 2 124
github.com/kronos/kronos/internal/storage/s3/sigv4.go:173.31,175.3 1 124
github.com/kronos/kronos/internal/storage/s3/sigv4.go:176.2,176.35 1 124
github.com/kronos/kronos/internal/storage/s3/sigv4.go:179.37,180.20 1 33
github.com/kronos/kronos/internal/storage/s3/sigv4.go:180.20,182.3 1 33
github.com/kronos/kronos/internal/storage/s3/sigv4.go:183.2,183.20 1 0
github.com/kronos/kronos/internal/storage/s3/sigv4.go:183.20,185.3 1 0
github.com/kronos/kronos/internal/storage/s3/sigv4.go:186.2,186.11 1 0
github.com/kronos/kronos/internal/storage/s3/sigv4.go:189.73,191.2 1 33
github.com/kronos/kronos/internal/storage/s3/sigv4.go:193.83,198.2 4 33
github.com/kronos/kronos/internal/storage/s3/sigv4.go:200.49,204.2 3 165
github.com/kronos/kronos/internal/storage/s3/sigv4.go:206.36,209.2 2 34
github.com/kronos/kronos/internal/storage/s3/sigv4.go:211.55,214.34 3 79
github.com/kronos/kronos/internal/storage/s3/sigv4.go:214.34,216.52 2 979
github.com/kronos/kronos/internal/storage/s3/sigv4.go:216.52,218.12 2 972
github.com/kronos/kronos/internal/storage/s3/sigv4.go:220.3,222.35 3 7
github.com/kronos/kronos/internal/storage/s3/sigv4.go:224.2,224.21 1 79
github.com/kronos/kronos/internal/storage/s3/sigv4.go:227.32,232.2 1 979
