mode: atomic
github.com/kronos/kronos/internal/config/config.go:121.92,123.16 2 2
github.com/kronos/kronos/internal/config/config.go:123.16,125.3 1 0
github.com/kronos/kronos/internal/config/config.go:126.2,127.16 2 2
github.com/kronos/kronos/internal/config/config.go:127.16,129.3 1 0
github.com/kronos/kronos/internal/config/config.go:130.2,130.17 1 2
github.com/kronos/kronos/internal/config/config.go:133.84,134.21 1 2
github.com/kronos/kronos/internal/config/config.go:134.21,136.3 1 0
github.com/kronos/kronos/internal/config/config.go:137.2,137.93 1 2
github.com/kronos/kronos/internal/config/config.go:137.93,138.56 1 5
github.com/kronos/kronos/internal/config/config.go:138.56,140.4 1 2
github.com/kronos/kronos/internal/config/config.go:141.3,141.36 1 5
github.com/kronos/kronos/internal/config/config.go:146.88,147.21 1 5
github.com/kronos/kronos/internal/config/config.go:147.21,149.3 1 0
github.com/kronos/kronos/internal/config/config.go:151.2,152.16 2 5
github.com/kronos/kronos/internal/config/config.go:152.16,154.3 1 3
github.com/kronos/kronos/internal/config/config.go:156.2,157.55 2 2
github.com/kronos/kronos/internal/config/config.go:157.55,159.3 1 0
github.com/kronos/kronos/internal/config/config.go:160.2,160.39 1 2
github.com/kronos/kronos/internal/config/config.go:160.39,162.3 1 0
github.com/kronos/kronos/internal/config/config.go:163.2,163.18 1 2
github.com/kronos/kronos/internal/config/config.go:167.34,169.27 2 3
github.com/kronos/kronos/internal/config/config.go:169.27,171.3 1 0
github.com/kronos/kronos/internal/config/config.go:172.2,172.28 1 3
github.com/kronos/kronos/internal/config/config.go:172.28,174.3 1 0
github.com/kronos/kronos/internal/config/config.go:175.2,175.26 1 3
github.com/kronos/kronos/internal/config/config.go:175.26,177.3 1 0
github.com/kronos/kronos/internal/config/config.go:179.2,179.37 1 3
github.com/kronos/kronos/internal/config/config.go:179.37,180.25 1 3
github.com/kronos/kronos/internal/config/config.go:180.25,182.4 1 0
github.com/kronos/kronos/internal/config/config.go:183.3,184.44 2 3
github.com/kronos/kronos/internal/config/config.go:184.44,185.26 1 2
github.com/kronos/kronos/internal/config/config.go:185.26,187.5 1 0
github.com/kronos/kronos/internal/config/config.go:188.4,188.29 1 2
github.com/kronos/kronos/internal/config/config.go:188.29,190.5 1 0
github.com/kronos/kronos/internal/config/config.go:191.4,191.39 1 2
github.com/kronos/kronos/internal/config/config.go:194.3,195.42 2 3
github.com/kronos/kronos/internal/config/config.go:195.42,196.25 1 2
github.com/kronos/kronos/internal/config/config.go:196.25,198.5 1 0
github.com/kronos/kronos/internal/config/config.go:199.4,199.27 1 2
github.com/kronos/kronos/internal/config/config.go:199.27,201.5 1 0
github.com/kronos/kronos/internal/config/config.go:202.4,202.37 1 2
github.com/kronos/kronos/internal/config/config.go:205.3,205.46 1 3
github.com/kronos/kronos/internal/config/config.go:205.46,206.27 1 3
github.com/kronos/kronos/internal/config/config.go:206.27,208.5 1 0
github.com/kronos/kronos/internal/config/config.go:209.4,209.27 1 3
github.com/kronos/kronos/internal/config/config.go:209.27,211.5 1 0
github.com/kronos/kronos/internal/config/config.go:212.4,212.71 1 3
github.com/kronos/kronos/internal/config/config.go:212.71,214.5 1 1
github.com/kronos/kronos/internal/config/config.go:215.4,215.74 1 3
github.com/kronos/kronos/internal/config/config.go:215.74,217.5 1 1
github.com/kronos/kronos/internal/config/config.go:221.2,221.29 1 3
github.com/kronos/kronos/internal/config/expand.go:12.93,14.53 2 5
github.com/kronos/kronos/internal/config/expand.go:14.53,16.3 1 1
github.com/kronos/kronos/internal/config/expand.go:18.2,19.16 2 4
github.com/kronos/kronos/internal/config/expand.go:19.16,21.3 1 2
github.com/kronos/kronos/internal/config/expand.go:23.2,24.16 2 2
github.com/kronos/kronos/internal/config/expand.go:24.16,26.3 1 0
github.com/kronos/kronos/internal/config/expand.go:27.2,27.17 1 2
github.com/kronos/kronos/internal/config/expand.go:30.89,31.31 1 104
github.com/kronos/kronos/internal/config/expand.go:32.22,34.33 2 28
github.com/kronos/kronos/internal/config/expand.go:34.33,36.18 2 81
github.com/kronos/kronos/internal/config/expand.go:36.18,38.5 1 6
github.com/kronos/kronos/internal/config/expand.go:39.4,39.23 1 75
github.com/kronos/kronos/internal/config/expand.go:41.3,41.18 1 22
github.com/kronos/kronos/internal/config/expand.go:42.19,44.33 2 1
github.com/kronos/kronos/internal/config/expand.go:44.33,46.11 2 1
github.com/kronos/kronos/internal/config/expand.go:46.11,48.5 1 1
github.com/kronos/kronos/internal/config/expand.go:49.4,50.18 2 0
github.com/kronos/kronos/internal/config/expand.go:50.18,52.5 1 0
github.com/kronos/kronos/internal/config/expand.go:53.4,53.27 1 0
github.com/kronos/kronos/internal/config/expand.go:55.3,55.18 1 0
github.com/kronos/kronos/internal/config/expand.go:56.13,58.31 2 15
github.com/kronos/kronos/internal/config/expand.go:58.31,60.18 2 17
github.com/kronos/kronos/internal/config/expand.go:60.18,62.5 1 4
github.com/kronos/kronos/internal/config/expand.go:63.4,63.31 1 13
github.com/kronos/kronos/internal/config/expand.go:65.3,65.18 1 11
github.com/kronos/kronos/internal/config/expand.go:66.14,67.44 1 58
github.com/kronos/kronos/internal/config/expand.go:68.10,69.20 1 2
github.com/kronos/kronos/internal/config/expand.go:73.96,76.6 3 58
github.com/kronos/kronos/internal/config/expand.go:76.6,78.16 2 63
github.com/kronos/kronos/internal/config/expand.go:78.16,81.4 2 56
github.com/kronos/kronos/internal/config/expand.go:82.3,86.14 4 7
github.com/kronos/kronos/internal/config/expand.go:86.14,88.4 1 1
github.com/kronos/kronos/internal/config/expand.go:90.3,91.17 2 6
github.com/kronos/kronos/internal/config/expand.go:91.17,93.4 1 0
github.com/kronos/kronos/internal/config/expand.go:94.3,95.17 2 6
github.com/kronos/kronos/internal/config/expand.go:95.17,97.4 1 1
github.com/kronos/kronos/internal/config/expand.go:98.3,99.33 2 5
github.com/kronos/kronos/internal/storage/local/local.go:33.54,34.16 1 12
github.com/kronos/kronos/internal/storage/local/local.go:34.16,36.3 1 2
github.com/kronos/kronos/internal/storage/local/local.go:37.2,37.16 1 12
github.com/kronos/kronos/internal/storage/local/local.go:37.16,39.3 1 1
github.com/kronos/kronos/internal/storage/local/local.go:40.2,41.16 2 11
github.com/kronos/kronos/internal/storage/local/local.go:41.16,43.3 1 0
github.com/kronos/kronos/internal/storage/local/local.go:44.2,44.48 1 11
github.com/kronos/kronos/internal/storage/local/local.go:44.48,46.3 1 0
github.com/kronos/kronos/internal/storage/local/local.go:47.2,47.45 1 11
github.com/kronos/kronos/internal/storage/local/local.go:51.33,53.2 1 2
github.com/kronos/kronos/internal/storage/local/local.go:56.109,57.34 1 116
github.com/kronos/kronos/internal/storage/local/local.go:57.34,59.3 1 1
github.com/kronos/kronos/internal/storage/local/local.go:60.2,61.16 2 115
github.com/kronos/kronos/internal/storage/local/local.go:61.16,63.3 1 6
github.com/kronos/kronos/internal/storage/local/local.go:64.2,65.51 2 109
github.com/kronos/kronos/internal/storage/local/local.go:65.51,67.3 1 0
github.com/kronos/kronos/internal/storage/local/local.go:68.2,68.46 1 109
github.com/kronos/kronos/internal/storage/local/local.go:68.46,70.3 1 32
github.com/kronos/kronos/internal/storage/local/local.go:70.8,70.58 1 77
github.com/kronos/kronos/internal/storage/local/local.go:70.58,72.3 1 0
github.com/kronos/kronos/internal/storage/local/local.go:74.2,76.16 3 77
github.com/kronos/kronos/internal/storage/local/local.go:76.16,77.34 1 68
github.com/kronos/kronos/internal/storage/local/local.go:77.34,79.4 1 68
github.com/kronos/kronos/internal/storage/local/local.go:80.3,80.73 1 0
github.com/kronos/kronos/internal/storage/local/local.go:82.2,84.46 3 9
github.com/kronos/kronos/internal/storage/local/local.go:84.46,86.3 1 0
github.com/kronos/kronos/internal/storage/local/local.go:86.8,86.58 1 9
github.com/kronos/kronos/internal/storage/local/local.go:86.58,88.3 1 0
github.com/kronos/kronos/internal/storage/local/local.go:90.2,92.16 3 9
github.com/kronos/kronos/internal/storage/local/local.go:92.16,94.3 1 0
github.com/kronos/kronos/internal/storage/local/local.go:96.2,100.20 5 9
github.com/kronos/kronos/internal/storage/local/local.go:100.20,103.3 2 1
github.com/kronos/kronos/internal/storage/local/local.go:104.2,104.20 1 8
github.com/kronos/kronos/internal/storage/local/local.go:104.20,107.3 2 0
github.com/kronos/kronos/internal/storage/local/local.go:108.2,108.21 1 8
github.com/kronos/kronos/internal/storage/local/local.go:108.21,111.3 2 0
github.com/kronos/kronos/internal/storage/local/local.go:112.2,112.34 1 8
github.com/kronos/kronos/internal/storage/local/local.go:112.34,115.3 2 1
github.com/kronos/kronos/internal/storage/local/local.go:117.2,117.54 1 7
github.com/kronos/kronos/internal/storage/local/local.go:117.54,119.34 2 0
github.com/kronos/kronos/internal/storage/local/local.go:119.34,121.4 1 0
github.com/kronos/kronos/internal/storage/local/local.go:122.3,122.68 1 0
github.com/kronos/kronos/internal/storage/local/local.go:124.2,124.40 1 7
github.com/kronos/kronos/internal/storage/local/local.go:124.40,126.3 1 0
github.com/kronos/kronos/internal/storage/local/local.go:128.2,129.16 2 7
github.com/kronos/kronos/internal/storage/local/local.go:129.16,131.3 1 0
github.com/kronos/kronos/internal/storage/local/local.go:132.2,134.18 3 7
github.com/kronos/kronos/internal/storage/local/local.go:138.99,139.34 1 7
github.com/kronos/kronos/internal/storage/local/local.go:139.34,141.3 1 1
github.com/kronos/kronos/internal/storage/local/local.go:142.2,143.16 2 6
github.com/kronos/kronos/internal/storage/local/local.go:143.16,145.3 1 0
github.com/kronos/kronos/internal/storage/local/local.go:146.2,147.16 2 6
github.com/kronos/kronos/internal/storage/local/local.go:147.16,148.37 1 1
github.com/kronos/kronos/internal/storage/local/local.go:148.37,150.4 1 1
github.com/kronos/kronos/internal/storage/local/local.go:151.3,151.40 1 0
github.com/kronos/kronos/internal/storage/local/local.go:153.2,154.16 2 5
github.com/kronos/kronos/internal/storage/local/local.go:154.16,157.3 2 0
github.com/kronos/kronos/internal/storage/local/local.go:158.2,160.26 3 5
github.com/kronos/kronos/internal/storage/local/local.go:164.103,165.34 1 4
github.com/kronos/kronos/internal/storage/local/local.go:165.34,167.3 1 1
github.com/kronos/kronos/internal/storage/local/local.go:168.2,168.27 1 3
github.com/kronos/kronos/internal/storage/local/local.go:168.27,170.3 1 1
github.com/kronos/kronos/internal/storage/local/local.go:171.2,172.16 2 2
github.com/kronos/kronos/internal/storage/local/local.go:172.16,174.3 1 0
github.com/kronos/kronos/internal/storage/local/local.go:175.2,176.16 2 2
github.com/kronos/kronos/internal/storage/local/local.go:176.16,177.37 1 1
github.com/kronos/kronos/internal/storage/local/local.go:177.37,179.4 1 1
github.com/kronos/kronos/internal/storage/local/local.go:180.3,180.18 1 0
github.com/kronos/kronos/internal/storage/local/local.go:182.2,182.56 1 1
github.com/kronos/kronos/internal/storage/local/local.go:182.56,185.3 2 0
github.com/kronos/kronos/internal/storage/local/local.go:186.2,186.82 1 1
github.com/kronos/kronos/internal/storage/local/local.go:190.85,191.34 1 5
github.com/kronos/kronos/internal/storage/local/local.go:191.34,193.3 1 1
github.com/kronos/kronos/internal/storage/local/local.go:194.2,195.16 2 4
github.com/kronos/kronos/internal/storage/local/local.go:195.16,197.3 1 0
github.com/kronos/kronos/internal/storage/local/local.go:198.2,199.16 2 4
github.com/kronos/kronos/internal/storage/local/local.go:199.16,200.37 1 2
github.com/kronos/kronos/internal/storage/local/local.go:200.37,202.4 1 2
github.com/kronos/kronos/internal/storage/local/local.go:203.3,203.35 1 0
github.com/kronos/kronos/internal/storage/local/local.go:205.2,207.20 3 2
github.com/kronos/kronos/internal/storage/local/local.go:211.73,213.16 2 2
github.com/kronos/kronos/internal/storage/local/local.go:213.16,215.3 1 1
github.com/kronos/kronos/internal/storage/local/local.go:216.2,216.38 1 1
github.com/kronos/kronos/internal/storage/local/local.go:216.38,218.3 1 1
github.com/kronos/kronos/internal/storage/local/local.go:219.2,219.19 1 0
github.com/kronos/kronos/internal/storage/local/local.go:223.65,224.34 1 3
github.com/kronos/kronos/internal/storage/local/local.go:224.34,226.3 1 1
github.com/kronos/kronos/internal/storage/local/local.go:227.2,228.16 2 2
github.com/kronos/kronos/internal/storage/local/local.go:228.16,230.3 1 0
github.com/kronos/kronos/internal/storage/local/local.go:231.2,231.81 1 2
github.com/kronos/kronos/internal/storage/local/local.go:231.81,233.3 1 0
github.com/kronos/kronos/internal/storage/local/local.go:234.2,234.42 1 2
github.com/kronos/kronos/internal/storage/local/local.go:238.100,239.34 1 3
github.com/kronos/kronos/internal/storage/local/local.go:239.34,241.3 1 1
github.com/kronos/kronos/internal/storage/local/local.go:242.2,243.96 2 2
github.com/kronos/kronos/internal/storage/local/local.go:243.96,244.21 1 9
github.com/kronos/kronos/internal/storage/local/local.go:244.21,246.4 1 0
github.com/kronos/kronos/internal/storage/local/local.go:247.3,247.35 1 9
github.com/kronos/kronos/internal/storage/local/local.go:247.35,249.4 1 0
github.com/kronos/kronos/internal/storage/local/local.go:250.3,250.20 1 9
github.com/kronos/kronos/internal/storage/local/local.go:250.20,252.4 1 5
github.com/kronos/kronos/internal/storage/local/local.go:253.3,254.74 2 4
github.com/kronos/kronos/internal/storage/local/local.go:254.74,256.4 1 2
github.com/kronos/kronos/internal/storage/local/local.go:257.3,258.17 2 2
github.com/kronos/kronos/internal/storage/local/local.go:258.17,260.4 1 0
github.com/kronos/kronos/internal/storage/local/local.go:261.3,262.71 2 2
github.com/kronos/kronos/internal/storage/local/local.go:262.71,264.4 1 0
github.com/kronos/kronos/internal/storage/local/local.go:265.3,266.17 2 2
github.com/kronos/kronos/internal/storage/local/local.go:266.17,268.4 1 0
github.com/kronos/kronos/internal/storage/local/local.go:269.3,272.13 4 2
github.com/kronos/kronos/internal/storage/local/local.go:274.2,274.16 1 2
github.com/kronos/kronos/internal/storage/local/local.go:274.16,276.3 1 0
github.com/kronos/kronos/internal/storage/local/local.go:278.2,278.42 1 2
github.com/kronos/kronos/internal/storage/local/local.go:278.42,280.3 1 0
github.com/kronos/kronos/internal/storage/local/local.go:281.2,281.37 1 2
github.com/kronos/kronos/internal/storage/local/local.go:281.37,283.3 1 2
github.com/kronos/kronos/internal/storage/local/local.go:284.2,285.83 2 0
github.com/kronos/kronos/internal/storage/local/local.go:288.58,290.112 2 132
github.com/kronos/kronos/internal/storage/local/local.go:290.112,292.3 1 4
github.com/kronos/kronos/internal/storage/local/local.go:293.2,293.33 1 128
github.com/kronos/kronos/internal/storage/local/local.go:293.33,295.3 1 1
github.com/kronos/kronos/internal/storage/local/local.go:296.2,296.50 1 127
github.com/kronos/kronos/internal/storage/local/local.go:296.50,297.22 1 257
github.com/kronos/kronos/internal/storage/local/local.go:297.22,299.4 1 1
github.com/kronos/kronos/internal/storage/local/local.go:301.2,301.64 1 126
github.com/kronos/kronos/internal/storage/local/local.go:304.66,310.2 1 16
github.com/kronos/kronos/internal/storage/local/local.go:312.39,314.16 2 10
github.com/kronos/kronos/internal/storage/local/local.go:314.16,316.3 1 1
github.com/kronos/kronos/internal/storage/local/local.go:317.2,320.47 3 9
github.com/kronos/kronos/internal/storage/local/local.go:320.47,322.3 1 0
github.com/kronos/kronos/internal/storage/local/local.go:323.2,323.42 1 9
github.com/kronos/kronos/internal/storage/local/local.go:326.88,329.6 3 9
github.com/kronos/kronos/internal/storage/local/local.go:329.6,330.35 1 16
github.com/kronos/kronos/internal/storage/local/local.go:330.35,332.4 1 0
github.com/kronos/kronos/internal/storage/local/local.go:333.3,334.13 2 16
github.com/kronos/kronos/internal/storage/local/local.go:334.13,336.14 2 7
github.com/kronos/kronos/internal/storage/local/local.go:336.14,338.5 1 7
github.com/kronos/kronos/internal/storage/local/local.go:339.4,339.17 1 7
github.com/kronos/kronos/internal/storage/local/local.go:339.17,341.5 1 0
github.com/kronos/kronos/internal/storage/local/local.go:342.4,342.16 1 7
github.com/kronos/kronos/internal/storage/local/local.go:342.16,344.5 1 0
github.com/kronos/kronos/internal/storage/local/local.go:346.3,346.16 1 16
github.com/kronos/kronos/internal/storage/local/local.go:346.16,347.20 1 9
github.com/kronos/kronos/internal/storage/local/local.go:347.20,349.5 1 8
github.com/kronos/kronos/internal/storage/local/local.go:350.4,350.22 1 1
github.com/kronos/kronos/internal/storage/local/local.go:355.28,357.43 2 9
github.com/kronos/kronos/internal/storage/local/local.go:357.43,359.3 1 0
github.com/kronos/kronos/internal/storage/local/local.go:360.2,360.33 1 9
github.com/kronos/kronos/internal/storage/local/local.go:363.32,365.16 2 9
github.com/kronos/kronos/internal/storage/local/local.go:365.16,367.3 1 0
github.com/kronos/kronos/internal/storage/local/local.go:368.2,369.20 2 9
github.com/kronos/kronos/internal/storage/local/local.go:377.55,379.2 1 2
github.com/kronos/kronos/internal/storage/local/local.go:381.41,383.2 1 1
github.com/kronos/kronos/internal/agent/client.go:26.77,27.23 1 11
github.com/kronos/kronos/internal/agent/client.go:27.23,29.3 1 2
github.com/kronos/kronos/internal/agent/client.go:30.2,30.42 1 11
github.com/kronos/kronos/internal/agent/client.go:30.42,32.3 1 0
github.com/kronos/kronos/internal/agent/client.go:33.2,34.16 2 11
github.com/kronos/kronos/internal/agent/client.go:34.16,36.3 1 1
github.com/kronos/kronos/internal/agent/client.go:37.2,37.46 1 10
github.com/kronos/kronos/internal/agent/client.go:37.46,39.3 1 0
github.com/kronos/kronos/internal/agent/client.go:40.2,43.115 4 10
github.com/kronos/kronos/internal/agent/client.go:47.114,51.2 3 6
github.com/kronos/kronos/internal/agent/client.go:54.64,56.78 2 6
github.com/kronos/kronos/internal/agent/client.go:56.78,58.3 1 1
github.com/kronos/kronos/internal/agent/client.go:59.2,59.26 1 5
github.com/kronos/kronos/internal/agent/client.go:63.136,71.2 3 3
github.com/kronos/kronos/internal/agent/client.go:74.74,76.90 2 3
github.com/kronos/kronos/internal/agent/client.go:76.90,78.3 1 0
github.com/kronos/kronos/internal/agent/client.go:79.2,79.30 1 3
github.com/kronos/kronos/internal/agent/client.go:83.82,87.2 3 1
github.com/kronos/kronos/internal/agent/client.go:90.76,92.91 2 2
github.com/kronos/kronos/internal/agent/client.go:92.91,94.3 1 0
github.com/kronos/kronos/internal/agent/client.go:95.2,95.31 1 2
github.com/kronos/kronos/internal/agent/client.go:99.84,103.2 3 1
github.com/kronos/kronos/internal/agent/client.go:106.74,108.69 2 2
github.com/kronos/kronos/internal/agent/client.go:108.69,110.3 1 0
github.com/kronos/kronos/internal/agent/client.go:111.2,111.30 1 2
github.com/kronos/kronos/internal/agent/client.go:115.82,119.2 3 1
github.com/kronos/kronos/internal/agent/client.go:121.75,123.16 2 10
github.com/kronos/kronos/internal/agent/client.go:123.16,125.3 1 0
github.com/kronos/kronos/internal/agent/client.go:126.2,126.29 1 10
github.com/kronos/kronos/internal/agent/client.go:129.89,130.57 1 15
github.com/kronos/kronos/internal/agent/client.go:130.57,132.3 1 0
github.com/kronos/kronos/internal/agent/client.go:133.2,134.20 2 15
github.com/kronos/kronos/internal/agent/client.go:134.20,135.64 1 9
github.com/kronos/kronos/internal/agent/client.go:135.64,137.4 1 0
github.com/kronos/kronos/internal/agent/client.go:139.2,140.16 2 15
github.com/kronos/kronos/internal/agent/client.go:140.16,142.3 1 0
github.com/kronos/kronos/internal/agent/client.go:143.2,144.29 2 15
github.com/kronos/kronos/internal/agent/client.go:147.121,148.57 1 25
github.com/kronos/kronos/internal/agent/client.go:148.57,150.3 1 0
github.com/kronos/kronos/internal/agent/client.go:151.2,152.17 2 25
github.com/kronos/kronos/internal/agent/client.go:152.17,154.3 1 10
github.com/kronos/kronos/internal/agent/client.go:154.8,156.3 1 15
github.com/kronos/kronos/internal/agent/client.go:157.2,158.16 2 25
github.com/kronos/kronos/internal/agent/client.go:158.16,160.3 1 0
github.com/kronos/kronos/internal/agent/client.go:161.2,161.54 1 25
github.com/kronos/kronos/internal/agent/client.go:161.54,163.3 1 1
github.com/kronos/kronos/internal/agent/client.go:164.2,164.60 1 25
github.com/kronos/kronos/internal/agent/client.go:164.60,166.3 1 8
github.com/kronos/kronos/internal/agent/client.go:167.2,167.17 1 25
github.com/kronos/kronos/internal/agent/client.go:170.68,172.16 2 25
github.com/kronos/kronos/internal/agent/client.go:172.16,174.3 1 1
github.com/kronos/kronos/internal/agent/client.go:175.2,176.53 2 24
github.com/kronos/kronos/internal/agent/client.go:176.53,178.3 1 0
github.com/kronos/kronos/internal/agent/client.go:179.2,179.16 1 24
github.com/kronos/kronos/internal/agent/client.go:179.16,181.3 1 0
github.com/kronos/kronos/internal/agent/client.go:182.2,183.28 2 24
github.com/kronos/kronos/internal/agent/client.go:186.47,192.2 5 25
github.com/kronos/kronos/internal/agent/executor.go:43.83,44.14 1 1
github.com/kronos/kronos/internal/agent/executor.go:44.14,46.3 1 0
github.com/kronos/kronos/internal/agent/executor.go:47.2,47.19 1 1
github.com/kronos/kronos/internal/agent/executor.go:47.19,49.3 1 0
github.com/kronos/kronos/internal/agent/executor.go:50.2,51.16 2 1
github.com/kronos/kronos/internal/agent/executor.go:51.16,53.3 1 0
github.com/kronos/kronos/internal/agent/executor.go:54.2,55.33 2 1
github.com/kronos/kronos/internal/agent/executor.go:55.33,62.3 1 1
github.com/kronos/kronos/internal/agent/executor.go:63.2,66.16 3 1
github.com/kronos/kronos/internal/agent/executor.go:66.16,68.3 1 0
github.com/kronos/kronos/internal/agent/executor.go:69.2,70.27 2 1
github.com/kronos/kronos/internal/agent/executor.go:70.27,72.3 1 1
github.com/kronos/kronos/internal/agent/executor.go:73.2,74.32 2 1
github.com/kronos/kronos/internal/agent/executor.go:74.32,76.17 2 1
github.com/kronos/kronos/internal/agent/executor.go:76.17,78.4 1 0
github.com/kronos/kronos/internal/agent/executor.go:79.3,79.32 1 1
github.com/kronos/kronos/internal/agent/executor.go:81.2,84.16 3 1
github.com/kronos/kronos/internal/agent/executor.go:84.16,86.3 1 0
github.com/kronos/kronos/internal/agent/executor.go:87.2,88.33 2 1
github.com/kronos/kronos/internal/agent/executor.go:88.33,90.3 1 1
github.com/kronos/kronos/internal/agent/executor.go:91.2,92.12 2 1
github.com/kronos/kronos/internal/agent/executor.go:96.69,97.19 1 3
github.com/kronos/kronos/internal/agent/executor.go:98.29,100.17 2 2
github.com/kronos/kronos/internal/agent/executor.go:100.17,102.4 1 0
github.com/kronos/kronos/internal/agent/executor.go:103.3,103.36 1 2
github.com/kronos/kronos/internal/agent/executor.go:104.26,106.17 2 0
github.com/kronos/kronos/internal/agent/executor.go:106.17,108.4 1 0
github.com/kronos/kronos/internal/agent/executor.go:109.3,109.21 1 0
github.com/kronos/kronos/internal/agent/executor.go:110.10,111.90 1 1
github.com/kronos/kronos/internal/agent/executor.go:116.90,117.47 1 9
github.com/kronos/kronos/internal/agent/executor.go:117.47,119.3 1 2
github.com/kronos/kronos/internal/agent/executor.go:120.2,120.34 1 7
github.com/kronos/kronos/internal/agent/executor.go:123.51,124.34 1 6
github.com/kronos/kronos/internal/agent/executor.go:124.34,126.3 1 1
github.com/kronos/kronos/internal/agent/executor.go:127.2,128.16 2 5
github.com/kronos/kronos/internal/agent/executor.go:128.16,130.3 1 0
github.com/kronos/kronos/internal/agent/executor.go:131.2,131.20 1 5
github.com/kronos/kronos/internal/agent/executor.go:131.20,133.3 1 1
github.com/kronos/kronos/internal/agent/executor.go:134.2,134.24 1 4
github.com/kronos/kronos/internal/agent/executor.go:134.24,136.3 1 1
github.com/kronos/kronos/internal/agent/executor.go:137.2,137.9 1 3
github.com/kronos/kronos/internal/agent/executor.go:138.20,139.21 1 2
github.com/kronos/kronos/internal/agent/executor.go:140.20,141.21 1 0
github.com/kronos/kronos/internal/agent/executor.go:142.22,143.23 1 1
github.com/kronos/kronos/internal/agent/executor.go:144.10,145.58 1 0
github.com/kronos/kronos/internal/agent/executor.go:149.60,151.16 2 2
github.com/kronos/kronos/internal/agent/executor.go:151.16,153.3 1 0
github.com/kronos/kronos/internal/agent/executor.go:154.2,161.110 2 2
github.com/kronos/kronos/internal/agent/executor.go:161.110,167.3 1 0
github.com/kronos/kronos/internal/agent/executor.go:167.8,169.39 2 2
github.com/kronos/kronos/internal/agent/executor.go:170.36,171.57 1 0
github.com/kronos/kronos/internal/agent/executor.go:172.36,173.100 1 0
github.com/kronos/kronos/internal/agent/executor.go:174.11,176.18 2 2
github.com/kronos/kronos/internal/agent/executor.go:176.18,178.5 1 1
github.com/kronos/kronos/internal/agent/executor.go:179.4,179.28 1 1
github.com/kronos/kronos/internal/agent/executor.go:182.2,182.17 1 1
github.com/kronos/kronos/internal/agent/executor.go:185.63,197.60 2 2
github.com/kronos/kronos/internal/agent/executor.go:197.60,199.3 1 1
github.com/kronos/kronos/internal/agent/executor.go:200.2,205.52 2 1
github.com/kronos/kronos/internal/agent/executor.go:205.52,207.3 1 0
github.com/kronos/kronos/internal/agent/executor.go:208.2,208.19 1 1
github.com/kronos/kronos/internal/agent/executor.go:211.45,212.31 1 3
github.com/kronos/kronos/internal/agent/executor.go:212.31,213.18 1 3
github.com/kronos/kronos/internal/agent/executor.go:213.18,215.4 1 3
github.com/kronos/kronos/internal/agent/executor.go:217.2,217.11 1 0
github.com/kronos/kronos/internal/agent/executor.go:220.43,222.16 2 5
github.com/kronos/kronos/internal/agent/executor.go:222.16,224.3 1 0
github.com/kronos/kronos/internal/agent/executor.go:225.2,225.22 1 5
github.com/kronos/kronos/internal/agent/executor.go:225.22,227.3 1 1
github.com/kronos/kronos/internal/agent/executor.go:228.2,228.18 1 4
github.com/kronos/kronos/internal/agent/executor.go:228.18,230.3 1 2
github.com/kronos/kronos/internal/agent/executor.go:231.2,232.18 2 2
github.com/kronos/kronos/internal/agent/executor.go:232.18,234.3 1 1
github.com/kronos/kronos/internal/agent/executor.go:235.2,235.20 1 1
github.com/kronos/kronos/internal/agent/executor.go:238.61,240.27 2 2
github.com/kronos/kronos/internal/agent/executor.go:240.27,242.3 1 2
github.com/kronos/kronos/internal/agent/executor.go:243.2,243.27 1 2
github.com/kronos/kronos/internal/agent/executor.go:243.27,245.3 1 2
github.com/kronos/kronos/internal/agent/executor.go:246.2,246.78 1 2
github.com/kronos/kronos/internal/agent/executor.go:246.78,247.62 1 10
github.com/kronos/kronos/internal/agent/executor.go:247.62,249.4 1 5
github.com/kronos/kronos/internal/agent/executor.go:251.2,251.27 1 2
github.com/kronos/kronos/internal/agent/executor.go:251.27,252.65 1 1
github.com/kronos/kronos/internal/agent/executor.go:252.65,254.4 1 1
github.com/kronos/kronos/internal/agent/executor.go:256.2,256.12 1 2
github.com/kronos/kronos/internal/agent/executor.go:259.66,260.27 1 24
github.com/kronos/kronos/internal/agent/executor.go:260.27,262.26 2 29
github.com/kronos/kronos/internal/agent/executor.go:262.26,263.12 1 14
github.com/kronos/kronos/internal/agent/executor.go:265.3,265.28 1 15
github.com/kronos/kronos/internal/agent/executor.go:266.15,267.12 1 12
github.com/kronos/kronos/internal/agent/executor.go:268.11,269.24 1 3
github.com/kronos/kronos/internal/agent/executor.go:272.2,272.11 1 9
github.com/kronos/kronos/internal/agent/executor.go:275.62,277.17 2 4
github.com/kronos/kronos/internal/agent/executor.go:277.17,279.3 1 1
github.com/kronos/kronos/internal/agent/executor.go:280.2,281.29 2 3
github.com/kronos/kronos/internal/agent/executor.go:284.57,285.18 1 1
github.com/kronos/kronos/internal/agent/executor.go:285.18,287.3 1 0
github.com/kronos/kronos/internal/agent/executor.go:288.2,289.29 2 1
github.com/kronos/kronos/internal/agent/executor.go:289.29,291.3 1 3
github.com/kronos/kronos/internal/agent/executor.go:292.2,292.12 1 1
github.com/kronos/kronos/internal/agent/executor.go:295.96,297.22 2 7
github.com/kronos/kronos/internal/agent/executor.go:297.22,299.3 1 0
github.com/kronos/kronos/internal/agent/executor.go:300.2,300.128 1 7
github.com/kronos/kronos/internal/agent/executor.go:300.128,302.3 1 0
github.com/kronos/kronos/internal/agent/executor.go:303.2,303.22 1 7
github.com/kronos/kronos/internal/agent/executor.go:303.22,305.3 1 1
github.com/kronos/kronos/internal/agent/executor.go:306.2,306.30 1 6
github.com/kronos/kronos/internal/agent/executor.go:306.30,308.3 1 0
github.com/kronos/kronos/internal/agent/executor.go:309.2,309.49 1 6
github.com/kronos/kronos/internal/agent/executor.go:309.49,311.3 1 0
github.com/kronos/kronos/internal/agent/executor.go:312.2,313.18 2 6
github.com/kronos/kronos/internal/agent/executor.go:313.18,315.3 1 0
github.com/kronos/kronos/internal/agent/executor.go:316.2,317.9 2 6
github.com/kronos/kronos/internal/agent/executor.go:317.9,319.3 1 0
github.com/kronos/kronos/internal/agent/executor.go:320.2,321.9 2 6
github.com/kronos/kronos/internal/agent/executor.go:321.9,323.3 1 0
github.com/kronos/kronos/internal/agent/executor.go:324.2,325.9 2 6
github.com/kronos/kronos/internal/agent/executor.go:325.9,327.3 1 0
github.com/kronos/kronos/internal/agent/executor.go:328.2,329.16 2 6
github.com/kronos/kronos/internal/agent/executor.go:329.16,331.3 1 0
github.com/kronos/kronos/internal/agent/executor.go:332.2,332.21 1 6
github.com/kronos/kronos/internal/agent/executor.go:332.21,334.3 1 0
github.com/kronos/kronos/internal/agent/executor.go:335.2,335.28 1 6
github.com/kronos/kronos/internal/agent/executor.go:335.28,337.3 1 0
github.com/kronos/kronos/internal/agent/executor.go:338.2,338.26 1 6
github.com/kronos/kronos/internal/agent/executor.go:338.26,340.3 1 0
github.com/kronos/kronos/internal/agent/executor.go:341.2,343.16 3 6
github.com/kronos/kronos/internal/agent/executor.go:343.16,345.3 1 0
github.com/kronos/kronos/internal/agent/executor.go:346.2,348.16 3 6
github.com/kronos/kronos/internal/agent/executor.go:348.16,350.3 1 0
github.com/kronos/kronos/internal/agent/executor.go:351.2,352.16 2 6
github.com/kronos/kronos/internal/agent/executor.go:352.16,354.3 1 0
github.com/kronos/kronos/internal/agent/executor.go:355.2,372.16 2 6
github.com/kronos/kronos/internal/agent/executor.go:372.16,374.3 1 0
github.com/kronos/kronos/internal/agent/executor.go:375.2,387.8 1 6
github.com/kronos/kronos/internal/agent/executor.go:390.239,391.39 1 6
github.com/kronos/kronos/internal/agent/executor.go:391.39,394.3 2 5
github.com/kronos/kronos/internal/agent/executor.go:395.2,395.33 1 1
github.com/kronos/kronos/internal/agent/executor.go:395.33,397.3 1 0
github.com/kronos/kronos/internal/agent/executor.go:398.2,399.9 2 1
github.com/kronos/kronos/internal/agent/executor.go:399.9,401.3 1 0
github.com/kronos/kronos/internal/agent/executor.go:402.2,402.32 1 1
github.com/kronos/kronos/internal/agent/executor.go:402.32,404.3 1 0
github.com/kronos/kronos/internal/agent/executor.go:405.2,406.16 2 1
github.com/kronos/kronos/internal/agent/executor.go:406.16,408.3 1 0
github.com/kronos/kronos/internal/agent/executor.go:409.2,410.16 2 1
github.com/kronos/kronos/internal/agent/executor.go:410.16,412.3 1 0
github.com/kronos/kronos/internal/agent/executor.go:413.2,414.31 2 1
github.com/kronos/kronos/internal/agent/executor.go:417.81,418.22 1 2
github.com/kronos/kronos/internal/agent/executor.go:418.22,420.3 1 0
github.com/kronos/kronos/internal/agent/executor.go:421.2,421.30 1 2
github.com/kronos/kronos/internal/agent/executor.go:421.30,423.3 1 0
github.com/kronos/kronos/internal/agent/executor.go:424.2,425.16 2 2
github.com/kronos/kronos/internal/agent/executor.go:425.16,427.3 1 0
github.com/kronos/kronos/internal/agent/executor.go:428.2,428.34 1 2
github.com/kronos/kronos/internal/agent/executor.go:428.34,430.3 1 0
github.com/kronos/kronos/internal/agent/executor.go:431.2,432.23 2 2
github.com/kronos/kronos/internal/agent/executor.go:432.23,434.3 1 0
github.com/kronos/kronos/internal/agent/executor.go:435.2,436.9 2 2
github.com/kronos/kronos/internal/agent/executor.go:436.9,438.3 1 0
github.com/kronos/kronos/internal/agent/executor.go:439.2,442.54 4 2
github.com/kronos/kronos/internal/agent/executor.go:442.54,443.25 1 0
github.com/kronos/kronos/internal/agent/executor.go:443.25,445.4 1 0
github.com/kronos/kronos/internal/agent/executor.go:446.3,446.26 1 0
github.com/kronos/kronos/internal/agent/executor.go:446.26,448.4 1 0
github.com/kronos/kronos/internal/agent/executor.go:450.2,450.51 1 2
github.com/kronos/kronos/internal/agent/executor.go:450.51,452.3 1 1
github.com/kronos/kronos/internal/agent/executor.go:453.2,453.24 1 2
github.com/kronos/kronos/internal/agent/executor.go:453.24,455.3 1 0
github.com/kronos/kronos/internal/agent/executor.go:456.2,456.27 1 2
github.com/kronos/kronos/internal/agent/executor.go:456.27,458.3 1 0
github.com/kronos/kronos/internal/agent/executor.go:459.2,460.9 2 2
github.com/kronos/kronos/internal/agent/executor.go:460.9,462.3 1 0
github.com/kronos/kronos/internal/agent/executor.go:463.2,464.9 2 2
github.com/kronos/kronos/internal/agent/executor.go:464.9,466.3 1 0
github.com/kronos/kronos/internal/agent/executor.go:467.2,468.16 2 2
github.com/kronos/kronos/internal/agent/executor.go:468.16,470.3 1 0
github.com/kronos/kronos/internal/agent/executor.go:471.2,471.21 1 2
github.com/kronos/kronos/internal/agent/executor.go:471.21,473.3 1 0
github.com/kronos/kronos/internal/agent/executor.go:474.2,475.16 2 2
github.com/kronos/kronos/internal/agent/executor.go:475.16,477.3 1 0
github.com/kronos/kronos/internal/agent/executor.go:478.2,486.12 2 2
github.com/kronos/kronos/internal/agent/executor.go:489.161,491.41 2 2
github.com/kronos/kronos/internal/agent/executor.go:491.41,492.26 1 3
github.com/kronos/kronos/internal/agent/executor.go:492.26,494.4 1 0
github.com/kronos/kronos/internal/agent/executor.go:495.3,496.17 2 3
github.com/kronos/kronos/internal/agent/executor.go:496.17,498.4 1 0
github.com/kronos/kronos/internal/agent/executor.go:499.3,500.17 2 3
github.com/kronos/kronos/internal/agent/executor.go:500.17,502.4 1 0
github.com/kronos/kronos/internal/agent/executor.go:503.3,503.39 1 3
github.com/kronos/kronos/internal/agent/executor.go:505.2,505.18 1 2
github.com/kronos/kronos/internal/agent/executor.go:508.64,509.47 1 6
github.com/kronos/kronos/internal/agent/executor.go:509.47,511.3 1 4
github.com/kronos/kronos/internal/agent/executor.go:512.2,512.49 1 2
github.com/kronos/kronos/internal/agent/executor.go:512.49,514.10 2 1
github.com/kronos/kronos/internal/agent/executor.go:514.10,516.4 1 0
github.com/kronos/kronos/internal/agent/executor.go:517.3,517.24 1 1
github.com/kronos/kronos/internal/agent/executor.go:519.2,519.59 1 1
github.com/kronos/kronos/internal/agent/executor.go:522.66,524.35 2 4
github.com/kronos/kronos/internal/agent/executor.go:524.35,526.17 2 3
github.com/kronos/kronos/internal/agent/executor.go:526.17,528.4 1 0
github.com/kronos/kronos/internal/agent/executor.go:529.3,529.37 1 3
github.com/kronos/kronos/internal/agent/executor.go:531.2,531.18 1 4
github.com/kronos/kronos/internal/agent/executor.go:534.42,535.17 1 8
github.com/kronos/kronos/internal/agent/executor.go:535.17,537.3 1 6
github.com/kronos/kronos/internal/agent/executor.go:538.2,539.15 2 2
github.com/kronos/kronos/internal/agent/worker.go:33.48,34.21 1 4
github.com/kronos/kronos/internal/agent/worker.go:34.21,36.3 1 1
github.com/kronos/kronos/internal/agent/worker.go:37.2,37.23 1 3
github.com/kronos/kronos/internal/agent/worker.go:37.23,39.3 1 1
github.com/kronos/kronos/internal/agent/worker.go:40.2,40.26 1 2
github.com/kronos/kronos/internal/agent/worker.go:40.26,42.3 1 1
github.com/kronos/kronos/internal/agent/worker.go:43.2,44.19 2 1
github.com/kronos/kronos/internal/agent/worker.go:44.19,46.3 1 0
github.com/kronos/kronos/internal/agent/worker.go:47.2,47.36 1 1
github.com/kronos/kronos/internal/agent/worker.go:47.36,49.3 1 1
github.com/kronos/kronos/internal/agent/worker.go:50.2,52.6 3 0
github.com/kronos/kronos/internal/agent/worker.go:52.6,53.10 1 0
github.com/kronos/kronos/internal/agent/worker.go:54.21,55.20 1 0
github.com/kronos/kronos/internal/agent/worker.go:56.19,57.38 1 0
github.com/kronos/kronos/internal/agent/worker.go:57.38,59.5 1 0
github.com/kronos/kronos/internal/agent/worker.go:64.49,65.64 1 4
github.com/kronos/kronos/internal/agent/worker.go:65.64,67.3 1 0
github.com/kronos/kronos/internal/agent/worker.go:68.2,69.51 2 4
github.com/kronos/kronos/internal/agent/worker.go:69.51,70.61 1 1
github.com/kronos/kronos/internal/agent/worker.go:70.61,72.4 1 0
github.com/kronos/kronos/internal/agent/worker.go:74.2,75.16 2 4
github.com/kronos/kronos/internal/agent/worker.go:75.16,77.3 1 3
github.com/kronos/kronos/internal/agent/worker.go:78.2,78.29 1 4
github.com/kronos/kronos/internal/agent/worker.go:78.29,80.17 2 4
github.com/kronos/kronos/internal/agent/worker.go:80.17,82.4 1 1
github.com/kronos/kronos/internal/agent/worker.go:83.3,83.17 1 3
github.com/kronos/kronos/internal/agent/worker.go:83.17,85.4 1 1
github.com/kronos/kronos/internal/agent/worker.go:86.3,86.46 1 2
github.com/kronos/kronos/internal/agent/worker.go:86.46,88.4 1 0
github.com/kronos/kronos/internal/agent/worker.go:90.2,90.12 1 2
github.com/kronos/kronos/internal/agent/worker.go:93.66,95.16 2 2
github.com/kronos/kronos/internal/agent/worker.go:95.16,97.23 2 1
github.com/kronos/kronos/internal/agent/worker.go:97.23,99.4 1 0
github.com/kronos/kronos/internal/agent/worker.go:100.3,100.13 1 1
github.com/kronos/kronos/internal/agent/worker.go:102.2,103.12 2 1
